<?xml version="1.0" encoding="UTF-8"?>
<testsuite name="org.opensearch.sql.ppl.MatchIT" tests="1" skipped="0" failures="0" errors="0" timestamp="2023-01-17T16:12:32" hostname="Unused26-MacBook.local" time="0.275">
  <properties/>
  <testcase name="test_match_function" classname="org.opensearch.sql.ppl.MatchIT" time="0.275"/>
  <system-out><![CDATA[[2023-01-17T11:12:32,539][INFO ][o.o.s.p.MatchIT          ] [test_match_function] before test
[2023-01-17T11:12:32,543][INFO ][o.o.s.p.MatchIT          ] [test_match_function] initializing REST clients against [http://[::1]:49775, http://127.0.0.1:49776]
[2023-01-17T11:12:32,810][INFO ][o.o.s.p.MatchIT          ] [test_match_function] after test
]]></system-out>
  <system-err><![CDATA[]]></system-err>
</testsuite>
