<?xml version="1.0" encoding="UTF-8"?>
<testsuite name="org.opensearch.sql.ppl.SettingsIT" tests="1" skipped="0" failures="0" errors="0" timestamp="2023-01-17T16:12:52" hostname="Unused26-MacBook.local" time="0.546">
  <properties/>
  <testcase name="testQuerySizeLimit" classname="org.opensearch.sql.ppl.SettingsIT" time="0.546"/>
  <system-out><![CDATA[[2023-01-17T17:12:52,343][INFO ][o.o.s.p.SettingsIT       ] [testQuerySizeLimit] before test
[2023-01-17T17:12:52,344][INFO ][o.o.s.p.SettingsIT       ] [testQuerySizeLimit] initializing REST clients against [http://[::1]:49775, http://127.0.0.1:49776]
[2023-01-17T17:12:52,885][INFO ][o.o.s.p.SettingsIT       ] [testQuerySizeLimit] after test
]]></system-out>
  <system-err><![CDATA[]]></system-err>
</testsuite>
