<?xml version="1.0" encoding="UTF-8"?>
<testsuite name="org.opensearch.sql.ppl.DateTimeFunctionIT" tests="36" skipped="0" failures="0" errors="0" timestamp="2023-01-17T16:12:20" hostname="Unused26-MacBook.local" time="3.282">
  <properties/>
  <testcase name="testDayName" classname="org.opensearch.sql.ppl.DateTimeFunctionIT" time="0.57"/>
  <testcase name="testSubDate" classname="org.opensearch.sql.ppl.DateTimeFunctionIT" time="0.165"/>
  <testcase name="testHour" classname="org.opensearch.sql.ppl.DateTimeFunctionIT" time="0.135"/>
  <testcase name="testWeek" classname="org.opensearch.sql.ppl.DateTimeFunctionIT" time="0.111"/>
  <testcase name="testDateFormat" classname="org.opensearch.sql.ppl.DateTimeFunctionIT" time="0.119"/>
  <testcase name="testNowLikeFunctions" classname="org.opensearch.sql.ppl.DateTimeFunctionIT" time="0.229"/>
  <testcase name="testMakeTime" classname="org.opensearch.sql.ppl.DateTimeFunctionIT" time="0.041"/>
  <testcase name="testMonth" classname="org.opensearch.sql.ppl.DateTimeFunctionIT" time="0.051"/>
  <testcase name="testDayOfYear" classname="org.opensearch.sql.ppl.DateTimeFunctionIT" time="0.048"/>
  <testcase name="testFromUnixTime" classname="org.opensearch.sql.ppl.DateTimeFunctionIT" time="0.035"/>
  <testcase name="testFromDays" classname="org.opensearch.sql.ppl.DateTimeFunctionIT" time="0.03"/>
  <testcase name="testDayOfMonth" classname="org.opensearch.sql.ppl.DateTimeFunctionIT" time="0.041"/>
  <testcase name="testUnixTimeStamp" classname="org.opensearch.sql.ppl.DateTimeFunctionIT" time="0.042"/>
  <testcase name="testDateDiff" classname="org.opensearch.sql.ppl.DateTimeFunctionIT" time="0.039"/>
  <testcase name="testDay" classname="org.opensearch.sql.ppl.DateTimeFunctionIT" time="0.048"/>
  <testcase name="testSecond" classname="org.opensearch.sql.ppl.DateTimeFunctionIT" time="0.065"/>
  <testcase name="testTimeDiff" classname="org.opensearch.sql.ppl.DateTimeFunctionIT" time="0.032"/>
  <testcase name="testAddDate" classname="org.opensearch.sql.ppl.DateTimeFunctionIT" time="0.076"/>
  <testcase name="testToDays" classname="org.opensearch.sql.ppl.DateTimeFunctionIT" time="0.043"/>
  <testcase name="testMakeDate" classname="org.opensearch.sql.ppl.DateTimeFunctionIT" time="0.039"/>
  <testcase name="testMicrosecond" classname="org.opensearch.sql.ppl.DateTimeFunctionIT" time="0.12"/>
  <testcase name="testDateAdd" classname="org.opensearch.sql.ppl.DateTimeFunctionIT" time="0.063"/>
  <testcase name="testMonthName" classname="org.opensearch.sql.ppl.DateTimeFunctionIT" time="0.057"/>
  <testcase name="testAddTime" classname="org.opensearch.sql.ppl.DateTimeFunctionIT" time="0.033"/>
  <testcase name="testDayOfWeek" classname="org.opensearch.sql.ppl.DateTimeFunctionIT" time="0.049"/>
  <testcase name="testPeriodDiff" classname="org.opensearch.sql.ppl.DateTimeFunctionIT" time="0.03"/>
  <testcase name="testMinute" classname="org.opensearch.sql.ppl.DateTimeFunctionIT" time="0.068"/>
  <testcase name="testSubTime" classname="org.opensearch.sql.ppl.DateTimeFunctionIT" time="0.047"/>
  <testcase name="testDateSub" classname="org.opensearch.sql.ppl.DateTimeFunctionIT" time="0.163"/>
  <testcase name="testQuarter" classname="org.opensearch.sql.ppl.DateTimeFunctionIT" time="0.092"/>
  <testcase name="testYear" classname="org.opensearch.sql.ppl.DateTimeFunctionIT" time="0.052"/>
  <testcase name="testDateFormatISO8601" classname="org.opensearch.sql.ppl.DateTimeFunctionIT" time="0.12"/>
  <testcase name="testConvertTZ" classname="org.opensearch.sql.ppl.DateTimeFunctionIT" time="0.147"/>
  <testcase name="testTimeToSec" classname="org.opensearch.sql.ppl.DateTimeFunctionIT" time="0.051"/>
  <testcase name="testDateTime" classname="org.opensearch.sql.ppl.DateTimeFunctionIT" time="0.186"/>
  <testcase name="testPeriodAdd" classname="org.opensearch.sql.ppl.DateTimeFunctionIT" time="0.033"/>
  <system-out><![CDATA[[2023-01-18T04:12:20,424][INFO ][o.o.s.p.DateTimeFunctionIT] [testDayName] before test
[2023-01-18T04:12:20,426][INFO ][o.o.s.p.DateTimeFunctionIT] [testDayName] initializing REST clients against [http://[::1]:49775, http://127.0.0.1:49776]
[2023-01-18T04:12:20,989][INFO ][o.o.s.p.DateTimeFunctionIT] [testDayName] after test
[2023-01-18T04:12:20,996][INFO ][o.o.s.p.DateTimeFunctionIT] [testSubDate] before test
[2023-01-18T04:12:21,154][INFO ][o.o.s.p.DateTimeFunctionIT] [testSubDate] after test
[2023-01-18T04:12:21,161][INFO ][o.o.s.p.DateTimeFunctionIT] [testHour] before test
[2023-01-18T04:12:21,289][INFO ][o.o.s.p.DateTimeFunctionIT] [testHour] after test
[2023-01-18T04:12:21,295][INFO ][o.o.s.p.DateTimeFunctionIT] [testWeek] before test
[2023-01-18T04:12:21,400][INFO ][o.o.s.p.DateTimeFunctionIT] [testWeek] after test
[2023-01-18T04:12:21,406][INFO ][o.o.s.p.DateTimeFunctionIT] [testDateFormat] before test
[2023-01-18T04:12:21,520][INFO ][o.o.s.p.DateTimeFunctionIT] [testDateFormat] after test
[2023-01-18T04:12:21,526][INFO ][o.o.s.p.DateTimeFunctionIT] [testNowLikeFunctions] before test
[2023-01-18T04:12:21,750][INFO ][o.o.s.p.DateTimeFunctionIT] [testNowLikeFunctions] after test
[2023-01-18T04:12:21,756][INFO ][o.o.s.p.DateTimeFunctionIT] [testMakeTime] before test
[2023-01-18T04:12:21,791][INFO ][o.o.s.p.DateTimeFunctionIT] [testMakeTime] after test
[2023-01-18T04:12:21,797][INFO ][o.o.s.p.DateTimeFunctionIT] [testMonth] before test
[2023-01-18T04:12:21,842][INFO ][o.o.s.p.DateTimeFunctionIT] [testMonth] after test
[2023-01-18T04:12:21,848][INFO ][o.o.s.p.DateTimeFunctionIT] [testDayOfYear] before test
[2023-01-18T04:12:21,890][INFO ][o.o.s.p.DateTimeFunctionIT] [testDayOfYear] after test
[2023-01-18T04:12:21,896][INFO ][o.o.s.p.DateTimeFunctionIT] [testFromUnixTime] before test
[2023-01-18T04:12:21,926][INFO ][o.o.s.p.DateTimeFunctionIT] [testFromUnixTime] after test
[2023-01-18T04:12:21,931][INFO ][o.o.s.p.DateTimeFunctionIT] [testFromDays] before test
[2023-01-18T04:12:21,957][INFO ][o.o.s.p.DateTimeFunctionIT] [testFromDays] after test
[2023-01-18T04:12:21,962][INFO ][o.o.s.p.DateTimeFunctionIT] [testDayOfMonth] before test
[2023-01-18T04:12:21,998][INFO ][o.o.s.p.DateTimeFunctionIT] [testDayOfMonth] after test
[2023-01-18T04:12:22,004][INFO ][o.o.s.p.DateTimeFunctionIT] [testUnixTimeStamp] before test
[2023-01-18T04:12:22,040][INFO ][o.o.s.p.DateTimeFunctionIT] [testUnixTimeStamp] after test
[2023-01-18T04:12:22,047][INFO ][o.o.s.p.DateTimeFunctionIT] [testDateDiff] before test
[2023-01-18T04:12:22,079][INFO ][o.o.s.p.DateTimeFunctionIT] [testDateDiff] after test
[2023-01-18T04:12:22,085][INFO ][o.o.s.p.DateTimeFunctionIT] [testDay] before test
[2023-01-18T04:12:22,128][INFO ][o.o.s.p.DateTimeFunctionIT] [testDay] after test
[2023-01-18T04:12:22,135][INFO ][o.o.s.p.DateTimeFunctionIT] [testSecond] before test
[2023-01-18T04:12:22,194][INFO ][o.o.s.p.DateTimeFunctionIT] [testSecond] after test
[2023-01-18T04:12:22,200][INFO ][o.o.s.p.DateTimeFunctionIT] [testTimeDiff] before test
[2023-01-18T04:12:22,226][INFO ][o.o.s.p.DateTimeFunctionIT] [testTimeDiff] after test
[2023-01-18T04:12:22,232][INFO ][o.o.s.p.DateTimeFunctionIT] [testAddDate] before test
[2023-01-18T04:12:22,302][INFO ][o.o.s.p.DateTimeFunctionIT] [testAddDate] after test
[2023-01-18T04:12:22,309][INFO ][o.o.s.p.DateTimeFunctionIT] [testToDays] before test
[2023-01-18T04:12:22,346][INFO ][o.o.s.p.DateTimeFunctionIT] [testToDays] after test
[2023-01-18T04:12:22,358][INFO ][o.o.s.p.DateTimeFunctionIT] [testMakeDate] before test
[2023-01-18T04:12:22,385][INFO ][o.o.s.p.DateTimeFunctionIT] [testMakeDate] after test
[2023-01-18T04:12:22,390][INFO ][o.o.s.p.DateTimeFunctionIT] [testMicrosecond] before test
[2023-01-18T04:12:22,505][INFO ][o.o.s.p.DateTimeFunctionIT] [testMicrosecond] after test
[2023-01-18T04:12:22,511][INFO ][o.o.s.p.DateTimeFunctionIT] [testDateAdd] before test
[2023-01-18T04:12:22,569][INFO ][o.o.s.p.DateTimeFunctionIT] [testDateAdd] after test
[2023-01-18T04:12:22,575][INFO ][o.o.s.p.DateTimeFunctionIT] [testMonthName] before test
[2023-01-18T04:12:22,627][INFO ][o.o.s.p.DateTimeFunctionIT] [testMonthName] after test
[2023-01-18T04:12:22,633][INFO ][o.o.s.p.DateTimeFunctionIT] [testAddTime] before test
[2023-01-18T04:12:22,660][INFO ][o.o.s.p.DateTimeFunctionIT] [testAddTime] after test
[2023-01-18T04:12:22,665][INFO ][o.o.s.p.DateTimeFunctionIT] [testDayOfWeek] before test
[2023-01-18T04:12:22,710][INFO ][o.o.s.p.DateTimeFunctionIT] [testDayOfWeek] after test
[2023-01-18T04:12:22,716][INFO ][o.o.s.p.DateTimeFunctionIT] [testPeriodDiff] before test
[2023-01-18T04:12:22,740][INFO ][o.o.s.p.DateTimeFunctionIT] [testPeriodDiff] after test
[2023-01-18T04:12:22,746][INFO ][o.o.s.p.DateTimeFunctionIT] [testMinute] before test
[2023-01-18T04:12:22,808][INFO ][o.o.s.p.DateTimeFunctionIT] [testMinute] after test
[2023-01-18T04:12:22,814][INFO ][o.o.s.p.DateTimeFunctionIT] [testSubTime] before test
[2023-01-18T04:12:22,855][INFO ][o.o.s.p.DateTimeFunctionIT] [testSubTime] after test
[2023-01-18T04:12:22,862][INFO ][o.o.s.p.DateTimeFunctionIT] [testDateSub] before test
[2023-01-18T04:12:23,017][INFO ][o.o.s.p.DateTimeFunctionIT] [testDateSub] after test
[2023-01-18T04:12:23,024][INFO ][o.o.s.p.DateTimeFunctionIT] [testQuarter] before test
[2023-01-18T04:12:23,111][INFO ][o.o.s.p.DateTimeFunctionIT] [testQuarter] after test
[2023-01-18T04:12:23,116][INFO ][o.o.s.p.DateTimeFunctionIT] [testYear] before test
[2023-01-18T04:12:23,163][INFO ][o.o.s.p.DateTimeFunctionIT] [testYear] after test
[2023-01-18T04:12:23,169][INFO ][o.o.s.p.DateTimeFunctionIT] [testDateFormatISO8601] before test
[2023-01-18T04:12:23,283][INFO ][o.o.s.p.DateTimeFunctionIT] [testDateFormatISO8601] after test
[2023-01-18T04:12:23,288][INFO ][o.o.s.p.DateTimeFunctionIT] [testConvertTZ] before test
[2023-01-18T04:12:23,430][INFO ][o.o.s.p.DateTimeFunctionIT] [testConvertTZ] after test
[2023-01-18T04:12:23,436][INFO ][o.o.s.p.DateTimeFunctionIT] [testTimeToSec] before test
[2023-01-18T04:12:23,482][INFO ][o.o.s.p.DateTimeFunctionIT] [testTimeToSec] after test
[2023-01-18T04:12:23,487][INFO ][o.o.s.p.DateTimeFunctionIT] [testDateTime] before test
[2023-01-18T04:12:23,668][INFO ][o.o.s.p.DateTimeFunctionIT] [testDateTime] after test
[2023-01-18T04:12:23,674][INFO ][o.o.s.p.DateTimeFunctionIT] [testPeriodAdd] before test
[2023-01-18T04:12:23,701][INFO ][o.o.s.p.DateTimeFunctionIT] [testPeriodAdd] after test
]]></system-out>
  <system-err><![CDATA[]]></system-err>
</testsuite>
