<?xml version="1.0" encoding="UTF-8"?>
<testsuite name="org.opensearch.sql.ppl.TextFunctionIT" tests="18" skipped="0" failures="0" errors="0" timestamp="2023-01-17T16:13:03" hostname="Unused26-MacBook.local" time="1.099">
  <properties/>
  <testcase name="testRtrim" classname="org.opensearch.sql.ppl.TextFunctionIT" time="0.446"/>
  <testcase name="testStrcmp" classname="org.opensearch.sql.ppl.TextFunctionIT" time="0.034"/>
  <testcase name="testSubstr" classname="org.opensearch.sql.ppl.TextFunctionIT" time="0.042"/>
  <testcase name="testRight" classname="org.opensearch.sql.ppl.TextFunctionIT" time="0.029"/>
  <testcase name="testLength" classname="org.opensearch.sql.ppl.TextFunctionIT" time="0.029"/>
  <testcase name="testConcat" classname="org.opensearch.sql.ppl.TextFunctionIT" time="0.033"/>
  <testcase name="testLeft" classname="org.opensearch.sql.ppl.TextFunctionIT" time="0.031"/>
  <testcase name="testAscii" classname="org.opensearch.sql.ppl.TextFunctionIT" time="0.032"/>
  <testcase name="testConcat_ws" classname="org.opensearch.sql.ppl.TextFunctionIT" time="0.035"/>
  <testcase name="testUpper" classname="org.opensearch.sql.ppl.TextFunctionIT" time="0.032"/>
  <testcase name="testTrim" classname="org.opensearch.sql.ppl.TextFunctionIT" time="0.035"/>
  <testcase name="testRegexp" classname="org.opensearch.sql.ppl.TextFunctionIT" time="0.065"/>
  <testcase name="testLtrim" classname="org.opensearch.sql.ppl.TextFunctionIT" time="0.038"/>
  <testcase name="testReplace" classname="org.opensearch.sql.ppl.TextFunctionIT" time="0.036"/>
  <testcase name="testSubstring" classname="org.opensearch.sql.ppl.TextFunctionIT" time="0.053"/>
  <testcase name="testLocate" classname="org.opensearch.sql.ppl.TextFunctionIT" time="0.045"/>
  <testcase name="testReverse" classname="org.opensearch.sql.ppl.TextFunctionIT" time="0.041"/>
  <testcase name="testLower" classname="org.opensearch.sql.ppl.TextFunctionIT" time="0.036"/>
  <system-out><![CDATA[[2023-01-17T10:13:03,448][INFO ][o.o.s.p.TextFunctionIT   ] [testRtrim] before test
[2023-01-17T10:13:03,450][INFO ][o.o.s.p.TextFunctionIT   ] [testRtrim] initializing REST clients against [http://[::1]:49775, http://127.0.0.1:49776]
[2023-01-17T10:13:03,885][INFO ][o.o.s.p.TextFunctionIT   ] [testRtrim] after test
[2023-01-17T10:13:03,893][INFO ][o.o.s.p.TextFunctionIT   ] [testStrcmp] before test
[2023-01-17T10:13:03,920][INFO ][o.o.s.p.TextFunctionIT   ] [testStrcmp] after test
[2023-01-17T10:13:03,927][INFO ][o.o.s.p.TextFunctionIT   ] [testSubstr] before test
[2023-01-17T10:13:03,963][INFO ][o.o.s.p.TextFunctionIT   ] [testSubstr] after test
[2023-01-17T10:13:03,970][INFO ][o.o.s.p.TextFunctionIT   ] [testRight] before test
[2023-01-17T10:13:03,993][INFO ][o.o.s.p.TextFunctionIT   ] [testRight] after test
[2023-01-17T10:13:03,999][INFO ][o.o.s.p.TextFunctionIT   ] [testLength] before test
[2023-01-17T10:13:04,023][INFO ][o.o.s.p.TextFunctionIT   ] [testLength] after test
[2023-01-17T10:13:04,031][INFO ][o.o.s.p.TextFunctionIT   ] [testConcat] before test
[2023-01-17T10:13:04,056][INFO ][o.o.s.p.TextFunctionIT   ] [testConcat] after test
[2023-01-17T10:13:04,063][INFO ][o.o.s.p.TextFunctionIT   ] [testLeft] before test
[2023-01-17T10:13:04,087][INFO ][o.o.s.p.TextFunctionIT   ] [testLeft] after test
[2023-01-17T10:13:04,096][INFO ][o.o.s.p.TextFunctionIT   ] [testAscii] before test
[2023-01-17T10:13:04,119][INFO ][o.o.s.p.TextFunctionIT   ] [testAscii] after test
[2023-01-17T10:13:04,126][INFO ][o.o.s.p.TextFunctionIT   ] [testConcat_ws] before test
[2023-01-17T10:13:04,154][INFO ][o.o.s.p.TextFunctionIT   ] [testConcat_ws] after test
[2023-01-17T10:13:04,162][INFO ][o.o.s.p.TextFunctionIT   ] [testUpper] before test
[2023-01-17T10:13:04,188][INFO ][o.o.s.p.TextFunctionIT   ] [testUpper] after test
[2023-01-17T10:13:04,194][INFO ][o.o.s.p.TextFunctionIT   ] [testTrim] before test
[2023-01-17T10:13:04,224][INFO ][o.o.s.p.TextFunctionIT   ] [testTrim] after test
[2023-01-17T10:13:04,230][INFO ][o.o.s.p.TextFunctionIT   ] [testRegexp] before test
[2023-01-17T10:13:04,289][INFO ][o.o.s.p.TextFunctionIT   ] [testRegexp] after test
[2023-01-17T10:13:04,295][INFO ][o.o.s.p.TextFunctionIT   ] [testLtrim] before test
[2023-01-17T10:13:04,328][INFO ][o.o.s.p.TextFunctionIT   ] [testLtrim] after test
[2023-01-17T10:13:04,334][INFO ][o.o.s.p.TextFunctionIT   ] [testReplace] before test
[2023-01-17T10:13:04,364][INFO ][o.o.s.p.TextFunctionIT   ] [testReplace] after test
[2023-01-17T10:13:04,371][INFO ][o.o.s.p.TextFunctionIT   ] [testSubstring] before test
[2023-01-17T10:13:04,417][INFO ][o.o.s.p.TextFunctionIT   ] [testSubstring] after test
[2023-01-17T10:13:04,424][INFO ][o.o.s.p.TextFunctionIT   ] [testLocate] before test
[2023-01-17T10:13:04,462][INFO ][o.o.s.p.TextFunctionIT   ] [testLocate] after test
[2023-01-17T10:13:04,469][INFO ][o.o.s.p.TextFunctionIT   ] [testReverse] before test
[2023-01-17T10:13:04,503][INFO ][o.o.s.p.TextFunctionIT   ] [testReverse] after test
[2023-01-17T10:13:04,514][INFO ][o.o.s.p.TextFunctionIT   ] [testLower] before test
[2023-01-17T10:13:04,540][INFO ][o.o.s.p.TextFunctionIT   ] [testLower] after test
]]></system-out>
  <system-err><![CDATA[]]></system-err>
</testsuite>
