<?xml version="1.0" encoding="UTF-8"?>
<testsuite name="org.opensearch.sql.legacy.MetricsIT" tests="1" skipped="1" failures="0" errors="0" timestamp="2023-01-17T16:12:13" hostname="Unused26-MacBook.local" time="0.0">
  <properties/>
  <testcase name="requestCount" classname="org.opensearch.sql.legacy.MetricsIT" time="0.0">
    <skipped/>
  </testcase>
  <system-out><![CDATA[]]></system-out>
  <system-err><![CDATA[]]></system-err>
</testsuite>
