<?xml version="1.0" encoding="UTF-8"?>
<testsuite name="org.opensearch.sql.ppl.SimpleQueryStringIT" tests="3" skipped="0" failures="0" errors="0" timestamp="2023-01-17T16:12:53" hostname="Unused26-MacBook.local" time="0.492">
  <properties/>
  <testcase name="test_wildcard_simple_query_string" classname="org.opensearch.sql.ppl.SimpleQueryStringIT" time="0.422"/>
  <testcase name="test_simple_query_string_all_params" classname="org.opensearch.sql.ppl.SimpleQueryStringIT" time="0.037"/>
  <testcase name="test_simple_query_string" classname="org.opensearch.sql.ppl.SimpleQueryStringIT" time="0.033"/>
  <system-out><![CDATA[[2023-01-17T17:12:53,199][INFO ][o.o.s.p.SimpleQueryStringIT] [test_wildcard_simple_query_string] before test
[2023-01-17T17:12:53,200][INFO ][o.o.s.p.SimpleQueryStringIT] [test_wildcard_simple_query_string] initializing REST clients against [http://[::1]:49775, http://127.0.0.1:49776]
[2023-01-17T17:12:53,616][INFO ][o.o.s.p.SimpleQueryStringIT] [test_wildcard_simple_query_string] after test
[2023-01-17T17:12:53,623][INFO ][o.o.s.p.SimpleQueryStringIT] [test_simple_query_string_all_params] before test
[2023-01-17T17:12:53,653][INFO ][o.o.s.p.SimpleQueryStringIT] [test_simple_query_string_all_params] after test
[2023-01-17T17:12:53,660][INFO ][o.o.s.p.SimpleQueryStringIT] [test_simple_query_string] before test
[2023-01-17T17:12:53,686][INFO ][o.o.s.p.SimpleQueryStringIT] [test_simple_query_string] after test
]]></system-out>
  <system-err><![CDATA[]]></system-err>
</testsuite>
