<?xml version="1.0" encoding="UTF-8"?>
<testsuite name="org.opensearch.sql.ppl.SortCommandIT" tests="4" skipped="0" failures="0" errors="0" timestamp="2023-01-17T16:12:53" hostname="Unused26-MacBook.local" time="0.784">
  <properties/>
  <testcase name="testSortMultipleFields" classname="org.opensearch.sql.ppl.SortCommandIT" time="0.686"/>
  <testcase name="testSortStringField" classname="org.opensearch.sql.ppl.SortCommandIT" time="0.03"/>
  <testcase name="testSortCommand" classname="org.opensearch.sql.ppl.SortCommandIT" time="0.031"/>
  <testcase name="testSortWithNullValue" classname="org.opensearch.sql.ppl.SortCommandIT" time="0.036"/>
  <system-out><![CDATA[[2023-01-17T13:12:53,801][INFO ][o.o.s.p.SortCommandIT    ] [testSortMultipleFields] before test
[2023-01-17T13:12:53,805][INFO ][o.o.s.p.SortCommandIT    ] [testSortMultipleFields] initializing REST clients against [http://[::1]:49775, http://127.0.0.1:49776]
[2023-01-17T13:12:54,483][INFO ][o.o.s.p.SortCommandIT    ] [testSortMultipleFields] after test
[2023-01-17T13:12:54,489][INFO ][o.o.s.p.SortCommandIT    ] [testSortStringField] before test
[2023-01-17T13:12:54,514][INFO ][o.o.s.p.SortCommandIT    ] [testSortStringField] after test
[2023-01-17T13:12:54,520][INFO ][o.o.s.p.SortCommandIT    ] [testSortCommand] before test
[2023-01-17T13:12:54,545][INFO ][o.o.s.p.SortCommandIT    ] [testSortCommand] after test
[2023-01-17T13:12:54,551][INFO ][o.o.s.p.SortCommandIT    ] [testSortWithNullValue] before test
[2023-01-17T13:12:54,581][INFO ][o.o.s.p.SortCommandIT    ] [testSortWithNullValue] after test
]]></system-out>
  <system-err><![CDATA[]]></system-err>
</testsuite>
