<?xml version="1.0" encoding="UTF-8"?>
<testsuite name="org.opensearch.sql.ppl.TopCommandIT" tests="3" skipped="0" failures="0" errors="0" timestamp="2023-01-17T16:13:04" hostname="Unused26-MacBook.local" time="0.63">
  <properties/>
  <testcase name="testTopWithoutGroup" classname="org.opensearch.sql.ppl.TopCommandIT" time="0.429"/>
  <testcase name="testTopNWithoutGroup" classname="org.opensearch.sql.ppl.TopCommandIT" time="0.103"/>
  <testcase name="testTopNWithGroup" classname="org.opensearch.sql.ppl.TopCommandIT" time="0.096"/>
  <system-out><![CDATA[[2023-01-17T07:13:04,691][INFO ][o.o.s.p.TopCommandIT     ] [testTopWithoutGroup] before test
[2023-01-17T07:13:04,692][INFO ][o.o.s.p.TopCommandIT     ] [testTopWithoutGroup] initializing REST clients against [http://[::1]:49775, http://127.0.0.1:49776]
[2023-01-17T07:13:05,115][INFO ][o.o.s.p.TopCommandIT     ] [testTopWithoutGroup] after test
[2023-01-17T07:13:05,123][INFO ][o.o.s.p.TopCommandIT     ] [testTopNWithoutGroup] before test
[2023-01-17T07:13:05,219][INFO ][o.o.s.p.TopCommandIT     ] [testTopNWithoutGroup] after test
[2023-01-17T07:13:05,226][INFO ][o.o.s.p.TopCommandIT     ] [testTopNWithGroup] before test
[2023-01-17T07:13:05,316][INFO ][o.o.s.p.TopCommandIT     ] [testTopNWithGroup] after test
]]></system-out>
  <system-err><![CDATA[]]></system-err>
</testsuite>
