<?xml version="1.0" encoding="UTF-8"?>
<testsuite name="org.opensearch.sql.sql.MatchPhraseIT" tests="8" skipped="0" failures="0" errors="0" timestamp="2023-01-17T16:13:22" hostname="Unused26-MacBook.local" time="0.582">
  <properties/>
  <testcase name="matchphrase_alternate_syntax" classname="org.opensearch.sql.sql.MatchPhraseIT" time="0.328"/>
  <testcase name="test_match_phrase_with_slop" classname="org.opensearch.sql.sql.MatchPhraseIT" time="0.03"/>
  <testcase name="test_matchphrase_legacy_function" classname="org.opensearch.sql.sql.MatchPhraseIT" time="0.031"/>
  <testcase name="test_match_phrase_function" classname="org.opensearch.sql.sql.MatchPhraseIT" time="0.029"/>
  <testcase name="match_phrase_alternate_syntax" classname="org.opensearch.sql.sql.MatchPhraseIT" time="0.031"/>
  <testcase name="test_aliases_for_match_phrase_returns_same_result" classname="org.opensearch.sql.sql.MatchPhraseIT" time="0.05"/>
  <testcase name="match_phrase_alternate_syntaxes_return_the_same_results" classname="org.opensearch.sql.sql.MatchPhraseIT" time="0.053"/>
  <testcase name="test_matchphrasequery_legacy_function" classname="org.opensearch.sql.sql.MatchPhraseIT" time="0.028"/>
  <system-out><![CDATA[[2023-01-17T08:13:22,793][INFO ][o.o.s.s.MatchPhraseIT    ] [matchphrase_alternate_syntax] before test
[2023-01-17T08:13:22,796][INFO ][o.o.s.s.MatchPhraseIT    ] [matchphrase_alternate_syntax] initializing REST clients against [http://[::1]:49775, http://127.0.0.1:49776]
[2023-01-17T08:13:23,116][INFO ][o.o.s.s.MatchPhraseIT    ] [matchphrase_alternate_syntax] after test
[2023-01-17T08:13:23,122][INFO ][o.o.s.s.MatchPhraseIT    ] [test_match_phrase_with_slop] before test
[2023-01-17T08:13:23,146][INFO ][o.o.s.s.MatchPhraseIT    ] [test_match_phrase_with_slop] after test
[2023-01-17T08:13:23,153][INFO ][o.o.s.s.MatchPhraseIT    ] [test_matchphrase_legacy_function] before test
[2023-01-17T08:13:23,177][INFO ][o.o.s.s.MatchPhraseIT    ] [test_matchphrase_legacy_function] after test
[2023-01-17T08:13:23,183][INFO ][o.o.s.s.MatchPhraseIT    ] [test_match_phrase_function] before test
[2023-01-17T08:13:23,207][INFO ][o.o.s.s.MatchPhraseIT    ] [test_match_phrase_function] after test
[2023-01-17T08:13:23,213][INFO ][o.o.s.s.MatchPhraseIT    ] [match_phrase_alternate_syntax] before test
[2023-01-17T08:13:23,239][INFO ][o.o.s.s.MatchPhraseIT    ] [match_phrase_alternate_syntax] after test
[2023-01-17T08:13:23,245][INFO ][o.o.s.s.MatchPhraseIT    ] [test_aliases_for_match_phrase_returns_same_result] before test
[2023-01-17T08:13:23,289][INFO ][o.o.s.s.MatchPhraseIT    ] [test_aliases_for_match_phrase_returns_same_result] after test
[2023-01-17T08:13:23,295][INFO ][o.o.s.s.MatchPhraseIT    ] [match_phrase_alternate_syntaxes_return_the_same_results] before test
[2023-01-17T08:13:23,342][INFO ][o.o.s.s.MatchPhraseIT    ] [match_phrase_alternate_syntaxes_return_the_same_results] after test
[2023-01-17T08:13:23,348][INFO ][o.o.s.s.MatchPhraseIT    ] [test_matchphrasequery_legacy_function] before test
[2023-01-17T08:13:23,371][INFO ][o.o.s.s.MatchPhraseIT    ] [test_matchphrasequery_legacy_function] after test
]]></system-out>
  <system-err><![CDATA[]]></system-err>
</testsuite>
