<?xml version="1.0" encoding="UTF-8"?>
<testsuite name="org.opensearch.sql.sql.NullLiteralIT" tests="4" skipped="0" failures="0" errors="0" timestamp="2023-01-17T16:13:26" hostname="Unused26-MacBook.local" time="0.217">
  <properties/>
  <testcase name="testNullLiteralInInterval" classname="org.opensearch.sql.sql.NullLiteralIT" time="0.125"/>
  <testcase name="testNullLiteralInOperator" classname="org.opensearch.sql.sql.NullLiteralIT" time="0.031"/>
  <testcase name="testNullLiteralInFunction" classname="org.opensearch.sql.sql.NullLiteralIT" time="0.027"/>
  <testcase name="testNullLiteralSchema" classname="org.opensearch.sql.sql.NullLiteralIT" time="0.032"/>
  <system-out><![CDATA[[2023-01-17T12:13:26,184][INFO ][o.o.s.s.NullLiteralIT    ] [testNullLiteralInInterval] before test
[2023-01-17T12:13:26,185][INFO ][o.o.s.s.NullLiteralIT    ] [testNullLiteralInInterval] initializing REST clients against [http://[::1]:49775, http://127.0.0.1:49776]
[2023-01-17T12:13:26,304][INFO ][o.o.s.s.NullLiteralIT    ] [testNullLiteralInInterval] after test
[2023-01-17T12:13:26,310][INFO ][o.o.s.s.NullLiteralIT    ] [testNullLiteralInOperator] before test
[2023-01-17T12:13:26,336][INFO ][o.o.s.s.NullLiteralIT    ] [testNullLiteralInOperator] after test
[2023-01-17T12:13:26,343][INFO ][o.o.s.s.NullLiteralIT    ] [testNullLiteralInFunction] before test
[2023-01-17T12:13:26,364][INFO ][o.o.s.s.NullLiteralIT    ] [testNullLiteralInFunction] after test
[2023-01-17T12:13:26,370][INFO ][o.o.s.s.NullLiteralIT    ] [testNullLiteralSchema] before test
[2023-01-17T12:13:26,396][INFO ][o.o.s.s.NullLiteralIT    ] [testNullLiteralSchema] after test
]]></system-out>
  <system-err><![CDATA[]]></system-err>
</testsuite>
