<?xml version="1.0" encoding="UTF-8"?>
<testsuite name="org.opensearch.sql.sql.SQLCorrectnessIT" tests="1" skipped="0" failures="0" errors="0" timestamp="2023-01-17T16:13:31" hostname="Unused26-MacBook.local" time="6.918">
  <properties/>
  <testcase name="runAllTests" classname="org.opensearch.sql.sql.SQLCorrectnessIT" time="6.918"/>
  <system-out><![CDATA[[2023-01-17T16:13:31,125][INFO ][o.o.s.s.SQLCorrectnessIT ] [runAllTests] before test
[2023-01-17T16:13:31,128][INFO ][o.o.s.s.SQLCorrectnessIT ] [runAllTests] initializing REST clients against [http://[::1]:49775, http://127.0.0.1:49776]
[2023-01-17T16:13:38,018][INFO ][o.o.s.s.SQLCorrectnessIT ] [runAllTests] after test
]]></system-out>
  <system-err><![CDATA[]]></system-err>
</testsuite>
