<?xml version="1.0" encoding="UTF-8"?>
<testsuite name="org.opensearch.sql.sql.JdbcFormatIT" tests="2" skipped="0" failures="0" errors="0" timestamp="2023-01-17T16:13:20" hostname="Unused26-MacBook.local" time="0.332">
  <properties/>
  <testcase name="testAliasInSchema" classname="org.opensearch.sql.sql.JdbcFormatIT" time="0.299"/>
  <testcase name="testSimpleDataTypesInSchema" classname="org.opensearch.sql.sql.JdbcFormatIT" time="0.032"/>
  <system-out><![CDATA[[2023-01-18T00:13:20,072][INFO ][o.o.s.s.JdbcFormatIT     ] [testAliasInSchema] before test
[2023-01-18T00:13:20,076][INFO ][o.o.s.s.JdbcFormatIT     ] [testAliasInSchema] initializing REST clients against [http://[::1]:49775, http://127.0.0.1:49776]
[2023-01-18T00:13:20,367][INFO ][o.o.s.s.JdbcFormatIT     ] [testAliasInSchema] after test
[2023-01-18T00:13:20,374][INFO ][o.o.s.s.JdbcFormatIT     ] [testSimpleDataTypesInSchema] before test
[2023-01-18T00:13:20,400][INFO ][o.o.s.s.JdbcFormatIT     ] [testSimpleDataTypesInSchema] after test
]]></system-out>
  <system-err><![CDATA[]]></system-err>
</testsuite>
