<?xml version="1.0" encoding="UTF-8"?>
<testsuite name="org.opensearch.sql.sql.DateTimeFunctionIT" tests="52" skipped="0" failures="0" errors="0" timestamp="2023-01-17T16:13:10" hostname="Unused26-MacBook.local" time="4.502">
  <properties/>
  <testcase name="testHourFunctionAliasesReturnTheSameResults" classname="org.opensearch.sql.sql.DateTimeFunctionIT" time="0.752"/>
  <testcase name="testHour" classname="org.opensearch.sql.sql.DateTimeFunctionIT" time="0.078"/>
  <testcase name="testDateFormat" classname="org.opensearch.sql.sql.DateTimeFunctionIT" time="0.064"/>
  <testcase name="testSecondFunctionAliasesReturnTheSameResults" classname="org.opensearch.sql.sql.DateTimeFunctionIT" time="0.11"/>
  <testcase name="testDateAdd" classname="org.opensearch.sql.sql.DateTimeFunctionIT" time="0.11"/>
  <testcase name="testFromDays" classname="org.opensearch.sql.sql.DateTimeFunctionIT" time="0.03"/>
  <testcase name="testDayOfMonthAliasesReturnTheSameResults" classname="org.opensearch.sql.sql.DateTimeFunctionIT" time="0.136"/>
  <testcase name="testWeek" classname="org.opensearch.sql.sql.DateTimeFunctionIT" time="0.079"/>
  <testcase name="testToDays" classname="org.opensearch.sql.sql.DateTimeFunctionIT" time="0.037"/>
  <testcase name="testDayOfYear" classname="org.opensearch.sql.sql.DateTimeFunctionIT" time="0.047"/>
  <testcase name="testDayOfWeek" classname="org.opensearch.sql.sql.DateTimeFunctionIT" time="0.038"/>
  <testcase name="testSubTime" classname="org.opensearch.sql.sql.DateTimeFunctionIT" time="0.037"/>
  <testcase name="testPeriodAdd" classname="org.opensearch.sql.sql.DateTimeFunctionIT" time="0.036"/>
  <testcase name="testAddTime" classname="org.opensearch.sql.sql.DateTimeFunctionIT" time="0.032"/>
  <testcase name="testDateDiff" classname="org.opensearch.sql.sql.DateTimeFunctionIT" time="0.032"/>
  <testcase name="testHourOfDayWithUnderscores" classname="org.opensearch.sql.sql.DateTimeFunctionIT" time="0.067"/>
  <testcase name="testMakeDate" classname="org.opensearch.sql.sql.DateTimeFunctionIT" time="0.031"/>
  <testcase name="testQuarter" classname="org.opensearch.sql.sql.DateTimeFunctionIT" time="0.038"/>
  <testcase name="testPeriodDiff" classname="org.opensearch.sql.sql.DateTimeFunctionIT" time="0.03"/>
  <testcase name="testDayOfWeekWithUnderscores" classname="org.opensearch.sql.sql.DateTimeFunctionIT" time="0.04"/>
  <testcase name="testMinuteOfDay" classname="org.opensearch.sql.sql.DateTimeFunctionIT" time="0.076"/>
  <testcase name="testNowLikeFunctions" classname="org.opensearch.sql.sql.DateTimeFunctionIT" time="0.202"/>
  <testcase name="testWeekOfYear" classname="org.opensearch.sql.sql.DateTimeFunctionIT" time="0.077"/>
  <testcase name="testFromUnixTime" classname="org.opensearch.sql.sql.DateTimeFunctionIT" time="0.033"/>
  <testcase name="testMonthAlternateSyntaxesReturnTheSameResults" classname="org.opensearch.sql.sql.DateTimeFunctionIT" time="0.137"/>
  <testcase name="testDayOfWeekAliasesReturnTheSameResults" classname="org.opensearch.sql.sql.DateTimeFunctionIT" time="0.129"/>
  <testcase name="testDayName" classname="org.opensearch.sql.sql.DateTimeFunctionIT" time="0.059"/>
  <testcase name="testSubDate" classname="org.opensearch.sql.sql.DateTimeFunctionIT" time="0.124"/>
  <testcase name="testMinuteOfHour" classname="org.opensearch.sql.sql.DateTimeFunctionIT" time="0.213"/>
  <testcase name="testDay" classname="org.opensearch.sql.sql.DateTimeFunctionIT" time="0.075"/>
  <testcase name="testYear" classname="org.opensearch.sql.sql.DateTimeFunctionIT" time="0.038"/>
  <testcase name="testAddDate" classname="org.opensearch.sql.sql.DateTimeFunctionIT" time="0.072"/>
  <testcase name="testTimeToSec" classname="org.opensearch.sql.sql.DateTimeFunctionIT" time="0.041"/>
  <testcase name="testMinuteFunctionAliasesReturnTheSameResults" classname="org.opensearch.sql.sql.DateTimeFunctionIT" time="0.197"/>
  <testcase name="testTimeDiff" classname="org.opensearch.sql.sql.DateTimeFunctionIT" time="0.041"/>
  <testcase name="testUnixTimeStamp" classname="org.opensearch.sql.sql.DateTimeFunctionIT" time="0.032"/>
  <testcase name="testMonthName" classname="org.opensearch.sql.sql.DateTimeFunctionIT" time="0.04"/>
  <testcase name="testMonth" classname="org.opensearch.sql.sql.DateTimeFunctionIT" time="0.035"/>
  <testcase name="testDateSub" classname="org.opensearch.sql.sql.DateTimeFunctionIT" time="0.064"/>
  <testcase name="testWeekAlternateSyntaxesReturnTheSameResults" classname="org.opensearch.sql.sql.DateTimeFunctionIT" time="0.138"/>
  <testcase name="testMakeTime" classname="org.opensearch.sql.sql.DateTimeFunctionIT" time="0.039"/>
  <testcase name="testSecondOfMinute" classname="org.opensearch.sql.sql.DateTimeFunctionIT" time="0.058"/>
  <testcase name="testDateWithHavingClauseOnly" classname="org.opensearch.sql.sql.DateTimeFunctionIT" time="0.049"/>
  <testcase name="testDayOfMonth" classname="org.opensearch.sql.sql.DateTimeFunctionIT" time="0.043"/>
  <testcase name="testSecond" classname="org.opensearch.sql.sql.DateTimeFunctionIT" time="0.054"/>
  <testcase name="testMonthOfYearTypes" classname="org.opensearch.sql.sql.DateTimeFunctionIT" time="0.06"/>
  <testcase name="testDayOfYearWithUnderscores" classname="org.opensearch.sql.sql.DateTimeFunctionIT" time="0.06"/>
  <testcase name="testDateInGroupBy" classname="org.opensearch.sql.sql.DateTimeFunctionIT" time="0.067"/>
  <testcase name="testMicrosecond" classname="org.opensearch.sql.sql.DateTimeFunctionIT" time="0.098"/>
  <testcase name="testDayOfYearAlternateSyntaxesReturnTheSameResults" classname="org.opensearch.sql.sql.DateTimeFunctionIT" time="0.166"/>
  <testcase name="testMinute" classname="org.opensearch.sql.sql.DateTimeFunctionIT" time="0.097"/>
  <testcase name="testDayOfMonthWithUnderscores" classname="org.opensearch.sql.sql.DateTimeFunctionIT" time="0.048"/>
  <system-out><![CDATA[[2023-01-17T10:13:10,153][INFO ][o.o.s.s.DateTimeFunctionIT] [testHourFunctionAliasesReturnTheSameResults] before test
[2023-01-17T10:13:10,154][INFO ][o.o.s.s.DateTimeFunctionIT] [testHourFunctionAliasesReturnTheSameResults] initializing REST clients against [http://[::1]:49775, http://127.0.0.1:49776]
[2023-01-17T10:13:10,901][INFO ][o.o.s.s.DateTimeFunctionIT] [testHourFunctionAliasesReturnTheSameResults] after test
[2023-01-17T10:13:10,907][INFO ][o.o.s.s.DateTimeFunctionIT] [testHour] before test
[2023-01-17T10:13:10,980][INFO ][o.o.s.s.DateTimeFunctionIT] [testHour] after test
[2023-01-17T10:13:10,986][INFO ][o.o.s.s.DateTimeFunctionIT] [testDateFormat] before test
[2023-01-17T10:13:11,044][INFO ][o.o.s.s.DateTimeFunctionIT] [testDateFormat] after test
[2023-01-17T10:13:11,051][INFO ][o.o.s.s.DateTimeFunctionIT] [testSecondFunctionAliasesReturnTheSameResults] before test
[2023-01-17T10:13:11,155][INFO ][o.o.s.s.DateTimeFunctionIT] [testSecondFunctionAliasesReturnTheSameResults] after test
[2023-01-17T10:13:11,161][INFO ][o.o.s.s.DateTimeFunctionIT] [testDateAdd] before test
[2023-01-17T10:13:11,265][INFO ][o.o.s.s.DateTimeFunctionIT] [testDateAdd] after test
[2023-01-17T10:13:11,271][INFO ][o.o.s.s.DateTimeFunctionIT] [testFromDays] before test
[2023-01-17T10:13:11,295][INFO ][o.o.s.s.DateTimeFunctionIT] [testFromDays] after test
[2023-01-17T10:13:11,301][INFO ][o.o.s.s.DateTimeFunctionIT] [testDayOfMonthAliasesReturnTheSameResults] before test
[2023-01-17T10:13:11,431][INFO ][o.o.s.s.DateTimeFunctionIT] [testDayOfMonthAliasesReturnTheSameResults] after test
[2023-01-17T10:13:11,437][INFO ][o.o.s.s.DateTimeFunctionIT] [testWeek] before test
[2023-01-17T10:13:11,510][INFO ][o.o.s.s.DateTimeFunctionIT] [testWeek] after test
[2023-01-17T10:13:11,517][INFO ][o.o.s.s.DateTimeFunctionIT] [testToDays] before test
[2023-01-17T10:13:11,548][INFO ][o.o.s.s.DateTimeFunctionIT] [testToDays] after test
[2023-01-17T10:13:11,554][INFO ][o.o.s.s.DateTimeFunctionIT] [testDayOfYear] before test
[2023-01-17T10:13:11,595][INFO ][o.o.s.s.DateTimeFunctionIT] [testDayOfYear] after test
[2023-01-17T10:13:11,601][INFO ][o.o.s.s.DateTimeFunctionIT] [testDayOfWeek] before test
[2023-01-17T10:13:11,632][INFO ][o.o.s.s.DateTimeFunctionIT] [testDayOfWeek] after test
[2023-01-17T10:13:11,639][INFO ][o.o.s.s.DateTimeFunctionIT] [testSubTime] before test
[2023-01-17T10:13:11,670][INFO ][o.o.s.s.DateTimeFunctionIT] [testSubTime] after test
[2023-01-17T10:13:11,676][INFO ][o.o.s.s.DateTimeFunctionIT] [testPeriodAdd] before test
[2023-01-17T10:13:11,706][INFO ][o.o.s.s.DateTimeFunctionIT] [testPeriodAdd] after test
[2023-01-17T10:13:11,712][INFO ][o.o.s.s.DateTimeFunctionIT] [testAddTime] before test
[2023-01-17T10:13:11,738][INFO ][o.o.s.s.DateTimeFunctionIT] [testAddTime] after test
[2023-01-17T10:13:11,744][INFO ][o.o.s.s.DateTimeFunctionIT] [testDateDiff] before test
[2023-01-17T10:13:11,770][INFO ][o.o.s.s.DateTimeFunctionIT] [testDateDiff] after test
[2023-01-17T10:13:11,776][INFO ][o.o.s.s.DateTimeFunctionIT] [testHourOfDayWithUnderscores] before test
[2023-01-17T10:13:11,837][INFO ][o.o.s.s.DateTimeFunctionIT] [testHourOfDayWithUnderscores] after test
[2023-01-17T10:13:11,843][INFO ][o.o.s.s.DateTimeFunctionIT] [testMakeDate] before test
[2023-01-17T10:13:11,868][INFO ][o.o.s.s.DateTimeFunctionIT] [testMakeDate] after test
[2023-01-17T10:13:11,875][INFO ][o.o.s.s.DateTimeFunctionIT] [testQuarter] before test
[2023-01-17T10:13:11,906][INFO ][o.o.s.s.DateTimeFunctionIT] [testQuarter] after test
[2023-01-17T10:13:11,913][INFO ][o.o.s.s.DateTimeFunctionIT] [testPeriodDiff] before test
[2023-01-17T10:13:11,936][INFO ][o.o.s.s.DateTimeFunctionIT] [testPeriodDiff] after test
[2023-01-17T10:13:11,943][INFO ][o.o.s.s.DateTimeFunctionIT] [testDayOfWeekWithUnderscores] before test
[2023-01-17T10:13:11,977][INFO ][o.o.s.s.DateTimeFunctionIT] [testDayOfWeekWithUnderscores] after test
[2023-01-17T10:13:11,984][INFO ][o.o.s.s.DateTimeFunctionIT] [testMinuteOfDay] before test
[2023-01-17T10:13:12,054][INFO ][o.o.s.s.DateTimeFunctionIT] [testMinuteOfDay] after test
[2023-01-17T10:13:12,061][INFO ][o.o.s.s.DateTimeFunctionIT] [testNowLikeFunctions] before test
[2023-01-17T10:13:12,256][INFO ][o.o.s.s.DateTimeFunctionIT] [testNowLikeFunctions] after test
[2023-01-17T10:13:12,263][INFO ][o.o.s.s.DateTimeFunctionIT] [testWeekOfYear] before test
[2023-01-17T10:13:12,334][INFO ][o.o.s.s.DateTimeFunctionIT] [testWeekOfYear] after test
[2023-01-17T10:13:12,341][INFO ][o.o.s.s.DateTimeFunctionIT] [testFromUnixTime] before test
[2023-01-17T10:13:12,367][INFO ][o.o.s.s.DateTimeFunctionIT] [testFromUnixTime] after test
[2023-01-17T10:13:12,374][INFO ][o.o.s.s.DateTimeFunctionIT] [testMonthAlternateSyntaxesReturnTheSameResults] before test
[2023-01-17T10:13:12,504][INFO ][o.o.s.s.DateTimeFunctionIT] [testMonthAlternateSyntaxesReturnTheSameResults] after test
[2023-01-17T10:13:12,511][INFO ][o.o.s.s.DateTimeFunctionIT] [testDayOfWeekAliasesReturnTheSameResults] before test
[2023-01-17T10:13:12,633][INFO ][o.o.s.s.DateTimeFunctionIT] [testDayOfWeekAliasesReturnTheSameResults] after test
[2023-01-17T10:13:12,640][INFO ][o.o.s.s.DateTimeFunctionIT] [testDayName] before test
[2023-01-17T10:13:12,693][INFO ][o.o.s.s.DateTimeFunctionIT] [testDayName] after test
[2023-01-17T10:13:12,700][INFO ][o.o.s.s.DateTimeFunctionIT] [testSubDate] before test
[2023-01-17T10:13:12,817][INFO ][o.o.s.s.DateTimeFunctionIT] [testSubDate] after test
[2023-01-17T10:13:12,823][INFO ][o.o.s.s.DateTimeFunctionIT] [testMinuteOfHour] before test
[2023-01-17T10:13:13,031][INFO ][o.o.s.s.DateTimeFunctionIT] [testMinuteOfHour] after test
[2023-01-17T10:13:13,037][INFO ][o.o.s.s.DateTimeFunctionIT] [testDay] before test
[2023-01-17T10:13:13,105][INFO ][o.o.s.s.DateTimeFunctionIT] [testDay] after test
[2023-01-17T10:13:13,111][INFO ][o.o.s.s.DateTimeFunctionIT] [testYear] before test
[2023-01-17T10:13:13,143][INFO ][o.o.s.s.DateTimeFunctionIT] [testYear] after test
[2023-01-17T10:13:13,150][INFO ][o.o.s.s.DateTimeFunctionIT] [testAddDate] before test
[2023-01-17T10:13:13,215][INFO ][o.o.s.s.DateTimeFunctionIT] [testAddDate] after test
[2023-01-17T10:13:13,221][INFO ][o.o.s.s.DateTimeFunctionIT] [testTimeToSec] before test
[2023-01-17T10:13:13,256][INFO ][o.o.s.s.DateTimeFunctionIT] [testTimeToSec] after test
[2023-01-17T10:13:13,263][INFO ][o.o.s.s.DateTimeFunctionIT] [testMinuteFunctionAliasesReturnTheSameResults] before test
[2023-01-17T10:13:13,454][INFO ][o.o.s.s.DateTimeFunctionIT] [testMinuteFunctionAliasesReturnTheSameResults] after test
[2023-01-17T10:13:13,460][INFO ][o.o.s.s.DateTimeFunctionIT] [testTimeDiff] before test
[2023-01-17T10:13:13,495][INFO ][o.o.s.s.DateTimeFunctionIT] [testTimeDiff] after test
[2023-01-17T10:13:13,501][INFO ][o.o.s.s.DateTimeFunctionIT] [testUnixTimeStamp] before test
[2023-01-17T10:13:13,528][INFO ][o.o.s.s.DateTimeFunctionIT] [testUnixTimeStamp] after test
[2023-01-17T10:13:13,534][INFO ][o.o.s.s.DateTimeFunctionIT] [testMonthName] before test
[2023-01-17T10:13:13,568][INFO ][o.o.s.s.DateTimeFunctionIT] [testMonthName] after test
[2023-01-17T10:13:13,574][INFO ][o.o.s.s.DateTimeFunctionIT] [testMonth] before test
[2023-01-17T10:13:13,604][INFO ][o.o.s.s.DateTimeFunctionIT] [testMonth] after test
[2023-01-17T10:13:13,610][INFO ][o.o.s.s.DateTimeFunctionIT] [testDateSub] before test
[2023-01-17T10:13:13,668][INFO ][o.o.s.s.DateTimeFunctionIT] [testDateSub] after test
[2023-01-17T10:13:13,674][INFO ][o.o.s.s.DateTimeFunctionIT] [testWeekAlternateSyntaxesReturnTheSameResults] before test
[2023-01-17T10:13:13,807][INFO ][o.o.s.s.DateTimeFunctionIT] [testWeekAlternateSyntaxesReturnTheSameResults] after test
[2023-01-17T10:13:13,813][INFO ][o.o.s.s.DateTimeFunctionIT] [testMakeTime] before test
[2023-01-17T10:13:13,845][INFO ][o.o.s.s.DateTimeFunctionIT] [testMakeTime] after test
[2023-01-17T10:13:13,852][INFO ][o.o.s.s.DateTimeFunctionIT] [testSecondOfMinute] before test
[2023-01-17T10:13:13,904][INFO ][o.o.s.s.DateTimeFunctionIT] [testSecondOfMinute] after test
[2023-01-17T10:13:13,910][INFO ][o.o.s.s.DateTimeFunctionIT] [testDateWithHavingClauseOnly] before test
[2023-01-17T10:13:13,953][INFO ][o.o.s.s.DateTimeFunctionIT] [testDateWithHavingClauseOnly] after test
[2023-01-17T10:13:13,959][INFO ][o.o.s.s.DateTimeFunctionIT] [testDayOfMonth] before test
[2023-01-17T10:13:13,996][INFO ][o.o.s.s.DateTimeFunctionIT] [testDayOfMonth] after test
[2023-01-17T10:13:14,002][INFO ][o.o.s.s.DateTimeFunctionIT] [testSecond] before test
[2023-01-17T10:13:14,050][INFO ][o.o.s.s.DateTimeFunctionIT] [testSecond] after test
[2023-01-17T10:13:14,056][INFO ][o.o.s.s.DateTimeFunctionIT] [testMonthOfYearTypes] before test
[2023-01-17T10:13:14,111][INFO ][o.o.s.s.DateTimeFunctionIT] [testMonthOfYearTypes] after test
[2023-01-17T10:13:14,119][INFO ][o.o.s.s.DateTimeFunctionIT] [testDayOfYearWithUnderscores] before test
[2023-01-17T10:13:14,171][INFO ][o.o.s.s.DateTimeFunctionIT] [testDayOfYearWithUnderscores] after test
[2023-01-17T10:13:14,178][INFO ][o.o.s.s.DateTimeFunctionIT] [testDateInGroupBy] before test
[2023-01-17T10:13:14,239][INFO ][o.o.s.s.DateTimeFunctionIT] [testDateInGroupBy] after test
[2023-01-17T10:13:14,245][INFO ][o.o.s.s.DateTimeFunctionIT] [testMicrosecond] before test
[2023-01-17T10:13:14,338][INFO ][o.o.s.s.DateTimeFunctionIT] [testMicrosecond] after test
[2023-01-17T10:13:14,345][INFO ][o.o.s.s.DateTimeFunctionIT] [testDayOfYearAlternateSyntaxesReturnTheSameResults] before test
[2023-01-17T10:13:14,504][INFO ][o.o.s.s.DateTimeFunctionIT] [testDayOfYearAlternateSyntaxesReturnTheSameResults] after test
[2023-01-17T10:13:14,514][INFO ][o.o.s.s.DateTimeFunctionIT] [testMinute] before test
[2023-01-17T10:13:14,602][INFO ][o.o.s.s.DateTimeFunctionIT] [testMinute] after test
[2023-01-17T10:13:14,610][INFO ][o.o.s.s.DateTimeFunctionIT] [testDayOfMonthWithUnderscores] before test
[2023-01-17T10:13:14,651][INFO ][o.o.s.s.DateTimeFunctionIT] [testDayOfMonthWithUnderscores] after test
]]></system-out>
  <system-err><![CDATA[]]></system-err>
</testsuite>
