<?xml version="1.0" encoding="UTF-8"?>
<testsuite name="org.opensearch.sql.legacy.GetEndpointQueryIT" tests="1" skipped="0" failures="0" errors="0" timestamp="2023-01-17T16:12:12" hostname="Unused26-MacBook.local" time="0.396">
  <properties/>
  <testcase name="getEndPointShouldBeInvalid" classname="org.opensearch.sql.legacy.GetEndpointQueryIT" time="0.396"/>
  <system-out><![CDATA[[2023-01-18T02:12:12,541][INFO ][o.o.s.l.GetEndpointQueryIT] [getEndPointShouldBeInvalid] before test
[2023-01-18T02:12:12,542][INFO ][o.o.s.l.GetEndpointQueryIT] [getEndPointShouldBeInvalid] initializing REST clients against [http://[::1]:49775, http://127.0.0.1:49776]
[2023-01-18T02:12:12,933][INFO ][o.o.s.l.GetEndpointQueryIT] [getEndPointShouldBeInvalid] after test
]]></system-out>
  <system-err><![CDATA[]]></system-err>
</testsuite>
