<?xml version="1.0" encoding="UTF-8"?>
<testsuite name="org.opensearch.sql.sql.AdminIT" tests="4" skipped="0" failures="0" errors="0" timestamp="2023-01-17T16:13:06" hostname="Unused26-MacBook.local" time="0.575">
  <properties/>
  <testcase name="describeSingleIndexWildcard" classname="org.opensearch.sql.sql.AdminIT" time="0.412"/>
  <testcase name="explainShow" classname="org.opensearch.sql.sql.AdminIT" time="0.037"/>
  <testcase name="describeSingleIndexAlias" classname="org.opensearch.sql.sql.AdminIT" time="0.081"/>
  <testcase name="showSingleIndexAlias" classname="org.opensearch.sql.sql.AdminIT" time="0.043"/>
  <system-out><![CDATA[[2023-01-17T19:13:06,778][INFO ][o.o.s.s.AdminIT          ] [describeSingleIndexWildcard] before test
[2023-01-17T19:13:06,779][INFO ][o.o.s.s.AdminIT          ] [describeSingleIndexWildcard] initializing REST clients against [http://[::1]:49775, http://127.0.0.1:49776]
[2023-01-17T19:13:07,185][INFO ][o.o.s.s.AdminIT          ] [describeSingleIndexWildcard] after test
[2023-01-17T19:13:07,191][INFO ][o.o.s.s.AdminIT          ] [explainShow] before test
[2023-01-17T19:13:07,223][INFO ][o.o.s.s.AdminIT          ] [explainShow] after test
[2023-01-17T19:13:07,230][INFO ][o.o.s.s.AdminIT          ] [describeSingleIndexAlias] before test
[2023-01-17T19:13:07,302][INFO ][o.o.s.s.AdminIT          ] [describeSingleIndexAlias] after test
[2023-01-17T19:13:07,312][INFO ][o.o.s.s.AdminIT          ] [showSingleIndexAlias] before test
[2023-01-17T19:13:07,348][INFO ][o.o.s.s.AdminIT          ] [showSingleIndexAlias] after test
]]></system-out>
  <system-err><![CDATA[]]></system-err>
</testsuite>
