<?xml version="1.0" encoding="UTF-8"?>
<testsuite name="org.opensearch.sql.legacy.QueryIT" tests="107" skipped="17" failures="82" errors="0" timestamp="2023-01-17T16:11:48" hostname="Unused26-MacBook.local" time="9.635">
  <properties/>
  <testcase name="queryWithDotAtStartOfIndexName" classname="org.opensearch.sql.legacy.QueryIT" time="5.991"/>
  <testcase name="missFilterSearch" classname="org.opensearch.sql.legacy.QueryIT" time="0.065">
    <failure message="org.opensearch.client.ResponseException: method [POST], host [http://127.0.0.1:49776], URI [/_plugins/_sql?format=json], status line [HTTP/1.1 400 Bad Request]&#10;{&#10;  &quot;error&quot;: {&#10;    &quot;reason&quot;: &quot;Invalid SQL query&quot;,&#10;    &quot;details&quot;: &quot;Query is unsupported in the new engine&quot;,&#10;    &quot;type&quot;: &quot;SQLFeatureDisabledException&quot;&#10;  },&#10;  &quot;status&quot;: 400&#10;}" type="org.opensearch.client.ResponseException">org.opensearch.client.ResponseException: method [POST], host [http://127.0.0.1:49776], URI [/_plugins/_sql?format=json], status line [HTTP/1.1 400 Bad Request]
{
  &quot;error&quot;: {
    &quot;reason&quot;: &quot;Invalid SQL query&quot;,
    &quot;details&quot;: &quot;Query is unsupported in the new engine&quot;,
    &quot;type&quot;: &quot;SQLFeatureDisabledException&quot;
  },
  &quot;status&quot;: 400
}
	at __randomizedtesting.SeedInfo.seed([B058E8962C1F801C:2A815536E21AF092]:0)
	at app//org.opensearch.client.RestClient.convertResponse(RestClient.java:384)
	at app//org.opensearch.client.RestClient.performRequest(RestClient.java:354)
	at app//org.opensearch.client.RestClient.performRequest(RestClient.java:329)
	at app//org.opensearch.sql.legacy.SQLIntegTestCase.executeRequest(SQLIntegTestCase.java:327)
	at app//org.opensearch.sql.legacy.SQLIntegTestCase.executeRequest(SQLIntegTestCase.java:322)
	at app//org.opensearch.sql.legacy.SQLIntegTestCase.executeRequest(SQLIntegTestCase.java:310)
	at app//org.opensearch.sql.legacy.SQLIntegTestCase.executeQuery(SQLIntegTestCase.java:293)
	at app//org.opensearch.sql.legacy.QueryIT.missFilterSearch(QueryIT.java:801)
	at java.base@17.0.4.1/jdk.internal.reflect.NativeMethodAccessorImpl.invoke0(Native Method)
	at java.base@17.0.4.1/jdk.internal.reflect.NativeMethodAccessorImpl.invoke(NativeMethodAccessorImpl.java:77)
	at java.base@17.0.4.1/jdk.internal.reflect.DelegatingMethodAccessorImpl.invoke(DelegatingMethodAccessorImpl.java:43)
	at java.base@17.0.4.1/java.lang.reflect.Method.invoke(Method.java:568)
	at app//com.carrotsearch.randomizedtesting.RandomizedRunner.invoke(RandomizedRunner.java:1750)
	at app//com.carrotsearch.randomizedtesting.RandomizedRunner$8.evaluate(RandomizedRunner.java:938)
	at app//com.carrotsearch.randomizedtesting.RandomizedRunner$9.evaluate(RandomizedRunner.java:974)
	at app//com.carrotsearch.randomizedtesting.RandomizedRunner$10.evaluate(RandomizedRunner.java:988)
	at app//com.carrotsearch.randomizedtesting.rules.StatementAdapter.evaluate(StatementAdapter.java:36)
	at app//org.junit.rules.RunRules.evaluate(RunRules.java:20)
	at app//org.apache.lucene.tests.util.TestRuleSetupTeardownChained$1.evaluate(TestRuleSetupTeardownChained.java:48)
	at app//org.apache.lucene.tests.util.AbstractBeforeAfterRule$1.evaluate(AbstractBeforeAfterRule.java:43)
	at app//org.apache.lucene.tests.util.TestRuleThreadAndTestName$1.evaluate(TestRuleThreadAndTestName.java:45)
	at app//org.apache.lucene.tests.util.TestRuleIgnoreAfterMaxFailures$1.evaluate(TestRuleIgnoreAfterMaxFailures.java:60)
	at app//org.apache.lucene.tests.util.TestRuleMarkFailure$1.evaluate(TestRuleMarkFailure.java:44)
	at app//org.junit.rules.RunRules.evaluate(RunRules.java:20)
	at app//com.carrotsearch.randomizedtesting.rules.StatementAdapter.evaluate(StatementAdapter.java:36)
	at app//com.carrotsearch.randomizedtesting.ThreadLeakControl$StatementRunner.run(ThreadLeakControl.java:368)
	at app//com.carrotsearch.randomizedtesting.ThreadLeakControl.forkTimeoutingTask(ThreadLeakControl.java:817)
	at app//com.carrotsearch.randomizedtesting.ThreadLeakControl$3.evaluate(ThreadLeakControl.java:468)
	at app//com.carrotsearch.randomizedtesting.RandomizedRunner.runSingleTest(RandomizedRunner.java:947)
	at app//com.carrotsearch.randomizedtesting.RandomizedRunner$5.evaluate(RandomizedRunner.java:832)
	at app//com.carrotsearch.randomizedtesting.RandomizedRunner$6.evaluate(RandomizedRunner.java:883)
	at app//com.carrotsearch.randomizedtesting.RandomizedRunner$7.evaluate(RandomizedRunner.java:894)
	at app//org.apache.lucene.tests.util.AbstractBeforeAfterRule$1.evaluate(AbstractBeforeAfterRule.java:43)
	at app//com.carrotsearch.randomizedtesting.rules.StatementAdapter.evaluate(StatementAdapter.java:36)
	at app//org.apache.lucene.tests.util.TestRuleStoreClassName$1.evaluate(TestRuleStoreClassName.java:38)
	at app//com.carrotsearch.randomizedtesting.rules.NoShadowingOrOverridesOnMethodsRule$1.evaluate(NoShadowingOrOverridesOnMethodsRule.java:40)
	at app//com.carrotsearch.randomizedtesting.rules.NoShadowingOrOverridesOnMethodsRule$1.evaluate(NoShadowingOrOverridesOnMethodsRule.java:40)
	at app//com.carrotsearch.randomizedtesting.rules.StatementAdapter.evaluate(StatementAdapter.java:36)
	at app//com.carrotsearch.randomizedtesting.rules.StatementAdapter.evaluate(StatementAdapter.java:36)
	at app//org.apache.lucene.tests.util.TestRuleAssertionsRequired$1.evaluate(TestRuleAssertionsRequired.java:53)
	at app//org.apache.lucene.tests.util.AbstractBeforeAfterRule$1.evaluate(AbstractBeforeAfterRule.java:43)
	at app//org.apache.lucene.tests.util.TestRuleMarkFailure$1.evaluate(TestRuleMarkFailure.java:44)
	at app//org.apache.lucene.tests.util.TestRuleIgnoreAfterMaxFailures$1.evaluate(TestRuleIgnoreAfterMaxFailures.java:60)
	at app//org.apache.lucene.tests.util.TestRuleIgnoreTestSuites$1.evaluate(TestRuleIgnoreTestSuites.java:47)
	at app//org.junit.rules.RunRules.evaluate(RunRules.java:20)
	at app//com.carrotsearch.randomizedtesting.rules.StatementAdapter.evaluate(StatementAdapter.java:36)
	at app//com.carrotsearch.randomizedtesting.ThreadLeakControl$StatementRunner.run(ThreadLeakControl.java:368)
	at java.base@17.0.4.1/java.lang.Thread.run(Thread.java:833)
</failure>
  </testcase>
  <testcase name="dateSearchBraces" classname="org.opensearch.sql.legacy.QueryIT" time="0.095">
    <failure message="org.opensearch.client.ResponseException: method [POST], host [http://127.0.0.1:49776], URI [/_plugins/_sql?format=json], status line [HTTP/1.1 400 Bad Request]&#10;{&#10;  &quot;error&quot;: {&#10;    &quot;reason&quot;: &quot;Invalid SQL query&quot;,&#10;    &quot;details&quot;: &quot;Query is unsupported in the new engine&quot;,&#10;    &quot;type&quot;: &quot;SQLFeatureDisabledException&quot;&#10;  },&#10;  &quot;status&quot;: 400&#10;}" type="org.opensearch.client.ResponseException">org.opensearch.client.ResponseException: method [POST], host [http://127.0.0.1:49776], URI [/_plugins/_sql?format=json], status line [HTTP/1.1 400 Bad Request]
{
  &quot;error&quot;: {
    &quot;reason&quot;: &quot;Invalid SQL query&quot;,
    &quot;details&quot;: &quot;Query is unsupported in the new engine&quot;,
    &quot;type&quot;: &quot;SQLFeatureDisabledException&quot;
  },
  &quot;status&quot;: 400
}
	at __randomizedtesting.SeedInfo.seed([B058E8962C1F801C:AA5C30E39490A33C]:0)
	at app//org.opensearch.client.RestClient.convertResponse(RestClient.java:384)
	at app//org.opensearch.client.RestClient.performRequest(RestClient.java:354)
	at app//org.opensearch.client.RestClient.performRequest(RestClient.java:329)
	at app//org.opensearch.sql.legacy.SQLIntegTestCase.executeRequest(SQLIntegTestCase.java:327)
	at app//org.opensearch.sql.legacy.SQLIntegTestCase.executeRequest(SQLIntegTestCase.java:322)
	at app//org.opensearch.sql.legacy.SQLIntegTestCase.executeRequest(SQLIntegTestCase.java:310)
	at app//org.opensearch.sql.legacy.SQLIntegTestCase.executeQuery(SQLIntegTestCase.java:293)
	at app//org.opensearch.sql.legacy.QueryIT.dateSearchBraces(QueryIT.java:754)
	at java.base@17.0.4.1/jdk.internal.reflect.NativeMethodAccessorImpl.invoke0(Native Method)
	at java.base@17.0.4.1/jdk.internal.reflect.NativeMethodAccessorImpl.invoke(NativeMethodAccessorImpl.java:77)
	at java.base@17.0.4.1/jdk.internal.reflect.DelegatingMethodAccessorImpl.invoke(DelegatingMethodAccessorImpl.java:43)
	at java.base@17.0.4.1/java.lang.reflect.Method.invoke(Method.java:568)
	at app//com.carrotsearch.randomizedtesting.RandomizedRunner.invoke(RandomizedRunner.java:1750)
	at app//com.carrotsearch.randomizedtesting.RandomizedRunner$8.evaluate(RandomizedRunner.java:938)
	at app//com.carrotsearch.randomizedtesting.RandomizedRunner$9.evaluate(RandomizedRunner.java:974)
	at app//com.carrotsearch.randomizedtesting.RandomizedRunner$10.evaluate(RandomizedRunner.java:988)
	at app//com.carrotsearch.randomizedtesting.rules.StatementAdapter.evaluate(StatementAdapter.java:36)
	at app//org.junit.rules.RunRules.evaluate(RunRules.java:20)
	at app//org.apache.lucene.tests.util.TestRuleSetupTeardownChained$1.evaluate(TestRuleSetupTeardownChained.java:48)
	at app//org.apache.lucene.tests.util.AbstractBeforeAfterRule$1.evaluate(AbstractBeforeAfterRule.java:43)
	at app//org.apache.lucene.tests.util.TestRuleThreadAndTestName$1.evaluate(TestRuleThreadAndTestName.java:45)
	at app//org.apache.lucene.tests.util.TestRuleIgnoreAfterMaxFailures$1.evaluate(TestRuleIgnoreAfterMaxFailures.java:60)
	at app//org.apache.lucene.tests.util.TestRuleMarkFailure$1.evaluate(TestRuleMarkFailure.java:44)
	at app//org.junit.rules.RunRules.evaluate(RunRules.java:20)
	at app//com.carrotsearch.randomizedtesting.rules.StatementAdapter.evaluate(StatementAdapter.java:36)
	at app//com.carrotsearch.randomizedtesting.ThreadLeakControl$StatementRunner.run(ThreadLeakControl.java:368)
	at app//com.carrotsearch.randomizedtesting.ThreadLeakControl.forkTimeoutingTask(ThreadLeakControl.java:817)
	at app//com.carrotsearch.randomizedtesting.ThreadLeakControl$3.evaluate(ThreadLeakControl.java:468)
	at app//com.carrotsearch.randomizedtesting.RandomizedRunner.runSingleTest(RandomizedRunner.java:947)
	at app//com.carrotsearch.randomizedtesting.RandomizedRunner$5.evaluate(RandomizedRunner.java:832)
	at app//com.carrotsearch.randomizedtesting.RandomizedRunner$6.evaluate(RandomizedRunner.java:883)
	at app//com.carrotsearch.randomizedtesting.RandomizedRunner$7.evaluate(RandomizedRunner.java:894)
	at app//org.apache.lucene.tests.util.AbstractBeforeAfterRule$1.evaluate(AbstractBeforeAfterRule.java:43)
	at app//com.carrotsearch.randomizedtesting.rules.StatementAdapter.evaluate(StatementAdapter.java:36)
	at app//org.apache.lucene.tests.util.TestRuleStoreClassName$1.evaluate(TestRuleStoreClassName.java:38)
	at app//com.carrotsearch.randomizedtesting.rules.NoShadowingOrOverridesOnMethodsRule$1.evaluate(NoShadowingOrOverridesOnMethodsRule.java:40)
	at app//com.carrotsearch.randomizedtesting.rules.NoShadowingOrOverridesOnMethodsRule$1.evaluate(NoShadowingOrOverridesOnMethodsRule.java:40)
	at app//com.carrotsearch.randomizedtesting.rules.StatementAdapter.evaluate(StatementAdapter.java:36)
	at app//com.carrotsearch.randomizedtesting.rules.StatementAdapter.evaluate(StatementAdapter.java:36)
	at app//org.apache.lucene.tests.util.TestRuleAssertionsRequired$1.evaluate(TestRuleAssertionsRequired.java:53)
	at app//org.apache.lucene.tests.util.AbstractBeforeAfterRule$1.evaluate(AbstractBeforeAfterRule.java:43)
	at app//org.apache.lucene.tests.util.TestRuleMarkFailure$1.evaluate(TestRuleMarkFailure.java:44)
	at app//org.apache.lucene.tests.util.TestRuleIgnoreAfterMaxFailures$1.evaluate(TestRuleIgnoreAfterMaxFailures.java:60)
	at app//org.apache.lucene.tests.util.TestRuleIgnoreTestSuites$1.evaluate(TestRuleIgnoreTestSuites.java:47)
	at app//org.junit.rules.RunRules.evaluate(RunRules.java:20)
	at app//com.carrotsearch.randomizedtesting.rules.StatementAdapter.evaluate(StatementAdapter.java:36)
	at app//com.carrotsearch.randomizedtesting.ThreadLeakControl$StatementRunner.run(ThreadLeakControl.java:368)
	at java.base@17.0.4.1/java.lang.Thread.run(Thread.java:833)
</failure>
  </testcase>
  <testcase name="selectSpecificFieldsUsingTableNamePrefix" classname="org.opensearch.sql.legacy.QueryIT" time="0.037">
    <failure message="org.opensearch.client.ResponseException: method [POST], host [http://127.0.0.1:49776], URI [/_plugins/_sql?format=json], status line [HTTP/1.1 400 Bad Request]&#10;{&#10;  &quot;error&quot;: {&#10;    &quot;reason&quot;: &quot;Invalid SQL query&quot;,&#10;    &quot;details&quot;: &quot;Query is unsupported in the new engine&quot;,&#10;    &quot;type&quot;: &quot;SQLFeatureDisabledException&quot;&#10;  },&#10;  &quot;status&quot;: 400&#10;}" type="org.opensearch.client.ResponseException">org.opensearch.client.ResponseException: method [POST], host [http://127.0.0.1:49776], URI [/_plugins/_sql?format=json], status line [HTTP/1.1 400 Bad Request]
{
  &quot;error&quot;: {
    &quot;reason&quot;: &quot;Invalid SQL query&quot;,
    &quot;details&quot;: &quot;Query is unsupported in the new engine&quot;,
    &quot;type&quot;: &quot;SQLFeatureDisabledException&quot;
  },
  &quot;status&quot;: 400
}
	at __randomizedtesting.SeedInfo.seed([B058E8962C1F801C:764143ADC8FE0E3A]:0)
	at app//org.opensearch.client.RestClient.convertResponse(RestClient.java:384)
	at app//org.opensearch.client.RestClient.performRequest(RestClient.java:354)
	at app//org.opensearch.client.RestClient.performRequest(RestClient.java:329)
	at app//org.opensearch.sql.legacy.SQLIntegTestCase.executeRequest(SQLIntegTestCase.java:327)
	at app//org.opensearch.sql.legacy.SQLIntegTestCase.executeRequest(SQLIntegTestCase.java:322)
	at app//org.opensearch.sql.legacy.SQLIntegTestCase.executeRequest(SQLIntegTestCase.java:310)
	at app//org.opensearch.sql.legacy.SQLIntegTestCase.executeQuery(SQLIntegTestCase.java:293)
	at app//org.opensearch.sql.legacy.QueryIT.selectSpecificFieldsUsingTableNamePrefix(QueryIT.java:222)
	at java.base@17.0.4.1/jdk.internal.reflect.NativeMethodAccessorImpl.invoke0(Native Method)
	at java.base@17.0.4.1/jdk.internal.reflect.NativeMethodAccessorImpl.invoke(NativeMethodAccessorImpl.java:77)
	at java.base@17.0.4.1/jdk.internal.reflect.DelegatingMethodAccessorImpl.invoke(DelegatingMethodAccessorImpl.java:43)
	at java.base@17.0.4.1/java.lang.reflect.Method.invoke(Method.java:568)
	at app//com.carrotsearch.randomizedtesting.RandomizedRunner.invoke(RandomizedRunner.java:1750)
	at app//com.carrotsearch.randomizedtesting.RandomizedRunner$8.evaluate(RandomizedRunner.java:938)
	at app//com.carrotsearch.randomizedtesting.RandomizedRunner$9.evaluate(RandomizedRunner.java:974)
	at app//com.carrotsearch.randomizedtesting.RandomizedRunner$10.evaluate(RandomizedRunner.java:988)
	at app//com.carrotsearch.randomizedtesting.rules.StatementAdapter.evaluate(StatementAdapter.java:36)
	at app//org.junit.rules.RunRules.evaluate(RunRules.java:20)
	at app//org.apache.lucene.tests.util.TestRuleSetupTeardownChained$1.evaluate(TestRuleSetupTeardownChained.java:48)
	at app//org.apache.lucene.tests.util.AbstractBeforeAfterRule$1.evaluate(AbstractBeforeAfterRule.java:43)
	at app//org.apache.lucene.tests.util.TestRuleThreadAndTestName$1.evaluate(TestRuleThreadAndTestName.java:45)
	at app//org.apache.lucene.tests.util.TestRuleIgnoreAfterMaxFailures$1.evaluate(TestRuleIgnoreAfterMaxFailures.java:60)
	at app//org.apache.lucene.tests.util.TestRuleMarkFailure$1.evaluate(TestRuleMarkFailure.java:44)
	at app//org.junit.rules.RunRules.evaluate(RunRules.java:20)
	at app//com.carrotsearch.randomizedtesting.rules.StatementAdapter.evaluate(StatementAdapter.java:36)
	at app//com.carrotsearch.randomizedtesting.ThreadLeakControl$StatementRunner.run(ThreadLeakControl.java:368)
	at app//com.carrotsearch.randomizedtesting.ThreadLeakControl.forkTimeoutingTask(ThreadLeakControl.java:817)
	at app//com.carrotsearch.randomizedtesting.ThreadLeakControl$3.evaluate(ThreadLeakControl.java:468)
	at app//com.carrotsearch.randomizedtesting.RandomizedRunner.runSingleTest(RandomizedRunner.java:947)
	at app//com.carrotsearch.randomizedtesting.RandomizedRunner$5.evaluate(RandomizedRunner.java:832)
	at app//com.carrotsearch.randomizedtesting.RandomizedRunner$6.evaluate(RandomizedRunner.java:883)
	at app//com.carrotsearch.randomizedtesting.RandomizedRunner$7.evaluate(RandomizedRunner.java:894)
	at app//org.apache.lucene.tests.util.AbstractBeforeAfterRule$1.evaluate(AbstractBeforeAfterRule.java:43)
	at app//com.carrotsearch.randomizedtesting.rules.StatementAdapter.evaluate(StatementAdapter.java:36)
	at app//org.apache.lucene.tests.util.TestRuleStoreClassName$1.evaluate(TestRuleStoreClassName.java:38)
	at app//com.carrotsearch.randomizedtesting.rules.NoShadowingOrOverridesOnMethodsRule$1.evaluate(NoShadowingOrOverridesOnMethodsRule.java:40)
	at app//com.carrotsearch.randomizedtesting.rules.NoShadowingOrOverridesOnMethodsRule$1.evaluate(NoShadowingOrOverridesOnMethodsRule.java:40)
	at app//com.carrotsearch.randomizedtesting.rules.StatementAdapter.evaluate(StatementAdapter.java:36)
	at app//com.carrotsearch.randomizedtesting.rules.StatementAdapter.evaluate(StatementAdapter.java:36)
	at app//org.apache.lucene.tests.util.TestRuleAssertionsRequired$1.evaluate(TestRuleAssertionsRequired.java:53)
	at app//org.apache.lucene.tests.util.AbstractBeforeAfterRule$1.evaluate(AbstractBeforeAfterRule.java:43)
	at app//org.apache.lucene.tests.util.TestRuleMarkFailure$1.evaluate(TestRuleMarkFailure.java:44)
	at app//org.apache.lucene.tests.util.TestRuleIgnoreAfterMaxFailures$1.evaluate(TestRuleIgnoreAfterMaxFailures.java:60)
	at app//org.apache.lucene.tests.util.TestRuleIgnoreTestSuites$1.evaluate(TestRuleIgnoreTestSuites.java:47)
	at app//org.junit.rules.RunRules.evaluate(RunRules.java:20)
	at app//com.carrotsearch.randomizedtesting.rules.StatementAdapter.evaluate(StatementAdapter.java:36)
	at app//com.carrotsearch.randomizedtesting.ThreadLeakControl$StatementRunner.run(ThreadLeakControl.java:368)
	at java.base@17.0.4.1/java.lang.Thread.run(Thread.java:833)
</failure>
  </testcase>
  <testcase name="testMultiPartWhere2" classname="org.opensearch.sql.legacy.QueryIT" time="0.036">
    <failure message="org.opensearch.client.ResponseException: method [POST], host [http://127.0.0.1:49776], URI [/_plugins/_sql?format=json], status line [HTTP/1.1 400 Bad Request]&#10;{&#10;  &quot;error&quot;: {&#10;    &quot;reason&quot;: &quot;Invalid SQL query&quot;,&#10;    &quot;details&quot;: &quot;Query is unsupported in the new engine&quot;,&#10;    &quot;type&quot;: &quot;SQLFeatureDisabledException&quot;&#10;  },&#10;  &quot;status&quot;: 400&#10;}" type="org.opensearch.client.ResponseException">org.opensearch.client.ResponseException: method [POST], host [http://127.0.0.1:49776], URI [/_plugins/_sql?format=json], status line [HTTP/1.1 400 Bad Request]
{
  &quot;error&quot;: {
    &quot;reason&quot;: &quot;Invalid SQL query&quot;,
    &quot;details&quot;: &quot;Query is unsupported in the new engine&quot;,
    &quot;type&quot;: &quot;SQLFeatureDisabledException&quot;
  },
  &quot;status&quot;: 400
}
	at __randomizedtesting.SeedInfo.seed([B058E8962C1F801C:796D0597DBF1AA46]:0)
	at app//org.opensearch.client.RestClient.convertResponse(RestClient.java:384)
	at app//org.opensearch.client.RestClient.performRequest(RestClient.java:354)
	at app//org.opensearch.client.RestClient.performRequest(RestClient.java:329)
	at app//org.opensearch.sql.legacy.SQLIntegTestCase.executeRequest(SQLIntegTestCase.java:327)
	at app//org.opensearch.sql.legacy.SQLIntegTestCase.executeRequest(SQLIntegTestCase.java:322)
	at app//org.opensearch.sql.legacy.SQLIntegTestCase.executeRequest(SQLIntegTestCase.java:310)
	at app//org.opensearch.sql.legacy.SQLIntegTestCase.executeQuery(SQLIntegTestCase.java:293)
	at app//org.opensearch.sql.legacy.QueryIT.testMultiPartWhere2(QueryIT.java:1127)
	at java.base@17.0.4.1/jdk.internal.reflect.NativeMethodAccessorImpl.invoke0(Native Method)
	at java.base@17.0.4.1/jdk.internal.reflect.NativeMethodAccessorImpl.invoke(NativeMethodAccessorImpl.java:77)
	at java.base@17.0.4.1/jdk.internal.reflect.DelegatingMethodAccessorImpl.invoke(DelegatingMethodAccessorImpl.java:43)
	at java.base@17.0.4.1/java.lang.reflect.Method.invoke(Method.java:568)
	at app//com.carrotsearch.randomizedtesting.RandomizedRunner.invoke(RandomizedRunner.java:1750)
	at app//com.carrotsearch.randomizedtesting.RandomizedRunner$8.evaluate(RandomizedRunner.java:938)
	at app//com.carrotsearch.randomizedtesting.RandomizedRunner$9.evaluate(RandomizedRunner.java:974)
	at app//com.carrotsearch.randomizedtesting.RandomizedRunner$10.evaluate(RandomizedRunner.java:988)
	at app//com.carrotsearch.randomizedtesting.rules.StatementAdapter.evaluate(StatementAdapter.java:36)
	at app//org.junit.rules.RunRules.evaluate(RunRules.java:20)
	at app//org.apache.lucene.tests.util.TestRuleSetupTeardownChained$1.evaluate(TestRuleSetupTeardownChained.java:48)
	at app//org.apache.lucene.tests.util.AbstractBeforeAfterRule$1.evaluate(AbstractBeforeAfterRule.java:43)
	at app//org.apache.lucene.tests.util.TestRuleThreadAndTestName$1.evaluate(TestRuleThreadAndTestName.java:45)
	at app//org.apache.lucene.tests.util.TestRuleIgnoreAfterMaxFailures$1.evaluate(TestRuleIgnoreAfterMaxFailures.java:60)
	at app//org.apache.lucene.tests.util.TestRuleMarkFailure$1.evaluate(TestRuleMarkFailure.java:44)
	at app//org.junit.rules.RunRules.evaluate(RunRules.java:20)
	at app//com.carrotsearch.randomizedtesting.rules.StatementAdapter.evaluate(StatementAdapter.java:36)
	at app//com.carrotsearch.randomizedtesting.ThreadLeakControl$StatementRunner.run(ThreadLeakControl.java:368)
	at app//com.carrotsearch.randomizedtesting.ThreadLeakControl.forkTimeoutingTask(ThreadLeakControl.java:817)
	at app//com.carrotsearch.randomizedtesting.ThreadLeakControl$3.evaluate(ThreadLeakControl.java:468)
	at app//com.carrotsearch.randomizedtesting.RandomizedRunner.runSingleTest(RandomizedRunner.java:947)
	at app//com.carrotsearch.randomizedtesting.RandomizedRunner$5.evaluate(RandomizedRunner.java:832)
	at app//com.carrotsearch.randomizedtesting.RandomizedRunner$6.evaluate(RandomizedRunner.java:883)
	at app//com.carrotsearch.randomizedtesting.RandomizedRunner$7.evaluate(RandomizedRunner.java:894)
	at app//org.apache.lucene.tests.util.AbstractBeforeAfterRule$1.evaluate(AbstractBeforeAfterRule.java:43)
	at app//com.carrotsearch.randomizedtesting.rules.StatementAdapter.evaluate(StatementAdapter.java:36)
	at app//org.apache.lucene.tests.util.TestRuleStoreClassName$1.evaluate(TestRuleStoreClassName.java:38)
	at app//com.carrotsearch.randomizedtesting.rules.NoShadowingOrOverridesOnMethodsRule$1.evaluate(NoShadowingOrOverridesOnMethodsRule.java:40)
	at app//com.carrotsearch.randomizedtesting.rules.NoShadowingOrOverridesOnMethodsRule$1.evaluate(NoShadowingOrOverridesOnMethodsRule.java:40)
	at app//com.carrotsearch.randomizedtesting.rules.StatementAdapter.evaluate(StatementAdapter.java:36)
	at app//com.carrotsearch.randomizedtesting.rules.StatementAdapter.evaluate(StatementAdapter.java:36)
	at app//org.apache.lucene.tests.util.TestRuleAssertionsRequired$1.evaluate(TestRuleAssertionsRequired.java:53)
	at app//org.apache.lucene.tests.util.AbstractBeforeAfterRule$1.evaluate(AbstractBeforeAfterRule.java:43)
	at app//org.apache.lucene.tests.util.TestRuleMarkFailure$1.evaluate(TestRuleMarkFailure.java:44)
	at app//org.apache.lucene.tests.util.TestRuleIgnoreAfterMaxFailures$1.evaluate(TestRuleIgnoreAfterMaxFailures.java:60)
	at app//org.apache.lucene.tests.util.TestRuleIgnoreTestSuites$1.evaluate(TestRuleIgnoreTestSuites.java:47)
	at app//org.junit.rules.RunRules.evaluate(RunRules.java:20)
	at app//com.carrotsearch.randomizedtesting.rules.StatementAdapter.evaluate(StatementAdapter.java:36)
	at app//com.carrotsearch.randomizedtesting.ThreadLeakControl$StatementRunner.run(ThreadLeakControl.java:368)
	at java.base@17.0.4.1/java.lang.Thread.run(Thread.java:833)
</failure>
  </testcase>
  <testcase name="notMissFilterSearch" classname="org.opensearch.sql.legacy.QueryIT" time="0.037">
    <failure message="org.opensearch.client.ResponseException: method [POST], host [http://127.0.0.1:49776], URI [/_plugins/_sql?format=json], status line [HTTP/1.1 400 Bad Request]&#10;{&#10;  &quot;error&quot;: {&#10;    &quot;reason&quot;: &quot;Invalid SQL query&quot;,&#10;    &quot;details&quot;: &quot;Query is unsupported in the new engine&quot;,&#10;    &quot;type&quot;: &quot;SQLFeatureDisabledException&quot;&#10;  },&#10;  &quot;status&quot;: 400&#10;}" type="org.opensearch.client.ResponseException">org.opensearch.client.ResponseException: method [POST], host [http://127.0.0.1:49776], URI [/_plugins/_sql?format=json], status line [HTTP/1.1 400 Bad Request]
{
  &quot;error&quot;: {
    &quot;reason&quot;: &quot;Invalid SQL query&quot;,
    &quot;details&quot;: &quot;Query is unsupported in the new engine&quot;,
    &quot;type&quot;: &quot;SQLFeatureDisabledException&quot;
  },
  &quot;status&quot;: 400
}
	at __randomizedtesting.SeedInfo.seed([B058E8962C1F801C:66DFCD055E843839]:0)
	at app//org.opensearch.client.RestClient.convertResponse(RestClient.java:384)
	at app//org.opensearch.client.RestClient.performRequest(RestClient.java:354)
	at app//org.opensearch.client.RestClient.performRequest(RestClient.java:329)
	at app//org.opensearch.sql.legacy.SQLIntegTestCase.executeRequest(SQLIntegTestCase.java:327)
	at app//org.opensearch.sql.legacy.SQLIntegTestCase.executeRequest(SQLIntegTestCase.java:322)
	at app//org.opensearch.sql.legacy.SQLIntegTestCase.executeRequest(SQLIntegTestCase.java:310)
	at app//org.opensearch.sql.legacy.SQLIntegTestCase.executeQuery(SQLIntegTestCase.java:293)
	at app//org.opensearch.sql.legacy.QueryIT.notMissFilterSearch(QueryIT.java:817)
	at java.base@17.0.4.1/jdk.internal.reflect.NativeMethodAccessorImpl.invoke0(Native Method)
	at java.base@17.0.4.1/jdk.internal.reflect.NativeMethodAccessorImpl.invoke(NativeMethodAccessorImpl.java:77)
	at java.base@17.0.4.1/jdk.internal.reflect.DelegatingMethodAccessorImpl.invoke(DelegatingMethodAccessorImpl.java:43)
	at java.base@17.0.4.1/java.lang.reflect.Method.invoke(Method.java:568)
	at app//com.carrotsearch.randomizedtesting.RandomizedRunner.invoke(RandomizedRunner.java:1750)
	at app//com.carrotsearch.randomizedtesting.RandomizedRunner$8.evaluate(RandomizedRunner.java:938)
	at app//com.carrotsearch.randomizedtesting.RandomizedRunner$9.evaluate(RandomizedRunner.java:974)
	at app//com.carrotsearch.randomizedtesting.RandomizedRunner$10.evaluate(RandomizedRunner.java:988)
	at app//com.carrotsearch.randomizedtesting.rules.StatementAdapter.evaluate(StatementAdapter.java:36)
	at app//org.junit.rules.RunRules.evaluate(RunRules.java:20)
	at app//org.apache.lucene.tests.util.TestRuleSetupTeardownChained$1.evaluate(TestRuleSetupTeardownChained.java:48)
	at app//org.apache.lucene.tests.util.AbstractBeforeAfterRule$1.evaluate(AbstractBeforeAfterRule.java:43)
	at app//org.apache.lucene.tests.util.TestRuleThreadAndTestName$1.evaluate(TestRuleThreadAndTestName.java:45)
	at app//org.apache.lucene.tests.util.TestRuleIgnoreAfterMaxFailures$1.evaluate(TestRuleIgnoreAfterMaxFailures.java:60)
	at app//org.apache.lucene.tests.util.TestRuleMarkFailure$1.evaluate(TestRuleMarkFailure.java:44)
	at app//org.junit.rules.RunRules.evaluate(RunRules.java:20)
	at app//com.carrotsearch.randomizedtesting.rules.StatementAdapter.evaluate(StatementAdapter.java:36)
	at app//com.carrotsearch.randomizedtesting.ThreadLeakControl$StatementRunner.run(ThreadLeakControl.java:368)
	at app//com.carrotsearch.randomizedtesting.ThreadLeakControl.forkTimeoutingTask(ThreadLeakControl.java:817)
	at app//com.carrotsearch.randomizedtesting.ThreadLeakControl$3.evaluate(ThreadLeakControl.java:468)
	at app//com.carrotsearch.randomizedtesting.RandomizedRunner.runSingleTest(RandomizedRunner.java:947)
	at app//com.carrotsearch.randomizedtesting.RandomizedRunner$5.evaluate(RandomizedRunner.java:832)
	at app//com.carrotsearch.randomizedtesting.RandomizedRunner$6.evaluate(RandomizedRunner.java:883)
	at app//com.carrotsearch.randomizedtesting.RandomizedRunner$7.evaluate(RandomizedRunner.java:894)
	at app//org.apache.lucene.tests.util.AbstractBeforeAfterRule$1.evaluate(AbstractBeforeAfterRule.java:43)
	at app//com.carrotsearch.randomizedtesting.rules.StatementAdapter.evaluate(StatementAdapter.java:36)
	at app//org.apache.lucene.tests.util.TestRuleStoreClassName$1.evaluate(TestRuleStoreClassName.java:38)
	at app//com.carrotsearch.randomizedtesting.rules.NoShadowingOrOverridesOnMethodsRule$1.evaluate(NoShadowingOrOverridesOnMethodsRule.java:40)
	at app//com.carrotsearch.randomizedtesting.rules.NoShadowingOrOverridesOnMethodsRule$1.evaluate(NoShadowingOrOverridesOnMethodsRule.java:40)
	at app//com.carrotsearch.randomizedtesting.rules.StatementAdapter.evaluate(StatementAdapter.java:36)
	at app//com.carrotsearch.randomizedtesting.rules.StatementAdapter.evaluate(StatementAdapter.java:36)
	at app//org.apache.lucene.tests.util.TestRuleAssertionsRequired$1.evaluate(TestRuleAssertionsRequired.java:53)
	at app//org.apache.lucene.tests.util.AbstractBeforeAfterRule$1.evaluate(AbstractBeforeAfterRule.java:43)
	at app//org.apache.lucene.tests.util.TestRuleMarkFailure$1.evaluate(TestRuleMarkFailure.java:44)
	at app//org.apache.lucene.tests.util.TestRuleIgnoreAfterMaxFailures$1.evaluate(TestRuleIgnoreAfterMaxFailures.java:60)
	at app//org.apache.lucene.tests.util.TestRuleIgnoreTestSuites$1.evaluate(TestRuleIgnoreTestSuites.java:47)
	at app//org.junit.rules.RunRules.evaluate(RunRules.java:20)
	at app//com.carrotsearch.randomizedtesting.rules.StatementAdapter.evaluate(StatementAdapter.java:36)
	at app//com.carrotsearch.randomizedtesting.ThreadLeakControl$StatementRunner.run(ThreadLeakControl.java:368)
	at java.base@17.0.4.1/java.lang.Thread.run(Thread.java:833)
</failure>
  </testcase>
  <testcase name="caseWhenJdbcResponseTest" classname="org.opensearch.sql.legacy.QueryIT" time="0.101"/>
  <testcase name="testWhereWithBoolEqualsFalse" classname="org.opensearch.sql.legacy.QueryIT" time="0.04">
    <failure message="org.opensearch.client.ResponseException: method [POST], host [http://127.0.0.1:49776], URI [/_plugins/_sql?format=json], status line [HTTP/1.1 400 Bad Request]&#10;{&#10;  &quot;error&quot;: {&#10;    &quot;reason&quot;: &quot;Invalid SQL query&quot;,&#10;    &quot;details&quot;: &quot;Query is unsupported in the new engine&quot;,&#10;    &quot;type&quot;: &quot;SQLFeatureDisabledException&quot;&#10;  },&#10;  &quot;status&quot;: 400&#10;}" type="org.opensearch.client.ResponseException">org.opensearch.client.ResponseException: method [POST], host [http://127.0.0.1:49776], URI [/_plugins/_sql?format=json], status line [HTTP/1.1 400 Bad Request]
{
  &quot;error&quot;: {
    &quot;reason&quot;: &quot;Invalid SQL query&quot;,
    &quot;details&quot;: &quot;Query is unsupported in the new engine&quot;,
    &quot;type&quot;: &quot;SQLFeatureDisabledException&quot;
  },
  &quot;status&quot;: 400
}
	at __randomizedtesting.SeedInfo.seed([B058E8962C1F801C:9DF798BB4137AF6F]:0)
	at app//org.opensearch.client.RestClient.convertResponse(RestClient.java:384)
	at app//org.opensearch.client.RestClient.performRequest(RestClient.java:354)
	at app//org.opensearch.client.RestClient.performRequest(RestClient.java:329)
	at app//org.opensearch.sql.legacy.SQLIntegTestCase.executeRequest(SQLIntegTestCase.java:327)
	at app//org.opensearch.sql.legacy.SQLIntegTestCase.executeRequest(SQLIntegTestCase.java:322)
	at app//org.opensearch.sql.legacy.SQLIntegTestCase.executeRequest(SQLIntegTestCase.java:310)
	at app//org.opensearch.sql.legacy.SQLIntegTestCase.executeQuery(SQLIntegTestCase.java:293)
	at app//org.opensearch.sql.legacy.QueryIT.testWhereWithBoolEqualsFalse(QueryIT.java:1041)
	at java.base@17.0.4.1/jdk.internal.reflect.NativeMethodAccessorImpl.invoke0(Native Method)
	at java.base@17.0.4.1/jdk.internal.reflect.NativeMethodAccessorImpl.invoke(NativeMethodAccessorImpl.java:77)
	at java.base@17.0.4.1/jdk.internal.reflect.DelegatingMethodAccessorImpl.invoke(DelegatingMethodAccessorImpl.java:43)
	at java.base@17.0.4.1/java.lang.reflect.Method.invoke(Method.java:568)
	at app//com.carrotsearch.randomizedtesting.RandomizedRunner.invoke(RandomizedRunner.java:1750)
	at app//com.carrotsearch.randomizedtesting.RandomizedRunner$8.evaluate(RandomizedRunner.java:938)
	at app//com.carrotsearch.randomizedtesting.RandomizedRunner$9.evaluate(RandomizedRunner.java:974)
	at app//com.carrotsearch.randomizedtesting.RandomizedRunner$10.evaluate(RandomizedRunner.java:988)
	at app//com.carrotsearch.randomizedtesting.rules.StatementAdapter.evaluate(StatementAdapter.java:36)
	at app//org.junit.rules.RunRules.evaluate(RunRules.java:20)
	at app//org.apache.lucene.tests.util.TestRuleSetupTeardownChained$1.evaluate(TestRuleSetupTeardownChained.java:48)
	at app//org.apache.lucene.tests.util.AbstractBeforeAfterRule$1.evaluate(AbstractBeforeAfterRule.java:43)
	at app//org.apache.lucene.tests.util.TestRuleThreadAndTestName$1.evaluate(TestRuleThreadAndTestName.java:45)
	at app//org.apache.lucene.tests.util.TestRuleIgnoreAfterMaxFailures$1.evaluate(TestRuleIgnoreAfterMaxFailures.java:60)
	at app//org.apache.lucene.tests.util.TestRuleMarkFailure$1.evaluate(TestRuleMarkFailure.java:44)
	at app//org.junit.rules.RunRules.evaluate(RunRules.java:20)
	at app//com.carrotsearch.randomizedtesting.rules.StatementAdapter.evaluate(StatementAdapter.java:36)
	at app//com.carrotsearch.randomizedtesting.ThreadLeakControl$StatementRunner.run(ThreadLeakControl.java:368)
	at app//com.carrotsearch.randomizedtesting.ThreadLeakControl.forkTimeoutingTask(ThreadLeakControl.java:817)
	at app//com.carrotsearch.randomizedtesting.ThreadLeakControl$3.evaluate(ThreadLeakControl.java:468)
	at app//com.carrotsearch.randomizedtesting.RandomizedRunner.runSingleTest(RandomizedRunner.java:947)
	at app//com.carrotsearch.randomizedtesting.RandomizedRunner$5.evaluate(RandomizedRunner.java:832)
	at app//com.carrotsearch.randomizedtesting.RandomizedRunner$6.evaluate(RandomizedRunner.java:883)
	at app//com.carrotsearch.randomizedtesting.RandomizedRunner$7.evaluate(RandomizedRunner.java:894)
	at app//org.apache.lucene.tests.util.AbstractBeforeAfterRule$1.evaluate(AbstractBeforeAfterRule.java:43)
	at app//com.carrotsearch.randomizedtesting.rules.StatementAdapter.evaluate(StatementAdapter.java:36)
	at app//org.apache.lucene.tests.util.TestRuleStoreClassName$1.evaluate(TestRuleStoreClassName.java:38)
	at app//com.carrotsearch.randomizedtesting.rules.NoShadowingOrOverridesOnMethodsRule$1.evaluate(NoShadowingOrOverridesOnMethodsRule.java:40)
	at app//com.carrotsearch.randomizedtesting.rules.NoShadowingOrOverridesOnMethodsRule$1.evaluate(NoShadowingOrOverridesOnMethodsRule.java:40)
	at app//com.carrotsearch.randomizedtesting.rules.StatementAdapter.evaluate(StatementAdapter.java:36)
	at app//com.carrotsearch.randomizedtesting.rules.StatementAdapter.evaluate(StatementAdapter.java:36)
	at app//org.apache.lucene.tests.util.TestRuleAssertionsRequired$1.evaluate(TestRuleAssertionsRequired.java:53)
	at app//org.apache.lucene.tests.util.AbstractBeforeAfterRule$1.evaluate(AbstractBeforeAfterRule.java:43)
	at app//org.apache.lucene.tests.util.TestRuleMarkFailure$1.evaluate(TestRuleMarkFailure.java:44)
	at app//org.apache.lucene.tests.util.TestRuleIgnoreAfterMaxFailures$1.evaluate(TestRuleIgnoreAfterMaxFailures.java:60)
	at app//org.apache.lucene.tests.util.TestRuleIgnoreTestSuites$1.evaluate(TestRuleIgnoreTestSuites.java:47)
	at app//org.junit.rules.RunRules.evaluate(RunRules.java:20)
	at app//com.carrotsearch.randomizedtesting.rules.StatementAdapter.evaluate(StatementAdapter.java:36)
	at app//com.carrotsearch.randomizedtesting.ThreadLeakControl$StatementRunner.run(ThreadLeakControl.java:368)
	at java.base@17.0.4.1/java.lang.Thread.run(Thread.java:833)
</failure>
  </testcase>
  <testcase name="termQueryWithNumber" classname="org.opensearch.sql.legacy.QueryIT" time="0.045">
    <failure message="org.opensearch.client.ResponseException: method [POST], host [http://127.0.0.1:49776], URI [/_plugins/_sql?format=json], status line [HTTP/1.1 400 Bad Request]&#10;{&#10;  &quot;error&quot;: {&#10;    &quot;reason&quot;: &quot;Invalid SQL query&quot;,&#10;    &quot;details&quot;: &quot;Query is unsupported in the new engine&quot;,&#10;    &quot;type&quot;: &quot;SQLFeatureDisabledException&quot;&#10;  },&#10;  &quot;status&quot;: 400&#10;}" type="org.opensearch.client.ResponseException">org.opensearch.client.ResponseException: method [POST], host [http://127.0.0.1:49776], URI [/_plugins/_sql?format=json], status line [HTTP/1.1 400 Bad Request]
{
  &quot;error&quot;: {
    &quot;reason&quot;: &quot;Invalid SQL query&quot;,
    &quot;details&quot;: &quot;Query is unsupported in the new engine&quot;,
    &quot;type&quot;: &quot;SQLFeatureDisabledException&quot;
  },
  &quot;status&quot;: 400
}
	at __randomizedtesting.SeedInfo.seed([B058E8962C1F801C:7B1BED2D5CAA826A]:0)
	at app//org.opensearch.client.RestClient.convertResponse(RestClient.java:384)
	at app//org.opensearch.client.RestClient.performRequest(RestClient.java:354)
	at app//org.opensearch.client.RestClient.performRequest(RestClient.java:329)
	at app//org.opensearch.sql.legacy.SQLIntegTestCase.executeRequest(SQLIntegTestCase.java:327)
	at app//org.opensearch.sql.legacy.SQLIntegTestCase.executeRequest(SQLIntegTestCase.java:322)
	at app//org.opensearch.sql.legacy.SQLIntegTestCase.executeRequest(SQLIntegTestCase.java:310)
	at app//org.opensearch.sql.legacy.SQLIntegTestCase.executeQuery(SQLIntegTestCase.java:293)
	at app//org.opensearch.sql.legacy.QueryIT.termQueryWithNumber(QueryIT.java:660)
	at java.base@17.0.4.1/jdk.internal.reflect.NativeMethodAccessorImpl.invoke0(Native Method)
	at java.base@17.0.4.1/jdk.internal.reflect.NativeMethodAccessorImpl.invoke(NativeMethodAccessorImpl.java:77)
	at java.base@17.0.4.1/jdk.internal.reflect.DelegatingMethodAccessorImpl.invoke(DelegatingMethodAccessorImpl.java:43)
	at java.base@17.0.4.1/java.lang.reflect.Method.invoke(Method.java:568)
	at app//com.carrotsearch.randomizedtesting.RandomizedRunner.invoke(RandomizedRunner.java:1750)
	at app//com.carrotsearch.randomizedtesting.RandomizedRunner$8.evaluate(RandomizedRunner.java:938)
	at app//com.carrotsearch.randomizedtesting.RandomizedRunner$9.evaluate(RandomizedRunner.java:974)
	at app//com.carrotsearch.randomizedtesting.RandomizedRunner$10.evaluate(RandomizedRunner.java:988)
	at app//com.carrotsearch.randomizedtesting.rules.StatementAdapter.evaluate(StatementAdapter.java:36)
	at app//org.junit.rules.RunRules.evaluate(RunRules.java:20)
	at app//org.apache.lucene.tests.util.TestRuleSetupTeardownChained$1.evaluate(TestRuleSetupTeardownChained.java:48)
	at app//org.apache.lucene.tests.util.AbstractBeforeAfterRule$1.evaluate(AbstractBeforeAfterRule.java:43)
	at app//org.apache.lucene.tests.util.TestRuleThreadAndTestName$1.evaluate(TestRuleThreadAndTestName.java:45)
	at app//org.apache.lucene.tests.util.TestRuleIgnoreAfterMaxFailures$1.evaluate(TestRuleIgnoreAfterMaxFailures.java:60)
	at app//org.apache.lucene.tests.util.TestRuleMarkFailure$1.evaluate(TestRuleMarkFailure.java:44)
	at app//org.junit.rules.RunRules.evaluate(RunRules.java:20)
	at app//com.carrotsearch.randomizedtesting.rules.StatementAdapter.evaluate(StatementAdapter.java:36)
	at app//com.carrotsearch.randomizedtesting.ThreadLeakControl$StatementRunner.run(ThreadLeakControl.java:368)
	at app//com.carrotsearch.randomizedtesting.ThreadLeakControl.forkTimeoutingTask(ThreadLeakControl.java:817)
	at app//com.carrotsearch.randomizedtesting.ThreadLeakControl$3.evaluate(ThreadLeakControl.java:468)
	at app//com.carrotsearch.randomizedtesting.RandomizedRunner.runSingleTest(RandomizedRunner.java:947)
	at app//com.carrotsearch.randomizedtesting.RandomizedRunner$5.evaluate(RandomizedRunner.java:832)
	at app//com.carrotsearch.randomizedtesting.RandomizedRunner$6.evaluate(RandomizedRunner.java:883)
	at app//com.carrotsearch.randomizedtesting.RandomizedRunner$7.evaluate(RandomizedRunner.java:894)
	at app//org.apache.lucene.tests.util.AbstractBeforeAfterRule$1.evaluate(AbstractBeforeAfterRule.java:43)
	at app//com.carrotsearch.randomizedtesting.rules.StatementAdapter.evaluate(StatementAdapter.java:36)
	at app//org.apache.lucene.tests.util.TestRuleStoreClassName$1.evaluate(TestRuleStoreClassName.java:38)
	at app//com.carrotsearch.randomizedtesting.rules.NoShadowingOrOverridesOnMethodsRule$1.evaluate(NoShadowingOrOverridesOnMethodsRule.java:40)
	at app//com.carrotsearch.randomizedtesting.rules.NoShadowingOrOverridesOnMethodsRule$1.evaluate(NoShadowingOrOverridesOnMethodsRule.java:40)
	at app//com.carrotsearch.randomizedtesting.rules.StatementAdapter.evaluate(StatementAdapter.java:36)
	at app//com.carrotsearch.randomizedtesting.rules.StatementAdapter.evaluate(StatementAdapter.java:36)
	at app//org.apache.lucene.tests.util.TestRuleAssertionsRequired$1.evaluate(TestRuleAssertionsRequired.java:53)
	at app//org.apache.lucene.tests.util.AbstractBeforeAfterRule$1.evaluate(AbstractBeforeAfterRule.java:43)
	at app//org.apache.lucene.tests.util.TestRuleMarkFailure$1.evaluate(TestRuleMarkFailure.java:44)
	at app//org.apache.lucene.tests.util.TestRuleIgnoreAfterMaxFailures$1.evaluate(TestRuleIgnoreAfterMaxFailures.java:60)
	at app//org.apache.lucene.tests.util.TestRuleIgnoreTestSuites$1.evaluate(TestRuleIgnoreTestSuites.java:47)
	at app//org.junit.rules.RunRules.evaluate(RunRules.java:20)
	at app//com.carrotsearch.randomizedtesting.rules.StatementAdapter.evaluate(StatementAdapter.java:36)
	at app//com.carrotsearch.randomizedtesting.ThreadLeakControl$StatementRunner.run(ThreadLeakControl.java:368)
	at java.base@17.0.4.1/java.lang.Thread.run(Thread.java:833)
</failure>
  </testcase>
  <testcase name="backticksQuotedAliasTest" classname="org.opensearch.sql.legacy.QueryIT" time="0.1"/>
  <testcase name="selectAliases" classname="org.opensearch.sql.legacy.QueryIT" time="0.0">
    <skipped/>
  </testcase>
  <testcase name="selectAllWithFieldAndGroupBy" classname="org.opensearch.sql.legacy.QueryIT" time="0.041">
    <failure message="org.opensearch.client.ResponseException: method [POST], host [http://127.0.0.1:49776], URI [/_plugins/_sql?format=json], status line [HTTP/1.1 400 Bad Request]&#10;{&#10;  &quot;error&quot;: {&#10;    &quot;reason&quot;: &quot;Invalid SQL query&quot;,&#10;    &quot;details&quot;: &quot;Query is unsupported in the new engine&quot;,&#10;    &quot;type&quot;: &quot;SQLFeatureDisabledException&quot;&#10;  },&#10;  &quot;status&quot;: 400&#10;}" type="org.opensearch.client.ResponseException">org.opensearch.client.ResponseException: method [POST], host [http://127.0.0.1:49776], URI [/_plugins/_sql?format=json], status line [HTTP/1.1 400 Bad Request]
{
  &quot;error&quot;: {
    &quot;reason&quot;: &quot;Invalid SQL query&quot;,
    &quot;details&quot;: &quot;Query is unsupported in the new engine&quot;,
    &quot;type&quot;: &quot;SQLFeatureDisabledException&quot;
  },
  &quot;status&quot;: 400
}
	at __randomizedtesting.SeedInfo.seed([B058E8962C1F801C:882E54B794C1C476]:0)
	at app//org.opensearch.client.RestClient.convertResponse(RestClient.java:384)
	at app//org.opensearch.client.RestClient.performRequest(RestClient.java:354)
	at app//org.opensearch.client.RestClient.performRequest(RestClient.java:329)
	at app//org.opensearch.sql.legacy.SQLIntegTestCase.executeRequest(SQLIntegTestCase.java:327)
	at app//org.opensearch.sql.legacy.SQLIntegTestCase.executeRequest(SQLIntegTestCase.java:322)
	at app//org.opensearch.sql.legacy.SQLIntegTestCase.executeRequest(SQLIntegTestCase.java:310)
	at app//org.opensearch.sql.legacy.SQLIntegTestCase.executeQuery(SQLIntegTestCase.java:293)
	at app//org.opensearch.sql.legacy.QueryIT.selectAllWithFieldAndGroupBy(QueryIT.java:156)
	at java.base@17.0.4.1/jdk.internal.reflect.NativeMethodAccessorImpl.invoke0(Native Method)
	at java.base@17.0.4.1/jdk.internal.reflect.NativeMethodAccessorImpl.invoke(NativeMethodAccessorImpl.java:77)
	at java.base@17.0.4.1/jdk.internal.reflect.DelegatingMethodAccessorImpl.invoke(DelegatingMethodAccessorImpl.java:43)
	at java.base@17.0.4.1/java.lang.reflect.Method.invoke(Method.java:568)
	at app//com.carrotsearch.randomizedtesting.RandomizedRunner.invoke(RandomizedRunner.java:1750)
	at app//com.carrotsearch.randomizedtesting.RandomizedRunner$8.evaluate(RandomizedRunner.java:938)
	at app//com.carrotsearch.randomizedtesting.RandomizedRunner$9.evaluate(RandomizedRunner.java:974)
	at app//com.carrotsearch.randomizedtesting.RandomizedRunner$10.evaluate(RandomizedRunner.java:988)
	at app//com.carrotsearch.randomizedtesting.rules.StatementAdapter.evaluate(StatementAdapter.java:36)
	at app//org.junit.rules.RunRules.evaluate(RunRules.java:20)
	at app//org.apache.lucene.tests.util.TestRuleSetupTeardownChained$1.evaluate(TestRuleSetupTeardownChained.java:48)
	at app//org.apache.lucene.tests.util.AbstractBeforeAfterRule$1.evaluate(AbstractBeforeAfterRule.java:43)
	at app//org.apache.lucene.tests.util.TestRuleThreadAndTestName$1.evaluate(TestRuleThreadAndTestName.java:45)
	at app//org.apache.lucene.tests.util.TestRuleIgnoreAfterMaxFailures$1.evaluate(TestRuleIgnoreAfterMaxFailures.java:60)
	at app//org.apache.lucene.tests.util.TestRuleMarkFailure$1.evaluate(TestRuleMarkFailure.java:44)
	at app//org.junit.rules.RunRules.evaluate(RunRules.java:20)
	at app//com.carrotsearch.randomizedtesting.rules.StatementAdapter.evaluate(StatementAdapter.java:36)
	at app//com.carrotsearch.randomizedtesting.ThreadLeakControl$StatementRunner.run(ThreadLeakControl.java:368)
	at app//com.carrotsearch.randomizedtesting.ThreadLeakControl.forkTimeoutingTask(ThreadLeakControl.java:817)
	at app//com.carrotsearch.randomizedtesting.ThreadLeakControl$3.evaluate(ThreadLeakControl.java:468)
	at app//com.carrotsearch.randomizedtesting.RandomizedRunner.runSingleTest(RandomizedRunner.java:947)
	at app//com.carrotsearch.randomizedtesting.RandomizedRunner$5.evaluate(RandomizedRunner.java:832)
	at app//com.carrotsearch.randomizedtesting.RandomizedRunner$6.evaluate(RandomizedRunner.java:883)
	at app//com.carrotsearch.randomizedtesting.RandomizedRunner$7.evaluate(RandomizedRunner.java:894)
	at app//org.apache.lucene.tests.util.AbstractBeforeAfterRule$1.evaluate(AbstractBeforeAfterRule.java:43)
	at app//com.carrotsearch.randomizedtesting.rules.StatementAdapter.evaluate(StatementAdapter.java:36)
	at app//org.apache.lucene.tests.util.TestRuleStoreClassName$1.evaluate(TestRuleStoreClassName.java:38)
	at app//com.carrotsearch.randomizedtesting.rules.NoShadowingOrOverridesOnMethodsRule$1.evaluate(NoShadowingOrOverridesOnMethodsRule.java:40)
	at app//com.carrotsearch.randomizedtesting.rules.NoShadowingOrOverridesOnMethodsRule$1.evaluate(NoShadowingOrOverridesOnMethodsRule.java:40)
	at app//com.carrotsearch.randomizedtesting.rules.StatementAdapter.evaluate(StatementAdapter.java:36)
	at app//com.carrotsearch.randomizedtesting.rules.StatementAdapter.evaluate(StatementAdapter.java:36)
	at app//org.apache.lucene.tests.util.TestRuleAssertionsRequired$1.evaluate(TestRuleAssertionsRequired.java:53)
	at app//org.apache.lucene.tests.util.AbstractBeforeAfterRule$1.evaluate(AbstractBeforeAfterRule.java:43)
	at app//org.apache.lucene.tests.util.TestRuleMarkFailure$1.evaluate(TestRuleMarkFailure.java:44)
	at app//org.apache.lucene.tests.util.TestRuleIgnoreAfterMaxFailures$1.evaluate(TestRuleIgnoreAfterMaxFailures.java:60)
	at app//org.apache.lucene.tests.util.TestRuleIgnoreTestSuites$1.evaluate(TestRuleIgnoreTestSuites.java:47)
	at app//org.junit.rules.RunRules.evaluate(RunRules.java:20)
	at app//com.carrotsearch.randomizedtesting.rules.StatementAdapter.evaluate(StatementAdapter.java:36)
	at app//com.carrotsearch.randomizedtesting.ThreadLeakControl$StatementRunner.run(ThreadLeakControl.java:368)
	at java.base@17.0.4.1/java.lang.Thread.run(Thread.java:833)
</failure>
  </testcase>
  <testcase name="nestedOnInQuery" classname="org.opensearch.sql.legacy.QueryIT" time="0.0">
    <skipped/>
  </testcase>
  <testcase name="inTest" classname="org.opensearch.sql.legacy.QueryIT" time="0.037">
    <failure message="org.opensearch.client.ResponseException: method [POST], host [http://127.0.0.1:49776], URI [/_plugins/_sql?format=json], status line [HTTP/1.1 400 Bad Request]&#10;{&#10;  &quot;error&quot;: {&#10;    &quot;reason&quot;: &quot;Invalid SQL query&quot;,&#10;    &quot;details&quot;: &quot;Query is unsupported in the new engine&quot;,&#10;    &quot;type&quot;: &quot;SQLFeatureDisabledException&quot;&#10;  },&#10;  &quot;status&quot;: 400&#10;}" type="org.opensearch.client.ResponseException">org.opensearch.client.ResponseException: method [POST], host [http://127.0.0.1:49776], URI [/_plugins/_sql?format=json], status line [HTTP/1.1 400 Bad Request]
{
  &quot;error&quot;: {
    &quot;reason&quot;: &quot;Invalid SQL query&quot;,
    &quot;details&quot;: &quot;Query is unsupported in the new engine&quot;,
    &quot;type&quot;: &quot;SQLFeatureDisabledException&quot;
  },
  &quot;status&quot;: 400
}
	at __randomizedtesting.SeedInfo.seed([B058E8962C1F801C:C8F873F44ED9C0C3]:0)
	at app//org.opensearch.client.RestClient.convertResponse(RestClient.java:384)
	at app//org.opensearch.client.RestClient.performRequest(RestClient.java:354)
	at app//org.opensearch.client.RestClient.performRequest(RestClient.java:329)
	at app//org.opensearch.sql.legacy.SQLIntegTestCase.executeRequest(SQLIntegTestCase.java:327)
	at app//org.opensearch.sql.legacy.SQLIntegTestCase.executeRequest(SQLIntegTestCase.java:322)
	at app//org.opensearch.sql.legacy.SQLIntegTestCase.executeRequest(SQLIntegTestCase.java:310)
	at app//org.opensearch.sql.legacy.SQLIntegTestCase.executeQuery(SQLIntegTestCase.java:293)
	at app//org.opensearch.sql.legacy.QueryIT.inTest(QueryIT.java:578)
	at java.base@17.0.4.1/jdk.internal.reflect.NativeMethodAccessorImpl.invoke0(Native Method)
	at java.base@17.0.4.1/jdk.internal.reflect.NativeMethodAccessorImpl.invoke(NativeMethodAccessorImpl.java:77)
	at java.base@17.0.4.1/jdk.internal.reflect.DelegatingMethodAccessorImpl.invoke(DelegatingMethodAccessorImpl.java:43)
	at java.base@17.0.4.1/java.lang.reflect.Method.invoke(Method.java:568)
	at app//com.carrotsearch.randomizedtesting.RandomizedRunner.invoke(RandomizedRunner.java:1750)
	at app//com.carrotsearch.randomizedtesting.RandomizedRunner$8.evaluate(RandomizedRunner.java:938)
	at app//com.carrotsearch.randomizedtesting.RandomizedRunner$9.evaluate(RandomizedRunner.java:974)
	at app//com.carrotsearch.randomizedtesting.RandomizedRunner$10.evaluate(RandomizedRunner.java:988)
	at app//com.carrotsearch.randomizedtesting.rules.StatementAdapter.evaluate(StatementAdapter.java:36)
	at app//org.junit.rules.RunRules.evaluate(RunRules.java:20)
	at app//org.apache.lucene.tests.util.TestRuleSetupTeardownChained$1.evaluate(TestRuleSetupTeardownChained.java:48)
	at app//org.apache.lucene.tests.util.AbstractBeforeAfterRule$1.evaluate(AbstractBeforeAfterRule.java:43)
	at app//org.apache.lucene.tests.util.TestRuleThreadAndTestName$1.evaluate(TestRuleThreadAndTestName.java:45)
	at app//org.apache.lucene.tests.util.TestRuleIgnoreAfterMaxFailures$1.evaluate(TestRuleIgnoreAfterMaxFailures.java:60)
	at app//org.apache.lucene.tests.util.TestRuleMarkFailure$1.evaluate(TestRuleMarkFailure.java:44)
	at app//org.junit.rules.RunRules.evaluate(RunRules.java:20)
	at app//com.carrotsearch.randomizedtesting.rules.StatementAdapter.evaluate(StatementAdapter.java:36)
	at app//com.carrotsearch.randomizedtesting.ThreadLeakControl$StatementRunner.run(ThreadLeakControl.java:368)
	at app//com.carrotsearch.randomizedtesting.ThreadLeakControl.forkTimeoutingTask(ThreadLeakControl.java:817)
	at app//com.carrotsearch.randomizedtesting.ThreadLeakControl$3.evaluate(ThreadLeakControl.java:468)
	at app//com.carrotsearch.randomizedtesting.RandomizedRunner.runSingleTest(RandomizedRunner.java:947)
	at app//com.carrotsearch.randomizedtesting.RandomizedRunner$5.evaluate(RandomizedRunner.java:832)
	at app//com.carrotsearch.randomizedtesting.RandomizedRunner$6.evaluate(RandomizedRunner.java:883)
	at app//com.carrotsearch.randomizedtesting.RandomizedRunner$7.evaluate(RandomizedRunner.java:894)
	at app//org.apache.lucene.tests.util.AbstractBeforeAfterRule$1.evaluate(AbstractBeforeAfterRule.java:43)
	at app//com.carrotsearch.randomizedtesting.rules.StatementAdapter.evaluate(StatementAdapter.java:36)
	at app//org.apache.lucene.tests.util.TestRuleStoreClassName$1.evaluate(TestRuleStoreClassName.java:38)
	at app//com.carrotsearch.randomizedtesting.rules.NoShadowingOrOverridesOnMethodsRule$1.evaluate(NoShadowingOrOverridesOnMethodsRule.java:40)
	at app//com.carrotsearch.randomizedtesting.rules.NoShadowingOrOverridesOnMethodsRule$1.evaluate(NoShadowingOrOverridesOnMethodsRule.java:40)
	at app//com.carrotsearch.randomizedtesting.rules.StatementAdapter.evaluate(StatementAdapter.java:36)
	at app//com.carrotsearch.randomizedtesting.rules.StatementAdapter.evaluate(StatementAdapter.java:36)
	at app//org.apache.lucene.tests.util.TestRuleAssertionsRequired$1.evaluate(TestRuleAssertionsRequired.java:53)
	at app//org.apache.lucene.tests.util.AbstractBeforeAfterRule$1.evaluate(AbstractBeforeAfterRule.java:43)
	at app//org.apache.lucene.tests.util.TestRuleMarkFailure$1.evaluate(TestRuleMarkFailure.java:44)
	at app//org.apache.lucene.tests.util.TestRuleIgnoreAfterMaxFailures$1.evaluate(TestRuleIgnoreAfterMaxFailures.java:60)
	at app//org.apache.lucene.tests.util.TestRuleIgnoreTestSuites$1.evaluate(TestRuleIgnoreTestSuites.java:47)
	at app//org.junit.rules.RunRules.evaluate(RunRules.java:20)
	at app//com.carrotsearch.randomizedtesting.rules.StatementAdapter.evaluate(StatementAdapter.java:36)
	at app//com.carrotsearch.randomizedtesting.ThreadLeakControl$StatementRunner.run(ThreadLeakControl.java:368)
	at java.base@17.0.4.1/java.lang.Thread.run(Thread.java:833)
</failure>
  </testcase>
  <testcase name="orderByAscFieldWithSpaceTest" classname="org.opensearch.sql.legacy.QueryIT" time="0.034">
    <failure message="org.opensearch.client.ResponseException: method [POST], host [http://127.0.0.1:49776], URI [/_plugins/_sql?format=json], status line [HTTP/1.1 400 Bad Request]&#10;{&#10;  &quot;error&quot;: {&#10;    &quot;reason&quot;: &quot;Invalid SQL query&quot;,&#10;    &quot;details&quot;: &quot;Query is unsupported in the new engine&quot;,&#10;    &quot;type&quot;: &quot;SQLFeatureDisabledException&quot;&#10;  },&#10;  &quot;status&quot;: 400&#10;}" type="org.opensearch.client.ResponseException">org.opensearch.client.ResponseException: method [POST], host [http://127.0.0.1:49776], URI [/_plugins/_sql?format=json], status line [HTTP/1.1 400 Bad Request]
{
  &quot;error&quot;: {
    &quot;reason&quot;: &quot;Invalid SQL query&quot;,
    &quot;details&quot;: &quot;Query is unsupported in the new engine&quot;,
    &quot;type&quot;: &quot;SQLFeatureDisabledException&quot;
  },
  &quot;status&quot;: 400
}
	at __randomizedtesting.SeedInfo.seed([B058E8962C1F801C:6EA0B5DC2E36D140]:0)
	at app//org.opensearch.client.RestClient.convertResponse(RestClient.java:384)
	at app//org.opensearch.client.RestClient.performRequest(RestClient.java:354)
	at app//org.opensearch.client.RestClient.performRequest(RestClient.java:329)
	at app//org.opensearch.sql.legacy.SQLIntegTestCase.executeRequest(SQLIntegTestCase.java:327)
	at app//org.opensearch.sql.legacy.SQLIntegTestCase.executeRequest(SQLIntegTestCase.java:322)
	at app//org.opensearch.sql.legacy.SQLIntegTestCase.executeRequest(SQLIntegTestCase.java:310)
	at app//org.opensearch.sql.legacy.SQLIntegTestCase.executeQuery(SQLIntegTestCase.java:293)
	at app//org.opensearch.sql.legacy.QueryIT.orderByAscFieldWithSpaceTest(QueryIT.java:943)
	at java.base@17.0.4.1/jdk.internal.reflect.NativeMethodAccessorImpl.invoke0(Native Method)
	at java.base@17.0.4.1/jdk.internal.reflect.NativeMethodAccessorImpl.invoke(NativeMethodAccessorImpl.java:77)
	at java.base@17.0.4.1/jdk.internal.reflect.DelegatingMethodAccessorImpl.invoke(DelegatingMethodAccessorImpl.java:43)
	at java.base@17.0.4.1/java.lang.reflect.Method.invoke(Method.java:568)
	at app//com.carrotsearch.randomizedtesting.RandomizedRunner.invoke(RandomizedRunner.java:1750)
	at app//com.carrotsearch.randomizedtesting.RandomizedRunner$8.evaluate(RandomizedRunner.java:938)
	at app//com.carrotsearch.randomizedtesting.RandomizedRunner$9.evaluate(RandomizedRunner.java:974)
	at app//com.carrotsearch.randomizedtesting.RandomizedRunner$10.evaluate(RandomizedRunner.java:988)
	at app//com.carrotsearch.randomizedtesting.rules.StatementAdapter.evaluate(StatementAdapter.java:36)
	at app//org.junit.rules.RunRules.evaluate(RunRules.java:20)
	at app//org.apache.lucene.tests.util.TestRuleSetupTeardownChained$1.evaluate(TestRuleSetupTeardownChained.java:48)
	at app//org.apache.lucene.tests.util.AbstractBeforeAfterRule$1.evaluate(AbstractBeforeAfterRule.java:43)
	at app//org.apache.lucene.tests.util.TestRuleThreadAndTestName$1.evaluate(TestRuleThreadAndTestName.java:45)
	at app//org.apache.lucene.tests.util.TestRuleIgnoreAfterMaxFailures$1.evaluate(TestRuleIgnoreAfterMaxFailures.java:60)
	at app//org.apache.lucene.tests.util.TestRuleMarkFailure$1.evaluate(TestRuleMarkFailure.java:44)
	at app//org.junit.rules.RunRules.evaluate(RunRules.java:20)
	at app//com.carrotsearch.randomizedtesting.rules.StatementAdapter.evaluate(StatementAdapter.java:36)
	at app//com.carrotsearch.randomizedtesting.ThreadLeakControl$StatementRunner.run(ThreadLeakControl.java:368)
	at app//com.carrotsearch.randomizedtesting.ThreadLeakControl.forkTimeoutingTask(ThreadLeakControl.java:817)
	at app//com.carrotsearch.randomizedtesting.ThreadLeakControl$3.evaluate(ThreadLeakControl.java:468)
	at app//com.carrotsearch.randomizedtesting.RandomizedRunner.runSingleTest(RandomizedRunner.java:947)
	at app//com.carrotsearch.randomizedtesting.RandomizedRunner$5.evaluate(RandomizedRunner.java:832)
	at app//com.carrotsearch.randomizedtesting.RandomizedRunner$6.evaluate(RandomizedRunner.java:883)
	at app//com.carrotsearch.randomizedtesting.RandomizedRunner$7.evaluate(RandomizedRunner.java:894)
	at app//org.apache.lucene.tests.util.AbstractBeforeAfterRule$1.evaluate(AbstractBeforeAfterRule.java:43)
	at app//com.carrotsearch.randomizedtesting.rules.StatementAdapter.evaluate(StatementAdapter.java:36)
	at app//org.apache.lucene.tests.util.TestRuleStoreClassName$1.evaluate(TestRuleStoreClassName.java:38)
	at app//com.carrotsearch.randomizedtesting.rules.NoShadowingOrOverridesOnMethodsRule$1.evaluate(NoShadowingOrOverridesOnMethodsRule.java:40)
	at app//com.carrotsearch.randomizedtesting.rules.NoShadowingOrOverridesOnMethodsRule$1.evaluate(NoShadowingOrOverridesOnMethodsRule.java:40)
	at app//com.carrotsearch.randomizedtesting.rules.StatementAdapter.evaluate(StatementAdapter.java:36)
	at app//com.carrotsearch.randomizedtesting.rules.StatementAdapter.evaluate(StatementAdapter.java:36)
	at app//org.apache.lucene.tests.util.TestRuleAssertionsRequired$1.evaluate(TestRuleAssertionsRequired.java:53)
	at app//org.apache.lucene.tests.util.AbstractBeforeAfterRule$1.evaluate(AbstractBeforeAfterRule.java:43)
	at app//org.apache.lucene.tests.util.TestRuleMarkFailure$1.evaluate(TestRuleMarkFailure.java:44)
	at app//org.apache.lucene.tests.util.TestRuleIgnoreAfterMaxFailures$1.evaluate(TestRuleIgnoreAfterMaxFailures.java:60)
	at app//org.apache.lucene.tests.util.TestRuleIgnoreTestSuites$1.evaluate(TestRuleIgnoreTestSuites.java:47)
	at app//org.junit.rules.RunRules.evaluate(RunRules.java:20)
	at app//com.carrotsearch.randomizedtesting.rules.StatementAdapter.evaluate(StatementAdapter.java:36)
	at app//com.carrotsearch.randomizedtesting.ThreadLeakControl$StatementRunner.run(ThreadLeakControl.java:368)
	at java.base@17.0.4.1/java.lang.Thread.run(Thread.java:833)
</failure>
  </testcase>
  <testcase name="testWhereWithBoolIsNotFalse" classname="org.opensearch.sql.legacy.QueryIT" time="0.04">
    <failure message="org.opensearch.client.ResponseException: method [POST], host [http://127.0.0.1:49776], URI [/_plugins/_sql?format=json], status line [HTTP/1.1 400 Bad Request]&#10;{&#10;  &quot;error&quot;: {&#10;    &quot;reason&quot;: &quot;Invalid SQL query&quot;,&#10;    &quot;details&quot;: &quot;Query is unsupported in the new engine&quot;,&#10;    &quot;type&quot;: &quot;SQLFeatureDisabledException&quot;&#10;  },&#10;  &quot;status&quot;: 400&#10;}" type="org.opensearch.client.ResponseException">org.opensearch.client.ResponseException: method [POST], host [http://127.0.0.1:49776], URI [/_plugins/_sql?format=json], status line [HTTP/1.1 400 Bad Request]
{
  &quot;error&quot;: {
    &quot;reason&quot;: &quot;Invalid SQL query&quot;,
    &quot;details&quot;: &quot;Query is unsupported in the new engine&quot;,
    &quot;type&quot;: &quot;SQLFeatureDisabledException&quot;
  },
  &quot;status&quot;: 400
}
	at __randomizedtesting.SeedInfo.seed([B058E8962C1F801C:9B0B8B85DD565AD4]:0)
	at app//org.opensearch.client.RestClient.convertResponse(RestClient.java:384)
	at app//org.opensearch.client.RestClient.performRequest(RestClient.java:354)
	at app//org.opensearch.client.RestClient.performRequest(RestClient.java:329)
	at app//org.opensearch.sql.legacy.SQLIntegTestCase.executeRequest(SQLIntegTestCase.java:327)
	at app//org.opensearch.sql.legacy.SQLIntegTestCase.executeRequest(SQLIntegTestCase.java:322)
	at app//org.opensearch.sql.legacy.SQLIntegTestCase.executeRequest(SQLIntegTestCase.java:310)
	at app//org.opensearch.sql.legacy.SQLIntegTestCase.executeQuery(SQLIntegTestCase.java:293)
	at app//org.opensearch.sql.legacy.QueryIT.testWhereWithBoolIsNotFalse(QueryIT.java:1100)
	at java.base@17.0.4.1/jdk.internal.reflect.NativeMethodAccessorImpl.invoke0(Native Method)
	at java.base@17.0.4.1/jdk.internal.reflect.NativeMethodAccessorImpl.invoke(NativeMethodAccessorImpl.java:77)
	at java.base@17.0.4.1/jdk.internal.reflect.DelegatingMethodAccessorImpl.invoke(DelegatingMethodAccessorImpl.java:43)
	at java.base@17.0.4.1/java.lang.reflect.Method.invoke(Method.java:568)
	at app//com.carrotsearch.randomizedtesting.RandomizedRunner.invoke(RandomizedRunner.java:1750)
	at app//com.carrotsearch.randomizedtesting.RandomizedRunner$8.evaluate(RandomizedRunner.java:938)
	at app//com.carrotsearch.randomizedtesting.RandomizedRunner$9.evaluate(RandomizedRunner.java:974)
	at app//com.carrotsearch.randomizedtesting.RandomizedRunner$10.evaluate(RandomizedRunner.java:988)
	at app//com.carrotsearch.randomizedtesting.rules.StatementAdapter.evaluate(StatementAdapter.java:36)
	at app//org.junit.rules.RunRules.evaluate(RunRules.java:20)
	at app//org.apache.lucene.tests.util.TestRuleSetupTeardownChained$1.evaluate(TestRuleSetupTeardownChained.java:48)
	at app//org.apache.lucene.tests.util.AbstractBeforeAfterRule$1.evaluate(AbstractBeforeAfterRule.java:43)
	at app//org.apache.lucene.tests.util.TestRuleThreadAndTestName$1.evaluate(TestRuleThreadAndTestName.java:45)
	at app//org.apache.lucene.tests.util.TestRuleIgnoreAfterMaxFailures$1.evaluate(TestRuleIgnoreAfterMaxFailures.java:60)
	at app//org.apache.lucene.tests.util.TestRuleMarkFailure$1.evaluate(TestRuleMarkFailure.java:44)
	at app//org.junit.rules.RunRules.evaluate(RunRules.java:20)
	at app//com.carrotsearch.randomizedtesting.rules.StatementAdapter.evaluate(StatementAdapter.java:36)
	at app//com.carrotsearch.randomizedtesting.ThreadLeakControl$StatementRunner.run(ThreadLeakControl.java:368)
	at app//com.carrotsearch.randomizedtesting.ThreadLeakControl.forkTimeoutingTask(ThreadLeakControl.java:817)
	at app//com.carrotsearch.randomizedtesting.ThreadLeakControl$3.evaluate(ThreadLeakControl.java:468)
	at app//com.carrotsearch.randomizedtesting.RandomizedRunner.runSingleTest(RandomizedRunner.java:947)
	at app//com.carrotsearch.randomizedtesting.RandomizedRunner$5.evaluate(RandomizedRunner.java:832)
	at app//com.carrotsearch.randomizedtesting.RandomizedRunner$6.evaluate(RandomizedRunner.java:883)
	at app//com.carrotsearch.randomizedtesting.RandomizedRunner$7.evaluate(RandomizedRunner.java:894)
	at app//org.apache.lucene.tests.util.AbstractBeforeAfterRule$1.evaluate(AbstractBeforeAfterRule.java:43)
	at app//com.carrotsearch.randomizedtesting.rules.StatementAdapter.evaluate(StatementAdapter.java:36)
	at app//org.apache.lucene.tests.util.TestRuleStoreClassName$1.evaluate(TestRuleStoreClassName.java:38)
	at app//com.carrotsearch.randomizedtesting.rules.NoShadowingOrOverridesOnMethodsRule$1.evaluate(NoShadowingOrOverridesOnMethodsRule.java:40)
	at app//com.carrotsearch.randomizedtesting.rules.NoShadowingOrOverridesOnMethodsRule$1.evaluate(NoShadowingOrOverridesOnMethodsRule.java:40)
	at app//com.carrotsearch.randomizedtesting.rules.StatementAdapter.evaluate(StatementAdapter.java:36)
	at app//com.carrotsearch.randomizedtesting.rules.StatementAdapter.evaluate(StatementAdapter.java:36)
	at app//org.apache.lucene.tests.util.TestRuleAssertionsRequired$1.evaluate(TestRuleAssertionsRequired.java:53)
	at app//org.apache.lucene.tests.util.AbstractBeforeAfterRule$1.evaluate(AbstractBeforeAfterRule.java:43)
	at app//org.apache.lucene.tests.util.TestRuleMarkFailure$1.evaluate(TestRuleMarkFailure.java:44)
	at app//org.apache.lucene.tests.util.TestRuleIgnoreAfterMaxFailures$1.evaluate(TestRuleIgnoreAfterMaxFailures.java:60)
	at app//org.apache.lucene.tests.util.TestRuleIgnoreTestSuites$1.evaluate(TestRuleIgnoreTestSuites.java:47)
	at app//org.junit.rules.RunRules.evaluate(RunRules.java:20)
	at app//com.carrotsearch.randomizedtesting.rules.StatementAdapter.evaluate(StatementAdapter.java:36)
	at app//com.carrotsearch.randomizedtesting.ThreadLeakControl$StatementRunner.run(ThreadLeakControl.java:368)
	at java.base@17.0.4.1/java.lang.Thread.run(Thread.java:833)
</failure>
  </testcase>
  <testcase name="idsQuerySubQueryIds" classname="org.opensearch.sql.legacy.QueryIT" time="0.0">
    <skipped/>
  </testcase>
  <testcase name="functionCallWithIllegalScriptShouldThrowESExceptionInJdbc" classname="org.opensearch.sql.legacy.QueryIT" time="0.0">
    <skipped/>
  </testcase>
  <testcase name="likeTest" classname="org.opensearch.sql.legacy.QueryIT" time="0.043">
    <failure message="org.opensearch.client.ResponseException: method [POST], host [http://127.0.0.1:49776], URI [/_plugins/_sql?format=json], status line [HTTP/1.1 400 Bad Request]&#10;{&#10;  &quot;error&quot;: {&#10;    &quot;reason&quot;: &quot;Invalid SQL query&quot;,&#10;    &quot;details&quot;: &quot;Query is unsupported in the new engine&quot;,&#10;    &quot;type&quot;: &quot;SQLFeatureDisabledException&quot;&#10;  },&#10;  &quot;status&quot;: 400&#10;}" type="org.opensearch.client.ResponseException">org.opensearch.client.ResponseException: method [POST], host [http://127.0.0.1:49776], URI [/_plugins/_sql?format=json], status line [HTTP/1.1 400 Bad Request]
{
  &quot;error&quot;: {
    &quot;reason&quot;: &quot;Invalid SQL query&quot;,
    &quot;details&quot;: &quot;Query is unsupported in the new engine&quot;,
    &quot;type&quot;: &quot;SQLFeatureDisabledException&quot;
  },
  &quot;status&quot;: 400
}
	at __randomizedtesting.SeedInfo.seed([B058E8962C1F801C:657570CCAF41C423]:0)
	at app//org.opensearch.client.RestClient.convertResponse(RestClient.java:384)
	at app//org.opensearch.client.RestClient.performRequest(RestClient.java:354)
	at app//org.opensearch.client.RestClient.performRequest(RestClient.java:329)
	at app//org.opensearch.sql.legacy.SQLIntegTestCase.executeRequest(SQLIntegTestCase.java:327)
	at app//org.opensearch.sql.legacy.SQLIntegTestCase.executeRequest(SQLIntegTestCase.java:322)
	at app//org.opensearch.sql.legacy.SQLIntegTestCase.executeRequest(SQLIntegTestCase.java:310)
	at app//org.opensearch.sql.legacy.SQLIntegTestCase.executeQuery(SQLIntegTestCase.java:293)
	at app//org.opensearch.sql.legacy.QueryIT.likeTest(QueryIT.java:434)
	at java.base@17.0.4.1/jdk.internal.reflect.NativeMethodAccessorImpl.invoke0(Native Method)
	at java.base@17.0.4.1/jdk.internal.reflect.NativeMethodAccessorImpl.invoke(NativeMethodAccessorImpl.java:77)
	at java.base@17.0.4.1/jdk.internal.reflect.DelegatingMethodAccessorImpl.invoke(DelegatingMethodAccessorImpl.java:43)
	at java.base@17.0.4.1/java.lang.reflect.Method.invoke(Method.java:568)
	at app//com.carrotsearch.randomizedtesting.RandomizedRunner.invoke(RandomizedRunner.java:1750)
	at app//com.carrotsearch.randomizedtesting.RandomizedRunner$8.evaluate(RandomizedRunner.java:938)
	at app//com.carrotsearch.randomizedtesting.RandomizedRunner$9.evaluate(RandomizedRunner.java:974)
	at app//com.carrotsearch.randomizedtesting.RandomizedRunner$10.evaluate(RandomizedRunner.java:988)
	at app//com.carrotsearch.randomizedtesting.rules.StatementAdapter.evaluate(StatementAdapter.java:36)
	at app//org.junit.rules.RunRules.evaluate(RunRules.java:20)
	at app//org.apache.lucene.tests.util.TestRuleSetupTeardownChained$1.evaluate(TestRuleSetupTeardownChained.java:48)
	at app//org.apache.lucene.tests.util.AbstractBeforeAfterRule$1.evaluate(AbstractBeforeAfterRule.java:43)
	at app//org.apache.lucene.tests.util.TestRuleThreadAndTestName$1.evaluate(TestRuleThreadAndTestName.java:45)
	at app//org.apache.lucene.tests.util.TestRuleIgnoreAfterMaxFailures$1.evaluate(TestRuleIgnoreAfterMaxFailures.java:60)
	at app//org.apache.lucene.tests.util.TestRuleMarkFailure$1.evaluate(TestRuleMarkFailure.java:44)
	at app//org.junit.rules.RunRules.evaluate(RunRules.java:20)
	at app//com.carrotsearch.randomizedtesting.rules.StatementAdapter.evaluate(StatementAdapter.java:36)
	at app//com.carrotsearch.randomizedtesting.ThreadLeakControl$StatementRunner.run(ThreadLeakControl.java:368)
	at app//com.carrotsearch.randomizedtesting.ThreadLeakControl.forkTimeoutingTask(ThreadLeakControl.java:817)
	at app//com.carrotsearch.randomizedtesting.ThreadLeakControl$3.evaluate(ThreadLeakControl.java:468)
	at app//com.carrotsearch.randomizedtesting.RandomizedRunner.runSingleTest(RandomizedRunner.java:947)
	at app//com.carrotsearch.randomizedtesting.RandomizedRunner$5.evaluate(RandomizedRunner.java:832)
	at app//com.carrotsearch.randomizedtesting.RandomizedRunner$6.evaluate(RandomizedRunner.java:883)
	at app//com.carrotsearch.randomizedtesting.RandomizedRunner$7.evaluate(RandomizedRunner.java:894)
	at app//org.apache.lucene.tests.util.AbstractBeforeAfterRule$1.evaluate(AbstractBeforeAfterRule.java:43)
	at app//com.carrotsearch.randomizedtesting.rules.StatementAdapter.evaluate(StatementAdapter.java:36)
	at app//org.apache.lucene.tests.util.TestRuleStoreClassName$1.evaluate(TestRuleStoreClassName.java:38)
	at app//com.carrotsearch.randomizedtesting.rules.NoShadowingOrOverridesOnMethodsRule$1.evaluate(NoShadowingOrOverridesOnMethodsRule.java:40)
	at app//com.carrotsearch.randomizedtesting.rules.NoShadowingOrOverridesOnMethodsRule$1.evaluate(NoShadowingOrOverridesOnMethodsRule.java:40)
	at app//com.carrotsearch.randomizedtesting.rules.StatementAdapter.evaluate(StatementAdapter.java:36)
	at app//com.carrotsearch.randomizedtesting.rules.StatementAdapter.evaluate(StatementAdapter.java:36)
	at app//org.apache.lucene.tests.util.TestRuleAssertionsRequired$1.evaluate(TestRuleAssertionsRequired.java:53)
	at app//org.apache.lucene.tests.util.AbstractBeforeAfterRule$1.evaluate(AbstractBeforeAfterRule.java:43)
	at app//org.apache.lucene.tests.util.TestRuleMarkFailure$1.evaluate(TestRuleMarkFailure.java:44)
	at app//org.apache.lucene.tests.util.TestRuleIgnoreAfterMaxFailures$1.evaluate(TestRuleIgnoreAfterMaxFailures.java:60)
	at app//org.apache.lucene.tests.util.TestRuleIgnoreTestSuites$1.evaluate(TestRuleIgnoreTestSuites.java:47)
	at app//org.junit.rules.RunRules.evaluate(RunRules.java:20)
	at app//com.carrotsearch.randomizedtesting.rules.StatementAdapter.evaluate(StatementAdapter.java:36)
	at app//com.carrotsearch.randomizedtesting.ThreadLeakControl$StatementRunner.run(ThreadLeakControl.java:368)
	at java.base@17.0.4.1/java.lang.Thread.run(Thread.java:833)
</failure>
  </testcase>
  <testcase name="backticksQuotedAliasWithSpecialCharactersTest" classname="org.opensearch.sql.legacy.QueryIT" time="0.055"/>
  <testcase name="searchTypeTest" classname="org.opensearch.sql.legacy.QueryIT" time="0.035">
    <failure message="org.opensearch.client.ResponseException: method [POST], host [http://[::1]:49775], URI [/_plugins/_sql?format=json], status line [HTTP/1.1 400 Bad Request]&#10;{&#10;  &quot;error&quot;: {&#10;    &quot;reason&quot;: &quot;Invalid SQL query&quot;,&#10;    &quot;details&quot;: &quot;Query is unsupported in the new engine&quot;,&#10;    &quot;type&quot;: &quot;SQLFeatureDisabledException&quot;&#10;  },&#10;  &quot;status&quot;: 400&#10;}" type="org.opensearch.client.ResponseException">org.opensearch.client.ResponseException: method [POST], host [http://[::1]:49775], URI [/_plugins/_sql?format=json], status line [HTTP/1.1 400 Bad Request]
{
  &quot;error&quot;: {
    &quot;reason&quot;: &quot;Invalid SQL query&quot;,
    &quot;details&quot;: &quot;Query is unsupported in the new engine&quot;,
    &quot;type&quot;: &quot;SQLFeatureDisabledException&quot;
  },
  &quot;status&quot;: 400
}
	at __randomizedtesting.SeedInfo.seed([B058E8962C1F801C:E40269177AC9DF27]:0)
	at app//org.opensearch.client.RestClient.convertResponse(RestClient.java:384)
	at app//org.opensearch.client.RestClient.performRequest(RestClient.java:354)
	at app//org.opensearch.client.RestClient.performRequest(RestClient.java:329)
	at app//org.opensearch.sql.legacy.SQLIntegTestCase.executeRequest(SQLIntegTestCase.java:327)
	at app//org.opensearch.sql.legacy.SQLIntegTestCase.executeRequest(SQLIntegTestCase.java:322)
	at app//org.opensearch.sql.legacy.SQLIntegTestCase.executeRequest(SQLIntegTestCase.java:310)
	at app//org.opensearch.sql.legacy.SQLIntegTestCase.executeQuery(SQLIntegTestCase.java:293)
	at app//org.opensearch.sql.legacy.QueryIT.searchTypeTest(QueryIT.java:90)
	at java.base@17.0.4.1/jdk.internal.reflect.NativeMethodAccessorImpl.invoke0(Native Method)
	at java.base@17.0.4.1/jdk.internal.reflect.NativeMethodAccessorImpl.invoke(NativeMethodAccessorImpl.java:77)
	at java.base@17.0.4.1/jdk.internal.reflect.DelegatingMethodAccessorImpl.invoke(DelegatingMethodAccessorImpl.java:43)
	at java.base@17.0.4.1/java.lang.reflect.Method.invoke(Method.java:568)
	at app//com.carrotsearch.randomizedtesting.RandomizedRunner.invoke(RandomizedRunner.java:1750)
	at app//com.carrotsearch.randomizedtesting.RandomizedRunner$8.evaluate(RandomizedRunner.java:938)
	at app//com.carrotsearch.randomizedtesting.RandomizedRunner$9.evaluate(RandomizedRunner.java:974)
	at app//com.carrotsearch.randomizedtesting.RandomizedRunner$10.evaluate(RandomizedRunner.java:988)
	at app//com.carrotsearch.randomizedtesting.rules.StatementAdapter.evaluate(StatementAdapter.java:36)
	at app//org.junit.rules.RunRules.evaluate(RunRules.java:20)
	at app//org.apache.lucene.tests.util.TestRuleSetupTeardownChained$1.evaluate(TestRuleSetupTeardownChained.java:48)
	at app//org.apache.lucene.tests.util.AbstractBeforeAfterRule$1.evaluate(AbstractBeforeAfterRule.java:43)
	at app//org.apache.lucene.tests.util.TestRuleThreadAndTestName$1.evaluate(TestRuleThreadAndTestName.java:45)
	at app//org.apache.lucene.tests.util.TestRuleIgnoreAfterMaxFailures$1.evaluate(TestRuleIgnoreAfterMaxFailures.java:60)
	at app//org.apache.lucene.tests.util.TestRuleMarkFailure$1.evaluate(TestRuleMarkFailure.java:44)
	at app//org.junit.rules.RunRules.evaluate(RunRules.java:20)
	at app//com.carrotsearch.randomizedtesting.rules.StatementAdapter.evaluate(StatementAdapter.java:36)
	at app//com.carrotsearch.randomizedtesting.ThreadLeakControl$StatementRunner.run(ThreadLeakControl.java:368)
	at app//com.carrotsearch.randomizedtesting.ThreadLeakControl.forkTimeoutingTask(ThreadLeakControl.java:817)
	at app//com.carrotsearch.randomizedtesting.ThreadLeakControl$3.evaluate(ThreadLeakControl.java:468)
	at app//com.carrotsearch.randomizedtesting.RandomizedRunner.runSingleTest(RandomizedRunner.java:947)
	at app//com.carrotsearch.randomizedtesting.RandomizedRunner$5.evaluate(RandomizedRunner.java:832)
	at app//com.carrotsearch.randomizedtesting.RandomizedRunner$6.evaluate(RandomizedRunner.java:883)
	at app//com.carrotsearch.randomizedtesting.RandomizedRunner$7.evaluate(RandomizedRunner.java:894)
	at app//org.apache.lucene.tests.util.AbstractBeforeAfterRule$1.evaluate(AbstractBeforeAfterRule.java:43)
	at app//com.carrotsearch.randomizedtesting.rules.StatementAdapter.evaluate(StatementAdapter.java:36)
	at app//org.apache.lucene.tests.util.TestRuleStoreClassName$1.evaluate(TestRuleStoreClassName.java:38)
	at app//com.carrotsearch.randomizedtesting.rules.NoShadowingOrOverridesOnMethodsRule$1.evaluate(NoShadowingOrOverridesOnMethodsRule.java:40)
	at app//com.carrotsearch.randomizedtesting.rules.NoShadowingOrOverridesOnMethodsRule$1.evaluate(NoShadowingOrOverridesOnMethodsRule.java:40)
	at app//com.carrotsearch.randomizedtesting.rules.StatementAdapter.evaluate(StatementAdapter.java:36)
	at app//com.carrotsearch.randomizedtesting.rules.StatementAdapter.evaluate(StatementAdapter.java:36)
	at app//org.apache.lucene.tests.util.TestRuleAssertionsRequired$1.evaluate(TestRuleAssertionsRequired.java:53)
	at app//org.apache.lucene.tests.util.AbstractBeforeAfterRule$1.evaluate(AbstractBeforeAfterRule.java:43)
	at app//org.apache.lucene.tests.util.TestRuleMarkFailure$1.evaluate(TestRuleMarkFailure.java:44)
	at app//org.apache.lucene.tests.util.TestRuleIgnoreAfterMaxFailures$1.evaluate(TestRuleIgnoreAfterMaxFailures.java:60)
	at app//org.apache.lucene.tests.util.TestRuleIgnoreTestSuites$1.evaluate(TestRuleIgnoreTestSuites.java:47)
	at app//org.junit.rules.RunRules.evaluate(RunRules.java:20)
	at app//com.carrotsearch.randomizedtesting.rules.StatementAdapter.evaluate(StatementAdapter.java:36)
	at app//com.carrotsearch.randomizedtesting.ThreadLeakControl$StatementRunner.run(ThreadLeakControl.java:368)
	at java.base@17.0.4.1/java.lang.Thread.run(Thread.java:833)
</failure>
  </testcase>
  <testcase name="selectAllWithFieldAndGroupByReverseOrder" classname="org.opensearch.sql.legacy.QueryIT" time="0.045">
    <failure message="org.opensearch.client.ResponseException: method [POST], host [http://[::1]:49775], URI [/_plugins/_sql?format=json], status line [HTTP/1.1 400 Bad Request]&#10;{&#10;  &quot;error&quot;: {&#10;    &quot;reason&quot;: &quot;Invalid SQL query&quot;,&#10;    &quot;details&quot;: &quot;Query is unsupported in the new engine&quot;,&#10;    &quot;type&quot;: &quot;SQLFeatureDisabledException&quot;&#10;  },&#10;  &quot;status&quot;: 400&#10;}" type="org.opensearch.client.ResponseException">org.opensearch.client.ResponseException: method [POST], host [http://[::1]:49775], URI [/_plugins/_sql?format=json], status line [HTTP/1.1 400 Bad Request]
{
  &quot;error&quot;: {
    &quot;reason&quot;: &quot;Invalid SQL query&quot;,
    &quot;details&quot;: &quot;Query is unsupported in the new engine&quot;,
    &quot;type&quot;: &quot;SQLFeatureDisabledException&quot;
  },
  &quot;status&quot;: 400
}
	at __randomizedtesting.SeedInfo.seed([B058E8962C1F801C:9597E377112522E7]:0)
	at app//org.opensearch.client.RestClient.convertResponse(RestClient.java:384)
	at app//org.opensearch.client.RestClient.performRequest(RestClient.java:354)
	at app//org.opensearch.client.RestClient.performRequest(RestClient.java:329)
	at app//org.opensearch.sql.legacy.SQLIntegTestCase.executeRequest(SQLIntegTestCase.java:327)
	at app//org.opensearch.sql.legacy.SQLIntegTestCase.executeRequest(SQLIntegTestCase.java:322)
	at app//org.opensearch.sql.legacy.SQLIntegTestCase.executeRequest(SQLIntegTestCase.java:310)
	at app//org.opensearch.sql.legacy.SQLIntegTestCase.executeQuery(SQLIntegTestCase.java:293)
	at app//org.opensearch.sql.legacy.QueryIT.selectAllWithFieldAndGroupByReverseOrder(QueryIT.java:169)
	at java.base@17.0.4.1/jdk.internal.reflect.NativeMethodAccessorImpl.invoke0(Native Method)
	at java.base@17.0.4.1/jdk.internal.reflect.NativeMethodAccessorImpl.invoke(NativeMethodAccessorImpl.java:77)
	at java.base@17.0.4.1/jdk.internal.reflect.DelegatingMethodAccessorImpl.invoke(DelegatingMethodAccessorImpl.java:43)
	at java.base@17.0.4.1/java.lang.reflect.Method.invoke(Method.java:568)
	at app//com.carrotsearch.randomizedtesting.RandomizedRunner.invoke(RandomizedRunner.java:1750)
	at app//com.carrotsearch.randomizedtesting.RandomizedRunner$8.evaluate(RandomizedRunner.java:938)
	at app//com.carrotsearch.randomizedtesting.RandomizedRunner$9.evaluate(RandomizedRunner.java:974)
	at app//com.carrotsearch.randomizedtesting.RandomizedRunner$10.evaluate(RandomizedRunner.java:988)
	at app//com.carrotsearch.randomizedtesting.rules.StatementAdapter.evaluate(StatementAdapter.java:36)
	at app//org.junit.rules.RunRules.evaluate(RunRules.java:20)
	at app//org.apache.lucene.tests.util.TestRuleSetupTeardownChained$1.evaluate(TestRuleSetupTeardownChained.java:48)
	at app//org.apache.lucene.tests.util.AbstractBeforeAfterRule$1.evaluate(AbstractBeforeAfterRule.java:43)
	at app//org.apache.lucene.tests.util.TestRuleThreadAndTestName$1.evaluate(TestRuleThreadAndTestName.java:45)
	at app//org.apache.lucene.tests.util.TestRuleIgnoreAfterMaxFailures$1.evaluate(TestRuleIgnoreAfterMaxFailures.java:60)
	at app//org.apache.lucene.tests.util.TestRuleMarkFailure$1.evaluate(TestRuleMarkFailure.java:44)
	at app//org.junit.rules.RunRules.evaluate(RunRules.java:20)
	at app//com.carrotsearch.randomizedtesting.rules.StatementAdapter.evaluate(StatementAdapter.java:36)
	at app//com.carrotsearch.randomizedtesting.ThreadLeakControl$StatementRunner.run(ThreadLeakControl.java:368)
	at app//com.carrotsearch.randomizedtesting.ThreadLeakControl.forkTimeoutingTask(ThreadLeakControl.java:817)
	at app//com.carrotsearch.randomizedtesting.ThreadLeakControl$3.evaluate(ThreadLeakControl.java:468)
	at app//com.carrotsearch.randomizedtesting.RandomizedRunner.runSingleTest(RandomizedRunner.java:947)
	at app//com.carrotsearch.randomizedtesting.RandomizedRunner$5.evaluate(RandomizedRunner.java:832)
	at app//com.carrotsearch.randomizedtesting.RandomizedRunner$6.evaluate(RandomizedRunner.java:883)
	at app//com.carrotsearch.randomizedtesting.RandomizedRunner$7.evaluate(RandomizedRunner.java:894)
	at app//org.apache.lucene.tests.util.AbstractBeforeAfterRule$1.evaluate(AbstractBeforeAfterRule.java:43)
	at app//com.carrotsearch.randomizedtesting.rules.StatementAdapter.evaluate(StatementAdapter.java:36)
	at app//org.apache.lucene.tests.util.TestRuleStoreClassName$1.evaluate(TestRuleStoreClassName.java:38)
	at app//com.carrotsearch.randomizedtesting.rules.NoShadowingOrOverridesOnMethodsRule$1.evaluate(NoShadowingOrOverridesOnMethodsRule.java:40)
	at app//com.carrotsearch.randomizedtesting.rules.NoShadowingOrOverridesOnMethodsRule$1.evaluate(NoShadowingOrOverridesOnMethodsRule.java:40)
	at app//com.carrotsearch.randomizedtesting.rules.StatementAdapter.evaluate(StatementAdapter.java:36)
	at app//com.carrotsearch.randomizedtesting.rules.StatementAdapter.evaluate(StatementAdapter.java:36)
	at app//org.apache.lucene.tests.util.TestRuleAssertionsRequired$1.evaluate(TestRuleAssertionsRequired.java:53)
	at app//org.apache.lucene.tests.util.AbstractBeforeAfterRule$1.evaluate(AbstractBeforeAfterRule.java:43)
	at app//org.apache.lucene.tests.util.TestRuleMarkFailure$1.evaluate(TestRuleMarkFailure.java:44)
	at app//org.apache.lucene.tests.util.TestRuleIgnoreAfterMaxFailures$1.evaluate(TestRuleIgnoreAfterMaxFailures.java:60)
	at app//org.apache.lucene.tests.util.TestRuleIgnoreTestSuites$1.evaluate(TestRuleIgnoreTestSuites.java:47)
	at app//org.junit.rules.RunRules.evaluate(RunRules.java:20)
	at app//com.carrotsearch.randomizedtesting.rules.StatementAdapter.evaluate(StatementAdapter.java:36)
	at app//com.carrotsearch.randomizedtesting.ThreadLeakControl$StatementRunner.run(ThreadLeakControl.java:368)
	at java.base@17.0.4.1/java.lang.Thread.run(Thread.java:833)
</failure>
  </testcase>
  <testcase name="multipleIndicesOneNotExistWithHint" classname="org.opensearch.sql.legacy.QueryIT" time="0.0">
    <skipped/>
  </testcase>
  <testcase name="testWhereWithBoolEqualsTrueAndGroupBy" classname="org.opensearch.sql.legacy.QueryIT" time="0.035">
    <failure message="org.opensearch.client.ResponseException: method [POST], host [http://[::1]:49775], URI [/_plugins/_sql?format=json], status line [HTTP/1.1 400 Bad Request]&#10;{&#10;  &quot;error&quot;: {&#10;    &quot;reason&quot;: &quot;Invalid SQL query&quot;,&#10;    &quot;details&quot;: &quot;Query is unsupported in the new engine&quot;,&#10;    &quot;type&quot;: &quot;SQLFeatureDisabledException&quot;&#10;  },&#10;  &quot;status&quot;: 400&#10;}" type="org.opensearch.client.ResponseException">org.opensearch.client.ResponseException: method [POST], host [http://[::1]:49775], URI [/_plugins/_sql?format=json], status line [HTTP/1.1 400 Bad Request]
{
  &quot;error&quot;: {
    &quot;reason&quot;: &quot;Invalid SQL query&quot;,
    &quot;details&quot;: &quot;Query is unsupported in the new engine&quot;,
    &quot;type&quot;: &quot;SQLFeatureDisabledException&quot;
  },
  &quot;status&quot;: 400
}
	at __randomizedtesting.SeedInfo.seed([B058E8962C1F801C:EB1AF80E87DAE283]:0)
	at app//org.opensearch.client.RestClient.convertResponse(RestClient.java:384)
	at app//org.opensearch.client.RestClient.performRequest(RestClient.java:354)
	at app//org.opensearch.client.RestClient.performRequest(RestClient.java:329)
	at app//org.opensearch.sql.legacy.SQLIntegTestCase.executeRequest(SQLIntegTestCase.java:327)
	at app//org.opensearch.sql.legacy.SQLIntegTestCase.executeRequest(SQLIntegTestCase.java:322)
	at app//org.opensearch.sql.legacy.SQLIntegTestCase.executeRequest(SQLIntegTestCase.java:310)
	at app//org.opensearch.sql.legacy.SQLIntegTestCase.executeQuery(SQLIntegTestCase.java:293)
	at app//org.opensearch.sql.legacy.QueryIT.testWhereWithBoolEqualsTrueAndGroupBy(QueryIT.java:981)
	at java.base@17.0.4.1/jdk.internal.reflect.NativeMethodAccessorImpl.invoke0(Native Method)
	at java.base@17.0.4.1/jdk.internal.reflect.NativeMethodAccessorImpl.invoke(NativeMethodAccessorImpl.java:77)
	at java.base@17.0.4.1/jdk.internal.reflect.DelegatingMethodAccessorImpl.invoke(DelegatingMethodAccessorImpl.java:43)
	at java.base@17.0.4.1/java.lang.reflect.Method.invoke(Method.java:568)
	at app//com.carrotsearch.randomizedtesting.RandomizedRunner.invoke(RandomizedRunner.java:1750)
	at app//com.carrotsearch.randomizedtesting.RandomizedRunner$8.evaluate(RandomizedRunner.java:938)
	at app//com.carrotsearch.randomizedtesting.RandomizedRunner$9.evaluate(RandomizedRunner.java:974)
	at app//com.carrotsearch.randomizedtesting.RandomizedRunner$10.evaluate(RandomizedRunner.java:988)
	at app//com.carrotsearch.randomizedtesting.rules.StatementAdapter.evaluate(StatementAdapter.java:36)
	at app//org.junit.rules.RunRules.evaluate(RunRules.java:20)
	at app//org.apache.lucene.tests.util.TestRuleSetupTeardownChained$1.evaluate(TestRuleSetupTeardownChained.java:48)
	at app//org.apache.lucene.tests.util.AbstractBeforeAfterRule$1.evaluate(AbstractBeforeAfterRule.java:43)
	at app//org.apache.lucene.tests.util.TestRuleThreadAndTestName$1.evaluate(TestRuleThreadAndTestName.java:45)
	at app//org.apache.lucene.tests.util.TestRuleIgnoreAfterMaxFailures$1.evaluate(TestRuleIgnoreAfterMaxFailures.java:60)
	at app//org.apache.lucene.tests.util.TestRuleMarkFailure$1.evaluate(TestRuleMarkFailure.java:44)
	at app//org.junit.rules.RunRules.evaluate(RunRules.java:20)
	at app//com.carrotsearch.randomizedtesting.rules.StatementAdapter.evaluate(StatementAdapter.java:36)
	at app//com.carrotsearch.randomizedtesting.ThreadLeakControl$StatementRunner.run(ThreadLeakControl.java:368)
	at app//com.carrotsearch.randomizedtesting.ThreadLeakControl.forkTimeoutingTask(ThreadLeakControl.java:817)
	at app//com.carrotsearch.randomizedtesting.ThreadLeakControl$3.evaluate(ThreadLeakControl.java:468)
	at app//com.carrotsearch.randomizedtesting.RandomizedRunner.runSingleTest(RandomizedRunner.java:947)
	at app//com.carrotsearch.randomizedtesting.RandomizedRunner$5.evaluate(RandomizedRunner.java:832)
	at app//com.carrotsearch.randomizedtesting.RandomizedRunner$6.evaluate(RandomizedRunner.java:883)
	at app//com.carrotsearch.randomizedtesting.RandomizedRunner$7.evaluate(RandomizedRunner.java:894)
	at app//org.apache.lucene.tests.util.AbstractBeforeAfterRule$1.evaluate(AbstractBeforeAfterRule.java:43)
	at app//com.carrotsearch.randomizedtesting.rules.StatementAdapter.evaluate(StatementAdapter.java:36)
	at app//org.apache.lucene.tests.util.TestRuleStoreClassName$1.evaluate(TestRuleStoreClassName.java:38)
	at app//com.carrotsearch.randomizedtesting.rules.NoShadowingOrOverridesOnMethodsRule$1.evaluate(NoShadowingOrOverridesOnMethodsRule.java:40)
	at app//com.carrotsearch.randomizedtesting.rules.NoShadowingOrOverridesOnMethodsRule$1.evaluate(NoShadowingOrOverridesOnMethodsRule.java:40)
	at app//com.carrotsearch.randomizedtesting.rules.StatementAdapter.evaluate(StatementAdapter.java:36)
	at app//com.carrotsearch.randomizedtesting.rules.StatementAdapter.evaluate(StatementAdapter.java:36)
	at app//org.apache.lucene.tests.util.TestRuleAssertionsRequired$1.evaluate(TestRuleAssertionsRequired.java:53)
	at app//org.apache.lucene.tests.util.AbstractBeforeAfterRule$1.evaluate(AbstractBeforeAfterRule.java:43)
	at app//org.apache.lucene.tests.util.TestRuleMarkFailure$1.evaluate(TestRuleMarkFailure.java:44)
	at app//org.apache.lucene.tests.util.TestRuleIgnoreAfterMaxFailures$1.evaluate(TestRuleIgnoreAfterMaxFailures.java:60)
	at app//org.apache.lucene.tests.util.TestRuleIgnoreTestSuites$1.evaluate(TestRuleIgnoreTestSuites.java:47)
	at app//org.junit.rules.RunRules.evaluate(RunRules.java:20)
	at app//com.carrotsearch.randomizedtesting.rules.StatementAdapter.evaluate(StatementAdapter.java:36)
	at app//com.carrotsearch.randomizedtesting.ThreadLeakControl$StatementRunner.run(ThreadLeakControl.java:368)
	at java.base@17.0.4.1/java.lang.Thread.run(Thread.java:833)
</failure>
  </testcase>
  <testcase name="selectAllWithFieldReverseOrder" classname="org.opensearch.sql.legacy.QueryIT" time="0.039">
    <failure message="org.opensearch.client.ResponseException: method [POST], host [http://[::1]:49775], URI [/_plugins/_sql?format=json], status line [HTTP/1.1 400 Bad Request]&#10;{&#10;  &quot;error&quot;: {&#10;    &quot;reason&quot;: &quot;Invalid SQL query&quot;,&#10;    &quot;details&quot;: &quot;Query is unsupported in the new engine&quot;,&#10;    &quot;type&quot;: &quot;SQLFeatureDisabledException&quot;&#10;  },&#10;  &quot;status&quot;: 400&#10;}" type="org.opensearch.client.ResponseException">org.opensearch.client.ResponseException: method [POST], host [http://[::1]:49775], URI [/_plugins/_sql?format=json], status line [HTTP/1.1 400 Bad Request]
{
  &quot;error&quot;: {
    &quot;reason&quot;: &quot;Invalid SQL query&quot;,
    &quot;details&quot;: &quot;Query is unsupported in the new engine&quot;,
    &quot;type&quot;: &quot;SQLFeatureDisabledException&quot;
  },
  &quot;status&quot;: 400
}
	at __randomizedtesting.SeedInfo.seed([B058E8962C1F801C:D5224052388F9491]:0)
	at app//org.opensearch.client.RestClient.convertResponse(RestClient.java:384)
	at app//org.opensearch.client.RestClient.performRequest(RestClient.java:354)
	at app//org.opensearch.client.RestClient.performRequest(RestClient.java:329)
	at app//org.opensearch.sql.legacy.SQLIntegTestCase.executeRequest(SQLIntegTestCase.java:327)
	at app//org.opensearch.sql.legacy.SQLIntegTestCase.executeRequest(SQLIntegTestCase.java:322)
	at app//org.opensearch.sql.legacy.SQLIntegTestCase.executeRequest(SQLIntegTestCase.java:310)
	at app//org.opensearch.sql.legacy.SQLIntegTestCase.executeQuery(SQLIntegTestCase.java:293)
	at app//org.opensearch.sql.legacy.QueryIT.selectAllWithFieldReverseOrder(QueryIT.java:119)
	at java.base@17.0.4.1/jdk.internal.reflect.NativeMethodAccessorImpl.invoke0(Native Method)
	at java.base@17.0.4.1/jdk.internal.reflect.NativeMethodAccessorImpl.invoke(NativeMethodAccessorImpl.java:77)
	at java.base@17.0.4.1/jdk.internal.reflect.DelegatingMethodAccessorImpl.invoke(DelegatingMethodAccessorImpl.java:43)
	at java.base@17.0.4.1/java.lang.reflect.Method.invoke(Method.java:568)
	at app//com.carrotsearch.randomizedtesting.RandomizedRunner.invoke(RandomizedRunner.java:1750)
	at app//com.carrotsearch.randomizedtesting.RandomizedRunner$8.evaluate(RandomizedRunner.java:938)
	at app//com.carrotsearch.randomizedtesting.RandomizedRunner$9.evaluate(RandomizedRunner.java:974)
	at app//com.carrotsearch.randomizedtesting.RandomizedRunner$10.evaluate(RandomizedRunner.java:988)
	at app//com.carrotsearch.randomizedtesting.rules.StatementAdapter.evaluate(StatementAdapter.java:36)
	at app//org.junit.rules.RunRules.evaluate(RunRules.java:20)
	at app//org.apache.lucene.tests.util.TestRuleSetupTeardownChained$1.evaluate(TestRuleSetupTeardownChained.java:48)
	at app//org.apache.lucene.tests.util.AbstractBeforeAfterRule$1.evaluate(AbstractBeforeAfterRule.java:43)
	at app//org.apache.lucene.tests.util.TestRuleThreadAndTestName$1.evaluate(TestRuleThreadAndTestName.java:45)
	at app//org.apache.lucene.tests.util.TestRuleIgnoreAfterMaxFailures$1.evaluate(TestRuleIgnoreAfterMaxFailures.java:60)
	at app//org.apache.lucene.tests.util.TestRuleMarkFailure$1.evaluate(TestRuleMarkFailure.java:44)
	at app//org.junit.rules.RunRules.evaluate(RunRules.java:20)
	at app//com.carrotsearch.randomizedtesting.rules.StatementAdapter.evaluate(StatementAdapter.java:36)
	at app//com.carrotsearch.randomizedtesting.ThreadLeakControl$StatementRunner.run(ThreadLeakControl.java:368)
	at app//com.carrotsearch.randomizedtesting.ThreadLeakControl.forkTimeoutingTask(ThreadLeakControl.java:817)
	at app//com.carrotsearch.randomizedtesting.ThreadLeakControl$3.evaluate(ThreadLeakControl.java:468)
	at app//com.carrotsearch.randomizedtesting.RandomizedRunner.runSingleTest(RandomizedRunner.java:947)
	at app//com.carrotsearch.randomizedtesting.RandomizedRunner$5.evaluate(RandomizedRunner.java:832)
	at app//com.carrotsearch.randomizedtesting.RandomizedRunner$6.evaluate(RandomizedRunner.java:883)
	at app//com.carrotsearch.randomizedtesting.RandomizedRunner$7.evaluate(RandomizedRunner.java:894)
	at app//org.apache.lucene.tests.util.AbstractBeforeAfterRule$1.evaluate(AbstractBeforeAfterRule.java:43)
	at app//com.carrotsearch.randomizedtesting.rules.StatementAdapter.evaluate(StatementAdapter.java:36)
	at app//org.apache.lucene.tests.util.TestRuleStoreClassName$1.evaluate(TestRuleStoreClassName.java:38)
	at app//com.carrotsearch.randomizedtesting.rules.NoShadowingOrOverridesOnMethodsRule$1.evaluate(NoShadowingOrOverridesOnMethodsRule.java:40)
	at app//com.carrotsearch.randomizedtesting.rules.NoShadowingOrOverridesOnMethodsRule$1.evaluate(NoShadowingOrOverridesOnMethodsRule.java:40)
	at app//com.carrotsearch.randomizedtesting.rules.StatementAdapter.evaluate(StatementAdapter.java:36)
	at app//com.carrotsearch.randomizedtesting.rules.StatementAdapter.evaluate(StatementAdapter.java:36)
	at app//org.apache.lucene.tests.util.TestRuleAssertionsRequired$1.evaluate(TestRuleAssertionsRequired.java:53)
	at app//org.apache.lucene.tests.util.AbstractBeforeAfterRule$1.evaluate(AbstractBeforeAfterRule.java:43)
	at app//org.apache.lucene.tests.util.TestRuleMarkFailure$1.evaluate(TestRuleMarkFailure.java:44)
	at app//org.apache.lucene.tests.util.TestRuleIgnoreAfterMaxFailures$1.evaluate(TestRuleIgnoreAfterMaxFailures.java:60)
	at app//org.apache.lucene.tests.util.TestRuleIgnoreTestSuites$1.evaluate(TestRuleIgnoreTestSuites.java:47)
	at app//org.junit.rules.RunRules.evaluate(RunRules.java:20)
	at app//com.carrotsearch.randomizedtesting.rules.StatementAdapter.evaluate(StatementAdapter.java:36)
	at app//com.carrotsearch.randomizedtesting.ThreadLeakControl$StatementRunner.run(ThreadLeakControl.java:368)
	at java.base@17.0.4.1/java.lang.Thread.run(Thread.java:833)
</failure>
  </testcase>
  <testcase name="functionInCaseFieldShouldThrowESExceptionDueToIllegalScriptInJdbc" classname="org.opensearch.sql.legacy.QueryIT" time="0.0">
    <skipped/>
  </testcase>
  <testcase name="complexObjectSearch" classname="org.opensearch.sql.legacy.QueryIT" time="0.033">
    <failure message="org.opensearch.client.ResponseException: method [POST], host [http://[::1]:49775], URI [/_plugins/_sql?format=json], status line [HTTP/1.1 400 Bad Request]&#10;{&#10;  &quot;error&quot;: {&#10;    &quot;reason&quot;: &quot;Invalid SQL query&quot;,&#10;    &quot;details&quot;: &quot;Query is unsupported in the new engine&quot;,&#10;    &quot;type&quot;: &quot;SQLFeatureDisabledException&quot;&#10;  },&#10;  &quot;status&quot;: 400&#10;}" type="org.opensearch.client.ResponseException">org.opensearch.client.ResponseException: method [POST], host [http://[::1]:49775], URI [/_plugins/_sql?format=json], status line [HTTP/1.1 400 Bad Request]
{
  &quot;error&quot;: {
    &quot;reason&quot;: &quot;Invalid SQL query&quot;,
    &quot;details&quot;: &quot;Query is unsupported in the new engine&quot;,
    &quot;type&quot;: &quot;SQLFeatureDisabledException&quot;
  },
  &quot;status&quot;: 400
}
	at __randomizedtesting.SeedInfo.seed([B058E8962C1F801C:4F70C25AA93BE02B]:0)
	at app//org.opensearch.client.RestClient.convertResponse(RestClient.java:384)
	at app//org.opensearch.client.RestClient.performRequest(RestClient.java:354)
	at app//org.opensearch.client.RestClient.performRequest(RestClient.java:329)
	at app//org.opensearch.sql.legacy.SQLIntegTestCase.executeRequest(SQLIntegTestCase.java:327)
	at app//org.opensearch.sql.legacy.SQLIntegTestCase.executeRequest(SQLIntegTestCase.java:322)
	at app//org.opensearch.sql.legacy.SQLIntegTestCase.executeRequest(SQLIntegTestCase.java:310)
	at app//org.opensearch.sql.legacy.SQLIntegTestCase.executeQuery(SQLIntegTestCase.java:293)
	at app//org.opensearch.sql.legacy.QueryIT.complexObjectSearch(QueryIT.java:1221)
	at java.base@17.0.4.1/jdk.internal.reflect.NativeMethodAccessorImpl.invoke0(Native Method)
	at java.base@17.0.4.1/jdk.internal.reflect.NativeMethodAccessorImpl.invoke(NativeMethodAccessorImpl.java:77)
	at java.base@17.0.4.1/jdk.internal.reflect.DelegatingMethodAccessorImpl.invoke(DelegatingMethodAccessorImpl.java:43)
	at java.base@17.0.4.1/java.lang.reflect.Method.invoke(Method.java:568)
	at app//com.carrotsearch.randomizedtesting.RandomizedRunner.invoke(RandomizedRunner.java:1750)
	at app//com.carrotsearch.randomizedtesting.RandomizedRunner$8.evaluate(RandomizedRunner.java:938)
	at app//com.carrotsearch.randomizedtesting.RandomizedRunner$9.evaluate(RandomizedRunner.java:974)
	at app//com.carrotsearch.randomizedtesting.RandomizedRunner$10.evaluate(RandomizedRunner.java:988)
	at app//com.carrotsearch.randomizedtesting.rules.StatementAdapter.evaluate(StatementAdapter.java:36)
	at app//org.junit.rules.RunRules.evaluate(RunRules.java:20)
	at app//org.apache.lucene.tests.util.TestRuleSetupTeardownChained$1.evaluate(TestRuleSetupTeardownChained.java:48)
	at app//org.apache.lucene.tests.util.AbstractBeforeAfterRule$1.evaluate(AbstractBeforeAfterRule.java:43)
	at app//org.apache.lucene.tests.util.TestRuleThreadAndTestName$1.evaluate(TestRuleThreadAndTestName.java:45)
	at app//org.apache.lucene.tests.util.TestRuleIgnoreAfterMaxFailures$1.evaluate(TestRuleIgnoreAfterMaxFailures.java:60)
	at app//org.apache.lucene.tests.util.TestRuleMarkFailure$1.evaluate(TestRuleMarkFailure.java:44)
	at app//org.junit.rules.RunRules.evaluate(RunRules.java:20)
	at app//com.carrotsearch.randomizedtesting.rules.StatementAdapter.evaluate(StatementAdapter.java:36)
	at app//com.carrotsearch.randomizedtesting.ThreadLeakControl$StatementRunner.run(ThreadLeakControl.java:368)
	at app//com.carrotsearch.randomizedtesting.ThreadLeakControl.forkTimeoutingTask(ThreadLeakControl.java:817)
	at app//com.carrotsearch.randomizedtesting.ThreadLeakControl$3.evaluate(ThreadLeakControl.java:468)
	at app//com.carrotsearch.randomizedtesting.RandomizedRunner.runSingleTest(RandomizedRunner.java:947)
	at app//com.carrotsearch.randomizedtesting.RandomizedRunner$5.evaluate(RandomizedRunner.java:832)
	at app//com.carrotsearch.randomizedtesting.RandomizedRunner$6.evaluate(RandomizedRunner.java:883)
	at app//com.carrotsearch.randomizedtesting.RandomizedRunner$7.evaluate(RandomizedRunner.java:894)
	at app//org.apache.lucene.tests.util.AbstractBeforeAfterRule$1.evaluate(AbstractBeforeAfterRule.java:43)
	at app//com.carrotsearch.randomizedtesting.rules.StatementAdapter.evaluate(StatementAdapter.java:36)
	at app//org.apache.lucene.tests.util.TestRuleStoreClassName$1.evaluate(TestRuleStoreClassName.java:38)
	at app//com.carrotsearch.randomizedtesting.rules.NoShadowingOrOverridesOnMethodsRule$1.evaluate(NoShadowingOrOverridesOnMethodsRule.java:40)
	at app//com.carrotsearch.randomizedtesting.rules.NoShadowingOrOverridesOnMethodsRule$1.evaluate(NoShadowingOrOverridesOnMethodsRule.java:40)
	at app//com.carrotsearch.randomizedtesting.rules.StatementAdapter.evaluate(StatementAdapter.java:36)
	at app//com.carrotsearch.randomizedtesting.rules.StatementAdapter.evaluate(StatementAdapter.java:36)
	at app//org.apache.lucene.tests.util.TestRuleAssertionsRequired$1.evaluate(TestRuleAssertionsRequired.java:53)
	at app//org.apache.lucene.tests.util.AbstractBeforeAfterRule$1.evaluate(AbstractBeforeAfterRule.java:43)
	at app//org.apache.lucene.tests.util.TestRuleMarkFailure$1.evaluate(TestRuleMarkFailure.java:44)
	at app//org.apache.lucene.tests.util.TestRuleIgnoreAfterMaxFailures$1.evaluate(TestRuleIgnoreAfterMaxFailures.java:60)
	at app//org.apache.lucene.tests.util.TestRuleIgnoreTestSuites$1.evaluate(TestRuleIgnoreTestSuites.java:47)
	at app//org.junit.rules.RunRules.evaluate(RunRules.java:20)
	at app//com.carrotsearch.randomizedtesting.rules.StatementAdapter.evaluate(StatementAdapter.java:36)
	at app//com.carrotsearch.randomizedtesting.ThreadLeakControl$StatementRunner.run(ThreadLeakControl.java:368)
	at java.base@17.0.4.1/java.lang.Thread.run(Thread.java:833)
</failure>
  </testcase>
  <testcase name="selectSpecificFields" classname="org.opensearch.sql.legacy.QueryIT" time="0.036">
    <failure message="org.opensearch.client.ResponseException: method [POST], host [http://[::1]:49775], URI [/_plugins/_sql?format=json], status line [HTTP/1.1 400 Bad Request]&#10;{&#10;  &quot;error&quot;: {&#10;    &quot;reason&quot;: &quot;Invalid SQL query&quot;,&#10;    &quot;details&quot;: &quot;Query is unsupported in the new engine&quot;,&#10;    &quot;type&quot;: &quot;SQLFeatureDisabledException&quot;&#10;  },&#10;  &quot;status&quot;: 400&#10;}" type="org.opensearch.client.ResponseException">org.opensearch.client.ResponseException: method [POST], host [http://[::1]:49775], URI [/_plugins/_sql?format=json], status line [HTTP/1.1 400 Bad Request]
{
  &quot;error&quot;: {
    &quot;reason&quot;: &quot;Invalid SQL query&quot;,
    &quot;details&quot;: &quot;Query is unsupported in the new engine&quot;,
    &quot;type&quot;: &quot;SQLFeatureDisabledException&quot;
  },
  &quot;status&quot;: 400
}
	at __randomizedtesting.SeedInfo.seed([B058E8962C1F801C:A23E7BF0335C6548]:0)
	at app//org.opensearch.client.RestClient.convertResponse(RestClient.java:384)
	at app//org.opensearch.client.RestClient.performRequest(RestClient.java:354)
	at app//org.opensearch.client.RestClient.performRequest(RestClient.java:329)
	at app//org.opensearch.sql.legacy.SQLIntegTestCase.executeRequest(SQLIntegTestCase.java:327)
	at app//org.opensearch.sql.legacy.SQLIntegTestCase.executeRequest(SQLIntegTestCase.java:322)
	at app//org.opensearch.sql.legacy.SQLIntegTestCase.executeRequest(SQLIntegTestCase.java:310)
	at app//org.opensearch.sql.legacy.SQLIntegTestCase.executeQuery(SQLIntegTestCase.java:293)
	at app//org.opensearch.sql.legacy.QueryIT.selectSpecificFields(QueryIT.java:201)
	at java.base@17.0.4.1/jdk.internal.reflect.NativeMethodAccessorImpl.invoke0(Native Method)
	at java.base@17.0.4.1/jdk.internal.reflect.NativeMethodAccessorImpl.invoke(NativeMethodAccessorImpl.java:77)
	at java.base@17.0.4.1/jdk.internal.reflect.DelegatingMethodAccessorImpl.invoke(DelegatingMethodAccessorImpl.java:43)
	at java.base@17.0.4.1/java.lang.reflect.Method.invoke(Method.java:568)
	at app//com.carrotsearch.randomizedtesting.RandomizedRunner.invoke(RandomizedRunner.java:1750)
	at app//com.carrotsearch.randomizedtesting.RandomizedRunner$8.evaluate(RandomizedRunner.java:938)
	at app//com.carrotsearch.randomizedtesting.RandomizedRunner$9.evaluate(RandomizedRunner.java:974)
	at app//com.carrotsearch.randomizedtesting.RandomizedRunner$10.evaluate(RandomizedRunner.java:988)
	at app//com.carrotsearch.randomizedtesting.rules.StatementAdapter.evaluate(StatementAdapter.java:36)
	at app//org.junit.rules.RunRules.evaluate(RunRules.java:20)
	at app//org.apache.lucene.tests.util.TestRuleSetupTeardownChained$1.evaluate(TestRuleSetupTeardownChained.java:48)
	at app//org.apache.lucene.tests.util.AbstractBeforeAfterRule$1.evaluate(AbstractBeforeAfterRule.java:43)
	at app//org.apache.lucene.tests.util.TestRuleThreadAndTestName$1.evaluate(TestRuleThreadAndTestName.java:45)
	at app//org.apache.lucene.tests.util.TestRuleIgnoreAfterMaxFailures$1.evaluate(TestRuleIgnoreAfterMaxFailures.java:60)
	at app//org.apache.lucene.tests.util.TestRuleMarkFailure$1.evaluate(TestRuleMarkFailure.java:44)
	at app//org.junit.rules.RunRules.evaluate(RunRules.java:20)
	at app//com.carrotsearch.randomizedtesting.rules.StatementAdapter.evaluate(StatementAdapter.java:36)
	at app//com.carrotsearch.randomizedtesting.ThreadLeakControl$StatementRunner.run(ThreadLeakControl.java:368)
	at app//com.carrotsearch.randomizedtesting.ThreadLeakControl.forkTimeoutingTask(ThreadLeakControl.java:817)
	at app//com.carrotsearch.randomizedtesting.ThreadLeakControl$3.evaluate(ThreadLeakControl.java:468)
	at app//com.carrotsearch.randomizedtesting.RandomizedRunner.runSingleTest(RandomizedRunner.java:947)
	at app//com.carrotsearch.randomizedtesting.RandomizedRunner$5.evaluate(RandomizedRunner.java:832)
	at app//com.carrotsearch.randomizedtesting.RandomizedRunner$6.evaluate(RandomizedRunner.java:883)
	at app//com.carrotsearch.randomizedtesting.RandomizedRunner$7.evaluate(RandomizedRunner.java:894)
	at app//org.apache.lucene.tests.util.AbstractBeforeAfterRule$1.evaluate(AbstractBeforeAfterRule.java:43)
	at app//com.carrotsearch.randomizedtesting.rules.StatementAdapter.evaluate(StatementAdapter.java:36)
	at app//org.apache.lucene.tests.util.TestRuleStoreClassName$1.evaluate(TestRuleStoreClassName.java:38)
	at app//com.carrotsearch.randomizedtesting.rules.NoShadowingOrOverridesOnMethodsRule$1.evaluate(NoShadowingOrOverridesOnMethodsRule.java:40)
	at app//com.carrotsearch.randomizedtesting.rules.NoShadowingOrOverridesOnMethodsRule$1.evaluate(NoShadowingOrOverridesOnMethodsRule.java:40)
	at app//com.carrotsearch.randomizedtesting.rules.StatementAdapter.evaluate(StatementAdapter.java:36)
	at app//com.carrotsearch.randomizedtesting.rules.StatementAdapter.evaluate(StatementAdapter.java:36)
	at app//org.apache.lucene.tests.util.TestRuleAssertionsRequired$1.evaluate(TestRuleAssertionsRequired.java:53)
	at app//org.apache.lucene.tests.util.AbstractBeforeAfterRule$1.evaluate(AbstractBeforeAfterRule.java:43)
	at app//org.apache.lucene.tests.util.TestRuleMarkFailure$1.evaluate(TestRuleMarkFailure.java:44)
	at app//org.apache.lucene.tests.util.TestRuleIgnoreAfterMaxFailures$1.evaluate(TestRuleIgnoreAfterMaxFailures.java:60)
	at app//org.apache.lucene.tests.util.TestRuleIgnoreTestSuites$1.evaluate(TestRuleIgnoreTestSuites.java:47)
	at app//org.junit.rules.RunRules.evaluate(RunRules.java:20)
	at app//com.carrotsearch.randomizedtesting.rules.StatementAdapter.evaluate(StatementAdapter.java:36)
	at app//com.carrotsearch.randomizedtesting.ThreadLeakControl$StatementRunner.run(ThreadLeakControl.java:368)
	at java.base@17.0.4.1/java.lang.Thread.run(Thread.java:833)
</failure>
  </testcase>
  <testcase name="caseWhenSwitchTest" classname="org.opensearch.sql.legacy.QueryIT" time="0.033">
    <failure message="org.opensearch.client.ResponseException: method [POST], host [http://[::1]:49775], URI [/_plugins/_sql?format=json], status line [HTTP/1.1 400 Bad Request]&#10;{&#10;  &quot;error&quot;: {&#10;    &quot;reason&quot;: &quot;Invalid SQL query&quot;,&#10;    &quot;details&quot;: &quot;Query is unsupported in the new engine&quot;,&#10;    &quot;type&quot;: &quot;SQLFeatureDisabledException&quot;&#10;  },&#10;  &quot;status&quot;: 400&#10;}" type="org.opensearch.client.ResponseException">org.opensearch.client.ResponseException: method [POST], host [http://[::1]:49775], URI [/_plugins/_sql?format=json], status line [HTTP/1.1 400 Bad Request]
{
  &quot;error&quot;: {
    &quot;reason&quot;: &quot;Invalid SQL query&quot;,
    &quot;details&quot;: &quot;Query is unsupported in the new engine&quot;,
    &quot;type&quot;: &quot;SQLFeatureDisabledException&quot;
  },
  &quot;status&quot;: 400
}
	at __randomizedtesting.SeedInfo.seed([B058E8962C1F801C:40725A14E640AD50]:0)
	at app//org.opensearch.client.RestClient.convertResponse(RestClient.java:384)
	at app//org.opensearch.client.RestClient.performRequest(RestClient.java:354)
	at app//org.opensearch.client.RestClient.performRequest(RestClient.java:329)
	at app//org.opensearch.sql.legacy.SQLIntegTestCase.executeRequest(SQLIntegTestCase.java:327)
	at app//org.opensearch.sql.legacy.SQLIntegTestCase.executeRequest(SQLIntegTestCase.java:322)
	at app//org.opensearch.sql.legacy.SQLIntegTestCase.executeRequest(SQLIntegTestCase.java:310)
	at app//org.opensearch.sql.legacy.SQLIntegTestCase.executeQuery(SQLIntegTestCase.java:293)
	at app//org.opensearch.sql.legacy.QueryIT.caseWhenSwitchTest(QueryIT.java:1728)
	at java.base@17.0.4.1/jdk.internal.reflect.NativeMethodAccessorImpl.invoke0(Native Method)
	at java.base@17.0.4.1/jdk.internal.reflect.NativeMethodAccessorImpl.invoke(NativeMethodAccessorImpl.java:77)
	at java.base@17.0.4.1/jdk.internal.reflect.DelegatingMethodAccessorImpl.invoke(DelegatingMethodAccessorImpl.java:43)
	at java.base@17.0.4.1/java.lang.reflect.Method.invoke(Method.java:568)
	at app//com.carrotsearch.randomizedtesting.RandomizedRunner.invoke(RandomizedRunner.java:1750)
	at app//com.carrotsearch.randomizedtesting.RandomizedRunner$8.evaluate(RandomizedRunner.java:938)
	at app//com.carrotsearch.randomizedtesting.RandomizedRunner$9.evaluate(RandomizedRunner.java:974)
	at app//com.carrotsearch.randomizedtesting.RandomizedRunner$10.evaluate(RandomizedRunner.java:988)
	at app//com.carrotsearch.randomizedtesting.rules.StatementAdapter.evaluate(StatementAdapter.java:36)
	at app//org.junit.rules.RunRules.evaluate(RunRules.java:20)
	at app//org.apache.lucene.tests.util.TestRuleSetupTeardownChained$1.evaluate(TestRuleSetupTeardownChained.java:48)
	at app//org.apache.lucene.tests.util.AbstractBeforeAfterRule$1.evaluate(AbstractBeforeAfterRule.java:43)
	at app//org.apache.lucene.tests.util.TestRuleThreadAndTestName$1.evaluate(TestRuleThreadAndTestName.java:45)
	at app//org.apache.lucene.tests.util.TestRuleIgnoreAfterMaxFailures$1.evaluate(TestRuleIgnoreAfterMaxFailures.java:60)
	at app//org.apache.lucene.tests.util.TestRuleMarkFailure$1.evaluate(TestRuleMarkFailure.java:44)
	at app//org.junit.rules.RunRules.evaluate(RunRules.java:20)
	at app//com.carrotsearch.randomizedtesting.rules.StatementAdapter.evaluate(StatementAdapter.java:36)
	at app//com.carrotsearch.randomizedtesting.ThreadLeakControl$StatementRunner.run(ThreadLeakControl.java:368)
	at app//com.carrotsearch.randomizedtesting.ThreadLeakControl.forkTimeoutingTask(ThreadLeakControl.java:817)
	at app//com.carrotsearch.randomizedtesting.ThreadLeakControl$3.evaluate(ThreadLeakControl.java:468)
	at app//com.carrotsearch.randomizedtesting.RandomizedRunner.runSingleTest(RandomizedRunner.java:947)
	at app//com.carrotsearch.randomizedtesting.RandomizedRunner$5.evaluate(RandomizedRunner.java:832)
	at app//com.carrotsearch.randomizedtesting.RandomizedRunner$6.evaluate(RandomizedRunner.java:883)
	at app//com.carrotsearch.randomizedtesting.RandomizedRunner$7.evaluate(RandomizedRunner.java:894)
	at app//org.apache.lucene.tests.util.AbstractBeforeAfterRule$1.evaluate(AbstractBeforeAfterRule.java:43)
	at app//com.carrotsearch.randomizedtesting.rules.StatementAdapter.evaluate(StatementAdapter.java:36)
	at app//org.apache.lucene.tests.util.TestRuleStoreClassName$1.evaluate(TestRuleStoreClassName.java:38)
	at app//com.carrotsearch.randomizedtesting.rules.NoShadowingOrOverridesOnMethodsRule$1.evaluate(NoShadowingOrOverridesOnMethodsRule.java:40)
	at app//com.carrotsearch.randomizedtesting.rules.NoShadowingOrOverridesOnMethodsRule$1.evaluate(NoShadowingOrOverridesOnMethodsRule.java:40)
	at app//com.carrotsearch.randomizedtesting.rules.StatementAdapter.evaluate(StatementAdapter.java:36)
	at app//com.carrotsearch.randomizedtesting.rules.StatementAdapter.evaluate(StatementAdapter.java:36)
	at app//org.apache.lucene.tests.util.TestRuleAssertionsRequired$1.evaluate(TestRuleAssertionsRequired.java:53)
	at app//org.apache.lucene.tests.util.AbstractBeforeAfterRule$1.evaluate(AbstractBeforeAfterRule.java:43)
	at app//org.apache.lucene.tests.util.TestRuleMarkFailure$1.evaluate(TestRuleMarkFailure.java:44)
	at app//org.apache.lucene.tests.util.TestRuleIgnoreAfterMaxFailures$1.evaluate(TestRuleIgnoreAfterMaxFailures.java:60)
	at app//org.apache.lucene.tests.util.TestRuleIgnoreTestSuites$1.evaluate(TestRuleIgnoreTestSuites.java:47)
	at app//org.junit.rules.RunRules.evaluate(RunRules.java:20)
	at app//com.carrotsearch.randomizedtesting.rules.StatementAdapter.evaluate(StatementAdapter.java:36)
	at app//com.carrotsearch.randomizedtesting.ThreadLeakControl$StatementRunner.run(ThreadLeakControl.java:368)
	at java.base@17.0.4.1/java.lang.Thread.run(Thread.java:833)
</failure>
  </testcase>
  <testcase name="testMultiPartWhere" classname="org.opensearch.sql.legacy.QueryIT" time="0.034">
    <failure message="org.opensearch.client.ResponseException: method [POST], host [http://[::1]:49775], URI [/_plugins/_sql?format=json], status line [HTTP/1.1 400 Bad Request]&#10;{&#10;  &quot;error&quot;: {&#10;    &quot;reason&quot;: &quot;Invalid SQL query&quot;,&#10;    &quot;details&quot;: &quot;Query is unsupported in the new engine&quot;,&#10;    &quot;type&quot;: &quot;SQLFeatureDisabledException&quot;&#10;  },&#10;  &quot;status&quot;: 400&#10;}" type="org.opensearch.client.ResponseException">org.opensearch.client.ResponseException: method [POST], host [http://[::1]:49775], URI [/_plugins/_sql?format=json], status line [HTTP/1.1 400 Bad Request]
{
  &quot;error&quot;: {
    &quot;reason&quot;: &quot;Invalid SQL query&quot;,
    &quot;details&quot;: &quot;Query is unsupported in the new engine&quot;,
    &quot;type&quot;: &quot;SQLFeatureDisabledException&quot;
  },
  &quot;status&quot;: 400
}
	at __randomizedtesting.SeedInfo.seed([B058E8962C1F801C:E1E3CFB216ED29C7]:0)
	at app//org.opensearch.client.RestClient.convertResponse(RestClient.java:384)
	at app//org.opensearch.client.RestClient.performRequest(RestClient.java:354)
	at app//org.opensearch.client.RestClient.performRequest(RestClient.java:329)
	at app//org.opensearch.sql.legacy.SQLIntegTestCase.executeRequest(SQLIntegTestCase.java:327)
	at app//org.opensearch.sql.legacy.SQLIntegTestCase.executeRequest(SQLIntegTestCase.java:322)
	at app//org.opensearch.sql.legacy.SQLIntegTestCase.executeRequest(SQLIntegTestCase.java:310)
	at app//org.opensearch.sql.legacy.SQLIntegTestCase.executeQuery(SQLIntegTestCase.java:293)
	at app//org.opensearch.sql.legacy.QueryIT.testMultiPartWhere(QueryIT.java:1115)
	at java.base@17.0.4.1/jdk.internal.reflect.NativeMethodAccessorImpl.invoke0(Native Method)
	at java.base@17.0.4.1/jdk.internal.reflect.NativeMethodAccessorImpl.invoke(NativeMethodAccessorImpl.java:77)
	at java.base@17.0.4.1/jdk.internal.reflect.DelegatingMethodAccessorImpl.invoke(DelegatingMethodAccessorImpl.java:43)
	at java.base@17.0.4.1/java.lang.reflect.Method.invoke(Method.java:568)
	at app//com.carrotsearch.randomizedtesting.RandomizedRunner.invoke(RandomizedRunner.java:1750)
	at app//com.carrotsearch.randomizedtesting.RandomizedRunner$8.evaluate(RandomizedRunner.java:938)
	at app//com.carrotsearch.randomizedtesting.RandomizedRunner$9.evaluate(RandomizedRunner.java:974)
	at app//com.carrotsearch.randomizedtesting.RandomizedRunner$10.evaluate(RandomizedRunner.java:988)
	at app//com.carrotsearch.randomizedtesting.rules.StatementAdapter.evaluate(StatementAdapter.java:36)
	at app//org.junit.rules.RunRules.evaluate(RunRules.java:20)
	at app//org.apache.lucene.tests.util.TestRuleSetupTeardownChained$1.evaluate(TestRuleSetupTeardownChained.java:48)
	at app//org.apache.lucene.tests.util.AbstractBeforeAfterRule$1.evaluate(AbstractBeforeAfterRule.java:43)
	at app//org.apache.lucene.tests.util.TestRuleThreadAndTestName$1.evaluate(TestRuleThreadAndTestName.java:45)
	at app//org.apache.lucene.tests.util.TestRuleIgnoreAfterMaxFailures$1.evaluate(TestRuleIgnoreAfterMaxFailures.java:60)
	at app//org.apache.lucene.tests.util.TestRuleMarkFailure$1.evaluate(TestRuleMarkFailure.java:44)
	at app//org.junit.rules.RunRules.evaluate(RunRules.java:20)
	at app//com.carrotsearch.randomizedtesting.rules.StatementAdapter.evaluate(StatementAdapter.java:36)
	at app//com.carrotsearch.randomizedtesting.ThreadLeakControl$StatementRunner.run(ThreadLeakControl.java:368)
	at app//com.carrotsearch.randomizedtesting.ThreadLeakControl.forkTimeoutingTask(ThreadLeakControl.java:817)
	at app//com.carrotsearch.randomizedtesting.ThreadLeakControl$3.evaluate(ThreadLeakControl.java:468)
	at app//com.carrotsearch.randomizedtesting.RandomizedRunner.runSingleTest(RandomizedRunner.java:947)
	at app//com.carrotsearch.randomizedtesting.RandomizedRunner$5.evaluate(RandomizedRunner.java:832)
	at app//com.carrotsearch.randomizedtesting.RandomizedRunner$6.evaluate(RandomizedRunner.java:883)
	at app//com.carrotsearch.randomizedtesting.RandomizedRunner$7.evaluate(RandomizedRunner.java:894)
	at app//org.apache.lucene.tests.util.AbstractBeforeAfterRule$1.evaluate(AbstractBeforeAfterRule.java:43)
	at app//com.carrotsearch.randomizedtesting.rules.StatementAdapter.evaluate(StatementAdapter.java:36)
	at app//org.apache.lucene.tests.util.TestRuleStoreClassName$1.evaluate(TestRuleStoreClassName.java:38)
	at app//com.carrotsearch.randomizedtesting.rules.NoShadowingOrOverridesOnMethodsRule$1.evaluate(NoShadowingOrOverridesOnMethodsRule.java:40)
	at app//com.carrotsearch.randomizedtesting.rules.NoShadowingOrOverridesOnMethodsRule$1.evaluate(NoShadowingOrOverridesOnMethodsRule.java:40)
	at app//com.carrotsearch.randomizedtesting.rules.StatementAdapter.evaluate(StatementAdapter.java:36)
	at app//com.carrotsearch.randomizedtesting.rules.StatementAdapter.evaluate(StatementAdapter.java:36)
	at app//org.apache.lucene.tests.util.TestRuleAssertionsRequired$1.evaluate(TestRuleAssertionsRequired.java:53)
	at app//org.apache.lucene.tests.util.AbstractBeforeAfterRule$1.evaluate(AbstractBeforeAfterRule.java:43)
	at app//org.apache.lucene.tests.util.TestRuleMarkFailure$1.evaluate(TestRuleMarkFailure.java:44)
	at app//org.apache.lucene.tests.util.TestRuleIgnoreAfterMaxFailures$1.evaluate(TestRuleIgnoreAfterMaxFailures.java:60)
	at app//org.apache.lucene.tests.util.TestRuleIgnoreTestSuites$1.evaluate(TestRuleIgnoreTestSuites.java:47)
	at app//org.junit.rules.RunRules.evaluate(RunRules.java:20)
	at app//com.carrotsearch.randomizedtesting.rules.StatementAdapter.evaluate(StatementAdapter.java:36)
	at app//com.carrotsearch.randomizedtesting.ThreadLeakControl$StatementRunner.run(ThreadLeakControl.java:368)
	at java.base@17.0.4.1/java.lang.Thread.run(Thread.java:833)
</failure>
  </testcase>
  <testcase name="nestedEqualsTestFieldNormalField" classname="org.opensearch.sql.legacy.QueryIT" time="0.039">
    <failure message="org.opensearch.client.ResponseException: method [POST], host [http://[::1]:49775], URI [/_plugins/_sql?format=json], status line [HTTP/1.1 400 Bad Request]&#10;{&#10;  &quot;error&quot;: {&#10;    &quot;reason&quot;: &quot;Invalid SQL query&quot;,&#10;    &quot;details&quot;: &quot;Query is unsupported in the new engine&quot;,&#10;    &quot;type&quot;: &quot;SQLFeatureDisabledException&quot;&#10;  },&#10;  &quot;status&quot;: 400&#10;}" type="org.opensearch.client.ResponseException">org.opensearch.client.ResponseException: method [POST], host [http://[::1]:49775], URI [/_plugins/_sql?format=json], status line [HTTP/1.1 400 Bad Request]
{
  &quot;error&quot;: {
    &quot;reason&quot;: &quot;Invalid SQL query&quot;,
    &quot;details&quot;: &quot;Query is unsupported in the new engine&quot;,
    &quot;type&quot;: &quot;SQLFeatureDisabledException&quot;
  },
  &quot;status&quot;: 400
}
	at __randomizedtesting.SeedInfo.seed([B058E8962C1F801C:432F07022E31D994]:0)
	at app//org.opensearch.client.RestClient.convertResponse(RestClient.java:384)
	at app//org.opensearch.client.RestClient.performRequest(RestClient.java:354)
	at app//org.opensearch.client.RestClient.performRequest(RestClient.java:329)
	at app//org.opensearch.sql.legacy.SQLIntegTestCase.executeRequest(SQLIntegTestCase.java:327)
	at app//org.opensearch.sql.legacy.SQLIntegTestCase.executeRequest(SQLIntegTestCase.java:322)
	at app//org.opensearch.sql.legacy.SQLIntegTestCase.executeRequest(SQLIntegTestCase.java:310)
	at app//org.opensearch.sql.legacy.SQLIntegTestCase.executeQuery(SQLIntegTestCase.java:293)
	at app//org.opensearch.sql.legacy.QueryIT.nestedEqualsTestFieldNormalField(QueryIT.java:1446)
	at java.base@17.0.4.1/jdk.internal.reflect.NativeMethodAccessorImpl.invoke0(Native Method)
	at java.base@17.0.4.1/jdk.internal.reflect.NativeMethodAccessorImpl.invoke(NativeMethodAccessorImpl.java:77)
	at java.base@17.0.4.1/jdk.internal.reflect.DelegatingMethodAccessorImpl.invoke(DelegatingMethodAccessorImpl.java:43)
	at java.base@17.0.4.1/java.lang.reflect.Method.invoke(Method.java:568)
	at app//com.carrotsearch.randomizedtesting.RandomizedRunner.invoke(RandomizedRunner.java:1750)
	at app//com.carrotsearch.randomizedtesting.RandomizedRunner$8.evaluate(RandomizedRunner.java:938)
	at app//com.carrotsearch.randomizedtesting.RandomizedRunner$9.evaluate(RandomizedRunner.java:974)
	at app//com.carrotsearch.randomizedtesting.RandomizedRunner$10.evaluate(RandomizedRunner.java:988)
	at app//com.carrotsearch.randomizedtesting.rules.StatementAdapter.evaluate(StatementAdapter.java:36)
	at app//org.junit.rules.RunRules.evaluate(RunRules.java:20)
	at app//org.apache.lucene.tests.util.TestRuleSetupTeardownChained$1.evaluate(TestRuleSetupTeardownChained.java:48)
	at app//org.apache.lucene.tests.util.AbstractBeforeAfterRule$1.evaluate(AbstractBeforeAfterRule.java:43)
	at app//org.apache.lucene.tests.util.TestRuleThreadAndTestName$1.evaluate(TestRuleThreadAndTestName.java:45)
	at app//org.apache.lucene.tests.util.TestRuleIgnoreAfterMaxFailures$1.evaluate(TestRuleIgnoreAfterMaxFailures.java:60)
	at app//org.apache.lucene.tests.util.TestRuleMarkFailure$1.evaluate(TestRuleMarkFailure.java:44)
	at app//org.junit.rules.RunRules.evaluate(RunRules.java:20)
	at app//com.carrotsearch.randomizedtesting.rules.StatementAdapter.evaluate(StatementAdapter.java:36)
	at app//com.carrotsearch.randomizedtesting.ThreadLeakControl$StatementRunner.run(ThreadLeakControl.java:368)
	at app//com.carrotsearch.randomizedtesting.ThreadLeakControl.forkTimeoutingTask(ThreadLeakControl.java:817)
	at app//com.carrotsearch.randomizedtesting.ThreadLeakControl$3.evaluate(ThreadLeakControl.java:468)
	at app//com.carrotsearch.randomizedtesting.RandomizedRunner.runSingleTest(RandomizedRunner.java:947)
	at app//com.carrotsearch.randomizedtesting.RandomizedRunner$5.evaluate(RandomizedRunner.java:832)
	at app//com.carrotsearch.randomizedtesting.RandomizedRunner$6.evaluate(RandomizedRunner.java:883)
	at app//com.carrotsearch.randomizedtesting.RandomizedRunner$7.evaluate(RandomizedRunner.java:894)
	at app//org.apache.lucene.tests.util.AbstractBeforeAfterRule$1.evaluate(AbstractBeforeAfterRule.java:43)
	at app//com.carrotsearch.randomizedtesting.rules.StatementAdapter.evaluate(StatementAdapter.java:36)
	at app//org.apache.lucene.tests.util.TestRuleStoreClassName$1.evaluate(TestRuleStoreClassName.java:38)
	at app//com.carrotsearch.randomizedtesting.rules.NoShadowingOrOverridesOnMethodsRule$1.evaluate(NoShadowingOrOverridesOnMethodsRule.java:40)
	at app//com.carrotsearch.randomizedtesting.rules.NoShadowingOrOverridesOnMethodsRule$1.evaluate(NoShadowingOrOverridesOnMethodsRule.java:40)
	at app//com.carrotsearch.randomizedtesting.rules.StatementAdapter.evaluate(StatementAdapter.java:36)
	at app//com.carrotsearch.randomizedtesting.rules.StatementAdapter.evaluate(StatementAdapter.java:36)
	at app//org.apache.lucene.tests.util.TestRuleAssertionsRequired$1.evaluate(TestRuleAssertionsRequired.java:53)
	at app//org.apache.lucene.tests.util.AbstractBeforeAfterRule$1.evaluate(AbstractBeforeAfterRule.java:43)
	at app//org.apache.lucene.tests.util.TestRuleMarkFailure$1.evaluate(TestRuleMarkFailure.java:44)
	at app//org.apache.lucene.tests.util.TestRuleIgnoreAfterMaxFailures$1.evaluate(TestRuleIgnoreAfterMaxFailures.java:60)
	at app//org.apache.lucene.tests.util.TestRuleIgnoreTestSuites$1.evaluate(TestRuleIgnoreTestSuites.java:47)
	at app//org.junit.rules.RunRules.evaluate(RunRules.java:20)
	at app//com.carrotsearch.randomizedtesting.rules.StatementAdapter.evaluate(StatementAdapter.java:36)
	at app//com.carrotsearch.randomizedtesting.ThreadLeakControl$StatementRunner.run(ThreadLeakControl.java:368)
	at java.base@17.0.4.1/java.lang.Thread.run(Thread.java:833)
</failure>
  </testcase>
  <testcase name="scriptFilterNoParams" classname="org.opensearch.sql.legacy.QueryIT" time="0.0">
    <skipped/>
  </testcase>
  <testcase name="termQueryWithStringIdentifier" classname="org.opensearch.sql.legacy.QueryIT" time="0.036">
    <failure message="org.opensearch.client.ResponseException: method [POST], host [http://[::1]:49775], URI [/_plugins/_sql?format=json], status line [HTTP/1.1 400 Bad Request]&#10;{&#10;  &quot;error&quot;: {&#10;    &quot;reason&quot;: &quot;Invalid SQL query&quot;,&#10;    &quot;details&quot;: &quot;Query is unsupported in the new engine&quot;,&#10;    &quot;type&quot;: &quot;SQLFeatureDisabledException&quot;&#10;  },&#10;  &quot;status&quot;: 400&#10;}" type="org.opensearch.client.ResponseException">org.opensearch.client.ResponseException: method [POST], host [http://[::1]:49775], URI [/_plugins/_sql?format=json], status line [HTTP/1.1 400 Bad Request]
{
  &quot;error&quot;: {
    &quot;reason&quot;: &quot;Invalid SQL query&quot;,
    &quot;details&quot;: &quot;Query is unsupported in the new engine&quot;,
    &quot;type&quot;: &quot;SQLFeatureDisabledException&quot;
  },
  &quot;status&quot;: 400
}
	at __randomizedtesting.SeedInfo.seed([B058E8962C1F801C:21BA89AA1865996D]:0)
	at app//org.opensearch.client.RestClient.convertResponse(RestClient.java:384)
	at app//org.opensearch.client.RestClient.performRequest(RestClient.java:354)
	at app//org.opensearch.client.RestClient.performRequest(RestClient.java:329)
	at app//org.opensearch.sql.legacy.SQLIntegTestCase.executeRequest(SQLIntegTestCase.java:327)
	at app//org.opensearch.sql.legacy.SQLIntegTestCase.executeRequest(SQLIntegTestCase.java:322)
	at app//org.opensearch.sql.legacy.SQLIntegTestCase.executeRequest(SQLIntegTestCase.java:310)
	at app//org.opensearch.sql.legacy.SQLIntegTestCase.executeQuery(SQLIntegTestCase.java:293)
	at app//org.opensearch.sql.legacy.QueryIT.termQueryWithStringIdentifier(QueryIT.java:675)
	at java.base@17.0.4.1/jdk.internal.reflect.NativeMethodAccessorImpl.invoke0(Native Method)
	at java.base@17.0.4.1/jdk.internal.reflect.NativeMethodAccessorImpl.invoke(NativeMethodAccessorImpl.java:77)
	at java.base@17.0.4.1/jdk.internal.reflect.DelegatingMethodAccessorImpl.invoke(DelegatingMethodAccessorImpl.java:43)
	at java.base@17.0.4.1/java.lang.reflect.Method.invoke(Method.java:568)
	at app//com.carrotsearch.randomizedtesting.RandomizedRunner.invoke(RandomizedRunner.java:1750)
	at app//com.carrotsearch.randomizedtesting.RandomizedRunner$8.evaluate(RandomizedRunner.java:938)
	at app//com.carrotsearch.randomizedtesting.RandomizedRunner$9.evaluate(RandomizedRunner.java:974)
	at app//com.carrotsearch.randomizedtesting.RandomizedRunner$10.evaluate(RandomizedRunner.java:988)
	at app//com.carrotsearch.randomizedtesting.rules.StatementAdapter.evaluate(StatementAdapter.java:36)
	at app//org.junit.rules.RunRules.evaluate(RunRules.java:20)
	at app//org.apache.lucene.tests.util.TestRuleSetupTeardownChained$1.evaluate(TestRuleSetupTeardownChained.java:48)
	at app//org.apache.lucene.tests.util.AbstractBeforeAfterRule$1.evaluate(AbstractBeforeAfterRule.java:43)
	at app//org.apache.lucene.tests.util.TestRuleThreadAndTestName$1.evaluate(TestRuleThreadAndTestName.java:45)
	at app//org.apache.lucene.tests.util.TestRuleIgnoreAfterMaxFailures$1.evaluate(TestRuleIgnoreAfterMaxFailures.java:60)
	at app//org.apache.lucene.tests.util.TestRuleMarkFailure$1.evaluate(TestRuleMarkFailure.java:44)
	at app//org.junit.rules.RunRules.evaluate(RunRules.java:20)
	at app//com.carrotsearch.randomizedtesting.rules.StatementAdapter.evaluate(StatementAdapter.java:36)
	at app//com.carrotsearch.randomizedtesting.ThreadLeakControl$StatementRunner.run(ThreadLeakControl.java:368)
	at app//com.carrotsearch.randomizedtesting.ThreadLeakControl.forkTimeoutingTask(ThreadLeakControl.java:817)
	at app//com.carrotsearch.randomizedtesting.ThreadLeakControl$3.evaluate(ThreadLeakControl.java:468)
	at app//com.carrotsearch.randomizedtesting.RandomizedRunner.runSingleTest(RandomizedRunner.java:947)
	at app//com.carrotsearch.randomizedtesting.RandomizedRunner$5.evaluate(RandomizedRunner.java:832)
	at app//com.carrotsearch.randomizedtesting.RandomizedRunner$6.evaluate(RandomizedRunner.java:883)
	at app//com.carrotsearch.randomizedtesting.RandomizedRunner$7.evaluate(RandomizedRunner.java:894)
	at app//org.apache.lucene.tests.util.AbstractBeforeAfterRule$1.evaluate(AbstractBeforeAfterRule.java:43)
	at app//com.carrotsearch.randomizedtesting.rules.StatementAdapter.evaluate(StatementAdapter.java:36)
	at app//org.apache.lucene.tests.util.TestRuleStoreClassName$1.evaluate(TestRuleStoreClassName.java:38)
	at app//com.carrotsearch.randomizedtesting.rules.NoShadowingOrOverridesOnMethodsRule$1.evaluate(NoShadowingOrOverridesOnMethodsRule.java:40)
	at app//com.carrotsearch.randomizedtesting.rules.NoShadowingOrOverridesOnMethodsRule$1.evaluate(NoShadowingOrOverridesOnMethodsRule.java:40)
	at app//com.carrotsearch.randomizedtesting.rules.StatementAdapter.evaluate(StatementAdapter.java:36)
	at app//com.carrotsearch.randomizedtesting.rules.StatementAdapter.evaluate(StatementAdapter.java:36)
	at app//org.apache.lucene.tests.util.TestRuleAssertionsRequired$1.evaluate(TestRuleAssertionsRequired.java:53)
	at app//org.apache.lucene.tests.util.AbstractBeforeAfterRule$1.evaluate(AbstractBeforeAfterRule.java:43)
	at app//org.apache.lucene.tests.util.TestRuleMarkFailure$1.evaluate(TestRuleMarkFailure.java:44)
	at app//org.apache.lucene.tests.util.TestRuleIgnoreAfterMaxFailures$1.evaluate(TestRuleIgnoreAfterMaxFailures.java:60)
	at app//org.apache.lucene.tests.util.TestRuleIgnoreTestSuites$1.evaluate(TestRuleIgnoreTestSuites.java:47)
	at app//org.junit.rules.RunRules.evaluate(RunRules.java:20)
	at app//com.carrotsearch.randomizedtesting.rules.StatementAdapter.evaluate(StatementAdapter.java:36)
	at app//com.carrotsearch.randomizedtesting.ThreadLeakControl$StatementRunner.run(ThreadLeakControl.java:368)
	at java.base@17.0.4.1/java.lang.Thread.run(Thread.java:833)
</failure>
  </testcase>
  <testcase name="innerQueryTest" classname="org.opensearch.sql.legacy.QueryIT" time="0.038">
    <failure message="org.opensearch.client.ResponseException: method [POST], host [http://[::1]:49775], URI [/_plugins/_sql?format=json], status line [HTTP/1.1 400 Bad Request]&#10;{&#10;  &quot;error&quot;: {&#10;    &quot;reason&quot;: &quot;Invalid SQL query&quot;,&#10;    &quot;details&quot;: &quot;Query is unsupported in the new engine&quot;,&#10;    &quot;type&quot;: &quot;SQLFeatureDisabledException&quot;&#10;  },&#10;  &quot;status&quot;: 400&#10;}" type="org.opensearch.client.ResponseException">org.opensearch.client.ResponseException: method [POST], host [http://[::1]:49775], URI [/_plugins/_sql?format=json], status line [HTTP/1.1 400 Bad Request]
{
  &quot;error&quot;: {
    &quot;reason&quot;: &quot;Invalid SQL query&quot;,
    &quot;details&quot;: &quot;Query is unsupported in the new engine&quot;,
    &quot;type&quot;: &quot;SQLFeatureDisabledException&quot;
  },
  &quot;status&quot;: 400
}
	at __randomizedtesting.SeedInfo.seed([B058E8962C1F801C:3E699F4F5FA67B43]:0)
	at app//org.opensearch.client.RestClient.convertResponse(RestClient.java:384)
	at app//org.opensearch.client.RestClient.performRequest(RestClient.java:354)
	at app//org.opensearch.client.RestClient.performRequest(RestClient.java:329)
	at app//org.opensearch.sql.legacy.SQLIntegTestCase.executeRequest(SQLIntegTestCase.java:327)
	at app//org.opensearch.sql.legacy.SQLIntegTestCase.executeRequest(SQLIntegTestCase.java:322)
	at app//org.opensearch.sql.legacy.SQLIntegTestCase.executeRequest(SQLIntegTestCase.java:310)
	at app//org.opensearch.sql.legacy.SQLIntegTestCase.executeQuery(SQLIntegTestCase.java:293)
	at app//org.opensearch.sql.legacy.QueryIT.innerQueryTest(QueryIT.java:1321)
	at java.base@17.0.4.1/jdk.internal.reflect.NativeMethodAccessorImpl.invoke0(Native Method)
	at java.base@17.0.4.1/jdk.internal.reflect.NativeMethodAccessorImpl.invoke(NativeMethodAccessorImpl.java:77)
	at java.base@17.0.4.1/jdk.internal.reflect.DelegatingMethodAccessorImpl.invoke(DelegatingMethodAccessorImpl.java:43)
	at java.base@17.0.4.1/java.lang.reflect.Method.invoke(Method.java:568)
	at app//com.carrotsearch.randomizedtesting.RandomizedRunner.invoke(RandomizedRunner.java:1750)
	at app//com.carrotsearch.randomizedtesting.RandomizedRunner$8.evaluate(RandomizedRunner.java:938)
	at app//com.carrotsearch.randomizedtesting.RandomizedRunner$9.evaluate(RandomizedRunner.java:974)
	at app//com.carrotsearch.randomizedtesting.RandomizedRunner$10.evaluate(RandomizedRunner.java:988)
	at app//com.carrotsearch.randomizedtesting.rules.StatementAdapter.evaluate(StatementAdapter.java:36)
	at app//org.junit.rules.RunRules.evaluate(RunRules.java:20)
	at app//org.apache.lucene.tests.util.TestRuleSetupTeardownChained$1.evaluate(TestRuleSetupTeardownChained.java:48)
	at app//org.apache.lucene.tests.util.AbstractBeforeAfterRule$1.evaluate(AbstractBeforeAfterRule.java:43)
	at app//org.apache.lucene.tests.util.TestRuleThreadAndTestName$1.evaluate(TestRuleThreadAndTestName.java:45)
	at app//org.apache.lucene.tests.util.TestRuleIgnoreAfterMaxFailures$1.evaluate(TestRuleIgnoreAfterMaxFailures.java:60)
	at app//org.apache.lucene.tests.util.TestRuleMarkFailure$1.evaluate(TestRuleMarkFailure.java:44)
	at app//org.junit.rules.RunRules.evaluate(RunRules.java:20)
	at app//com.carrotsearch.randomizedtesting.rules.StatementAdapter.evaluate(StatementAdapter.java:36)
	at app//com.carrotsearch.randomizedtesting.ThreadLeakControl$StatementRunner.run(ThreadLeakControl.java:368)
	at app//com.carrotsearch.randomizedtesting.ThreadLeakControl.forkTimeoutingTask(ThreadLeakControl.java:817)
	at app//com.carrotsearch.randomizedtesting.ThreadLeakControl$3.evaluate(ThreadLeakControl.java:468)
	at app//com.carrotsearch.randomizedtesting.RandomizedRunner.runSingleTest(RandomizedRunner.java:947)
	at app//com.carrotsearch.randomizedtesting.RandomizedRunner$5.evaluate(RandomizedRunner.java:832)
	at app//com.carrotsearch.randomizedtesting.RandomizedRunner$6.evaluate(RandomizedRunner.java:883)
	at app//com.carrotsearch.randomizedtesting.RandomizedRunner$7.evaluate(RandomizedRunner.java:894)
	at app//org.apache.lucene.tests.util.AbstractBeforeAfterRule$1.evaluate(AbstractBeforeAfterRule.java:43)
	at app//com.carrotsearch.randomizedtesting.rules.StatementAdapter.evaluate(StatementAdapter.java:36)
	at app//org.apache.lucene.tests.util.TestRuleStoreClassName$1.evaluate(TestRuleStoreClassName.java:38)
	at app//com.carrotsearch.randomizedtesting.rules.NoShadowingOrOverridesOnMethodsRule$1.evaluate(NoShadowingOrOverridesOnMethodsRule.java:40)
	at app//com.carrotsearch.randomizedtesting.rules.NoShadowingOrOverridesOnMethodsRule$1.evaluate(NoShadowingOrOverridesOnMethodsRule.java:40)
	at app//com.carrotsearch.randomizedtesting.rules.StatementAdapter.evaluate(StatementAdapter.java:36)
	at app//com.carrotsearch.randomizedtesting.rules.StatementAdapter.evaluate(StatementAdapter.java:36)
	at app//org.apache.lucene.tests.util.TestRuleAssertionsRequired$1.evaluate(TestRuleAssertionsRequired.java:53)
	at app//org.apache.lucene.tests.util.AbstractBeforeAfterRule$1.evaluate(AbstractBeforeAfterRule.java:43)
	at app//org.apache.lucene.tests.util.TestRuleMarkFailure$1.evaluate(TestRuleMarkFailure.java:44)
	at app//org.apache.lucene.tests.util.TestRuleIgnoreAfterMaxFailures$1.evaluate(TestRuleIgnoreAfterMaxFailures.java:60)
	at app//org.apache.lucene.tests.util.TestRuleIgnoreTestSuites$1.evaluate(TestRuleIgnoreTestSuites.java:47)
	at app//org.junit.rules.RunRules.evaluate(RunRules.java:20)
	at app//com.carrotsearch.randomizedtesting.rules.StatementAdapter.evaluate(StatementAdapter.java:36)
	at app//com.carrotsearch.randomizedtesting.ThreadLeakControl$StatementRunner.run(ThreadLeakControl.java:368)
	at java.base@17.0.4.1/java.lang.Thread.run(Thread.java:833)
</failure>
  </testcase>
  <testcase name="filterPolygonTest" classname="org.opensearch.sql.legacy.QueryIT" time="0.04">
    <failure message="org.opensearch.client.ResponseException: method [POST], host [http://[::1]:49775], URI [/_plugins/_sql?format=json], status line [HTTP/1.1 400 Bad Request]&#10;{&#10;  &quot;error&quot;: {&#10;    &quot;reason&quot;: &quot;Invalid SQL query&quot;,&#10;    &quot;details&quot;: &quot;Query is unsupported in the new engine&quot;,&#10;    &quot;type&quot;: &quot;SQLFeatureDisabledException&quot;&#10;  },&#10;  &quot;status&quot;: 400&#10;}" type="org.opensearch.client.ResponseException">org.opensearch.client.ResponseException: method [POST], host [http://[::1]:49775], URI [/_plugins/_sql?format=json], status line [HTTP/1.1 400 Bad Request]
{
  &quot;error&quot;: {
    &quot;reason&quot;: &quot;Invalid SQL query&quot;,
    &quot;details&quot;: &quot;Query is unsupported in the new engine&quot;,
    &quot;type&quot;: &quot;SQLFeatureDisabledException&quot;
  },
  &quot;status&quot;: 400
}
	at __randomizedtesting.SeedInfo.seed([B058E8962C1F801C:A4BA74522D5FE813]:0)
	at app//org.opensearch.client.RestClient.convertResponse(RestClient.java:384)
	at app//org.opensearch.client.RestClient.performRequest(RestClient.java:354)
	at app//org.opensearch.client.RestClient.performRequest(RestClient.java:329)
	at app//org.opensearch.sql.legacy.SQLIntegTestCase.executeRequest(SQLIntegTestCase.java:327)
	at app//org.opensearch.sql.legacy.SQLIntegTestCase.executeRequest(SQLIntegTestCase.java:322)
	at app//org.opensearch.sql.legacy.SQLIntegTestCase.executeRequest(SQLIntegTestCase.java:310)
	at app//org.opensearch.sql.legacy.SQLIntegTestCase.executeQuery(SQLIntegTestCase.java:293)
	at app//org.opensearch.sql.legacy.QueryIT.filterPolygonTest(QueryIT.java:1151)
	at java.base@17.0.4.1/jdk.internal.reflect.NativeMethodAccessorImpl.invoke0(Native Method)
	at java.base@17.0.4.1/jdk.internal.reflect.NativeMethodAccessorImpl.invoke(NativeMethodAccessorImpl.java:77)
	at java.base@17.0.4.1/jdk.internal.reflect.DelegatingMethodAccessorImpl.invoke(DelegatingMethodAccessorImpl.java:43)
	at java.base@17.0.4.1/java.lang.reflect.Method.invoke(Method.java:568)
	at app//com.carrotsearch.randomizedtesting.RandomizedRunner.invoke(RandomizedRunner.java:1750)
	at app//com.carrotsearch.randomizedtesting.RandomizedRunner$8.evaluate(RandomizedRunner.java:938)
	at app//com.carrotsearch.randomizedtesting.RandomizedRunner$9.evaluate(RandomizedRunner.java:974)
	at app//com.carrotsearch.randomizedtesting.RandomizedRunner$10.evaluate(RandomizedRunner.java:988)
	at app//com.carrotsearch.randomizedtesting.rules.StatementAdapter.evaluate(StatementAdapter.java:36)
	at app//org.junit.rules.RunRules.evaluate(RunRules.java:20)
	at app//org.apache.lucene.tests.util.TestRuleSetupTeardownChained$1.evaluate(TestRuleSetupTeardownChained.java:48)
	at app//org.apache.lucene.tests.util.AbstractBeforeAfterRule$1.evaluate(AbstractBeforeAfterRule.java:43)
	at app//org.apache.lucene.tests.util.TestRuleThreadAndTestName$1.evaluate(TestRuleThreadAndTestName.java:45)
	at app//org.apache.lucene.tests.util.TestRuleIgnoreAfterMaxFailures$1.evaluate(TestRuleIgnoreAfterMaxFailures.java:60)
	at app//org.apache.lucene.tests.util.TestRuleMarkFailure$1.evaluate(TestRuleMarkFailure.java:44)
	at app//org.junit.rules.RunRules.evaluate(RunRules.java:20)
	at app//com.carrotsearch.randomizedtesting.rules.StatementAdapter.evaluate(StatementAdapter.java:36)
	at app//com.carrotsearch.randomizedtesting.ThreadLeakControl$StatementRunner.run(ThreadLeakControl.java:368)
	at app//com.carrotsearch.randomizedtesting.ThreadLeakControl.forkTimeoutingTask(ThreadLeakControl.java:817)
	at app//com.carrotsearch.randomizedtesting.ThreadLeakControl$3.evaluate(ThreadLeakControl.java:468)
	at app//com.carrotsearch.randomizedtesting.RandomizedRunner.runSingleTest(RandomizedRunner.java:947)
	at app//com.carrotsearch.randomizedtesting.RandomizedRunner$5.evaluate(RandomizedRunner.java:832)
	at app//com.carrotsearch.randomizedtesting.RandomizedRunner$6.evaluate(RandomizedRunner.java:883)
	at app//com.carrotsearch.randomizedtesting.RandomizedRunner$7.evaluate(RandomizedRunner.java:894)
	at app//org.apache.lucene.tests.util.AbstractBeforeAfterRule$1.evaluate(AbstractBeforeAfterRule.java:43)
	at app//com.carrotsearch.randomizedtesting.rules.StatementAdapter.evaluate(StatementAdapter.java:36)
	at app//org.apache.lucene.tests.util.TestRuleStoreClassName$1.evaluate(TestRuleStoreClassName.java:38)
	at app//com.carrotsearch.randomizedtesting.rules.NoShadowingOrOverridesOnMethodsRule$1.evaluate(NoShadowingOrOverridesOnMethodsRule.java:40)
	at app//com.carrotsearch.randomizedtesting.rules.NoShadowingOrOverridesOnMethodsRule$1.evaluate(NoShadowingOrOverridesOnMethodsRule.java:40)
	at app//com.carrotsearch.randomizedtesting.rules.StatementAdapter.evaluate(StatementAdapter.java:36)
	at app//com.carrotsearch.randomizedtesting.rules.StatementAdapter.evaluate(StatementAdapter.java:36)
	at app//org.apache.lucene.tests.util.TestRuleAssertionsRequired$1.evaluate(TestRuleAssertionsRequired.java:53)
	at app//org.apache.lucene.tests.util.AbstractBeforeAfterRule$1.evaluate(AbstractBeforeAfterRule.java:43)
	at app//org.apache.lucene.tests.util.TestRuleMarkFailure$1.evaluate(TestRuleMarkFailure.java:44)
	at app//org.apache.lucene.tests.util.TestRuleIgnoreAfterMaxFailures$1.evaluate(TestRuleIgnoreAfterMaxFailures.java:60)
	at app//org.apache.lucene.tests.util.TestRuleIgnoreTestSuites$1.evaluate(TestRuleIgnoreTestSuites.java:47)
	at app//org.junit.rules.RunRules.evaluate(RunRules.java:20)
	at app//com.carrotsearch.randomizedtesting.rules.StatementAdapter.evaluate(StatementAdapter.java:36)
	at app//com.carrotsearch.randomizedtesting.ThreadLeakControl$StatementRunner.run(ThreadLeakControl.java:368)
	at java.base@17.0.4.1/java.lang.Thread.run(Thread.java:833)
</failure>
  </testcase>
  <testcase name="dateBetweenSearch" classname="org.opensearch.sql.legacy.QueryIT" time="0.043">
    <failure message="org.opensearch.client.ResponseException: method [POST], host [http://[::1]:49775], URI [/_plugins/_sql?format=json], status line [HTTP/1.1 400 Bad Request]&#10;{&#10;  &quot;error&quot;: {&#10;    &quot;reason&quot;: &quot;Invalid SQL query&quot;,&#10;    &quot;details&quot;: &quot;Query is unsupported in the new engine&quot;,&#10;    &quot;type&quot;: &quot;SQLFeatureDisabledException&quot;&#10;  },&#10;  &quot;status&quot;: 400&#10;}" type="org.opensearch.client.ResponseException">org.opensearch.client.ResponseException: method [POST], host [http://[::1]:49775], URI [/_plugins/_sql?format=json], status line [HTTP/1.1 400 Bad Request]
{
  &quot;error&quot;: {
    &quot;reason&quot;: &quot;Invalid SQL query&quot;,
    &quot;details&quot;: &quot;Query is unsupported in the new engine&quot;,
    &quot;type&quot;: &quot;SQLFeatureDisabledException&quot;
  },
  &quot;status&quot;: 400
}
	at __randomizedtesting.SeedInfo.seed([B058E8962C1F801C:8A9BC3BE58F11900]:0)
	at app//org.opensearch.client.RestClient.convertResponse(RestClient.java:384)
	at app//org.opensearch.client.RestClient.performRequest(RestClient.java:354)
	at app//org.opensearch.client.RestClient.performRequest(RestClient.java:329)
	at app//org.opensearch.sql.legacy.SQLIntegTestCase.executeRequest(SQLIntegTestCase.java:327)
	at app//org.opensearch.sql.legacy.SQLIntegTestCase.executeRequest(SQLIntegTestCase.java:322)
	at app//org.opensearch.sql.legacy.SQLIntegTestCase.executeRequest(SQLIntegTestCase.java:310)
	at app//org.opensearch.sql.legacy.SQLIntegTestCase.executeQuery(SQLIntegTestCase.java:293)
	at app//org.opensearch.sql.legacy.QueryIT.dateBetweenSearch(QueryIT.java:780)
	at java.base@17.0.4.1/jdk.internal.reflect.NativeMethodAccessorImpl.invoke0(Native Method)
	at java.base@17.0.4.1/jdk.internal.reflect.NativeMethodAccessorImpl.invoke(NativeMethodAccessorImpl.java:77)
	at java.base@17.0.4.1/jdk.internal.reflect.DelegatingMethodAccessorImpl.invoke(DelegatingMethodAccessorImpl.java:43)
	at java.base@17.0.4.1/java.lang.reflect.Method.invoke(Method.java:568)
	at app//com.carrotsearch.randomizedtesting.RandomizedRunner.invoke(RandomizedRunner.java:1750)
	at app//com.carrotsearch.randomizedtesting.RandomizedRunner$8.evaluate(RandomizedRunner.java:938)
	at app//com.carrotsearch.randomizedtesting.RandomizedRunner$9.evaluate(RandomizedRunner.java:974)
	at app//com.carrotsearch.randomizedtesting.RandomizedRunner$10.evaluate(RandomizedRunner.java:988)
	at app//com.carrotsearch.randomizedtesting.rules.StatementAdapter.evaluate(StatementAdapter.java:36)
	at app//org.junit.rules.RunRules.evaluate(RunRules.java:20)
	at app//org.apache.lucene.tests.util.TestRuleSetupTeardownChained$1.evaluate(TestRuleSetupTeardownChained.java:48)
	at app//org.apache.lucene.tests.util.AbstractBeforeAfterRule$1.evaluate(AbstractBeforeAfterRule.java:43)
	at app//org.apache.lucene.tests.util.TestRuleThreadAndTestName$1.evaluate(TestRuleThreadAndTestName.java:45)
	at app//org.apache.lucene.tests.util.TestRuleIgnoreAfterMaxFailures$1.evaluate(TestRuleIgnoreAfterMaxFailures.java:60)
	at app//org.apache.lucene.tests.util.TestRuleMarkFailure$1.evaluate(TestRuleMarkFailure.java:44)
	at app//org.junit.rules.RunRules.evaluate(RunRules.java:20)
	at app//com.carrotsearch.randomizedtesting.rules.StatementAdapter.evaluate(StatementAdapter.java:36)
	at app//com.carrotsearch.randomizedtesting.ThreadLeakControl$StatementRunner.run(ThreadLeakControl.java:368)
	at app//com.carrotsearch.randomizedtesting.ThreadLeakControl.forkTimeoutingTask(ThreadLeakControl.java:817)
	at app//com.carrotsearch.randomizedtesting.ThreadLeakControl$3.evaluate(ThreadLeakControl.java:468)
	at app//com.carrotsearch.randomizedtesting.RandomizedRunner.runSingleTest(RandomizedRunner.java:947)
	at app//com.carrotsearch.randomizedtesting.RandomizedRunner$5.evaluate(RandomizedRunner.java:832)
	at app//com.carrotsearch.randomizedtesting.RandomizedRunner$6.evaluate(RandomizedRunner.java:883)
	at app//com.carrotsearch.randomizedtesting.RandomizedRunner$7.evaluate(RandomizedRunner.java:894)
	at app//org.apache.lucene.tests.util.AbstractBeforeAfterRule$1.evaluate(AbstractBeforeAfterRule.java:43)
	at app//com.carrotsearch.randomizedtesting.rules.StatementAdapter.evaluate(StatementAdapter.java:36)
	at app//org.apache.lucene.tests.util.TestRuleStoreClassName$1.evaluate(TestRuleStoreClassName.java:38)
	at app//com.carrotsearch.randomizedtesting.rules.NoShadowingOrOverridesOnMethodsRule$1.evaluate(NoShadowingOrOverridesOnMethodsRule.java:40)
	at app//com.carrotsearch.randomizedtesting.rules.NoShadowingOrOverridesOnMethodsRule$1.evaluate(NoShadowingOrOverridesOnMethodsRule.java:40)
	at app//com.carrotsearch.randomizedtesting.rules.StatementAdapter.evaluate(StatementAdapter.java:36)
	at app//com.carrotsearch.randomizedtesting.rules.StatementAdapter.evaluate(StatementAdapter.java:36)
	at app//org.apache.lucene.tests.util.TestRuleAssertionsRequired$1.evaluate(TestRuleAssertionsRequired.java:53)
	at app//org.apache.lucene.tests.util.AbstractBeforeAfterRule$1.evaluate(AbstractBeforeAfterRule.java:43)
	at app//org.apache.lucene.tests.util.TestRuleMarkFailure$1.evaluate(TestRuleMarkFailure.java:44)
	at app//org.apache.lucene.tests.util.TestRuleIgnoreAfterMaxFailures$1.evaluate(TestRuleIgnoreAfterMaxFailures.java:60)
	at app//org.apache.lucene.tests.util.TestRuleIgnoreTestSuites$1.evaluate(TestRuleIgnoreTestSuites.java:47)
	at app//org.junit.rules.RunRules.evaluate(RunRules.java:20)
	at app//com.carrotsearch.randomizedtesting.rules.StatementAdapter.evaluate(StatementAdapter.java:36)
	at app//com.carrotsearch.randomizedtesting.ThreadLeakControl$StatementRunner.run(ThreadLeakControl.java:368)
	at java.base@17.0.4.1/java.lang.Thread.run(Thread.java:833)
</failure>
  </testcase>
  <testcase name="selectAllWithFieldReturnsAll" classname="org.opensearch.sql.legacy.QueryIT" time="0.035">
    <failure message="org.opensearch.client.ResponseException: method [POST], host [http://[::1]:49775], URI [/_plugins/_sql?format=json], status line [HTTP/1.1 400 Bad Request]&#10;{&#10;  &quot;error&quot;: {&#10;    &quot;reason&quot;: &quot;Invalid SQL query&quot;,&#10;    &quot;details&quot;: &quot;Query is unsupported in the new engine&quot;,&#10;    &quot;type&quot;: &quot;SQLFeatureDisabledException&quot;&#10;  },&#10;  &quot;status&quot;: 400&#10;}" type="org.opensearch.client.ResponseException">org.opensearch.client.ResponseException: method [POST], host [http://[::1]:49775], URI [/_plugins/_sql?format=json], status line [HTTP/1.1 400 Bad Request]
{
  &quot;error&quot;: {
    &quot;reason&quot;: &quot;Invalid SQL query&quot;,
    &quot;details&quot;: &quot;Query is unsupported in the new engine&quot;,
    &quot;type&quot;: &quot;SQLFeatureDisabledException&quot;
  },
  &quot;status&quot;: 400
}
	at __randomizedtesting.SeedInfo.seed([B058E8962C1F801C:724993DE297673A1]:0)
	at app//org.opensearch.client.RestClient.convertResponse(RestClient.java:384)
	at app//org.opensearch.client.RestClient.performRequest(RestClient.java:354)
	at app//org.opensearch.client.RestClient.performRequest(RestClient.java:329)
	at app//org.opensearch.sql.legacy.SQLIntegTestCase.executeRequest(SQLIntegTestCase.java:327)
	at app//org.opensearch.sql.legacy.SQLIntegTestCase.executeRequest(SQLIntegTestCase.java:322)
	at app//org.opensearch.sql.legacy.SQLIntegTestCase.executeRequest(SQLIntegTestCase.java:310)
	at app//org.opensearch.sql.legacy.SQLIntegTestCase.executeQuery(SQLIntegTestCase.java:293)
	at app//org.opensearch.sql.legacy.QueryIT.selectAllWithFieldReturnsAll(QueryIT.java:107)
	at java.base@17.0.4.1/jdk.internal.reflect.NativeMethodAccessorImpl.invoke0(Native Method)
	at java.base@17.0.4.1/jdk.internal.reflect.NativeMethodAccessorImpl.invoke(NativeMethodAccessorImpl.java:77)
	at java.base@17.0.4.1/jdk.internal.reflect.DelegatingMethodAccessorImpl.invoke(DelegatingMethodAccessorImpl.java:43)
	at java.base@17.0.4.1/java.lang.reflect.Method.invoke(Method.java:568)
	at app//com.carrotsearch.randomizedtesting.RandomizedRunner.invoke(RandomizedRunner.java:1750)
	at app//com.carrotsearch.randomizedtesting.RandomizedRunner$8.evaluate(RandomizedRunner.java:938)
	at app//com.carrotsearch.randomizedtesting.RandomizedRunner$9.evaluate(RandomizedRunner.java:974)
	at app//com.carrotsearch.randomizedtesting.RandomizedRunner$10.evaluate(RandomizedRunner.java:988)
	at app//com.carrotsearch.randomizedtesting.rules.StatementAdapter.evaluate(StatementAdapter.java:36)
	at app//org.junit.rules.RunRules.evaluate(RunRules.java:20)
	at app//org.apache.lucene.tests.util.TestRuleSetupTeardownChained$1.evaluate(TestRuleSetupTeardownChained.java:48)
	at app//org.apache.lucene.tests.util.AbstractBeforeAfterRule$1.evaluate(AbstractBeforeAfterRule.java:43)
	at app//org.apache.lucene.tests.util.TestRuleThreadAndTestName$1.evaluate(TestRuleThreadAndTestName.java:45)
	at app//org.apache.lucene.tests.util.TestRuleIgnoreAfterMaxFailures$1.evaluate(TestRuleIgnoreAfterMaxFailures.java:60)
	at app//org.apache.lucene.tests.util.TestRuleMarkFailure$1.evaluate(TestRuleMarkFailure.java:44)
	at app//org.junit.rules.RunRules.evaluate(RunRules.java:20)
	at app//com.carrotsearch.randomizedtesting.rules.StatementAdapter.evaluate(StatementAdapter.java:36)
	at app//com.carrotsearch.randomizedtesting.ThreadLeakControl$StatementRunner.run(ThreadLeakControl.java:368)
	at app//com.carrotsearch.randomizedtesting.ThreadLeakControl.forkTimeoutingTask(ThreadLeakControl.java:817)
	at app//com.carrotsearch.randomizedtesting.ThreadLeakControl$3.evaluate(ThreadLeakControl.java:468)
	at app//com.carrotsearch.randomizedtesting.RandomizedRunner.runSingleTest(RandomizedRunner.java:947)
	at app//com.carrotsearch.randomizedtesting.RandomizedRunner$5.evaluate(RandomizedRunner.java:832)
	at app//com.carrotsearch.randomizedtesting.RandomizedRunner$6.evaluate(RandomizedRunner.java:883)
	at app//com.carrotsearch.randomizedtesting.RandomizedRunner$7.evaluate(RandomizedRunner.java:894)
	at app//org.apache.lucene.tests.util.AbstractBeforeAfterRule$1.evaluate(AbstractBeforeAfterRule.java:43)
	at app//com.carrotsearch.randomizedtesting.rules.StatementAdapter.evaluate(StatementAdapter.java:36)
	at app//org.apache.lucene.tests.util.TestRuleStoreClassName$1.evaluate(TestRuleStoreClassName.java:38)
	at app//com.carrotsearch.randomizedtesting.rules.NoShadowingOrOverridesOnMethodsRule$1.evaluate(NoShadowingOrOverridesOnMethodsRule.java:40)
	at app//com.carrotsearch.randomizedtesting.rules.NoShadowingOrOverridesOnMethodsRule$1.evaluate(NoShadowingOrOverridesOnMethodsRule.java:40)
	at app//com.carrotsearch.randomizedtesting.rules.StatementAdapter.evaluate(StatementAdapter.java:36)
	at app//com.carrotsearch.randomizedtesting.rules.StatementAdapter.evaluate(StatementAdapter.java:36)
	at app//org.apache.lucene.tests.util.TestRuleAssertionsRequired$1.evaluate(TestRuleAssertionsRequired.java:53)
	at app//org.apache.lucene.tests.util.AbstractBeforeAfterRule$1.evaluate(AbstractBeforeAfterRule.java:43)
	at app//org.apache.lucene.tests.util.TestRuleMarkFailure$1.evaluate(TestRuleMarkFailure.java:44)
	at app//org.apache.lucene.tests.util.TestRuleIgnoreAfterMaxFailures$1.evaluate(TestRuleIgnoreAfterMaxFailures.java:60)
	at app//org.apache.lucene.tests.util.TestRuleIgnoreTestSuites$1.evaluate(TestRuleIgnoreTestSuites.java:47)
	at app//org.junit.rules.RunRules.evaluate(RunRules.java:20)
	at app//com.carrotsearch.randomizedtesting.rules.StatementAdapter.evaluate(StatementAdapter.java:36)
	at app//com.carrotsearch.randomizedtesting.ThreadLeakControl$StatementRunner.run(ThreadLeakControl.java:368)
	at java.base@17.0.4.1/java.lang.Thread.run(Thread.java:833)
</failure>
  </testcase>
  <testcase name="selectAllWithMultipleFields" classname="org.opensearch.sql.legacy.QueryIT" time="0.033">
    <failure message="org.opensearch.client.ResponseException: method [POST], host [http://[::1]:49775], URI [/_plugins/_sql?format=json], status line [HTTP/1.1 400 Bad Request]&#10;{&#10;  &quot;error&quot;: {&#10;    &quot;reason&quot;: &quot;Invalid SQL query&quot;,&#10;    &quot;details&quot;: &quot;Query is unsupported in the new engine&quot;,&#10;    &quot;type&quot;: &quot;SQLFeatureDisabledException&quot;&#10;  },&#10;  &quot;status&quot;: 400&#10;}" type="org.opensearch.client.ResponseException">org.opensearch.client.ResponseException: method [POST], host [http://[::1]:49775], URI [/_plugins/_sql?format=json], status line [HTTP/1.1 400 Bad Request]
{
  &quot;error&quot;: {
    &quot;reason&quot;: &quot;Invalid SQL query&quot;,
    &quot;details&quot;: &quot;Query is unsupported in the new engine&quot;,
    &quot;type&quot;: &quot;SQLFeatureDisabledException&quot;
  },
  &quot;status&quot;: 400
}
	at __randomizedtesting.SeedInfo.seed([B058E8962C1F801C:888049F32571F258]:0)
	at app//org.opensearch.client.RestClient.convertResponse(RestClient.java:384)
	at app//org.opensearch.client.RestClient.performRequest(RestClient.java:354)
	at app//org.opensearch.client.RestClient.performRequest(RestClient.java:329)
	at app//org.opensearch.sql.legacy.SQLIntegTestCase.executeRequest(SQLIntegTestCase.java:327)
	at app//org.opensearch.sql.legacy.SQLIntegTestCase.executeRequest(SQLIntegTestCase.java:322)
	at app//org.opensearch.sql.legacy.SQLIntegTestCase.executeRequest(SQLIntegTestCase.java:310)
	at app//org.opensearch.sql.legacy.SQLIntegTestCase.executeQuery(SQLIntegTestCase.java:293)
	at app//org.opensearch.sql.legacy.QueryIT.selectAllWithMultipleFields(QueryIT.java:131)
	at java.base@17.0.4.1/jdk.internal.reflect.NativeMethodAccessorImpl.invoke0(Native Method)
	at java.base@17.0.4.1/jdk.internal.reflect.NativeMethodAccessorImpl.invoke(NativeMethodAccessorImpl.java:77)
	at java.base@17.0.4.1/jdk.internal.reflect.DelegatingMethodAccessorImpl.invoke(DelegatingMethodAccessorImpl.java:43)
	at java.base@17.0.4.1/java.lang.reflect.Method.invoke(Method.java:568)
	at app//com.carrotsearch.randomizedtesting.RandomizedRunner.invoke(RandomizedRunner.java:1750)
	at app//com.carrotsearch.randomizedtesting.RandomizedRunner$8.evaluate(RandomizedRunner.java:938)
	at app//com.carrotsearch.randomizedtesting.RandomizedRunner$9.evaluate(RandomizedRunner.java:974)
	at app//com.carrotsearch.randomizedtesting.RandomizedRunner$10.evaluate(RandomizedRunner.java:988)
	at app//com.carrotsearch.randomizedtesting.rules.StatementAdapter.evaluate(StatementAdapter.java:36)
	at app//org.junit.rules.RunRules.evaluate(RunRules.java:20)
	at app//org.apache.lucene.tests.util.TestRuleSetupTeardownChained$1.evaluate(TestRuleSetupTeardownChained.java:48)
	at app//org.apache.lucene.tests.util.AbstractBeforeAfterRule$1.evaluate(AbstractBeforeAfterRule.java:43)
	at app//org.apache.lucene.tests.util.TestRuleThreadAndTestName$1.evaluate(TestRuleThreadAndTestName.java:45)
	at app//org.apache.lucene.tests.util.TestRuleIgnoreAfterMaxFailures$1.evaluate(TestRuleIgnoreAfterMaxFailures.java:60)
	at app//org.apache.lucene.tests.util.TestRuleMarkFailure$1.evaluate(TestRuleMarkFailure.java:44)
	at app//org.junit.rules.RunRules.evaluate(RunRules.java:20)
	at app//com.carrotsearch.randomizedtesting.rules.StatementAdapter.evaluate(StatementAdapter.java:36)
	at app//com.carrotsearch.randomizedtesting.ThreadLeakControl$StatementRunner.run(ThreadLeakControl.java:368)
	at app//com.carrotsearch.randomizedtesting.ThreadLeakControl.forkTimeoutingTask(ThreadLeakControl.java:817)
	at app//com.carrotsearch.randomizedtesting.ThreadLeakControl$3.evaluate(ThreadLeakControl.java:468)
	at app//com.carrotsearch.randomizedtesting.RandomizedRunner.runSingleTest(RandomizedRunner.java:947)
	at app//com.carrotsearch.randomizedtesting.RandomizedRunner$5.evaluate(RandomizedRunner.java:832)
	at app//com.carrotsearch.randomizedtesting.RandomizedRunner$6.evaluate(RandomizedRunner.java:883)
	at app//com.carrotsearch.randomizedtesting.RandomizedRunner$7.evaluate(RandomizedRunner.java:894)
	at app//org.apache.lucene.tests.util.AbstractBeforeAfterRule$1.evaluate(AbstractBeforeAfterRule.java:43)
	at app//com.carrotsearch.randomizedtesting.rules.StatementAdapter.evaluate(StatementAdapter.java:36)
	at app//org.apache.lucene.tests.util.TestRuleStoreClassName$1.evaluate(TestRuleStoreClassName.java:38)
	at app//com.carrotsearch.randomizedtesting.rules.NoShadowingOrOverridesOnMethodsRule$1.evaluate(NoShadowingOrOverridesOnMethodsRule.java:40)
	at app//com.carrotsearch.randomizedtesting.rules.NoShadowingOrOverridesOnMethodsRule$1.evaluate(NoShadowingOrOverridesOnMethodsRule.java:40)
	at app//com.carrotsearch.randomizedtesting.rules.StatementAdapter.evaluate(StatementAdapter.java:36)
	at app//com.carrotsearch.randomizedtesting.rules.StatementAdapter.evaluate(StatementAdapter.java:36)
	at app//org.apache.lucene.tests.util.TestRuleAssertionsRequired$1.evaluate(TestRuleAssertionsRequired.java:53)
	at app//org.apache.lucene.tests.util.AbstractBeforeAfterRule$1.evaluate(AbstractBeforeAfterRule.java:43)
	at app//org.apache.lucene.tests.util.TestRuleMarkFailure$1.evaluate(TestRuleMarkFailure.java:44)
	at app//org.apache.lucene.tests.util.TestRuleIgnoreAfterMaxFailures$1.evaluate(TestRuleIgnoreAfterMaxFailures.java:60)
	at app//org.apache.lucene.tests.util.TestRuleIgnoreTestSuites$1.evaluate(TestRuleIgnoreTestSuites.java:47)
	at app//org.junit.rules.RunRules.evaluate(RunRules.java:20)
	at app//com.carrotsearch.randomizedtesting.rules.StatementAdapter.evaluate(StatementAdapter.java:36)
	at app//com.carrotsearch.randomizedtesting.ThreadLeakControl$StatementRunner.run(ThreadLeakControl.java:368)
	at java.base@17.0.4.1/java.lang.Thread.run(Thread.java:833)
</failure>
  </testcase>
  <testcase name="orderByDescTest" classname="org.opensearch.sql.legacy.QueryIT" time="0.035">
    <failure message="org.opensearch.client.ResponseException: method [POST], host [http://[::1]:49775], URI [/_plugins/_sql?format=json], status line [HTTP/1.1 400 Bad Request]&#10;{&#10;  &quot;error&quot;: {&#10;    &quot;reason&quot;: &quot;Invalid SQL query&quot;,&#10;    &quot;details&quot;: &quot;Query is unsupported in the new engine&quot;,&#10;    &quot;type&quot;: &quot;SQLFeatureDisabledException&quot;&#10;  },&#10;  &quot;status&quot;: 400&#10;}" type="org.opensearch.client.ResponseException">org.opensearch.client.ResponseException: method [POST], host [http://[::1]:49775], URI [/_plugins/_sql?format=json], status line [HTTP/1.1 400 Bad Request]
{
  &quot;error&quot;: {
    &quot;reason&quot;: &quot;Invalid SQL query&quot;,
    &quot;details&quot;: &quot;Query is unsupported in the new engine&quot;,
    &quot;type&quot;: &quot;SQLFeatureDisabledException&quot;
  },
  &quot;status&quot;: 400
}
	at __randomizedtesting.SeedInfo.seed([B058E8962C1F801C:206ABC6535785654]:0)
	at app//org.opensearch.client.RestClient.convertResponse(RestClient.java:384)
	at app//org.opensearch.client.RestClient.performRequest(RestClient.java:354)
	at app//org.opensearch.client.RestClient.performRequest(RestClient.java:329)
	at app//org.opensearch.sql.legacy.SQLIntegTestCase.executeRequest(SQLIntegTestCase.java:327)
	at app//org.opensearch.sql.legacy.SQLIntegTestCase.executeRequest(SQLIntegTestCase.java:322)
	at app//org.opensearch.sql.legacy.SQLIntegTestCase.executeRequest(SQLIntegTestCase.java:310)
	at app//org.opensearch.sql.legacy.SQLIntegTestCase.executeQuery(SQLIntegTestCase.java:293)
	at app//org.opensearch.sql.legacy.QueryIT.orderByDescTest(QueryIT.java:910)
	at java.base@17.0.4.1/jdk.internal.reflect.NativeMethodAccessorImpl.invoke0(Native Method)
	at java.base@17.0.4.1/jdk.internal.reflect.NativeMethodAccessorImpl.invoke(NativeMethodAccessorImpl.java:77)
	at java.base@17.0.4.1/jdk.internal.reflect.DelegatingMethodAccessorImpl.invoke(DelegatingMethodAccessorImpl.java:43)
	at java.base@17.0.4.1/java.lang.reflect.Method.invoke(Method.java:568)
	at app//com.carrotsearch.randomizedtesting.RandomizedRunner.invoke(RandomizedRunner.java:1750)
	at app//com.carrotsearch.randomizedtesting.RandomizedRunner$8.evaluate(RandomizedRunner.java:938)
	at app//com.carrotsearch.randomizedtesting.RandomizedRunner$9.evaluate(RandomizedRunner.java:974)
	at app//com.carrotsearch.randomizedtesting.RandomizedRunner$10.evaluate(RandomizedRunner.java:988)
	at app//com.carrotsearch.randomizedtesting.rules.StatementAdapter.evaluate(StatementAdapter.java:36)
	at app//org.junit.rules.RunRules.evaluate(RunRules.java:20)
	at app//org.apache.lucene.tests.util.TestRuleSetupTeardownChained$1.evaluate(TestRuleSetupTeardownChained.java:48)
	at app//org.apache.lucene.tests.util.AbstractBeforeAfterRule$1.evaluate(AbstractBeforeAfterRule.java:43)
	at app//org.apache.lucene.tests.util.TestRuleThreadAndTestName$1.evaluate(TestRuleThreadAndTestName.java:45)
	at app//org.apache.lucene.tests.util.TestRuleIgnoreAfterMaxFailures$1.evaluate(TestRuleIgnoreAfterMaxFailures.java:60)
	at app//org.apache.lucene.tests.util.TestRuleMarkFailure$1.evaluate(TestRuleMarkFailure.java:44)
	at app//org.junit.rules.RunRules.evaluate(RunRules.java:20)
	at app//com.carrotsearch.randomizedtesting.rules.StatementAdapter.evaluate(StatementAdapter.java:36)
	at app//com.carrotsearch.randomizedtesting.ThreadLeakControl$StatementRunner.run(ThreadLeakControl.java:368)
	at app//com.carrotsearch.randomizedtesting.ThreadLeakControl.forkTimeoutingTask(ThreadLeakControl.java:817)
	at app//com.carrotsearch.randomizedtesting.ThreadLeakControl$3.evaluate(ThreadLeakControl.java:468)
	at app//com.carrotsearch.randomizedtesting.RandomizedRunner.runSingleTest(RandomizedRunner.java:947)
	at app//com.carrotsearch.randomizedtesting.RandomizedRunner$5.evaluate(RandomizedRunner.java:832)
	at app//com.carrotsearch.randomizedtesting.RandomizedRunner$6.evaluate(RandomizedRunner.java:883)
	at app//com.carrotsearch.randomizedtesting.RandomizedRunner$7.evaluate(RandomizedRunner.java:894)
	at app//org.apache.lucene.tests.util.AbstractBeforeAfterRule$1.evaluate(AbstractBeforeAfterRule.java:43)
	at app//com.carrotsearch.randomizedtesting.rules.StatementAdapter.evaluate(StatementAdapter.java:36)
	at app//org.apache.lucene.tests.util.TestRuleStoreClassName$1.evaluate(TestRuleStoreClassName.java:38)
	at app//com.carrotsearch.randomizedtesting.rules.NoShadowingOrOverridesOnMethodsRule$1.evaluate(NoShadowingOrOverridesOnMethodsRule.java:40)
	at app//com.carrotsearch.randomizedtesting.rules.NoShadowingOrOverridesOnMethodsRule$1.evaluate(NoShadowingOrOverridesOnMethodsRule.java:40)
	at app//com.carrotsearch.randomizedtesting.rules.StatementAdapter.evaluate(StatementAdapter.java:36)
	at app//com.carrotsearch.randomizedtesting.rules.StatementAdapter.evaluate(StatementAdapter.java:36)
	at app//org.apache.lucene.tests.util.TestRuleAssertionsRequired$1.evaluate(TestRuleAssertionsRequired.java:53)
	at app//org.apache.lucene.tests.util.AbstractBeforeAfterRule$1.evaluate(AbstractBeforeAfterRule.java:43)
	at app//org.apache.lucene.tests.util.TestRuleMarkFailure$1.evaluate(TestRuleMarkFailure.java:44)
	at app//org.apache.lucene.tests.util.TestRuleIgnoreAfterMaxFailures$1.evaluate(TestRuleIgnoreAfterMaxFailures.java:60)
	at app//org.apache.lucene.tests.util.TestRuleIgnoreTestSuites$1.evaluate(TestRuleIgnoreTestSuites.java:47)
	at app//org.junit.rules.RunRules.evaluate(RunRules.java:20)
	at app//com.carrotsearch.randomizedtesting.rules.StatementAdapter.evaluate(StatementAdapter.java:36)
	at app//com.carrotsearch.randomizedtesting.ThreadLeakControl$StatementRunner.run(ThreadLeakControl.java:368)
	at java.base@17.0.4.1/java.lang.Thread.run(Thread.java:833)
</failure>
  </testcase>
  <testcase name="escapedCharactersCheck" classname="org.opensearch.sql.legacy.QueryIT" time="0.0">
    <skipped/>
  </testcase>
  <testcase name="betweenTest" classname="org.opensearch.sql.legacy.QueryIT" time="0.04">
    <failure message="org.opensearch.client.ResponseException: method [POST], host [http://[::1]:49775], URI [/_plugins/_sql?format=json], status line [HTTP/1.1 400 Bad Request]&#10;{&#10;  &quot;error&quot;: {&#10;    &quot;reason&quot;: &quot;Invalid SQL query&quot;,&#10;    &quot;details&quot;: &quot;Query is unsupported in the new engine&quot;,&#10;    &quot;type&quot;: &quot;SQLFeatureDisabledException&quot;&#10;  },&#10;  &quot;status&quot;: 400&#10;}" type="org.opensearch.client.ResponseException">org.opensearch.client.ResponseException: method [POST], host [http://[::1]:49775], URI [/_plugins/_sql?format=json], status line [HTTP/1.1 400 Bad Request]
{
  &quot;error&quot;: {
    &quot;reason&quot;: &quot;Invalid SQL query&quot;,
    &quot;details&quot;: &quot;Query is unsupported in the new engine&quot;,
    &quot;type&quot;: &quot;SQLFeatureDisabledException&quot;
  },
  &quot;status&quot;: 400
}
	at __randomizedtesting.SeedInfo.seed([B058E8962C1F801C:846910B01F7CFE6F]:0)
	at app//org.opensearch.client.RestClient.convertResponse(RestClient.java:384)
	at app//org.opensearch.client.RestClient.performRequest(RestClient.java:354)
	at app//org.opensearch.client.RestClient.performRequest(RestClient.java:329)
	at app//org.opensearch.sql.legacy.SQLIntegTestCase.executeRequest(SQLIntegTestCase.java:327)
	at app//org.opensearch.sql.legacy.SQLIntegTestCase.executeRequest(SQLIntegTestCase.java:322)
	at app//org.opensearch.sql.legacy.SQLIntegTestCase.executeRequest(SQLIntegTestCase.java:310)
	at app//org.opensearch.sql.legacy.SQLIntegTestCase.executeQuery(SQLIntegTestCase.java:293)
	at app//org.opensearch.sql.legacy.QueryIT.betweenTest(QueryIT.java:541)
	at java.base@17.0.4.1/jdk.internal.reflect.NativeMethodAccessorImpl.invoke0(Native Method)
	at java.base@17.0.4.1/jdk.internal.reflect.NativeMethodAccessorImpl.invoke(NativeMethodAccessorImpl.java:77)
	at java.base@17.0.4.1/jdk.internal.reflect.DelegatingMethodAccessorImpl.invoke(DelegatingMethodAccessorImpl.java:43)
	at java.base@17.0.4.1/java.lang.reflect.Method.invoke(Method.java:568)
	at app//com.carrotsearch.randomizedtesting.RandomizedRunner.invoke(RandomizedRunner.java:1750)
	at app//com.carrotsearch.randomizedtesting.RandomizedRunner$8.evaluate(RandomizedRunner.java:938)
	at app//com.carrotsearch.randomizedtesting.RandomizedRunner$9.evaluate(RandomizedRunner.java:974)
	at app//com.carrotsearch.randomizedtesting.RandomizedRunner$10.evaluate(RandomizedRunner.java:988)
	at app//com.carrotsearch.randomizedtesting.rules.StatementAdapter.evaluate(StatementAdapter.java:36)
	at app//org.junit.rules.RunRules.evaluate(RunRules.java:20)
	at app//org.apache.lucene.tests.util.TestRuleSetupTeardownChained$1.evaluate(TestRuleSetupTeardownChained.java:48)
	at app//org.apache.lucene.tests.util.AbstractBeforeAfterRule$1.evaluate(AbstractBeforeAfterRule.java:43)
	at app//org.apache.lucene.tests.util.TestRuleThreadAndTestName$1.evaluate(TestRuleThreadAndTestName.java:45)
	at app//org.apache.lucene.tests.util.TestRuleIgnoreAfterMaxFailures$1.evaluate(TestRuleIgnoreAfterMaxFailures.java:60)
	at app//org.apache.lucene.tests.util.TestRuleMarkFailure$1.evaluate(TestRuleMarkFailure.java:44)
	at app//org.junit.rules.RunRules.evaluate(RunRules.java:20)
	at app//com.carrotsearch.randomizedtesting.rules.StatementAdapter.evaluate(StatementAdapter.java:36)
	at app//com.carrotsearch.randomizedtesting.ThreadLeakControl$StatementRunner.run(ThreadLeakControl.java:368)
	at app//com.carrotsearch.randomizedtesting.ThreadLeakControl.forkTimeoutingTask(ThreadLeakControl.java:817)
	at app//com.carrotsearch.randomizedtesting.ThreadLeakControl$3.evaluate(ThreadLeakControl.java:468)
	at app//com.carrotsearch.randomizedtesting.RandomizedRunner.runSingleTest(RandomizedRunner.java:947)
	at app//com.carrotsearch.randomizedtesting.RandomizedRunner$5.evaluate(RandomizedRunner.java:832)
	at app//com.carrotsearch.randomizedtesting.RandomizedRunner$6.evaluate(RandomizedRunner.java:883)
	at app//com.carrotsearch.randomizedtesting.RandomizedRunner$7.evaluate(RandomizedRunner.java:894)
	at app//org.apache.lucene.tests.util.AbstractBeforeAfterRule$1.evaluate(AbstractBeforeAfterRule.java:43)
	at app//com.carrotsearch.randomizedtesting.rules.StatementAdapter.evaluate(StatementAdapter.java:36)
	at app//org.apache.lucene.tests.util.TestRuleStoreClassName$1.evaluate(TestRuleStoreClassName.java:38)
	at app//com.carrotsearch.randomizedtesting.rules.NoShadowingOrOverridesOnMethodsRule$1.evaluate(NoShadowingOrOverridesOnMethodsRule.java:40)
	at app//com.carrotsearch.randomizedtesting.rules.NoShadowingOrOverridesOnMethodsRule$1.evaluate(NoShadowingOrOverridesOnMethodsRule.java:40)
	at app//com.carrotsearch.randomizedtesting.rules.StatementAdapter.evaluate(StatementAdapter.java:36)
	at app//com.carrotsearch.randomizedtesting.rules.StatementAdapter.evaluate(StatementAdapter.java:36)
	at app//org.apache.lucene.tests.util.TestRuleAssertionsRequired$1.evaluate(TestRuleAssertionsRequired.java:53)
	at app//org.apache.lucene.tests.util.AbstractBeforeAfterRule$1.evaluate(AbstractBeforeAfterRule.java:43)
	at app//org.apache.lucene.tests.util.TestRuleMarkFailure$1.evaluate(TestRuleMarkFailure.java:44)
	at app//org.apache.lucene.tests.util.TestRuleIgnoreAfterMaxFailures$1.evaluate(TestRuleIgnoreAfterMaxFailures.java:60)
	at app//org.apache.lucene.tests.util.TestRuleIgnoreTestSuites$1.evaluate(TestRuleIgnoreTestSuites.java:47)
	at app//org.junit.rules.RunRules.evaluate(RunRules.java:20)
	at app//com.carrotsearch.randomizedtesting.rules.StatementAdapter.evaluate(StatementAdapter.java:36)
	at app//com.carrotsearch.randomizedtesting.ThreadLeakControl$StatementRunner.run(ThreadLeakControl.java:368)
	at java.base@17.0.4.1/java.lang.Thread.run(Thread.java:833)
</failure>
  </testcase>
  <testcase name="regexQueryTest" classname="org.opensearch.sql.legacy.QueryIT" time="0.035">
    <failure message="org.opensearch.client.ResponseException: method [POST], host [http://[::1]:49775], URI [/_plugins/_sql?format=json], status line [HTTP/1.1 400 Bad Request]&#10;{&#10;  &quot;error&quot;: {&#10;    &quot;reason&quot;: &quot;Invalid SQL query&quot;,&#10;    &quot;details&quot;: &quot;Query is unsupported in the new engine&quot;,&#10;    &quot;type&quot;: &quot;SQLFeatureDisabledException&quot;&#10;  },&#10;  &quot;status&quot;: 400&#10;}" type="org.opensearch.client.ResponseException">org.opensearch.client.ResponseException: method [POST], host [http://[::1]:49775], URI [/_plugins/_sql?format=json], status line [HTTP/1.1 400 Bad Request]
{
  &quot;error&quot;: {
    &quot;reason&quot;: &quot;Invalid SQL query&quot;,
    &quot;details&quot;: &quot;Query is unsupported in the new engine&quot;,
    &quot;type&quot;: &quot;SQLFeatureDisabledException&quot;
  },
  &quot;status&quot;: 400
}
	at __randomizedtesting.SeedInfo.seed([B058E8962C1F801C:18879F6A451496F9]:0)
	at app//org.opensearch.client.RestClient.convertResponse(RestClient.java:384)
	at app//org.opensearch.client.RestClient.performRequest(RestClient.java:354)
	at app//org.opensearch.client.RestClient.performRequest(RestClient.java:329)
	at app//org.opensearch.sql.legacy.SQLIntegTestCase.executeRequest(SQLIntegTestCase.java:327)
	at app//org.opensearch.sql.legacy.SQLIntegTestCase.executeRequest(SQLIntegTestCase.java:322)
	at app//org.opensearch.sql.legacy.SQLIntegTestCase.executeRequest(SQLIntegTestCase.java:310)
	at app//org.opensearch.sql.legacy.SQLIntegTestCase.executeQuery(SQLIntegTestCase.java:293)
	at app//org.opensearch.sql.legacy.QueryIT.regexQueryTest(QueryIT.java:459)
	at java.base@17.0.4.1/jdk.internal.reflect.NativeMethodAccessorImpl.invoke0(Native Method)
	at java.base@17.0.4.1/jdk.internal.reflect.NativeMethodAccessorImpl.invoke(NativeMethodAccessorImpl.java:77)
	at java.base@17.0.4.1/jdk.internal.reflect.DelegatingMethodAccessorImpl.invoke(DelegatingMethodAccessorImpl.java:43)
	at java.base@17.0.4.1/java.lang.reflect.Method.invoke(Method.java:568)
	at app//com.carrotsearch.randomizedtesting.RandomizedRunner.invoke(RandomizedRunner.java:1750)
	at app//com.carrotsearch.randomizedtesting.RandomizedRunner$8.evaluate(RandomizedRunner.java:938)
	at app//com.carrotsearch.randomizedtesting.RandomizedRunner$9.evaluate(RandomizedRunner.java:974)
	at app//com.carrotsearch.randomizedtesting.RandomizedRunner$10.evaluate(RandomizedRunner.java:988)
	at app//com.carrotsearch.randomizedtesting.rules.StatementAdapter.evaluate(StatementAdapter.java:36)
	at app//org.junit.rules.RunRules.evaluate(RunRules.java:20)
	at app//org.apache.lucene.tests.util.TestRuleSetupTeardownChained$1.evaluate(TestRuleSetupTeardownChained.java:48)
	at app//org.apache.lucene.tests.util.AbstractBeforeAfterRule$1.evaluate(AbstractBeforeAfterRule.java:43)
	at app//org.apache.lucene.tests.util.TestRuleThreadAndTestName$1.evaluate(TestRuleThreadAndTestName.java:45)
	at app//org.apache.lucene.tests.util.TestRuleIgnoreAfterMaxFailures$1.evaluate(TestRuleIgnoreAfterMaxFailures.java:60)
	at app//org.apache.lucene.tests.util.TestRuleMarkFailure$1.evaluate(TestRuleMarkFailure.java:44)
	at app//org.junit.rules.RunRules.evaluate(RunRules.java:20)
	at app//com.carrotsearch.randomizedtesting.rules.StatementAdapter.evaluate(StatementAdapter.java:36)
	at app//com.carrotsearch.randomizedtesting.ThreadLeakControl$StatementRunner.run(ThreadLeakControl.java:368)
	at app//com.carrotsearch.randomizedtesting.ThreadLeakControl.forkTimeoutingTask(ThreadLeakControl.java:817)
	at app//com.carrotsearch.randomizedtesting.ThreadLeakControl$3.evaluate(ThreadLeakControl.java:468)
	at app//com.carrotsearch.randomizedtesting.RandomizedRunner.runSingleTest(RandomizedRunner.java:947)
	at app//com.carrotsearch.randomizedtesting.RandomizedRunner$5.evaluate(RandomizedRunner.java:832)
	at app//com.carrotsearch.randomizedtesting.RandomizedRunner$6.evaluate(RandomizedRunner.java:883)
	at app//com.carrotsearch.randomizedtesting.RandomizedRunner$7.evaluate(RandomizedRunner.java:894)
	at app//org.apache.lucene.tests.util.AbstractBeforeAfterRule$1.evaluate(AbstractBeforeAfterRule.java:43)
	at app//com.carrotsearch.randomizedtesting.rules.StatementAdapter.evaluate(StatementAdapter.java:36)
	at app//org.apache.lucene.tests.util.TestRuleStoreClassName$1.evaluate(TestRuleStoreClassName.java:38)
	at app//com.carrotsearch.randomizedtesting.rules.NoShadowingOrOverridesOnMethodsRule$1.evaluate(NoShadowingOrOverridesOnMethodsRule.java:40)
	at app//com.carrotsearch.randomizedtesting.rules.NoShadowingOrOverridesOnMethodsRule$1.evaluate(NoShadowingOrOverridesOnMethodsRule.java:40)
	at app//com.carrotsearch.randomizedtesting.rules.StatementAdapter.evaluate(StatementAdapter.java:36)
	at app//com.carrotsearch.randomizedtesting.rules.StatementAdapter.evaluate(StatementAdapter.java:36)
	at app//org.apache.lucene.tests.util.TestRuleAssertionsRequired$1.evaluate(TestRuleAssertionsRequired.java:53)
	at app//org.apache.lucene.tests.util.AbstractBeforeAfterRule$1.evaluate(AbstractBeforeAfterRule.java:43)
	at app//org.apache.lucene.tests.util.TestRuleMarkFailure$1.evaluate(TestRuleMarkFailure.java:44)
	at app//org.apache.lucene.tests.util.TestRuleIgnoreAfterMaxFailures$1.evaluate(TestRuleIgnoreAfterMaxFailures.java:60)
	at app//org.apache.lucene.tests.util.TestRuleIgnoreTestSuites$1.evaluate(TestRuleIgnoreTestSuites.java:47)
	at app//org.junit.rules.RunRules.evaluate(RunRules.java:20)
	at app//com.carrotsearch.randomizedtesting.rules.StatementAdapter.evaluate(StatementAdapter.java:36)
	at app//com.carrotsearch.randomizedtesting.ThreadLeakControl$StatementRunner.run(ThreadLeakControl.java:368)
	at java.base@17.0.4.1/java.lang.Thread.run(Thread.java:833)
</failure>
  </testcase>
  <testcase name="doubleNotTest" classname="org.opensearch.sql.legacy.QueryIT" time="0.035">
    <failure message="org.opensearch.client.ResponseException: method [POST], host [http://[::1]:49775], URI [/_plugins/_sql?format=json], status line [HTTP/1.1 400 Bad Request]&#10;{&#10;  &quot;error&quot;: {&#10;    &quot;reason&quot;: &quot;Invalid SQL query&quot;,&#10;    &quot;details&quot;: &quot;Query is unsupported in the new engine&quot;,&#10;    &quot;type&quot;: &quot;SQLFeatureDisabledException&quot;&#10;  },&#10;  &quot;status&quot;: 400&#10;}" type="org.opensearch.client.ResponseException">org.opensearch.client.ResponseException: method [POST], host [http://[::1]:49775], URI [/_plugins/_sql?format=json], status line [HTTP/1.1 400 Bad Request]
{
  &quot;error&quot;: {
    &quot;reason&quot;: &quot;Invalid SQL query&quot;,
    &quot;details&quot;: &quot;Query is unsupported in the new engine&quot;,
    &quot;type&quot;: &quot;SQLFeatureDisabledException&quot;
  },
  &quot;status&quot;: 400
}
	at __randomizedtesting.SeedInfo.seed([B058E8962C1F801C:3CF80A3EE0C73C2C]:0)
	at app//org.opensearch.client.RestClient.convertResponse(RestClient.java:384)
	at app//org.opensearch.client.RestClient.performRequest(RestClient.java:354)
	at app//org.opensearch.client.RestClient.performRequest(RestClient.java:329)
	at app//org.opensearch.sql.legacy.SQLIntegTestCase.executeRequest(SQLIntegTestCase.java:327)
	at app//org.opensearch.sql.legacy.SQLIntegTestCase.executeRequest(SQLIntegTestCase.java:322)
	at app//org.opensearch.sql.legacy.SQLIntegTestCase.executeRequest(SQLIntegTestCase.java:310)
	at app//org.opensearch.sql.legacy.SQLIntegTestCase.executeQuery(SQLIntegTestCase.java:293)
	at app//org.opensearch.sql.legacy.QueryIT.doubleNotTest(QueryIT.java:492)
	at java.base@17.0.4.1/jdk.internal.reflect.NativeMethodAccessorImpl.invoke0(Native Method)
	at java.base@17.0.4.1/jdk.internal.reflect.NativeMethodAccessorImpl.invoke(NativeMethodAccessorImpl.java:77)
	at java.base@17.0.4.1/jdk.internal.reflect.DelegatingMethodAccessorImpl.invoke(DelegatingMethodAccessorImpl.java:43)
	at java.base@17.0.4.1/java.lang.reflect.Method.invoke(Method.java:568)
	at app//com.carrotsearch.randomizedtesting.RandomizedRunner.invoke(RandomizedRunner.java:1750)
	at app//com.carrotsearch.randomizedtesting.RandomizedRunner$8.evaluate(RandomizedRunner.java:938)
	at app//com.carrotsearch.randomizedtesting.RandomizedRunner$9.evaluate(RandomizedRunner.java:974)
	at app//com.carrotsearch.randomizedtesting.RandomizedRunner$10.evaluate(RandomizedRunner.java:988)
	at app//com.carrotsearch.randomizedtesting.rules.StatementAdapter.evaluate(StatementAdapter.java:36)
	at app//org.junit.rules.RunRules.evaluate(RunRules.java:20)
	at app//org.apache.lucene.tests.util.TestRuleSetupTeardownChained$1.evaluate(TestRuleSetupTeardownChained.java:48)
	at app//org.apache.lucene.tests.util.AbstractBeforeAfterRule$1.evaluate(AbstractBeforeAfterRule.java:43)
	at app//org.apache.lucene.tests.util.TestRuleThreadAndTestName$1.evaluate(TestRuleThreadAndTestName.java:45)
	at app//org.apache.lucene.tests.util.TestRuleIgnoreAfterMaxFailures$1.evaluate(TestRuleIgnoreAfterMaxFailures.java:60)
	at app//org.apache.lucene.tests.util.TestRuleMarkFailure$1.evaluate(TestRuleMarkFailure.java:44)
	at app//org.junit.rules.RunRules.evaluate(RunRules.java:20)
	at app//com.carrotsearch.randomizedtesting.rules.StatementAdapter.evaluate(StatementAdapter.java:36)
	at app//com.carrotsearch.randomizedtesting.ThreadLeakControl$StatementRunner.run(ThreadLeakControl.java:368)
	at app//com.carrotsearch.randomizedtesting.ThreadLeakControl.forkTimeoutingTask(ThreadLeakControl.java:817)
	at app//com.carrotsearch.randomizedtesting.ThreadLeakControl$3.evaluate(ThreadLeakControl.java:468)
	at app//com.carrotsearch.randomizedtesting.RandomizedRunner.runSingleTest(RandomizedRunner.java:947)
	at app//com.carrotsearch.randomizedtesting.RandomizedRunner$5.evaluate(RandomizedRunner.java:832)
	at app//com.carrotsearch.randomizedtesting.RandomizedRunner$6.evaluate(RandomizedRunner.java:883)
	at app//com.carrotsearch.randomizedtesting.RandomizedRunner$7.evaluate(RandomizedRunner.java:894)
	at app//org.apache.lucene.tests.util.AbstractBeforeAfterRule$1.evaluate(AbstractBeforeAfterRule.java:43)
	at app//com.carrotsearch.randomizedtesting.rules.StatementAdapter.evaluate(StatementAdapter.java:36)
	at app//org.apache.lucene.tests.util.TestRuleStoreClassName$1.evaluate(TestRuleStoreClassName.java:38)
	at app//com.carrotsearch.randomizedtesting.rules.NoShadowingOrOverridesOnMethodsRule$1.evaluate(NoShadowingOrOverridesOnMethodsRule.java:40)
	at app//com.carrotsearch.randomizedtesting.rules.NoShadowingOrOverridesOnMethodsRule$1.evaluate(NoShadowingOrOverridesOnMethodsRule.java:40)
	at app//com.carrotsearch.randomizedtesting.rules.StatementAdapter.evaluate(StatementAdapter.java:36)
	at app//com.carrotsearch.randomizedtesting.rules.StatementAdapter.evaluate(StatementAdapter.java:36)
	at app//org.apache.lucene.tests.util.TestRuleAssertionsRequired$1.evaluate(TestRuleAssertionsRequired.java:53)
	at app//org.apache.lucene.tests.util.AbstractBeforeAfterRule$1.evaluate(AbstractBeforeAfterRule.java:43)
	at app//org.apache.lucene.tests.util.TestRuleMarkFailure$1.evaluate(TestRuleMarkFailure.java:44)
	at app//org.apache.lucene.tests.util.TestRuleIgnoreAfterMaxFailures$1.evaluate(TestRuleIgnoreAfterMaxFailures.java:60)
	at app//org.apache.lucene.tests.util.TestRuleIgnoreTestSuites$1.evaluate(TestRuleIgnoreTestSuites.java:47)
	at app//org.junit.rules.RunRules.evaluate(RunRules.java:20)
	at app//com.carrotsearch.randomizedtesting.rules.StatementAdapter.evaluate(StatementAdapter.java:36)
	at app//com.carrotsearch.randomizedtesting.ThreadLeakControl$StatementRunner.run(ThreadLeakControl.java:368)
	at java.base@17.0.4.1/java.lang.Thread.run(Thread.java:833)
</failure>
  </testcase>
  <testcase name="isNotNullTest" classname="org.opensearch.sql.legacy.QueryIT" time="0.035">
    <failure message="org.opensearch.client.ResponseException: method [POST], host [http://[::1]:49775], URI [/_plugins/_sql?format=json], status line [HTTP/1.1 400 Bad Request]&#10;{&#10;  &quot;error&quot;: {&#10;    &quot;reason&quot;: &quot;Invalid SQL query&quot;,&#10;    &quot;details&quot;: &quot;Query is unsupported in the new engine&quot;,&#10;    &quot;type&quot;: &quot;SQLFeatureDisabledException&quot;&#10;  },&#10;  &quot;status&quot;: 400&#10;}" type="org.opensearch.client.ResponseException">org.opensearch.client.ResponseException: method [POST], host [http://[::1]:49775], URI [/_plugins/_sql?format=json], status line [HTTP/1.1 400 Bad Request]
{
  &quot;error&quot;: {
    &quot;reason&quot;: &quot;Invalid SQL query&quot;,
    &quot;details&quot;: &quot;Query is unsupported in the new engine&quot;,
    &quot;type&quot;: &quot;SQLFeatureDisabledException&quot;
  },
  &quot;status&quot;: 400
}
	at __randomizedtesting.SeedInfo.seed([B058E8962C1F801C:2D7EFE9FDDACA63C]:0)
	at app//org.opensearch.client.RestClient.convertResponse(RestClient.java:384)
	at app//org.opensearch.client.RestClient.performRequest(RestClient.java:354)
	at app//org.opensearch.client.RestClient.performRequest(RestClient.java:329)
	at app//org.opensearch.sql.legacy.SQLIntegTestCase.executeRequest(SQLIntegTestCase.java:327)
	at app//org.opensearch.sql.legacy.SQLIntegTestCase.executeRequest(SQLIntegTestCase.java:322)
	at app//org.opensearch.sql.legacy.SQLIntegTestCase.executeRequest(SQLIntegTestCase.java:310)
	at app//org.opensearch.sql.legacy.SQLIntegTestCase.executeQuery(SQLIntegTestCase.java:293)
	at app//org.opensearch.sql.legacy.QueryIT.isNotNullTest(QueryIT.java:1309)
	at java.base@17.0.4.1/jdk.internal.reflect.NativeMethodAccessorImpl.invoke0(Native Method)
	at java.base@17.0.4.1/jdk.internal.reflect.NativeMethodAccessorImpl.invoke(NativeMethodAccessorImpl.java:77)
	at java.base@17.0.4.1/jdk.internal.reflect.DelegatingMethodAccessorImpl.invoke(DelegatingMethodAccessorImpl.java:43)
	at java.base@17.0.4.1/java.lang.reflect.Method.invoke(Method.java:568)
	at app//com.carrotsearch.randomizedtesting.RandomizedRunner.invoke(RandomizedRunner.java:1750)
	at app//com.carrotsearch.randomizedtesting.RandomizedRunner$8.evaluate(RandomizedRunner.java:938)
	at app//com.carrotsearch.randomizedtesting.RandomizedRunner$9.evaluate(RandomizedRunner.java:974)
	at app//com.carrotsearch.randomizedtesting.RandomizedRunner$10.evaluate(RandomizedRunner.java:988)
	at app//com.carrotsearch.randomizedtesting.rules.StatementAdapter.evaluate(StatementAdapter.java:36)
	at app//org.junit.rules.RunRules.evaluate(RunRules.java:20)
	at app//org.apache.lucene.tests.util.TestRuleSetupTeardownChained$1.evaluate(TestRuleSetupTeardownChained.java:48)
	at app//org.apache.lucene.tests.util.AbstractBeforeAfterRule$1.evaluate(AbstractBeforeAfterRule.java:43)
	at app//org.apache.lucene.tests.util.TestRuleThreadAndTestName$1.evaluate(TestRuleThreadAndTestName.java:45)
	at app//org.apache.lucene.tests.util.TestRuleIgnoreAfterMaxFailures$1.evaluate(TestRuleIgnoreAfterMaxFailures.java:60)
	at app//org.apache.lucene.tests.util.TestRuleMarkFailure$1.evaluate(TestRuleMarkFailure.java:44)
	at app//org.junit.rules.RunRules.evaluate(RunRules.java:20)
	at app//com.carrotsearch.randomizedtesting.rules.StatementAdapter.evaluate(StatementAdapter.java:36)
	at app//com.carrotsearch.randomizedtesting.ThreadLeakControl$StatementRunner.run(ThreadLeakControl.java:368)
	at app//com.carrotsearch.randomizedtesting.ThreadLeakControl.forkTimeoutingTask(ThreadLeakControl.java:817)
	at app//com.carrotsearch.randomizedtesting.ThreadLeakControl$3.evaluate(ThreadLeakControl.java:468)
	at app//com.carrotsearch.randomizedtesting.RandomizedRunner.runSingleTest(RandomizedRunner.java:947)
	at app//com.carrotsearch.randomizedtesting.RandomizedRunner$5.evaluate(RandomizedRunner.java:832)
	at app//com.carrotsearch.randomizedtesting.RandomizedRunner$6.evaluate(RandomizedRunner.java:883)
	at app//com.carrotsearch.randomizedtesting.RandomizedRunner$7.evaluate(RandomizedRunner.java:894)
	at app//org.apache.lucene.tests.util.AbstractBeforeAfterRule$1.evaluate(AbstractBeforeAfterRule.java:43)
	at app//com.carrotsearch.randomizedtesting.rules.StatementAdapter.evaluate(StatementAdapter.java:36)
	at app//org.apache.lucene.tests.util.TestRuleStoreClassName$1.evaluate(TestRuleStoreClassName.java:38)
	at app//com.carrotsearch.randomizedtesting.rules.NoShadowingOrOverridesOnMethodsRule$1.evaluate(NoShadowingOrOverridesOnMethodsRule.java:40)
	at app//com.carrotsearch.randomizedtesting.rules.NoShadowingOrOverridesOnMethodsRule$1.evaluate(NoShadowingOrOverridesOnMethodsRule.java:40)
	at app//com.carrotsearch.randomizedtesting.rules.StatementAdapter.evaluate(StatementAdapter.java:36)
	at app//com.carrotsearch.randomizedtesting.rules.StatementAdapter.evaluate(StatementAdapter.java:36)
	at app//org.apache.lucene.tests.util.TestRuleAssertionsRequired$1.evaluate(TestRuleAssertionsRequired.java:53)
	at app//org.apache.lucene.tests.util.AbstractBeforeAfterRule$1.evaluate(AbstractBeforeAfterRule.java:43)
	at app//org.apache.lucene.tests.util.TestRuleMarkFailure$1.evaluate(TestRuleMarkFailure.java:44)
	at app//org.apache.lucene.tests.util.TestRuleIgnoreAfterMaxFailures$1.evaluate(TestRuleIgnoreAfterMaxFailures.java:60)
	at app//org.apache.lucene.tests.util.TestRuleIgnoreTestSuites$1.evaluate(TestRuleIgnoreTestSuites.java:47)
	at app//org.junit.rules.RunRules.evaluate(RunRules.java:20)
	at app//com.carrotsearch.randomizedtesting.rules.StatementAdapter.evaluate(StatementAdapter.java:36)
	at app//com.carrotsearch.randomizedtesting.ThreadLeakControl$StatementRunner.run(ThreadLeakControl.java:368)
	at java.base@17.0.4.1/java.lang.Thread.run(Thread.java:833)
</failure>
  </testcase>
  <testcase name="multipleFromTest" classname="org.opensearch.sql.legacy.QueryIT" time="0.034">
    <failure message="org.opensearch.client.ResponseException: method [POST], host [http://[::1]:49775], URI [/_plugins/_sql?format=json], status line [HTTP/1.1 400 Bad Request]&#10;{&#10;  &quot;error&quot;: {&#10;    &quot;reason&quot;: &quot;Invalid SQL query&quot;,&#10;    &quot;details&quot;: &quot;Query is unsupported in the new engine&quot;,&#10;    &quot;type&quot;: &quot;SQLFeatureDisabledException&quot;&#10;  },&#10;  &quot;status&quot;: 400&#10;}" type="org.opensearch.client.ResponseException">org.opensearch.client.ResponseException: method [POST], host [http://[::1]:49775], URI [/_plugins/_sql?format=json], status line [HTTP/1.1 400 Bad Request]
{
  &quot;error&quot;: {
    &quot;reason&quot;: &quot;Invalid SQL query&quot;,
    &quot;details&quot;: &quot;Query is unsupported in the new engine&quot;,
    &quot;type&quot;: &quot;SQLFeatureDisabledException&quot;
  },
  &quot;status&quot;: 400
}
	at __randomizedtesting.SeedInfo.seed([B058E8962C1F801C:5D0C3B138E90638E]:0)
	at app//org.opensearch.client.RestClient.convertResponse(RestClient.java:384)
	at app//org.opensearch.client.RestClient.performRequest(RestClient.java:354)
	at app//org.opensearch.client.RestClient.performRequest(RestClient.java:329)
	at app//org.opensearch.sql.legacy.SQLIntegTestCase.executeRequest(SQLIntegTestCase.java:327)
	at app//org.opensearch.sql.legacy.SQLIntegTestCase.executeRequest(SQLIntegTestCase.java:322)
	at app//org.opensearch.sql.legacy.SQLIntegTestCase.executeRequest(SQLIntegTestCase.java:310)
	at app//org.opensearch.sql.legacy.SQLIntegTestCase.executeQuery(SQLIntegTestCase.java:293)
	at app//org.opensearch.sql.legacy.QueryIT.multipleFromTest(QueryIT.java:98)
	at java.base@17.0.4.1/jdk.internal.reflect.NativeMethodAccessorImpl.invoke0(Native Method)
	at java.base@17.0.4.1/jdk.internal.reflect.NativeMethodAccessorImpl.invoke(NativeMethodAccessorImpl.java:77)
	at java.base@17.0.4.1/jdk.internal.reflect.DelegatingMethodAccessorImpl.invoke(DelegatingMethodAccessorImpl.java:43)
	at java.base@17.0.4.1/java.lang.reflect.Method.invoke(Method.java:568)
	at app//com.carrotsearch.randomizedtesting.RandomizedRunner.invoke(RandomizedRunner.java:1750)
	at app//com.carrotsearch.randomizedtesting.RandomizedRunner$8.evaluate(RandomizedRunner.java:938)
	at app//com.carrotsearch.randomizedtesting.RandomizedRunner$9.evaluate(RandomizedRunner.java:974)
	at app//com.carrotsearch.randomizedtesting.RandomizedRunner$10.evaluate(RandomizedRunner.java:988)
	at app//com.carrotsearch.randomizedtesting.rules.StatementAdapter.evaluate(StatementAdapter.java:36)
	at app//org.junit.rules.RunRules.evaluate(RunRules.java:20)
	at app//org.apache.lucene.tests.util.TestRuleSetupTeardownChained$1.evaluate(TestRuleSetupTeardownChained.java:48)
	at app//org.apache.lucene.tests.util.AbstractBeforeAfterRule$1.evaluate(AbstractBeforeAfterRule.java:43)
	at app//org.apache.lucene.tests.util.TestRuleThreadAndTestName$1.evaluate(TestRuleThreadAndTestName.java:45)
	at app//org.apache.lucene.tests.util.TestRuleIgnoreAfterMaxFailures$1.evaluate(TestRuleIgnoreAfterMaxFailures.java:60)
	at app//org.apache.lucene.tests.util.TestRuleMarkFailure$1.evaluate(TestRuleMarkFailure.java:44)
	at app//org.junit.rules.RunRules.evaluate(RunRules.java:20)
	at app//com.carrotsearch.randomizedtesting.rules.StatementAdapter.evaluate(StatementAdapter.java:36)
	at app//com.carrotsearch.randomizedtesting.ThreadLeakControl$StatementRunner.run(ThreadLeakControl.java:368)
	at app//com.carrotsearch.randomizedtesting.ThreadLeakControl.forkTimeoutingTask(ThreadLeakControl.java:817)
	at app//com.carrotsearch.randomizedtesting.ThreadLeakControl$3.evaluate(ThreadLeakControl.java:468)
	at app//com.carrotsearch.randomizedtesting.RandomizedRunner.runSingleTest(RandomizedRunner.java:947)
	at app//com.carrotsearch.randomizedtesting.RandomizedRunner$5.evaluate(RandomizedRunner.java:832)
	at app//com.carrotsearch.randomizedtesting.RandomizedRunner$6.evaluate(RandomizedRunner.java:883)
	at app//com.carrotsearch.randomizedtesting.RandomizedRunner$7.evaluate(RandomizedRunner.java:894)
	at app//org.apache.lucene.tests.util.AbstractBeforeAfterRule$1.evaluate(AbstractBeforeAfterRule.java:43)
	at app//com.carrotsearch.randomizedtesting.rules.StatementAdapter.evaluate(StatementAdapter.java:36)
	at app//org.apache.lucene.tests.util.TestRuleStoreClassName$1.evaluate(TestRuleStoreClassName.java:38)
	at app//com.carrotsearch.randomizedtesting.rules.NoShadowingOrOverridesOnMethodsRule$1.evaluate(NoShadowingOrOverridesOnMethodsRule.java:40)
	at app//com.carrotsearch.randomizedtesting.rules.NoShadowingOrOverridesOnMethodsRule$1.evaluate(NoShadowingOrOverridesOnMethodsRule.java:40)
	at app//com.carrotsearch.randomizedtesting.rules.StatementAdapter.evaluate(StatementAdapter.java:36)
	at app//com.carrotsearch.randomizedtesting.rules.StatementAdapter.evaluate(StatementAdapter.java:36)
	at app//org.apache.lucene.tests.util.TestRuleAssertionsRequired$1.evaluate(TestRuleAssertionsRequired.java:53)
	at app//org.apache.lucene.tests.util.AbstractBeforeAfterRule$1.evaluate(AbstractBeforeAfterRule.java:43)
	at app//org.apache.lucene.tests.util.TestRuleMarkFailure$1.evaluate(TestRuleMarkFailure.java:44)
	at app//org.apache.lucene.tests.util.TestRuleIgnoreAfterMaxFailures$1.evaluate(TestRuleIgnoreAfterMaxFailures.java:60)
	at app//org.apache.lucene.tests.util.TestRuleIgnoreTestSuites$1.evaluate(TestRuleIgnoreTestSuites.java:47)
	at app//org.junit.rules.RunRules.evaluate(RunRules.java:20)
	at app//com.carrotsearch.randomizedtesting.rules.StatementAdapter.evaluate(StatementAdapter.java:36)
	at app//com.carrotsearch.randomizedtesting.ThreadLeakControl$StatementRunner.run(ThreadLeakControl.java:368)
	at java.base@17.0.4.1/java.lang.Thread.run(Thread.java:833)
</failure>
  </testcase>
  <testcase name="testWhereWithBoolEqualsFalseAndOrderBy" classname="org.opensearch.sql.legacy.QueryIT" time="0.038">
    <failure message="org.opensearch.client.ResponseException: method [POST], host [http://[::1]:49775], URI [/_plugins/_sql?format=json], status line [HTTP/1.1 400 Bad Request]&#10;{&#10;  &quot;error&quot;: {&#10;    &quot;reason&quot;: &quot;Invalid SQL query&quot;,&#10;    &quot;details&quot;: &quot;Query is unsupported in the new engine&quot;,&#10;    &quot;type&quot;: &quot;SQLFeatureDisabledException&quot;&#10;  },&#10;  &quot;status&quot;: 400&#10;}" type="org.opensearch.client.ResponseException">org.opensearch.client.ResponseException: method [POST], host [http://[::1]:49775], URI [/_plugins/_sql?format=json], status line [HTTP/1.1 400 Bad Request]
{
  &quot;error&quot;: {
    &quot;reason&quot;: &quot;Invalid SQL query&quot;,
    &quot;details&quot;: &quot;Query is unsupported in the new engine&quot;,
    &quot;type&quot;: &quot;SQLFeatureDisabledException&quot;
  },
  &quot;status&quot;: 400
}
	at __randomizedtesting.SeedInfo.seed([B058E8962C1F801C:C0B8FCFE0EDF7392]:0)
	at app//org.opensearch.client.RestClient.convertResponse(RestClient.java:384)
	at app//org.opensearch.client.RestClient.performRequest(RestClient.java:354)
	at app//org.opensearch.client.RestClient.performRequest(RestClient.java:329)
	at app//org.opensearch.sql.legacy.SQLIntegTestCase.executeRequest(SQLIntegTestCase.java:327)
	at app//org.opensearch.sql.legacy.SQLIntegTestCase.executeRequest(SQLIntegTestCase.java:322)
	at app//org.opensearch.sql.legacy.SQLIntegTestCase.executeRequest(SQLIntegTestCase.java:310)
	at app//org.opensearch.sql.legacy.SQLIntegTestCase.executeQuery(SQLIntegTestCase.java:293)
	at app//org.opensearch.sql.legacy.QueryIT.testWhereWithBoolEqualsFalseAndOrderBy(QueryIT.java:1070)
	at java.base@17.0.4.1/jdk.internal.reflect.NativeMethodAccessorImpl.invoke0(Native Method)
	at java.base@17.0.4.1/jdk.internal.reflect.NativeMethodAccessorImpl.invoke(NativeMethodAccessorImpl.java:77)
	at java.base@17.0.4.1/jdk.internal.reflect.DelegatingMethodAccessorImpl.invoke(DelegatingMethodAccessorImpl.java:43)
	at java.base@17.0.4.1/java.lang.reflect.Method.invoke(Method.java:568)
	at app//com.carrotsearch.randomizedtesting.RandomizedRunner.invoke(RandomizedRunner.java:1750)
	at app//com.carrotsearch.randomizedtesting.RandomizedRunner$8.evaluate(RandomizedRunner.java:938)
	at app//com.carrotsearch.randomizedtesting.RandomizedRunner$9.evaluate(RandomizedRunner.java:974)
	at app//com.carrotsearch.randomizedtesting.RandomizedRunner$10.evaluate(RandomizedRunner.java:988)
	at app//com.carrotsearch.randomizedtesting.rules.StatementAdapter.evaluate(StatementAdapter.java:36)
	at app//org.junit.rules.RunRules.evaluate(RunRules.java:20)
	at app//org.apache.lucene.tests.util.TestRuleSetupTeardownChained$1.evaluate(TestRuleSetupTeardownChained.java:48)
	at app//org.apache.lucene.tests.util.AbstractBeforeAfterRule$1.evaluate(AbstractBeforeAfterRule.java:43)
	at app//org.apache.lucene.tests.util.TestRuleThreadAndTestName$1.evaluate(TestRuleThreadAndTestName.java:45)
	at app//org.apache.lucene.tests.util.TestRuleIgnoreAfterMaxFailures$1.evaluate(TestRuleIgnoreAfterMaxFailures.java:60)
	at app//org.apache.lucene.tests.util.TestRuleMarkFailure$1.evaluate(TestRuleMarkFailure.java:44)
	at app//org.junit.rules.RunRules.evaluate(RunRules.java:20)
	at app//com.carrotsearch.randomizedtesting.rules.StatementAdapter.evaluate(StatementAdapter.java:36)
	at app//com.carrotsearch.randomizedtesting.ThreadLeakControl$StatementRunner.run(ThreadLeakControl.java:368)
	at app//com.carrotsearch.randomizedtesting.ThreadLeakControl.forkTimeoutingTask(ThreadLeakControl.java:817)
	at app//com.carrotsearch.randomizedtesting.ThreadLeakControl$3.evaluate(ThreadLeakControl.java:468)
	at app//com.carrotsearch.randomizedtesting.RandomizedRunner.runSingleTest(RandomizedRunner.java:947)
	at app//com.carrotsearch.randomizedtesting.RandomizedRunner$5.evaluate(RandomizedRunner.java:832)
	at app//com.carrotsearch.randomizedtesting.RandomizedRunner$6.evaluate(RandomizedRunner.java:883)
	at app//com.carrotsearch.randomizedtesting.RandomizedRunner$7.evaluate(RandomizedRunner.java:894)
	at app//org.apache.lucene.tests.util.AbstractBeforeAfterRule$1.evaluate(AbstractBeforeAfterRule.java:43)
	at app//com.carrotsearch.randomizedtesting.rules.StatementAdapter.evaluate(StatementAdapter.java:36)
	at app//org.apache.lucene.tests.util.TestRuleStoreClassName$1.evaluate(TestRuleStoreClassName.java:38)
	at app//com.carrotsearch.randomizedtesting.rules.NoShadowingOrOverridesOnMethodsRule$1.evaluate(NoShadowingOrOverridesOnMethodsRule.java:40)
	at app//com.carrotsearch.randomizedtesting.rules.NoShadowingOrOverridesOnMethodsRule$1.evaluate(NoShadowingOrOverridesOnMethodsRule.java:40)
	at app//com.carrotsearch.randomizedtesting.rules.StatementAdapter.evaluate(StatementAdapter.java:36)
	at app//com.carrotsearch.randomizedtesting.rules.StatementAdapter.evaluate(StatementAdapter.java:36)
	at app//org.apache.lucene.tests.util.TestRuleAssertionsRequired$1.evaluate(TestRuleAssertionsRequired.java:53)
	at app//org.apache.lucene.tests.util.AbstractBeforeAfterRule$1.evaluate(AbstractBeforeAfterRule.java:43)
	at app//org.apache.lucene.tests.util.TestRuleMarkFailure$1.evaluate(TestRuleMarkFailure.java:44)
	at app//org.apache.lucene.tests.util.TestRuleIgnoreAfterMaxFailures$1.evaluate(TestRuleIgnoreAfterMaxFailures.java:60)
	at app//org.apache.lucene.tests.util.TestRuleIgnoreTestSuites$1.evaluate(TestRuleIgnoreTestSuites.java:47)
	at app//org.junit.rules.RunRules.evaluate(RunRules.java:20)
	at app//com.carrotsearch.randomizedtesting.rules.StatementAdapter.evaluate(StatementAdapter.java:36)
	at app//com.carrotsearch.randomizedtesting.ThreadLeakControl$StatementRunner.run(ThreadLeakControl.java:368)
	at java.base@17.0.4.1/java.lang.Thread.run(Thread.java:833)
</failure>
  </testcase>
  <testcase name="testMultiPartWhere3" classname="org.opensearch.sql.legacy.QueryIT" time="0.036">
    <failure message="org.opensearch.client.ResponseException: method [POST], host [http://[::1]:49775], URI [/_plugins/_sql?format=json], status line [HTTP/1.1 400 Bad Request]&#10;{&#10;  &quot;error&quot;: {&#10;    &quot;reason&quot;: &quot;Invalid SQL query&quot;,&#10;    &quot;details&quot;: &quot;Query is unsupported in the new engine&quot;,&#10;    &quot;type&quot;: &quot;SQLFeatureDisabledException&quot;&#10;  },&#10;  &quot;status&quot;: 400&#10;}" type="org.opensearch.client.ResponseException">org.opensearch.client.ResponseException: method [POST], host [http://[::1]:49775], URI [/_plugins/_sql?format=json], status line [HTTP/1.1 400 Bad Request]
{
  &quot;error&quot;: {
    &quot;reason&quot;: &quot;Invalid SQL query&quot;,
    &quot;details&quot;: &quot;Query is unsupported in the new engine&quot;,
    &quot;type&quot;: &quot;SQLFeatureDisabledException&quot;
  },
  &quot;status&quot;: 400
}
	at __randomizedtesting.SeedInfo.seed([B058E8962C1F801C:733B62B0140850D0]:0)
	at app//org.opensearch.client.RestClient.convertResponse(RestClient.java:384)
	at app//org.opensearch.client.RestClient.performRequest(RestClient.java:354)
	at app//org.opensearch.client.RestClient.performRequest(RestClient.java:329)
	at app//org.opensearch.sql.legacy.SQLIntegTestCase.executeRequest(SQLIntegTestCase.java:327)
	at app//org.opensearch.sql.legacy.SQLIntegTestCase.executeRequest(SQLIntegTestCase.java:322)
	at app//org.opensearch.sql.legacy.SQLIntegTestCase.executeRequest(SQLIntegTestCase.java:310)
	at app//org.opensearch.sql.legacy.SQLIntegTestCase.executeQuery(SQLIntegTestCase.java:293)
	at app//org.opensearch.sql.legacy.QueryIT.testMultiPartWhere3(QueryIT.java:1139)
	at java.base@17.0.4.1/jdk.internal.reflect.NativeMethodAccessorImpl.invoke0(Native Method)
	at java.base@17.0.4.1/jdk.internal.reflect.NativeMethodAccessorImpl.invoke(NativeMethodAccessorImpl.java:77)
	at java.base@17.0.4.1/jdk.internal.reflect.DelegatingMethodAccessorImpl.invoke(DelegatingMethodAccessorImpl.java:43)
	at java.base@17.0.4.1/java.lang.reflect.Method.invoke(Method.java:568)
	at app//com.carrotsearch.randomizedtesting.RandomizedRunner.invoke(RandomizedRunner.java:1750)
	at app//com.carrotsearch.randomizedtesting.RandomizedRunner$8.evaluate(RandomizedRunner.java:938)
	at app//com.carrotsearch.randomizedtesting.RandomizedRunner$9.evaluate(RandomizedRunner.java:974)
	at app//com.carrotsearch.randomizedtesting.RandomizedRunner$10.evaluate(RandomizedRunner.java:988)
	at app//com.carrotsearch.randomizedtesting.rules.StatementAdapter.evaluate(StatementAdapter.java:36)
	at app//org.junit.rules.RunRules.evaluate(RunRules.java:20)
	at app//org.apache.lucene.tests.util.TestRuleSetupTeardownChained$1.evaluate(TestRuleSetupTeardownChained.java:48)
	at app//org.apache.lucene.tests.util.AbstractBeforeAfterRule$1.evaluate(AbstractBeforeAfterRule.java:43)
	at app//org.apache.lucene.tests.util.TestRuleThreadAndTestName$1.evaluate(TestRuleThreadAndTestName.java:45)
	at app//org.apache.lucene.tests.util.TestRuleIgnoreAfterMaxFailures$1.evaluate(TestRuleIgnoreAfterMaxFailures.java:60)
	at app//org.apache.lucene.tests.util.TestRuleMarkFailure$1.evaluate(TestRuleMarkFailure.java:44)
	at app//org.junit.rules.RunRules.evaluate(RunRules.java:20)
	at app//com.carrotsearch.randomizedtesting.rules.StatementAdapter.evaluate(StatementAdapter.java:36)
	at app//com.carrotsearch.randomizedtesting.ThreadLeakControl$StatementRunner.run(ThreadLeakControl.java:368)
	at app//com.carrotsearch.randomizedtesting.ThreadLeakControl.forkTimeoutingTask(ThreadLeakControl.java:817)
	at app//com.carrotsearch.randomizedtesting.ThreadLeakControl$3.evaluate(ThreadLeakControl.java:468)
	at app//com.carrotsearch.randomizedtesting.RandomizedRunner.runSingleTest(RandomizedRunner.java:947)
	at app//com.carrotsearch.randomizedtesting.RandomizedRunner$5.evaluate(RandomizedRunner.java:832)
	at app//com.carrotsearch.randomizedtesting.RandomizedRunner$6.evaluate(RandomizedRunner.java:883)
	at app//com.carrotsearch.randomizedtesting.RandomizedRunner$7.evaluate(RandomizedRunner.java:894)
	at app//org.apache.lucene.tests.util.AbstractBeforeAfterRule$1.evaluate(AbstractBeforeAfterRule.java:43)
	at app//com.carrotsearch.randomizedtesting.rules.StatementAdapter.evaluate(StatementAdapter.java:36)
	at app//org.apache.lucene.tests.util.TestRuleStoreClassName$1.evaluate(TestRuleStoreClassName.java:38)
	at app//com.carrotsearch.randomizedtesting.rules.NoShadowingOrOverridesOnMethodsRule$1.evaluate(NoShadowingOrOverridesOnMethodsRule.java:40)
	at app//com.carrotsearch.randomizedtesting.rules.NoShadowingOrOverridesOnMethodsRule$1.evaluate(NoShadowingOrOverridesOnMethodsRule.java:40)
	at app//com.carrotsearch.randomizedtesting.rules.StatementAdapter.evaluate(StatementAdapter.java:36)
	at app//com.carrotsearch.randomizedtesting.rules.StatementAdapter.evaluate(StatementAdapter.java:36)
	at app//org.apache.lucene.tests.util.TestRuleAssertionsRequired$1.evaluate(TestRuleAssertionsRequired.java:53)
	at app//org.apache.lucene.tests.util.AbstractBeforeAfterRule$1.evaluate(AbstractBeforeAfterRule.java:43)
	at app//org.apache.lucene.tests.util.TestRuleMarkFailure$1.evaluate(TestRuleMarkFailure.java:44)
	at app//org.apache.lucene.tests.util.TestRuleIgnoreAfterMaxFailures$1.evaluate(TestRuleIgnoreAfterMaxFailures.java:60)
	at app//org.apache.lucene.tests.util.TestRuleIgnoreTestSuites$1.evaluate(TestRuleIgnoreTestSuites.java:47)
	at app//org.junit.rules.RunRules.evaluate(RunRules.java:20)
	at app//com.carrotsearch.randomizedtesting.rules.StatementAdapter.evaluate(StatementAdapter.java:36)
	at app//com.carrotsearch.randomizedtesting.ThreadLeakControl$StatementRunner.run(ThreadLeakControl.java:368)
	at java.base@17.0.4.1/java.lang.Thread.run(Thread.java:833)
</failure>
  </testcase>
  <testcase name="orderByDescUsingTableAliasTest" classname="org.opensearch.sql.legacy.QueryIT" time="0.032">
    <failure message="org.opensearch.client.ResponseException: method [POST], host [http://[::1]:49775], URI [/_plugins/_sql?format=json], status line [HTTP/1.1 400 Bad Request]&#10;{&#10;  &quot;error&quot;: {&#10;    &quot;reason&quot;: &quot;Invalid SQL query&quot;,&#10;    &quot;details&quot;: &quot;Query is unsupported in the new engine&quot;,&#10;    &quot;type&quot;: &quot;SQLFeatureDisabledException&quot;&#10;  },&#10;  &quot;status&quot;: 400&#10;}" type="org.opensearch.client.ResponseException">org.opensearch.client.ResponseException: method [POST], host [http://[::1]:49775], URI [/_plugins/_sql?format=json], status line [HTTP/1.1 400 Bad Request]
{
  &quot;error&quot;: {
    &quot;reason&quot;: &quot;Invalid SQL query&quot;,
    &quot;details&quot;: &quot;Query is unsupported in the new engine&quot;,
    &quot;type&quot;: &quot;SQLFeatureDisabledException&quot;
  },
  &quot;status&quot;: 400
}
	at __randomizedtesting.SeedInfo.seed([B058E8962C1F801C:37507BB72D36453C]:0)
	at app//org.opensearch.client.RestClient.convertResponse(RestClient.java:384)
	at app//org.opensearch.client.RestClient.performRequest(RestClient.java:354)
	at app//org.opensearch.client.RestClient.performRequest(RestClient.java:329)
	at app//org.opensearch.sql.legacy.SQLIntegTestCase.executeRequest(SQLIntegTestCase.java:327)
	at app//org.opensearch.sql.legacy.SQLIntegTestCase.executeRequest(SQLIntegTestCase.java:322)
	at app//org.opensearch.sql.legacy.SQLIntegTestCase.executeRequest(SQLIntegTestCase.java:310)
	at app//org.opensearch.sql.legacy.SQLIntegTestCase.executeQuery(SQLIntegTestCase.java:293)
	at app//org.opensearch.sql.legacy.QueryIT.orderByDescUsingTableAliasTest(QueryIT.java:918)
	at java.base@17.0.4.1/jdk.internal.reflect.NativeMethodAccessorImpl.invoke0(Native Method)
	at java.base@17.0.4.1/jdk.internal.reflect.NativeMethodAccessorImpl.invoke(NativeMethodAccessorImpl.java:77)
	at java.base@17.0.4.1/jdk.internal.reflect.DelegatingMethodAccessorImpl.invoke(DelegatingMethodAccessorImpl.java:43)
	at java.base@17.0.4.1/java.lang.reflect.Method.invoke(Method.java:568)
	at app//com.carrotsearch.randomizedtesting.RandomizedRunner.invoke(RandomizedRunner.java:1750)
	at app//com.carrotsearch.randomizedtesting.RandomizedRunner$8.evaluate(RandomizedRunner.java:938)
	at app//com.carrotsearch.randomizedtesting.RandomizedRunner$9.evaluate(RandomizedRunner.java:974)
	at app//com.carrotsearch.randomizedtesting.RandomizedRunner$10.evaluate(RandomizedRunner.java:988)
	at app//com.carrotsearch.randomizedtesting.rules.StatementAdapter.evaluate(StatementAdapter.java:36)
	at app//org.junit.rules.RunRules.evaluate(RunRules.java:20)
	at app//org.apache.lucene.tests.util.TestRuleSetupTeardownChained$1.evaluate(TestRuleSetupTeardownChained.java:48)
	at app//org.apache.lucene.tests.util.AbstractBeforeAfterRule$1.evaluate(AbstractBeforeAfterRule.java:43)
	at app//org.apache.lucene.tests.util.TestRuleThreadAndTestName$1.evaluate(TestRuleThreadAndTestName.java:45)
	at app//org.apache.lucene.tests.util.TestRuleIgnoreAfterMaxFailures$1.evaluate(TestRuleIgnoreAfterMaxFailures.java:60)
	at app//org.apache.lucene.tests.util.TestRuleMarkFailure$1.evaluate(TestRuleMarkFailure.java:44)
	at app//org.junit.rules.RunRules.evaluate(RunRules.java:20)
	at app//com.carrotsearch.randomizedtesting.rules.StatementAdapter.evaluate(StatementAdapter.java:36)
	at app//com.carrotsearch.randomizedtesting.ThreadLeakControl$StatementRunner.run(ThreadLeakControl.java:368)
	at app//com.carrotsearch.randomizedtesting.ThreadLeakControl.forkTimeoutingTask(ThreadLeakControl.java:817)
	at app//com.carrotsearch.randomizedtesting.ThreadLeakControl$3.evaluate(ThreadLeakControl.java:468)
	at app//com.carrotsearch.randomizedtesting.RandomizedRunner.runSingleTest(RandomizedRunner.java:947)
	at app//com.carrotsearch.randomizedtesting.RandomizedRunner$5.evaluate(RandomizedRunner.java:832)
	at app//com.carrotsearch.randomizedtesting.RandomizedRunner$6.evaluate(RandomizedRunner.java:883)
	at app//com.carrotsearch.randomizedtesting.RandomizedRunner$7.evaluate(RandomizedRunner.java:894)
	at app//org.apache.lucene.tests.util.AbstractBeforeAfterRule$1.evaluate(AbstractBeforeAfterRule.java:43)
	at app//com.carrotsearch.randomizedtesting.rules.StatementAdapter.evaluate(StatementAdapter.java:36)
	at app//org.apache.lucene.tests.util.TestRuleStoreClassName$1.evaluate(TestRuleStoreClassName.java:38)
	at app//com.carrotsearch.randomizedtesting.rules.NoShadowingOrOverridesOnMethodsRule$1.evaluate(NoShadowingOrOverridesOnMethodsRule.java:40)
	at app//com.carrotsearch.randomizedtesting.rules.NoShadowingOrOverridesOnMethodsRule$1.evaluate(NoShadowingOrOverridesOnMethodsRule.java:40)
	at app//com.carrotsearch.randomizedtesting.rules.StatementAdapter.evaluate(StatementAdapter.java:36)
	at app//com.carrotsearch.randomizedtesting.rules.StatementAdapter.evaluate(StatementAdapter.java:36)
	at app//org.apache.lucene.tests.util.TestRuleAssertionsRequired$1.evaluate(TestRuleAssertionsRequired.java:53)
	at app//org.apache.lucene.tests.util.AbstractBeforeAfterRule$1.evaluate(AbstractBeforeAfterRule.java:43)
	at app//org.apache.lucene.tests.util.TestRuleMarkFailure$1.evaluate(TestRuleMarkFailure.java:44)
	at app//org.apache.lucene.tests.util.TestRuleIgnoreAfterMaxFailures$1.evaluate(TestRuleIgnoreAfterMaxFailures.java:60)
	at app//org.apache.lucene.tests.util.TestRuleIgnoreTestSuites$1.evaluate(TestRuleIgnoreTestSuites.java:47)
	at app//org.junit.rules.RunRules.evaluate(RunRules.java:20)
	at app//com.carrotsearch.randomizedtesting.rules.StatementAdapter.evaluate(StatementAdapter.java:36)
	at app//com.carrotsearch.randomizedtesting.ThreadLeakControl$StatementRunner.run(ThreadLeakControl.java:368)
	at java.base@17.0.4.1/java.lang.Thread.run(Thread.java:833)
</failure>
  </testcase>
  <testcase name="testWhereWithBoolEqualsTrueAndOrderBy" classname="org.opensearch.sql.legacy.QueryIT" time="0.036">
    <failure message="org.opensearch.client.ResponseException: method [POST], host [http://[::1]:49775], URI [/_plugins/_sql?format=json], status line [HTTP/1.1 400 Bad Request]&#10;{&#10;  &quot;error&quot;: {&#10;    &quot;reason&quot;: &quot;Invalid SQL query&quot;,&#10;    &quot;details&quot;: &quot;Query is unsupported in the new engine&quot;,&#10;    &quot;type&quot;: &quot;SQLFeatureDisabledException&quot;&#10;  },&#10;  &quot;status&quot;: 400&#10;}" type="org.opensearch.client.ResponseException">org.opensearch.client.ResponseException: method [POST], host [http://[::1]:49775], URI [/_plugins/_sql?format=json], status line [HTTP/1.1 400 Bad Request]
{
  &quot;error&quot;: {
    &quot;reason&quot;: &quot;Invalid SQL query&quot;,
    &quot;details&quot;: &quot;Query is unsupported in the new engine&quot;,
    &quot;type&quot;: &quot;SQLFeatureDisabledException&quot;
  },
  &quot;status&quot;: 400
}
	at __randomizedtesting.SeedInfo.seed([B058E8962C1F801C:2DC8D6C2CEB34B2A]:0)
	at app//org.opensearch.client.RestClient.convertResponse(RestClient.java:384)
	at app//org.opensearch.client.RestClient.performRequest(RestClient.java:354)
	at app//org.opensearch.client.RestClient.performRequest(RestClient.java:329)
	at app//org.opensearch.sql.legacy.SQLIntegTestCase.executeRequest(SQLIntegTestCase.java:327)
	at app//org.opensearch.sql.legacy.SQLIntegTestCase.executeRequest(SQLIntegTestCase.java:322)
	at app//org.opensearch.sql.legacy.SQLIntegTestCase.executeRequest(SQLIntegTestCase.java:310)
	at app//org.opensearch.sql.legacy.SQLIntegTestCase.executeQuery(SQLIntegTestCase.java:293)
	at app//org.opensearch.sql.legacy.QueryIT.testWhereWithBoolEqualsTrueAndOrderBy(QueryIT.java:996)
	at java.base@17.0.4.1/jdk.internal.reflect.NativeMethodAccessorImpl.invoke0(Native Method)
	at java.base@17.0.4.1/jdk.internal.reflect.NativeMethodAccessorImpl.invoke(NativeMethodAccessorImpl.java:77)
	at java.base@17.0.4.1/jdk.internal.reflect.DelegatingMethodAccessorImpl.invoke(DelegatingMethodAccessorImpl.java:43)
	at java.base@17.0.4.1/java.lang.reflect.Method.invoke(Method.java:568)
	at app//com.carrotsearch.randomizedtesting.RandomizedRunner.invoke(RandomizedRunner.java:1750)
	at app//com.carrotsearch.randomizedtesting.RandomizedRunner$8.evaluate(RandomizedRunner.java:938)
	at app//com.carrotsearch.randomizedtesting.RandomizedRunner$9.evaluate(RandomizedRunner.java:974)
	at app//com.carrotsearch.randomizedtesting.RandomizedRunner$10.evaluate(RandomizedRunner.java:988)
	at app//com.carrotsearch.randomizedtesting.rules.StatementAdapter.evaluate(StatementAdapter.java:36)
	at app//org.junit.rules.RunRules.evaluate(RunRules.java:20)
	at app//org.apache.lucene.tests.util.TestRuleSetupTeardownChained$1.evaluate(TestRuleSetupTeardownChained.java:48)
	at app//org.apache.lucene.tests.util.AbstractBeforeAfterRule$1.evaluate(AbstractBeforeAfterRule.java:43)
	at app//org.apache.lucene.tests.util.TestRuleThreadAndTestName$1.evaluate(TestRuleThreadAndTestName.java:45)
	at app//org.apache.lucene.tests.util.TestRuleIgnoreAfterMaxFailures$1.evaluate(TestRuleIgnoreAfterMaxFailures.java:60)
	at app//org.apache.lucene.tests.util.TestRuleMarkFailure$1.evaluate(TestRuleMarkFailure.java:44)
	at app//org.junit.rules.RunRules.evaluate(RunRules.java:20)
	at app//com.carrotsearch.randomizedtesting.rules.StatementAdapter.evaluate(StatementAdapter.java:36)
	at app//com.carrotsearch.randomizedtesting.ThreadLeakControl$StatementRunner.run(ThreadLeakControl.java:368)
	at app//com.carrotsearch.randomizedtesting.ThreadLeakControl.forkTimeoutingTask(ThreadLeakControl.java:817)
	at app//com.carrotsearch.randomizedtesting.ThreadLeakControl$3.evaluate(ThreadLeakControl.java:468)
	at app//com.carrotsearch.randomizedtesting.RandomizedRunner.runSingleTest(RandomizedRunner.java:947)
	at app//com.carrotsearch.randomizedtesting.RandomizedRunner$5.evaluate(RandomizedRunner.java:832)
	at app//com.carrotsearch.randomizedtesting.RandomizedRunner$6.evaluate(RandomizedRunner.java:883)
	at app//com.carrotsearch.randomizedtesting.RandomizedRunner$7.evaluate(RandomizedRunner.java:894)
	at app//org.apache.lucene.tests.util.AbstractBeforeAfterRule$1.evaluate(AbstractBeforeAfterRule.java:43)
	at app//com.carrotsearch.randomizedtesting.rules.StatementAdapter.evaluate(StatementAdapter.java:36)
	at app//org.apache.lucene.tests.util.TestRuleStoreClassName$1.evaluate(TestRuleStoreClassName.java:38)
	at app//com.carrotsearch.randomizedtesting.rules.NoShadowingOrOverridesOnMethodsRule$1.evaluate(NoShadowingOrOverridesOnMethodsRule.java:40)
	at app//com.carrotsearch.randomizedtesting.rules.NoShadowingOrOverridesOnMethodsRule$1.evaluate(NoShadowingOrOverridesOnMethodsRule.java:40)
	at app//com.carrotsearch.randomizedtesting.rules.StatementAdapter.evaluate(StatementAdapter.java:36)
	at app//com.carrotsearch.randomizedtesting.rules.StatementAdapter.evaluate(StatementAdapter.java:36)
	at app//org.apache.lucene.tests.util.TestRuleAssertionsRequired$1.evaluate(TestRuleAssertionsRequired.java:53)
	at app//org.apache.lucene.tests.util.AbstractBeforeAfterRule$1.evaluate(AbstractBeforeAfterRule.java:43)
	at app//org.apache.lucene.tests.util.TestRuleMarkFailure$1.evaluate(TestRuleMarkFailure.java:44)
	at app//org.apache.lucene.tests.util.TestRuleIgnoreAfterMaxFailures$1.evaluate(TestRuleIgnoreAfterMaxFailures.java:60)
	at app//org.apache.lucene.tests.util.TestRuleIgnoreTestSuites$1.evaluate(TestRuleIgnoreTestSuites.java:47)
	at app//org.junit.rules.RunRules.evaluate(RunRules.java:20)
	at app//com.carrotsearch.randomizedtesting.rules.StatementAdapter.evaluate(StatementAdapter.java:36)
	at app//com.carrotsearch.randomizedtesting.ThreadLeakControl$StatementRunner.run(ThreadLeakControl.java:368)
	at java.base@17.0.4.1/java.lang.Thread.run(Thread.java:833)
</failure>
  </testcase>
  <testcase name="orderByAscTest" classname="org.opensearch.sql.legacy.QueryIT" time="0.036">
    <failure message="org.opensearch.client.ResponseException: method [POST], host [http://[::1]:49775], URI [/_plugins/_sql?format=json], status line [HTTP/1.1 400 Bad Request]&#10;{&#10;  &quot;error&quot;: {&#10;    &quot;reason&quot;: &quot;Invalid SQL query&quot;,&#10;    &quot;details&quot;: &quot;Query is unsupported in the new engine&quot;,&#10;    &quot;type&quot;: &quot;SQLFeatureDisabledException&quot;&#10;  },&#10;  &quot;status&quot;: 400&#10;}" type="org.opensearch.client.ResponseException">org.opensearch.client.ResponseException: method [POST], host [http://[::1]:49775], URI [/_plugins/_sql?format=json], status line [HTTP/1.1 400 Bad Request]
{
  &quot;error&quot;: {
    &quot;reason&quot;: &quot;Invalid SQL query&quot;,
    &quot;details&quot;: &quot;Query is unsupported in the new engine&quot;,
    &quot;type&quot;: &quot;SQLFeatureDisabledException&quot;
  },
  &quot;status&quot;: 400
}
	at __randomizedtesting.SeedInfo.seed([B058E8962C1F801C:2C0718A2995CA6BA]:0)
	at app//org.opensearch.client.RestClient.convertResponse(RestClient.java:384)
	at app//org.opensearch.client.RestClient.performRequest(RestClient.java:354)
	at app//org.opensearch.client.RestClient.performRequest(RestClient.java:329)
	at app//org.opensearch.sql.legacy.SQLIntegTestCase.executeRequest(SQLIntegTestCase.java:327)
	at app//org.opensearch.sql.legacy.SQLIntegTestCase.executeRequest(SQLIntegTestCase.java:322)
	at app//org.opensearch.sql.legacy.SQLIntegTestCase.executeRequest(SQLIntegTestCase.java:310)
	at app//org.opensearch.sql.legacy.SQLIntegTestCase.executeQuery(SQLIntegTestCase.java:293)
	at app//org.opensearch.sql.legacy.QueryIT.orderByAscTest(QueryIT.java:890)
	at java.base@17.0.4.1/jdk.internal.reflect.NativeMethodAccessorImpl.invoke0(Native Method)
	at java.base@17.0.4.1/jdk.internal.reflect.NativeMethodAccessorImpl.invoke(NativeMethodAccessorImpl.java:77)
	at java.base@17.0.4.1/jdk.internal.reflect.DelegatingMethodAccessorImpl.invoke(DelegatingMethodAccessorImpl.java:43)
	at java.base@17.0.4.1/java.lang.reflect.Method.invoke(Method.java:568)
	at app//com.carrotsearch.randomizedtesting.RandomizedRunner.invoke(RandomizedRunner.java:1750)
	at app//com.carrotsearch.randomizedtesting.RandomizedRunner$8.evaluate(RandomizedRunner.java:938)
	at app//com.carrotsearch.randomizedtesting.RandomizedRunner$9.evaluate(RandomizedRunner.java:974)
	at app//com.carrotsearch.randomizedtesting.RandomizedRunner$10.evaluate(RandomizedRunner.java:988)
	at app//com.carrotsearch.randomizedtesting.rules.StatementAdapter.evaluate(StatementAdapter.java:36)
	at app//org.junit.rules.RunRules.evaluate(RunRules.java:20)
	at app//org.apache.lucene.tests.util.TestRuleSetupTeardownChained$1.evaluate(TestRuleSetupTeardownChained.java:48)
	at app//org.apache.lucene.tests.util.AbstractBeforeAfterRule$1.evaluate(AbstractBeforeAfterRule.java:43)
	at app//org.apache.lucene.tests.util.TestRuleThreadAndTestName$1.evaluate(TestRuleThreadAndTestName.java:45)
	at app//org.apache.lucene.tests.util.TestRuleIgnoreAfterMaxFailures$1.evaluate(TestRuleIgnoreAfterMaxFailures.java:60)
	at app//org.apache.lucene.tests.util.TestRuleMarkFailure$1.evaluate(TestRuleMarkFailure.java:44)
	at app//org.junit.rules.RunRules.evaluate(RunRules.java:20)
	at app//com.carrotsearch.randomizedtesting.rules.StatementAdapter.evaluate(StatementAdapter.java:36)
	at app//com.carrotsearch.randomizedtesting.ThreadLeakControl$StatementRunner.run(ThreadLeakControl.java:368)
	at app//com.carrotsearch.randomizedtesting.ThreadLeakControl.forkTimeoutingTask(ThreadLeakControl.java:817)
	at app//com.carrotsearch.randomizedtesting.ThreadLeakControl$3.evaluate(ThreadLeakControl.java:468)
	at app//com.carrotsearch.randomizedtesting.RandomizedRunner.runSingleTest(RandomizedRunner.java:947)
	at app//com.carrotsearch.randomizedtesting.RandomizedRunner$5.evaluate(RandomizedRunner.java:832)
	at app//com.carrotsearch.randomizedtesting.RandomizedRunner$6.evaluate(RandomizedRunner.java:883)
	at app//com.carrotsearch.randomizedtesting.RandomizedRunner$7.evaluate(RandomizedRunner.java:894)
	at app//org.apache.lucene.tests.util.AbstractBeforeAfterRule$1.evaluate(AbstractBeforeAfterRule.java:43)
	at app//com.carrotsearch.randomizedtesting.rules.StatementAdapter.evaluate(StatementAdapter.java:36)
	at app//org.apache.lucene.tests.util.TestRuleStoreClassName$1.evaluate(TestRuleStoreClassName.java:38)
	at app//com.carrotsearch.randomizedtesting.rules.NoShadowingOrOverridesOnMethodsRule$1.evaluate(NoShadowingOrOverridesOnMethodsRule.java:40)
	at app//com.carrotsearch.randomizedtesting.rules.NoShadowingOrOverridesOnMethodsRule$1.evaluate(NoShadowingOrOverridesOnMethodsRule.java:40)
	at app//com.carrotsearch.randomizedtesting.rules.StatementAdapter.evaluate(StatementAdapter.java:36)
	at app//com.carrotsearch.randomizedtesting.rules.StatementAdapter.evaluate(StatementAdapter.java:36)
	at app//org.apache.lucene.tests.util.TestRuleAssertionsRequired$1.evaluate(TestRuleAssertionsRequired.java:53)
	at app//org.apache.lucene.tests.util.AbstractBeforeAfterRule$1.evaluate(AbstractBeforeAfterRule.java:43)
	at app//org.apache.lucene.tests.util.TestRuleMarkFailure$1.evaluate(TestRuleMarkFailure.java:44)
	at app//org.apache.lucene.tests.util.TestRuleIgnoreAfterMaxFailures$1.evaluate(TestRuleIgnoreAfterMaxFailures.java:60)
	at app//org.apache.lucene.tests.util.TestRuleIgnoreTestSuites$1.evaluate(TestRuleIgnoreTestSuites.java:47)
	at app//org.junit.rules.RunRules.evaluate(RunRules.java:20)
	at app//com.carrotsearch.randomizedtesting.rules.StatementAdapter.evaluate(StatementAdapter.java:36)
	at app//com.carrotsearch.randomizedtesting.ThreadLeakControl$StatementRunner.run(ThreadLeakControl.java:368)
	at java.base@17.0.4.1/java.lang.Thread.run(Thread.java:833)
</failure>
  </testcase>
  <testcase name="queryEndWithSemiColonTest" classname="org.opensearch.sql.legacy.QueryIT" time="0.06"/>
  <testcase name="notUseTableAliasInWhereClauseTest" classname="org.opensearch.sql.legacy.QueryIT" time="0.037">
    <failure message="org.opensearch.client.ResponseException: method [POST], host [http://[::1]:49775], URI [/_plugins/_sql?format=json], status line [HTTP/1.1 400 Bad Request]&#10;{&#10;  &quot;error&quot;: {&#10;    &quot;reason&quot;: &quot;Invalid SQL query&quot;,&#10;    &quot;details&quot;: &quot;Query is unsupported in the new engine&quot;,&#10;    &quot;type&quot;: &quot;SQLFeatureDisabledException&quot;&#10;  },&#10;  &quot;status&quot;: 400&#10;}" type="org.opensearch.client.ResponseException">org.opensearch.client.ResponseException: method [POST], host [http://[::1]:49775], URI [/_plugins/_sql?format=json], status line [HTTP/1.1 400 Bad Request]
{
  &quot;error&quot;: {
    &quot;reason&quot;: &quot;Invalid SQL query&quot;,
    &quot;details&quot;: &quot;Query is unsupported in the new engine&quot;,
    &quot;type&quot;: &quot;SQLFeatureDisabledException&quot;
  },
  &quot;status&quot;: 400
}
	at __randomizedtesting.SeedInfo.seed([B058E8962C1F801C:F11794C30ECED049]:0)
	at app//org.opensearch.client.RestClient.convertResponse(RestClient.java:384)
	at app//org.opensearch.client.RestClient.performRequest(RestClient.java:354)
	at app//org.opensearch.client.RestClient.performRequest(RestClient.java:329)
	at app//org.opensearch.sql.legacy.SQLIntegTestCase.executeRequest(SQLIntegTestCase.java:327)
	at app//org.opensearch.sql.legacy.SQLIntegTestCase.executeRequest(SQLIntegTestCase.java:322)
	at app//org.opensearch.sql.legacy.SQLIntegTestCase.executeRequest(SQLIntegTestCase.java:310)
	at app//org.opensearch.sql.legacy.SQLIntegTestCase.executeQuery(SQLIntegTestCase.java:293)
	at app//org.opensearch.sql.legacy.QueryIT.notUseTableAliasInWhereClauseTest(QueryIT.java:283)
	at java.base@17.0.4.1/jdk.internal.reflect.NativeMethodAccessorImpl.invoke0(Native Method)
	at java.base@17.0.4.1/jdk.internal.reflect.NativeMethodAccessorImpl.invoke(NativeMethodAccessorImpl.java:77)
	at java.base@17.0.4.1/jdk.internal.reflect.DelegatingMethodAccessorImpl.invoke(DelegatingMethodAccessorImpl.java:43)
	at java.base@17.0.4.1/java.lang.reflect.Method.invoke(Method.java:568)
	at app//com.carrotsearch.randomizedtesting.RandomizedRunner.invoke(RandomizedRunner.java:1750)
	at app//com.carrotsearch.randomizedtesting.RandomizedRunner$8.evaluate(RandomizedRunner.java:938)
	at app//com.carrotsearch.randomizedtesting.RandomizedRunner$9.evaluate(RandomizedRunner.java:974)
	at app//com.carrotsearch.randomizedtesting.RandomizedRunner$10.evaluate(RandomizedRunner.java:988)
	at app//com.carrotsearch.randomizedtesting.rules.StatementAdapter.evaluate(StatementAdapter.java:36)
	at app//org.junit.rules.RunRules.evaluate(RunRules.java:20)
	at app//org.apache.lucene.tests.util.TestRuleSetupTeardownChained$1.evaluate(TestRuleSetupTeardownChained.java:48)
	at app//org.apache.lucene.tests.util.AbstractBeforeAfterRule$1.evaluate(AbstractBeforeAfterRule.java:43)
	at app//org.apache.lucene.tests.util.TestRuleThreadAndTestName$1.evaluate(TestRuleThreadAndTestName.java:45)
	at app//org.apache.lucene.tests.util.TestRuleIgnoreAfterMaxFailures$1.evaluate(TestRuleIgnoreAfterMaxFailures.java:60)
	at app//org.apache.lucene.tests.util.TestRuleMarkFailure$1.evaluate(TestRuleMarkFailure.java:44)
	at app//org.junit.rules.RunRules.evaluate(RunRules.java:20)
	at app//com.carrotsearch.randomizedtesting.rules.StatementAdapter.evaluate(StatementAdapter.java:36)
	at app//com.carrotsearch.randomizedtesting.ThreadLeakControl$StatementRunner.run(ThreadLeakControl.java:368)
	at app//com.carrotsearch.randomizedtesting.ThreadLeakControl.forkTimeoutingTask(ThreadLeakControl.java:817)
	at app//com.carrotsearch.randomizedtesting.ThreadLeakControl$3.evaluate(ThreadLeakControl.java:468)
	at app//com.carrotsearch.randomizedtesting.RandomizedRunner.runSingleTest(RandomizedRunner.java:947)
	at app//com.carrotsearch.randomizedtesting.RandomizedRunner$5.evaluate(RandomizedRunner.java:832)
	at app//com.carrotsearch.randomizedtesting.RandomizedRunner$6.evaluate(RandomizedRunner.java:883)
	at app//com.carrotsearch.randomizedtesting.RandomizedRunner$7.evaluate(RandomizedRunner.java:894)
	at app//org.apache.lucene.tests.util.AbstractBeforeAfterRule$1.evaluate(AbstractBeforeAfterRule.java:43)
	at app//com.carrotsearch.randomizedtesting.rules.StatementAdapter.evaluate(StatementAdapter.java:36)
	at app//org.apache.lucene.tests.util.TestRuleStoreClassName$1.evaluate(TestRuleStoreClassName.java:38)
	at app//com.carrotsearch.randomizedtesting.rules.NoShadowingOrOverridesOnMethodsRule$1.evaluate(NoShadowingOrOverridesOnMethodsRule.java:40)
	at app//com.carrotsearch.randomizedtesting.rules.NoShadowingOrOverridesOnMethodsRule$1.evaluate(NoShadowingOrOverridesOnMethodsRule.java:40)
	at app//com.carrotsearch.randomizedtesting.rules.StatementAdapter.evaluate(StatementAdapter.java:36)
	at app//com.carrotsearch.randomizedtesting.rules.StatementAdapter.evaluate(StatementAdapter.java:36)
	at app//org.apache.lucene.tests.util.TestRuleAssertionsRequired$1.evaluate(TestRuleAssertionsRequired.java:53)
	at app//org.apache.lucene.tests.util.AbstractBeforeAfterRule$1.evaluate(AbstractBeforeAfterRule.java:43)
	at app//org.apache.lucene.tests.util.TestRuleMarkFailure$1.evaluate(TestRuleMarkFailure.java:44)
	at app//org.apache.lucene.tests.util.TestRuleIgnoreAfterMaxFailures$1.evaluate(TestRuleIgnoreAfterMaxFailures.java:60)
	at app//org.apache.lucene.tests.util.TestRuleIgnoreTestSuites$1.evaluate(TestRuleIgnoreTestSuites.java:47)
	at app//org.junit.rules.RunRules.evaluate(RunRules.java:20)
	at app//com.carrotsearch.randomizedtesting.rules.StatementAdapter.evaluate(StatementAdapter.java:36)
	at app//com.carrotsearch.randomizedtesting.ThreadLeakControl$StatementRunner.run(ThreadLeakControl.java:368)
	at java.base@17.0.4.1/java.lang.Thread.run(Thread.java:833)
</failure>
  </testcase>
  <testcase name="testWhereWithBoolEqualsTrue" classname="org.opensearch.sql.legacy.QueryIT" time="0.042">
    <failure message="org.opensearch.client.ResponseException: method [POST], host [http://[::1]:49775], URI [/_plugins/_sql?format=json], status line [HTTP/1.1 400 Bad Request]&#10;{&#10;  &quot;error&quot;: {&#10;    &quot;reason&quot;: &quot;Invalid SQL query&quot;,&#10;    &quot;details&quot;: &quot;Query is unsupported in the new engine&quot;,&#10;    &quot;type&quot;: &quot;SQLFeatureDisabledException&quot;&#10;  },&#10;  &quot;status&quot;: 400&#10;}" type="org.opensearch.client.ResponseException">org.opensearch.client.ResponseException: method [POST], host [http://[::1]:49775], URI [/_plugins/_sql?format=json], status line [HTTP/1.1 400 Bad Request]
{
  &quot;error&quot;: {
    &quot;reason&quot;: &quot;Invalid SQL query&quot;,
    &quot;details&quot;: &quot;Query is unsupported in the new engine&quot;,
    &quot;type&quot;: &quot;SQLFeatureDisabledException&quot;
  },
  &quot;status&quot;: 400
}
	at __randomizedtesting.SeedInfo.seed([B058E8962C1F801C:9AA371C7103D6A6A]:0)
	at app//org.opensearch.client.RestClient.convertResponse(RestClient.java:384)
	at app//org.opensearch.client.RestClient.performRequest(RestClient.java:354)
	at app//org.opensearch.client.RestClient.performRequest(RestClient.java:329)
	at app//org.opensearch.sql.legacy.SQLIntegTestCase.executeRequest(SQLIntegTestCase.java:327)
	at app//org.opensearch.sql.legacy.SQLIntegTestCase.executeRequest(SQLIntegTestCase.java:322)
	at app//org.opensearch.sql.legacy.SQLIntegTestCase.executeRequest(SQLIntegTestCase.java:310)
	at app//org.opensearch.sql.legacy.SQLIntegTestCase.executeQuery(SQLIntegTestCase.java:293)
	at app//org.opensearch.sql.legacy.QueryIT.testWhereWithBoolEqualsTrue(QueryIT.java:967)
	at java.base@17.0.4.1/jdk.internal.reflect.NativeMethodAccessorImpl.invoke0(Native Method)
	at java.base@17.0.4.1/jdk.internal.reflect.NativeMethodAccessorImpl.invoke(NativeMethodAccessorImpl.java:77)
	at java.base@17.0.4.1/jdk.internal.reflect.DelegatingMethodAccessorImpl.invoke(DelegatingMethodAccessorImpl.java:43)
	at java.base@17.0.4.1/java.lang.reflect.Method.invoke(Method.java:568)
	at app//com.carrotsearch.randomizedtesting.RandomizedRunner.invoke(RandomizedRunner.java:1750)
	at app//com.carrotsearch.randomizedtesting.RandomizedRunner$8.evaluate(RandomizedRunner.java:938)
	at app//com.carrotsearch.randomizedtesting.RandomizedRunner$9.evaluate(RandomizedRunner.java:974)
	at app//com.carrotsearch.randomizedtesting.RandomizedRunner$10.evaluate(RandomizedRunner.java:988)
	at app//com.carrotsearch.randomizedtesting.rules.StatementAdapter.evaluate(StatementAdapter.java:36)
	at app//org.junit.rules.RunRules.evaluate(RunRules.java:20)
	at app//org.apache.lucene.tests.util.TestRuleSetupTeardownChained$1.evaluate(TestRuleSetupTeardownChained.java:48)
	at app//org.apache.lucene.tests.util.AbstractBeforeAfterRule$1.evaluate(AbstractBeforeAfterRule.java:43)
	at app//org.apache.lucene.tests.util.TestRuleThreadAndTestName$1.evaluate(TestRuleThreadAndTestName.java:45)
	at app//org.apache.lucene.tests.util.TestRuleIgnoreAfterMaxFailures$1.evaluate(TestRuleIgnoreAfterMaxFailures.java:60)
	at app//org.apache.lucene.tests.util.TestRuleMarkFailure$1.evaluate(TestRuleMarkFailure.java:44)
	at app//org.junit.rules.RunRules.evaluate(RunRules.java:20)
	at app//com.carrotsearch.randomizedtesting.rules.StatementAdapter.evaluate(StatementAdapter.java:36)
	at app//com.carrotsearch.randomizedtesting.ThreadLeakControl$StatementRunner.run(ThreadLeakControl.java:368)
	at app//com.carrotsearch.randomizedtesting.ThreadLeakControl.forkTimeoutingTask(ThreadLeakControl.java:817)
	at app//com.carrotsearch.randomizedtesting.ThreadLeakControl$3.evaluate(ThreadLeakControl.java:468)
	at app//com.carrotsearch.randomizedtesting.RandomizedRunner.runSingleTest(RandomizedRunner.java:947)
	at app//com.carrotsearch.randomizedtesting.RandomizedRunner$5.evaluate(RandomizedRunner.java:832)
	at app//com.carrotsearch.randomizedtesting.RandomizedRunner$6.evaluate(RandomizedRunner.java:883)
	at app//com.carrotsearch.randomizedtesting.RandomizedRunner$7.evaluate(RandomizedRunner.java:894)
	at app//org.apache.lucene.tests.util.AbstractBeforeAfterRule$1.evaluate(AbstractBeforeAfterRule.java:43)
	at app//com.carrotsearch.randomizedtesting.rules.StatementAdapter.evaluate(StatementAdapter.java:36)
	at app//org.apache.lucene.tests.util.TestRuleStoreClassName$1.evaluate(TestRuleStoreClassName.java:38)
	at app//com.carrotsearch.randomizedtesting.rules.NoShadowingOrOverridesOnMethodsRule$1.evaluate(NoShadowingOrOverridesOnMethodsRule.java:40)
	at app//com.carrotsearch.randomizedtesting.rules.NoShadowingOrOverridesOnMethodsRule$1.evaluate(NoShadowingOrOverridesOnMethodsRule.java:40)
	at app//com.carrotsearch.randomizedtesting.rules.StatementAdapter.evaluate(StatementAdapter.java:36)
	at app//com.carrotsearch.randomizedtesting.rules.StatementAdapter.evaluate(StatementAdapter.java:36)
	at app//org.apache.lucene.tests.util.TestRuleAssertionsRequired$1.evaluate(TestRuleAssertionsRequired.java:53)
	at app//org.apache.lucene.tests.util.AbstractBeforeAfterRule$1.evaluate(AbstractBeforeAfterRule.java:43)
	at app//org.apache.lucene.tests.util.TestRuleMarkFailure$1.evaluate(TestRuleMarkFailure.java:44)
	at app//org.apache.lucene.tests.util.TestRuleIgnoreAfterMaxFailures$1.evaluate(TestRuleIgnoreAfterMaxFailures.java:60)
	at app//org.apache.lucene.tests.util.TestRuleIgnoreTestSuites$1.evaluate(TestRuleIgnoreTestSuites.java:47)
	at app//org.junit.rules.RunRules.evaluate(RunRules.java:20)
	at app//com.carrotsearch.randomizedtesting.rules.StatementAdapter.evaluate(StatementAdapter.java:36)
	at app//com.carrotsearch.randomizedtesting.ThreadLeakControl$StatementRunner.run(ThreadLeakControl.java:368)
	at java.base@17.0.4.1/java.lang.Thread.run(Thread.java:833)
</failure>
  </testcase>
  <testcase name="termQueryWithStringLiteral" classname="org.opensearch.sql.legacy.QueryIT" time="0.036">
    <failure message="org.opensearch.client.ResponseException: method [POST], host [http://[::1]:49775], URI [/_plugins/_sql?format=json], status line [HTTP/1.1 400 Bad Request]&#10;{&#10;  &quot;error&quot;: {&#10;    &quot;reason&quot;: &quot;Invalid SQL query&quot;,&#10;    &quot;details&quot;: &quot;Query is unsupported in the new engine&quot;,&#10;    &quot;type&quot;: &quot;SQLFeatureDisabledException&quot;&#10;  },&#10;  &quot;status&quot;: 400&#10;}" type="org.opensearch.client.ResponseException">org.opensearch.client.ResponseException: method [POST], host [http://[::1]:49775], URI [/_plugins/_sql?format=json], status line [HTTP/1.1 400 Bad Request]
{
  &quot;error&quot;: {
    &quot;reason&quot;: &quot;Invalid SQL query&quot;,
    &quot;details&quot;: &quot;Query is unsupported in the new engine&quot;,
    &quot;type&quot;: &quot;SQLFeatureDisabledException&quot;
  },
  &quot;status&quot;: 400
}
	at __randomizedtesting.SeedInfo.seed([B058E8962C1F801C:D54CCA790435D37B]:0)
	at app//org.opensearch.client.RestClient.convertResponse(RestClient.java:384)
	at app//org.opensearch.client.RestClient.performRequest(RestClient.java:354)
	at app//org.opensearch.client.RestClient.performRequest(RestClient.java:329)
	at app//org.opensearch.sql.legacy.SQLIntegTestCase.executeRequest(SQLIntegTestCase.java:327)
	at app//org.opensearch.sql.legacy.SQLIntegTestCase.executeRequest(SQLIntegTestCase.java:322)
	at app//org.opensearch.sql.legacy.SQLIntegTestCase.executeRequest(SQLIntegTestCase.java:310)
	at app//org.opensearch.sql.legacy.SQLIntegTestCase.executeQuery(SQLIntegTestCase.java:293)
	at app//org.opensearch.sql.legacy.QueryIT.termQueryWithStringLiteral(QueryIT.java:692)
	at java.base@17.0.4.1/jdk.internal.reflect.NativeMethodAccessorImpl.invoke0(Native Method)
	at java.base@17.0.4.1/jdk.internal.reflect.NativeMethodAccessorImpl.invoke(NativeMethodAccessorImpl.java:77)
	at java.base@17.0.4.1/jdk.internal.reflect.DelegatingMethodAccessorImpl.invoke(DelegatingMethodAccessorImpl.java:43)
	at java.base@17.0.4.1/java.lang.reflect.Method.invoke(Method.java:568)
	at app//com.carrotsearch.randomizedtesting.RandomizedRunner.invoke(RandomizedRunner.java:1750)
	at app//com.carrotsearch.randomizedtesting.RandomizedRunner$8.evaluate(RandomizedRunner.java:938)
	at app//com.carrotsearch.randomizedtesting.RandomizedRunner$9.evaluate(RandomizedRunner.java:974)
	at app//com.carrotsearch.randomizedtesting.RandomizedRunner$10.evaluate(RandomizedRunner.java:988)
	at app//com.carrotsearch.randomizedtesting.rules.StatementAdapter.evaluate(StatementAdapter.java:36)
	at app//org.junit.rules.RunRules.evaluate(RunRules.java:20)
	at app//org.apache.lucene.tests.util.TestRuleSetupTeardownChained$1.evaluate(TestRuleSetupTeardownChained.java:48)
	at app//org.apache.lucene.tests.util.AbstractBeforeAfterRule$1.evaluate(AbstractBeforeAfterRule.java:43)
	at app//org.apache.lucene.tests.util.TestRuleThreadAndTestName$1.evaluate(TestRuleThreadAndTestName.java:45)
	at app//org.apache.lucene.tests.util.TestRuleIgnoreAfterMaxFailures$1.evaluate(TestRuleIgnoreAfterMaxFailures.java:60)
	at app//org.apache.lucene.tests.util.TestRuleMarkFailure$1.evaluate(TestRuleMarkFailure.java:44)
	at app//org.junit.rules.RunRules.evaluate(RunRules.java:20)
	at app//com.carrotsearch.randomizedtesting.rules.StatementAdapter.evaluate(StatementAdapter.java:36)
	at app//com.carrotsearch.randomizedtesting.ThreadLeakControl$StatementRunner.run(ThreadLeakControl.java:368)
	at app//com.carrotsearch.randomizedtesting.ThreadLeakControl.forkTimeoutingTask(ThreadLeakControl.java:817)
	at app//com.carrotsearch.randomizedtesting.ThreadLeakControl$3.evaluate(ThreadLeakControl.java:468)
	at app//com.carrotsearch.randomizedtesting.RandomizedRunner.runSingleTest(RandomizedRunner.java:947)
	at app//com.carrotsearch.randomizedtesting.RandomizedRunner$5.evaluate(RandomizedRunner.java:832)
	at app//com.carrotsearch.randomizedtesting.RandomizedRunner$6.evaluate(RandomizedRunner.java:883)
	at app//com.carrotsearch.randomizedtesting.RandomizedRunner$7.evaluate(RandomizedRunner.java:894)
	at app//org.apache.lucene.tests.util.AbstractBeforeAfterRule$1.evaluate(AbstractBeforeAfterRule.java:43)
	at app//com.carrotsearch.randomizedtesting.rules.StatementAdapter.evaluate(StatementAdapter.java:36)
	at app//org.apache.lucene.tests.util.TestRuleStoreClassName$1.evaluate(TestRuleStoreClassName.java:38)
	at app//com.carrotsearch.randomizedtesting.rules.NoShadowingOrOverridesOnMethodsRule$1.evaluate(NoShadowingOrOverridesOnMethodsRule.java:40)
	at app//com.carrotsearch.randomizedtesting.rules.NoShadowingOrOverridesOnMethodsRule$1.evaluate(NoShadowingOrOverridesOnMethodsRule.java:40)
	at app//com.carrotsearch.randomizedtesting.rules.StatementAdapter.evaluate(StatementAdapter.java:36)
	at app//com.carrotsearch.randomizedtesting.rules.StatementAdapter.evaluate(StatementAdapter.java:36)
	at app//org.apache.lucene.tests.util.TestRuleAssertionsRequired$1.evaluate(TestRuleAssertionsRequired.java:53)
	at app//org.apache.lucene.tests.util.AbstractBeforeAfterRule$1.evaluate(AbstractBeforeAfterRule.java:43)
	at app//org.apache.lucene.tests.util.TestRuleMarkFailure$1.evaluate(TestRuleMarkFailure.java:44)
	at app//org.apache.lucene.tests.util.TestRuleIgnoreAfterMaxFailures$1.evaluate(TestRuleIgnoreAfterMaxFailures.java:60)
	at app//org.apache.lucene.tests.util.TestRuleIgnoreTestSuites$1.evaluate(TestRuleIgnoreTestSuites.java:47)
	at app//org.junit.rules.RunRules.evaluate(RunRules.java:20)
	at app//com.carrotsearch.randomizedtesting.rules.StatementAdapter.evaluate(StatementAdapter.java:36)
	at app//com.carrotsearch.randomizedtesting.ThreadLeakControl$StatementRunner.run(ThreadLeakControl.java:368)
	at java.base@17.0.4.1/java.lang.Thread.run(Thread.java:833)
</failure>
  </testcase>
  <testcase name="scriptFilterWithParams" classname="org.opensearch.sql.legacy.QueryIT" time="0.0">
    <skipped/>
  </testcase>
  <testcase name="orTest" classname="org.opensearch.sql.legacy.QueryIT" time="0.034">
    <failure message="org.opensearch.client.ResponseException: method [POST], host [http://[::1]:49775], URI [/_plugins/_sql?format=json], status line [HTTP/1.1 400 Bad Request]&#10;{&#10;  &quot;error&quot;: {&#10;    &quot;reason&quot;: &quot;Invalid SQL query&quot;,&#10;    &quot;details&quot;: &quot;Query is unsupported in the new engine&quot;,&#10;    &quot;type&quot;: &quot;SQLFeatureDisabledException&quot;&#10;  },&#10;  &quot;status&quot;: 400&#10;}" type="org.opensearch.client.ResponseException">org.opensearch.client.ResponseException: method [POST], host [http://[::1]:49775], URI [/_plugins/_sql?format=json], status line [HTTP/1.1 400 Bad Request]
{
  &quot;error&quot;: {
    &quot;reason&quot;: &quot;Invalid SQL query&quot;,
    &quot;details&quot;: &quot;Query is unsupported in the new engine&quot;,
    &quot;type&quot;: &quot;SQLFeatureDisabledException&quot;
  },
  &quot;status&quot;: 400
}
	at __randomizedtesting.SeedInfo.seed([B058E8962C1F801C:7CA09C375C28F17F]:0)
	at app//org.opensearch.client.RestClient.convertResponse(RestClient.java:384)
	at app//org.opensearch.client.RestClient.performRequest(RestClient.java:354)
	at app//org.opensearch.client.RestClient.performRequest(RestClient.java:329)
	at app//org.opensearch.sql.legacy.SQLIntegTestCase.executeRequest(SQLIntegTestCase.java:327)
	at app//org.opensearch.sql.legacy.SQLIntegTestCase.executeRequest(SQLIntegTestCase.java:322)
	at app//org.opensearch.sql.legacy.SQLIntegTestCase.executeRequest(SQLIntegTestCase.java:310)
	at app//org.opensearch.sql.legacy.SQLIntegTestCase.executeQuery(SQLIntegTestCase.java:293)
	at app//org.opensearch.sql.legacy.QueryIT.orTest(QueryIT.java:410)
	at java.base@17.0.4.1/jdk.internal.reflect.NativeMethodAccessorImpl.invoke0(Native Method)
	at java.base@17.0.4.1/jdk.internal.reflect.NativeMethodAccessorImpl.invoke(NativeMethodAccessorImpl.java:77)
	at java.base@17.0.4.1/jdk.internal.reflect.DelegatingMethodAccessorImpl.invoke(DelegatingMethodAccessorImpl.java:43)
	at java.base@17.0.4.1/java.lang.reflect.Method.invoke(Method.java:568)
	at app//com.carrotsearch.randomizedtesting.RandomizedRunner.invoke(RandomizedRunner.java:1750)
	at app//com.carrotsearch.randomizedtesting.RandomizedRunner$8.evaluate(RandomizedRunner.java:938)
	at app//com.carrotsearch.randomizedtesting.RandomizedRunner$9.evaluate(RandomizedRunner.java:974)
	at app//com.carrotsearch.randomizedtesting.RandomizedRunner$10.evaluate(RandomizedRunner.java:988)
	at app//com.carrotsearch.randomizedtesting.rules.StatementAdapter.evaluate(StatementAdapter.java:36)
	at app//org.junit.rules.RunRules.evaluate(RunRules.java:20)
	at app//org.apache.lucene.tests.util.TestRuleSetupTeardownChained$1.evaluate(TestRuleSetupTeardownChained.java:48)
	at app//org.apache.lucene.tests.util.AbstractBeforeAfterRule$1.evaluate(AbstractBeforeAfterRule.java:43)
	at app//org.apache.lucene.tests.util.TestRuleThreadAndTestName$1.evaluate(TestRuleThreadAndTestName.java:45)
	at app//org.apache.lucene.tests.util.TestRuleIgnoreAfterMaxFailures$1.evaluate(TestRuleIgnoreAfterMaxFailures.java:60)
	at app//org.apache.lucene.tests.util.TestRuleMarkFailure$1.evaluate(TestRuleMarkFailure.java:44)
	at app//org.junit.rules.RunRules.evaluate(RunRules.java:20)
	at app//com.carrotsearch.randomizedtesting.rules.StatementAdapter.evaluate(StatementAdapter.java:36)
	at app//com.carrotsearch.randomizedtesting.ThreadLeakControl$StatementRunner.run(ThreadLeakControl.java:368)
	at app//com.carrotsearch.randomizedtesting.ThreadLeakControl.forkTimeoutingTask(ThreadLeakControl.java:817)
	at app//com.carrotsearch.randomizedtesting.ThreadLeakControl$3.evaluate(ThreadLeakControl.java:468)
	at app//com.carrotsearch.randomizedtesting.RandomizedRunner.runSingleTest(RandomizedRunner.java:947)
	at app//com.carrotsearch.randomizedtesting.RandomizedRunner$5.evaluate(RandomizedRunner.java:832)
	at app//com.carrotsearch.randomizedtesting.RandomizedRunner$6.evaluate(RandomizedRunner.java:883)
	at app//com.carrotsearch.randomizedtesting.RandomizedRunner$7.evaluate(RandomizedRunner.java:894)
	at app//org.apache.lucene.tests.util.AbstractBeforeAfterRule$1.evaluate(AbstractBeforeAfterRule.java:43)
	at app//com.carrotsearch.randomizedtesting.rules.StatementAdapter.evaluate(StatementAdapter.java:36)
	at app//org.apache.lucene.tests.util.TestRuleStoreClassName$1.evaluate(TestRuleStoreClassName.java:38)
	at app//com.carrotsearch.randomizedtesting.rules.NoShadowingOrOverridesOnMethodsRule$1.evaluate(NoShadowingOrOverridesOnMethodsRule.java:40)
	at app//com.carrotsearch.randomizedtesting.rules.NoShadowingOrOverridesOnMethodsRule$1.evaluate(NoShadowingOrOverridesOnMethodsRule.java:40)
	at app//com.carrotsearch.randomizedtesting.rules.StatementAdapter.evaluate(StatementAdapter.java:36)
	at app//com.carrotsearch.randomizedtesting.rules.StatementAdapter.evaluate(StatementAdapter.java:36)
	at app//org.apache.lucene.tests.util.TestRuleAssertionsRequired$1.evaluate(TestRuleAssertionsRequired.java:53)
	at app//org.apache.lucene.tests.util.AbstractBeforeAfterRule$1.evaluate(AbstractBeforeAfterRule.java:43)
	at app//org.apache.lucene.tests.util.TestRuleMarkFailure$1.evaluate(TestRuleMarkFailure.java:44)
	at app//org.apache.lucene.tests.util.TestRuleIgnoreAfterMaxFailures$1.evaluate(TestRuleIgnoreAfterMaxFailures.java:60)
	at app//org.apache.lucene.tests.util.TestRuleIgnoreTestSuites$1.evaluate(TestRuleIgnoreTestSuites.java:47)
	at app//org.junit.rules.RunRules.evaluate(RunRules.java:20)
	at app//com.carrotsearch.randomizedtesting.rules.StatementAdapter.evaluate(StatementAdapter.java:36)
	at app//com.carrotsearch.randomizedtesting.ThreadLeakControl$StatementRunner.run(ThreadLeakControl.java:368)
	at java.base@17.0.4.1/java.lang.Thread.run(Thread.java:833)
</failure>
  </testcase>
  <testcase name="complexNestedQueryBothOnSameObject" classname="org.opensearch.sql.legacy.QueryIT" time="0.034">
    <failure message="org.opensearch.client.ResponseException: method [POST], host [http://[::1]:49775], URI [/_plugins/_sql?format=json], status line [HTTP/1.1 400 Bad Request]&#10;{&#10;  &quot;error&quot;: {&#10;    &quot;reason&quot;: &quot;Invalid SQL query&quot;,&#10;    &quot;details&quot;: &quot;Query is unsupported in the new engine&quot;,&#10;    &quot;type&quot;: &quot;SQLFeatureDisabledException&quot;&#10;  },&#10;  &quot;status&quot;: 400&#10;}" type="org.opensearch.client.ResponseException">org.opensearch.client.ResponseException: method [POST], host [http://[::1]:49775], URI [/_plugins/_sql?format=json], status line [HTTP/1.1 400 Bad Request]
{
  &quot;error&quot;: {
    &quot;reason&quot;: &quot;Invalid SQL query&quot;,
    &quot;details&quot;: &quot;Query is unsupported in the new engine&quot;,
    &quot;type&quot;: &quot;SQLFeatureDisabledException&quot;
  },
  &quot;status&quot;: 400
}
	at __randomizedtesting.SeedInfo.seed([B058E8962C1F801C:9F7EAFA5B3F8500]:0)
	at app//org.opensearch.client.RestClient.convertResponse(RestClient.java:384)
	at app//org.opensearch.client.RestClient.performRequest(RestClient.java:354)
	at app//org.opensearch.client.RestClient.performRequest(RestClient.java:329)
	at app//org.opensearch.sql.legacy.SQLIntegTestCase.executeRequest(SQLIntegTestCase.java:327)
	at app//org.opensearch.sql.legacy.SQLIntegTestCase.executeRequest(SQLIntegTestCase.java:322)
	at app//org.opensearch.sql.legacy.SQLIntegTestCase.executeRequest(SQLIntegTestCase.java:310)
	at app//org.opensearch.sql.legacy.SQLIntegTestCase.executeQuery(SQLIntegTestCase.java:293)
	at app//org.opensearch.sql.legacy.QueryIT.complexNestedQueryBothOnSameObject(QueryIT.java:1472)
	at java.base@17.0.4.1/jdk.internal.reflect.NativeMethodAccessorImpl.invoke0(Native Method)
	at java.base@17.0.4.1/jdk.internal.reflect.NativeMethodAccessorImpl.invoke(NativeMethodAccessorImpl.java:77)
	at java.base@17.0.4.1/jdk.internal.reflect.DelegatingMethodAccessorImpl.invoke(DelegatingMethodAccessorImpl.java:43)
	at java.base@17.0.4.1/java.lang.reflect.Method.invoke(Method.java:568)
	at app//com.carrotsearch.randomizedtesting.RandomizedRunner.invoke(RandomizedRunner.java:1750)
	at app//com.carrotsearch.randomizedtesting.RandomizedRunner$8.evaluate(RandomizedRunner.java:938)
	at app//com.carrotsearch.randomizedtesting.RandomizedRunner$9.evaluate(RandomizedRunner.java:974)
	at app//com.carrotsearch.randomizedtesting.RandomizedRunner$10.evaluate(RandomizedRunner.java:988)
	at app//com.carrotsearch.randomizedtesting.rules.StatementAdapter.evaluate(StatementAdapter.java:36)
	at app//org.junit.rules.RunRules.evaluate(RunRules.java:20)
	at app//org.apache.lucene.tests.util.TestRuleSetupTeardownChained$1.evaluate(TestRuleSetupTeardownChained.java:48)
	at app//org.apache.lucene.tests.util.AbstractBeforeAfterRule$1.evaluate(AbstractBeforeAfterRule.java:43)
	at app//org.apache.lucene.tests.util.TestRuleThreadAndTestName$1.evaluate(TestRuleThreadAndTestName.java:45)
	at app//org.apache.lucene.tests.util.TestRuleIgnoreAfterMaxFailures$1.evaluate(TestRuleIgnoreAfterMaxFailures.java:60)
	at app//org.apache.lucene.tests.util.TestRuleMarkFailure$1.evaluate(TestRuleMarkFailure.java:44)
	at app//org.junit.rules.RunRules.evaluate(RunRules.java:20)
	at app//com.carrotsearch.randomizedtesting.rules.StatementAdapter.evaluate(StatementAdapter.java:36)
	at app//com.carrotsearch.randomizedtesting.ThreadLeakControl$StatementRunner.run(ThreadLeakControl.java:368)
	at app//com.carrotsearch.randomizedtesting.ThreadLeakControl.forkTimeoutingTask(ThreadLeakControl.java:817)
	at app//com.carrotsearch.randomizedtesting.ThreadLeakControl$3.evaluate(ThreadLeakControl.java:468)
	at app//com.carrotsearch.randomizedtesting.RandomizedRunner.runSingleTest(RandomizedRunner.java:947)
	at app//com.carrotsearch.randomizedtesting.RandomizedRunner$5.evaluate(RandomizedRunner.java:832)
	at app//com.carrotsearch.randomizedtesting.RandomizedRunner$6.evaluate(RandomizedRunner.java:883)
	at app//com.carrotsearch.randomizedtesting.RandomizedRunner$7.evaluate(RandomizedRunner.java:894)
	at app//org.apache.lucene.tests.util.AbstractBeforeAfterRule$1.evaluate(AbstractBeforeAfterRule.java:43)
	at app//com.carrotsearch.randomizedtesting.rules.StatementAdapter.evaluate(StatementAdapter.java:36)
	at app//org.apache.lucene.tests.util.TestRuleStoreClassName$1.evaluate(TestRuleStoreClassName.java:38)
	at app//com.carrotsearch.randomizedtesting.rules.NoShadowingOrOverridesOnMethodsRule$1.evaluate(NoShadowingOrOverridesOnMethodsRule.java:40)
	at app//com.carrotsearch.randomizedtesting.rules.NoShadowingOrOverridesOnMethodsRule$1.evaluate(NoShadowingOrOverridesOnMethodsRule.java:40)
	at app//com.carrotsearch.randomizedtesting.rules.StatementAdapter.evaluate(StatementAdapter.java:36)
	at app//com.carrotsearch.randomizedtesting.rules.StatementAdapter.evaluate(StatementAdapter.java:36)
	at app//org.apache.lucene.tests.util.TestRuleAssertionsRequired$1.evaluate(TestRuleAssertionsRequired.java:53)
	at app//org.apache.lucene.tests.util.AbstractBeforeAfterRule$1.evaluate(AbstractBeforeAfterRule.java:43)
	at app//org.apache.lucene.tests.util.TestRuleMarkFailure$1.evaluate(TestRuleMarkFailure.java:44)
	at app//org.apache.lucene.tests.util.TestRuleIgnoreAfterMaxFailures$1.evaluate(TestRuleIgnoreAfterMaxFailures.java:60)
	at app//org.apache.lucene.tests.util.TestRuleIgnoreTestSuites$1.evaluate(TestRuleIgnoreTestSuites.java:47)
	at app//org.junit.rules.RunRules.evaluate(RunRules.java:20)
	at app//com.carrotsearch.randomizedtesting.rules.StatementAdapter.evaluate(StatementAdapter.java:36)
	at app//com.carrotsearch.randomizedtesting.ThreadLeakControl$StatementRunner.run(ThreadLeakControl.java:368)
	at java.base@17.0.4.1/java.lang.Thread.run(Thread.java:833)
</failure>
  </testcase>
  <testcase name="equalityTestPhrase" classname="org.opensearch.sql.legacy.QueryIT" time="0.035">
    <failure message="org.opensearch.client.ResponseException: method [POST], host [http://[::1]:49775], URI [/_plugins/_sql?format=json], status line [HTTP/1.1 400 Bad Request]&#10;{&#10;  &quot;error&quot;: {&#10;    &quot;reason&quot;: &quot;Invalid SQL query&quot;,&#10;    &quot;details&quot;: &quot;Query is unsupported in the new engine&quot;,&#10;    &quot;type&quot;: &quot;SQLFeatureDisabledException&quot;&#10;  },&#10;  &quot;status&quot;: 400&#10;}" type="org.opensearch.client.ResponseException">org.opensearch.client.ResponseException: method [POST], host [http://[::1]:49775], URI [/_plugins/_sql?format=json], status line [HTTP/1.1 400 Bad Request]
{
  &quot;error&quot;: {
    &quot;reason&quot;: &quot;Invalid SQL query&quot;,
    &quot;details&quot;: &quot;Query is unsupported in the new engine&quot;,
    &quot;type&quot;: &quot;SQLFeatureDisabledException&quot;
  },
  &quot;status&quot;: 400
}
	at __randomizedtesting.SeedInfo.seed([B058E8962C1F801C:587E6D2CA5522D1F]:0)
	at app//org.opensearch.client.RestClient.convertResponse(RestClient.java:384)
	at app//org.opensearch.client.RestClient.performRequest(RestClient.java:354)
	at app//org.opensearch.client.RestClient.performRequest(RestClient.java:329)
	at app//org.opensearch.sql.legacy.SQLIntegTestCase.executeRequest(SQLIntegTestCase.java:327)
	at app//org.opensearch.sql.legacy.SQLIntegTestCase.executeRequest(SQLIntegTestCase.java:322)
	at app//org.opensearch.sql.legacy.SQLIntegTestCase.executeRequest(SQLIntegTestCase.java:310)
	at app//org.opensearch.sql.legacy.SQLIntegTestCase.executeQuery(SQLIntegTestCase.java:293)
	at app//org.opensearch.sql.legacy.QueryIT.equalityTestPhrase(QueryIT.java:315)
	at java.base@17.0.4.1/jdk.internal.reflect.NativeMethodAccessorImpl.invoke0(Native Method)
	at java.base@17.0.4.1/jdk.internal.reflect.NativeMethodAccessorImpl.invoke(NativeMethodAccessorImpl.java:77)
	at java.base@17.0.4.1/jdk.internal.reflect.DelegatingMethodAccessorImpl.invoke(DelegatingMethodAccessorImpl.java:43)
	at java.base@17.0.4.1/java.lang.reflect.Method.invoke(Method.java:568)
	at app//com.carrotsearch.randomizedtesting.RandomizedRunner.invoke(RandomizedRunner.java:1750)
	at app//com.carrotsearch.randomizedtesting.RandomizedRunner$8.evaluate(RandomizedRunner.java:938)
	at app//com.carrotsearch.randomizedtesting.RandomizedRunner$9.evaluate(RandomizedRunner.java:974)
	at app//com.carrotsearch.randomizedtesting.RandomizedRunner$10.evaluate(RandomizedRunner.java:988)
	at app//com.carrotsearch.randomizedtesting.rules.StatementAdapter.evaluate(StatementAdapter.java:36)
	at app//org.junit.rules.RunRules.evaluate(RunRules.java:20)
	at app//org.apache.lucene.tests.util.TestRuleSetupTeardownChained$1.evaluate(TestRuleSetupTeardownChained.java:48)
	at app//org.apache.lucene.tests.util.AbstractBeforeAfterRule$1.evaluate(AbstractBeforeAfterRule.java:43)
	at app//org.apache.lucene.tests.util.TestRuleThreadAndTestName$1.evaluate(TestRuleThreadAndTestName.java:45)
	at app//org.apache.lucene.tests.util.TestRuleIgnoreAfterMaxFailures$1.evaluate(TestRuleIgnoreAfterMaxFailures.java:60)
	at app//org.apache.lucene.tests.util.TestRuleMarkFailure$1.evaluate(TestRuleMarkFailure.java:44)
	at app//org.junit.rules.RunRules.evaluate(RunRules.java:20)
	at app//com.carrotsearch.randomizedtesting.rules.StatementAdapter.evaluate(StatementAdapter.java:36)
	at app//com.carrotsearch.randomizedtesting.ThreadLeakControl$StatementRunner.run(ThreadLeakControl.java:368)
	at app//com.carrotsearch.randomizedtesting.ThreadLeakControl.forkTimeoutingTask(ThreadLeakControl.java:817)
	at app//com.carrotsearch.randomizedtesting.ThreadLeakControl$3.evaluate(ThreadLeakControl.java:468)
	at app//com.carrotsearch.randomizedtesting.RandomizedRunner.runSingleTest(RandomizedRunner.java:947)
	at app//com.carrotsearch.randomizedtesting.RandomizedRunner$5.evaluate(RandomizedRunner.java:832)
	at app//com.carrotsearch.randomizedtesting.RandomizedRunner$6.evaluate(RandomizedRunner.java:883)
	at app//com.carrotsearch.randomizedtesting.RandomizedRunner$7.evaluate(RandomizedRunner.java:894)
	at app//org.apache.lucene.tests.util.AbstractBeforeAfterRule$1.evaluate(AbstractBeforeAfterRule.java:43)
	at app//com.carrotsearch.randomizedtesting.rules.StatementAdapter.evaluate(StatementAdapter.java:36)
	at app//org.apache.lucene.tests.util.TestRuleStoreClassName$1.evaluate(TestRuleStoreClassName.java:38)
	at app//com.carrotsearch.randomizedtesting.rules.NoShadowingOrOverridesOnMethodsRule$1.evaluate(NoShadowingOrOverridesOnMethodsRule.java:40)
	at app//com.carrotsearch.randomizedtesting.rules.NoShadowingOrOverridesOnMethodsRule$1.evaluate(NoShadowingOrOverridesOnMethodsRule.java:40)
	at app//com.carrotsearch.randomizedtesting.rules.StatementAdapter.evaluate(StatementAdapter.java:36)
	at app//com.carrotsearch.randomizedtesting.rules.StatementAdapter.evaluate(StatementAdapter.java:36)
	at app//org.apache.lucene.tests.util.TestRuleAssertionsRequired$1.evaluate(TestRuleAssertionsRequired.java:53)
	at app//org.apache.lucene.tests.util.AbstractBeforeAfterRule$1.evaluate(AbstractBeforeAfterRule.java:43)
	at app//org.apache.lucene.tests.util.TestRuleMarkFailure$1.evaluate(TestRuleMarkFailure.java:44)
	at app//org.apache.lucene.tests.util.TestRuleIgnoreAfterMaxFailures$1.evaluate(TestRuleIgnoreAfterMaxFailures.java:60)
	at app//org.apache.lucene.tests.util.TestRuleIgnoreTestSuites$1.evaluate(TestRuleIgnoreTestSuites.java:47)
	at app//org.junit.rules.RunRules.evaluate(RunRules.java:20)
	at app//com.carrotsearch.randomizedtesting.rules.StatementAdapter.evaluate(StatementAdapter.java:36)
	at app//com.carrotsearch.randomizedtesting.ThreadLeakControl$StatementRunner.run(ThreadLeakControl.java:368)
	at java.base@17.0.4.1/java.lang.Thread.run(Thread.java:833)
</failure>
  </testcase>
  <testcase name="negativeRegexQueryTest" classname="org.opensearch.sql.legacy.QueryIT" time="0.041">
    <failure message="org.opensearch.client.ResponseException: method [POST], host [http://[::1]:49775], URI [/_plugins/_sql?format=json], status line [HTTP/1.1 400 Bad Request]&#10;{&#10;  &quot;error&quot;: {&#10;    &quot;reason&quot;: &quot;Invalid SQL query&quot;,&#10;    &quot;details&quot;: &quot;Query is unsupported in the new engine&quot;,&#10;    &quot;type&quot;: &quot;SQLFeatureDisabledException&quot;&#10;  },&#10;  &quot;status&quot;: 400&#10;}" type="org.opensearch.client.ResponseException">org.opensearch.client.ResponseException: method [POST], host [http://[::1]:49775], URI [/_plugins/_sql?format=json], status line [HTTP/1.1 400 Bad Request]
{
  &quot;error&quot;: {
    &quot;reason&quot;: &quot;Invalid SQL query&quot;,
    &quot;details&quot;: &quot;Query is unsupported in the new engine&quot;,
    &quot;type&quot;: &quot;SQLFeatureDisabledException&quot;
  },
  &quot;status&quot;: 400
}
	at __randomizedtesting.SeedInfo.seed([B058E8962C1F801C:DE1FFB7C90EA01BB]:0)
	at app//org.opensearch.client.RestClient.convertResponse(RestClient.java:384)
	at app//org.opensearch.client.RestClient.performRequest(RestClient.java:354)
	at app//org.opensearch.client.RestClient.performRequest(RestClient.java:329)
	at app//org.opensearch.sql.legacy.SQLIntegTestCase.executeRequest(SQLIntegTestCase.java:327)
	at app//org.opensearch.sql.legacy.SQLIntegTestCase.executeRequest(SQLIntegTestCase.java:322)
	at app//org.opensearch.sql.legacy.SQLIntegTestCase.executeRequest(SQLIntegTestCase.java:310)
	at app//org.opensearch.sql.legacy.SQLIntegTestCase.executeQuery(SQLIntegTestCase.java:293)
	at app//org.opensearch.sql.legacy.QueryIT.negativeRegexQueryTest(QueryIT.java:476)
	at java.base@17.0.4.1/jdk.internal.reflect.NativeMethodAccessorImpl.invoke0(Native Method)
	at java.base@17.0.4.1/jdk.internal.reflect.NativeMethodAccessorImpl.invoke(NativeMethodAccessorImpl.java:77)
	at java.base@17.0.4.1/jdk.internal.reflect.DelegatingMethodAccessorImpl.invoke(DelegatingMethodAccessorImpl.java:43)
	at java.base@17.0.4.1/java.lang.reflect.Method.invoke(Method.java:568)
	at app//com.carrotsearch.randomizedtesting.RandomizedRunner.invoke(RandomizedRunner.java:1750)
	at app//com.carrotsearch.randomizedtesting.RandomizedRunner$8.evaluate(RandomizedRunner.java:938)
	at app//com.carrotsearch.randomizedtesting.RandomizedRunner$9.evaluate(RandomizedRunner.java:974)
	at app//com.carrotsearch.randomizedtesting.RandomizedRunner$10.evaluate(RandomizedRunner.java:988)
	at app//com.carrotsearch.randomizedtesting.rules.StatementAdapter.evaluate(StatementAdapter.java:36)
	at app//org.junit.rules.RunRules.evaluate(RunRules.java:20)
	at app//org.apache.lucene.tests.util.TestRuleSetupTeardownChained$1.evaluate(TestRuleSetupTeardownChained.java:48)
	at app//org.apache.lucene.tests.util.AbstractBeforeAfterRule$1.evaluate(AbstractBeforeAfterRule.java:43)
	at app//org.apache.lucene.tests.util.TestRuleThreadAndTestName$1.evaluate(TestRuleThreadAndTestName.java:45)
	at app//org.apache.lucene.tests.util.TestRuleIgnoreAfterMaxFailures$1.evaluate(TestRuleIgnoreAfterMaxFailures.java:60)
	at app//org.apache.lucene.tests.util.TestRuleMarkFailure$1.evaluate(TestRuleMarkFailure.java:44)
	at app//org.junit.rules.RunRules.evaluate(RunRules.java:20)
	at app//com.carrotsearch.randomizedtesting.rules.StatementAdapter.evaluate(StatementAdapter.java:36)
	at app//com.carrotsearch.randomizedtesting.ThreadLeakControl$StatementRunner.run(ThreadLeakControl.java:368)
	at app//com.carrotsearch.randomizedtesting.ThreadLeakControl.forkTimeoutingTask(ThreadLeakControl.java:817)
	at app//com.carrotsearch.randomizedtesting.ThreadLeakControl$3.evaluate(ThreadLeakControl.java:468)
	at app//com.carrotsearch.randomizedtesting.RandomizedRunner.runSingleTest(RandomizedRunner.java:947)
	at app//com.carrotsearch.randomizedtesting.RandomizedRunner$5.evaluate(RandomizedRunner.java:832)
	at app//com.carrotsearch.randomizedtesting.RandomizedRunner$6.evaluate(RandomizedRunner.java:883)
	at app//com.carrotsearch.randomizedtesting.RandomizedRunner$7.evaluate(RandomizedRunner.java:894)
	at app//org.apache.lucene.tests.util.AbstractBeforeAfterRule$1.evaluate(AbstractBeforeAfterRule.java:43)
	at app//com.carrotsearch.randomizedtesting.rules.StatementAdapter.evaluate(StatementAdapter.java:36)
	at app//org.apache.lucene.tests.util.TestRuleStoreClassName$1.evaluate(TestRuleStoreClassName.java:38)
	at app//com.carrotsearch.randomizedtesting.rules.NoShadowingOrOverridesOnMethodsRule$1.evaluate(NoShadowingOrOverridesOnMethodsRule.java:40)
	at app//com.carrotsearch.randomizedtesting.rules.NoShadowingOrOverridesOnMethodsRule$1.evaluate(NoShadowingOrOverridesOnMethodsRule.java:40)
	at app//com.carrotsearch.randomizedtesting.rules.StatementAdapter.evaluate(StatementAdapter.java:36)
	at app//com.carrotsearch.randomizedtesting.rules.StatementAdapter.evaluate(StatementAdapter.java:36)
	at app//org.apache.lucene.tests.util.TestRuleAssertionsRequired$1.evaluate(TestRuleAssertionsRequired.java:53)
	at app//org.apache.lucene.tests.util.AbstractBeforeAfterRule$1.evaluate(AbstractBeforeAfterRule.java:43)
	at app//org.apache.lucene.tests.util.TestRuleMarkFailure$1.evaluate(TestRuleMarkFailure.java:44)
	at app//org.apache.lucene.tests.util.TestRuleIgnoreAfterMaxFailures$1.evaluate(TestRuleIgnoreAfterMaxFailures.java:60)
	at app//org.apache.lucene.tests.util.TestRuleIgnoreTestSuites$1.evaluate(TestRuleIgnoreTestSuites.java:47)
	at app//org.junit.rules.RunRules.evaluate(RunRules.java:20)
	at app//com.carrotsearch.randomizedtesting.rules.StatementAdapter.evaluate(StatementAdapter.java:36)
	at app//com.carrotsearch.randomizedtesting.ThreadLeakControl$StatementRunner.run(ThreadLeakControl.java:368)
	at java.base@17.0.4.1/java.lang.Thread.run(Thread.java:833)
</failure>
  </testcase>
  <testcase name="nestedOnInTermsQuery" classname="org.opensearch.sql.legacy.QueryIT" time="0.035">
    <failure message="org.opensearch.client.ResponseException: method [POST], host [http://[::1]:49775], URI [/_plugins/_sql?format=json], status line [HTTP/1.1 400 Bad Request]&#10;{&#10;  &quot;error&quot;: {&#10;    &quot;reason&quot;: &quot;Invalid SQL query&quot;,&#10;    &quot;details&quot;: &quot;Query is unsupported in the new engine&quot;,&#10;    &quot;type&quot;: &quot;SQLFeatureDisabledException&quot;&#10;  },&#10;  &quot;status&quot;: 400&#10;}" type="org.opensearch.client.ResponseException">org.opensearch.client.ResponseException: method [POST], host [http://[::1]:49775], URI [/_plugins/_sql?format=json], status line [HTTP/1.1 400 Bad Request]
{
  &quot;error&quot;: {
    &quot;reason&quot;: &quot;Invalid SQL query&quot;,
    &quot;details&quot;: &quot;Query is unsupported in the new engine&quot;,
    &quot;type&quot;: &quot;SQLFeatureDisabledException&quot;
  },
  &quot;status&quot;: 400
}
	at __randomizedtesting.SeedInfo.seed([B058E8962C1F801C:F9225227D0B44427]:0)
	at app//org.opensearch.client.RestClient.convertResponse(RestClient.java:384)
	at app//org.opensearch.client.RestClient.performRequest(RestClient.java:354)
	at app//org.opensearch.client.RestClient.performRequest(RestClient.java:329)
	at app//org.opensearch.sql.legacy.SQLIntegTestCase.executeRequest(SQLIntegTestCase.java:327)
	at app//org.opensearch.sql.legacy.SQLIntegTestCase.executeRequest(SQLIntegTestCase.java:322)
	at app//org.opensearch.sql.legacy.SQLIntegTestCase.executeRequest(SQLIntegTestCase.java:310)
	at app//org.opensearch.sql.legacy.SQLIntegTestCase.executeQuery(SQLIntegTestCase.java:293)
	at app//org.opensearch.sql.legacy.QueryIT.nestedOnInTermsQuery(QueryIT.java:1494)
	at java.base@17.0.4.1/jdk.internal.reflect.NativeMethodAccessorImpl.invoke0(Native Method)
	at java.base@17.0.4.1/jdk.internal.reflect.NativeMethodAccessorImpl.invoke(NativeMethodAccessorImpl.java:77)
	at java.base@17.0.4.1/jdk.internal.reflect.DelegatingMethodAccessorImpl.invoke(DelegatingMethodAccessorImpl.java:43)
	at java.base@17.0.4.1/java.lang.reflect.Method.invoke(Method.java:568)
	at app//com.carrotsearch.randomizedtesting.RandomizedRunner.invoke(RandomizedRunner.java:1750)
	at app//com.carrotsearch.randomizedtesting.RandomizedRunner$8.evaluate(RandomizedRunner.java:938)
	at app//com.carrotsearch.randomizedtesting.RandomizedRunner$9.evaluate(RandomizedRunner.java:974)
	at app//com.carrotsearch.randomizedtesting.RandomizedRunner$10.evaluate(RandomizedRunner.java:988)
	at app//com.carrotsearch.randomizedtesting.rules.StatementAdapter.evaluate(StatementAdapter.java:36)
	at app//org.junit.rules.RunRules.evaluate(RunRules.java:20)
	at app//org.apache.lucene.tests.util.TestRuleSetupTeardownChained$1.evaluate(TestRuleSetupTeardownChained.java:48)
	at app//org.apache.lucene.tests.util.AbstractBeforeAfterRule$1.evaluate(AbstractBeforeAfterRule.java:43)
	at app//org.apache.lucene.tests.util.TestRuleThreadAndTestName$1.evaluate(TestRuleThreadAndTestName.java:45)
	at app//org.apache.lucene.tests.util.TestRuleIgnoreAfterMaxFailures$1.evaluate(TestRuleIgnoreAfterMaxFailures.java:60)
	at app//org.apache.lucene.tests.util.TestRuleMarkFailure$1.evaluate(TestRuleMarkFailure.java:44)
	at app//org.junit.rules.RunRules.evaluate(RunRules.java:20)
	at app//com.carrotsearch.randomizedtesting.rules.StatementAdapter.evaluate(StatementAdapter.java:36)
	at app//com.carrotsearch.randomizedtesting.ThreadLeakControl$StatementRunner.run(ThreadLeakControl.java:368)
	at app//com.carrotsearch.randomizedtesting.ThreadLeakControl.forkTimeoutingTask(ThreadLeakControl.java:817)
	at app//com.carrotsearch.randomizedtesting.ThreadLeakControl$3.evaluate(ThreadLeakControl.java:468)
	at app//com.carrotsearch.randomizedtesting.RandomizedRunner.runSingleTest(RandomizedRunner.java:947)
	at app//com.carrotsearch.randomizedtesting.RandomizedRunner$5.evaluate(RandomizedRunner.java:832)
	at app//com.carrotsearch.randomizedtesting.RandomizedRunner$6.evaluate(RandomizedRunner.java:883)
	at app//com.carrotsearch.randomizedtesting.RandomizedRunner$7.evaluate(RandomizedRunner.java:894)
	at app//org.apache.lucene.tests.util.AbstractBeforeAfterRule$1.evaluate(AbstractBeforeAfterRule.java:43)
	at app//com.carrotsearch.randomizedtesting.rules.StatementAdapter.evaluate(StatementAdapter.java:36)
	at app//org.apache.lucene.tests.util.TestRuleStoreClassName$1.evaluate(TestRuleStoreClassName.java:38)
	at app//com.carrotsearch.randomizedtesting.rules.NoShadowingOrOverridesOnMethodsRule$1.evaluate(NoShadowingOrOverridesOnMethodsRule.java:40)
	at app//com.carrotsearch.randomizedtesting.rules.NoShadowingOrOverridesOnMethodsRule$1.evaluate(NoShadowingOrOverridesOnMethodsRule.java:40)
	at app//com.carrotsearch.randomizedtesting.rules.StatementAdapter.evaluate(StatementAdapter.java:36)
	at app//com.carrotsearch.randomizedtesting.rules.StatementAdapter.evaluate(StatementAdapter.java:36)
	at app//org.apache.lucene.tests.util.TestRuleAssertionsRequired$1.evaluate(TestRuleAssertionsRequired.java:53)
	at app//org.apache.lucene.tests.util.AbstractBeforeAfterRule$1.evaluate(AbstractBeforeAfterRule.java:43)
	at app//org.apache.lucene.tests.util.TestRuleMarkFailure$1.evaluate(TestRuleMarkFailure.java:44)
	at app//org.apache.lucene.tests.util.TestRuleIgnoreAfterMaxFailures$1.evaluate(TestRuleIgnoreAfterMaxFailures.java:60)
	at app//org.apache.lucene.tests.util.TestRuleIgnoreTestSuites$1.evaluate(TestRuleIgnoreTestSuites.java:47)
	at app//org.junit.rules.RunRules.evaluate(RunRules.java:20)
	at app//com.carrotsearch.randomizedtesting.rules.StatementAdapter.evaluate(StatementAdapter.java:36)
	at app//com.carrotsearch.randomizedtesting.ThreadLeakControl$StatementRunner.run(ThreadLeakControl.java:368)
	at java.base@17.0.4.1/java.lang.Thread.run(Thread.java:833)
</failure>
  </testcase>
  <testcase name="inTermsWithNumbers" classname="org.opensearch.sql.legacy.QueryIT" time="0.036">
    <failure message="org.opensearch.client.ResponseException: method [POST], host [http://[::1]:49775], URI [/_plugins/_sql?format=json], status line [HTTP/1.1 400 Bad Request]&#10;{&#10;  &quot;error&quot;: {&#10;    &quot;reason&quot;: &quot;Invalid SQL query&quot;,&#10;    &quot;details&quot;: &quot;Query is unsupported in the new engine&quot;,&#10;    &quot;type&quot;: &quot;SQLFeatureDisabledException&quot;&#10;  },&#10;  &quot;status&quot;: 400&#10;}" type="org.opensearch.client.ResponseException">org.opensearch.client.ResponseException: method [POST], host [http://[::1]:49775], URI [/_plugins/_sql?format=json], status line [HTTP/1.1 400 Bad Request]
{
  &quot;error&quot;: {
    &quot;reason&quot;: &quot;Invalid SQL query&quot;,
    &quot;details&quot;: &quot;Query is unsupported in the new engine&quot;,
    &quot;type&quot;: &quot;SQLFeatureDisabledException&quot;
  },
  &quot;status&quot;: 400
}
	at __randomizedtesting.SeedInfo.seed([B058E8962C1F801C:9F16F5E144941372]:0)
	at app//org.opensearch.client.RestClient.convertResponse(RestClient.java:384)
	at app//org.opensearch.client.RestClient.performRequest(RestClient.java:354)
	at app//org.opensearch.client.RestClient.performRequest(RestClient.java:329)
	at app//org.opensearch.sql.legacy.SQLIntegTestCase.executeRequest(SQLIntegTestCase.java:327)
	at app//org.opensearch.sql.legacy.SQLIntegTestCase.executeRequest(SQLIntegTestCase.java:322)
	at app//org.opensearch.sql.legacy.SQLIntegTestCase.executeRequest(SQLIntegTestCase.java:310)
	at app//org.opensearch.sql.legacy.SQLIntegTestCase.executeQuery(SQLIntegTestCase.java:293)
	at app//org.opensearch.sql.legacy.QueryIT.inTermsWithNumbers(QueryIT.java:643)
	at java.base@17.0.4.1/jdk.internal.reflect.NativeMethodAccessorImpl.invoke0(Native Method)
	at java.base@17.0.4.1/jdk.internal.reflect.NativeMethodAccessorImpl.invoke(NativeMethodAccessorImpl.java:77)
	at java.base@17.0.4.1/jdk.internal.reflect.DelegatingMethodAccessorImpl.invoke(DelegatingMethodAccessorImpl.java:43)
	at java.base@17.0.4.1/java.lang.reflect.Method.invoke(Method.java:568)
	at app//com.carrotsearch.randomizedtesting.RandomizedRunner.invoke(RandomizedRunner.java:1750)
	at app//com.carrotsearch.randomizedtesting.RandomizedRunner$8.evaluate(RandomizedRunner.java:938)
	at app//com.carrotsearch.randomizedtesting.RandomizedRunner$9.evaluate(RandomizedRunner.java:974)
	at app//com.carrotsearch.randomizedtesting.RandomizedRunner$10.evaluate(RandomizedRunner.java:988)
	at app//com.carrotsearch.randomizedtesting.rules.StatementAdapter.evaluate(StatementAdapter.java:36)
	at app//org.junit.rules.RunRules.evaluate(RunRules.java:20)
	at app//org.apache.lucene.tests.util.TestRuleSetupTeardownChained$1.evaluate(TestRuleSetupTeardownChained.java:48)
	at app//org.apache.lucene.tests.util.AbstractBeforeAfterRule$1.evaluate(AbstractBeforeAfterRule.java:43)
	at app//org.apache.lucene.tests.util.TestRuleThreadAndTestName$1.evaluate(TestRuleThreadAndTestName.java:45)
	at app//org.apache.lucene.tests.util.TestRuleIgnoreAfterMaxFailures$1.evaluate(TestRuleIgnoreAfterMaxFailures.java:60)
	at app//org.apache.lucene.tests.util.TestRuleMarkFailure$1.evaluate(TestRuleMarkFailure.java:44)
	at app//org.junit.rules.RunRules.evaluate(RunRules.java:20)
	at app//com.carrotsearch.randomizedtesting.rules.StatementAdapter.evaluate(StatementAdapter.java:36)
	at app//com.carrotsearch.randomizedtesting.ThreadLeakControl$StatementRunner.run(ThreadLeakControl.java:368)
	at app//com.carrotsearch.randomizedtesting.ThreadLeakControl.forkTimeoutingTask(ThreadLeakControl.java:817)
	at app//com.carrotsearch.randomizedtesting.ThreadLeakControl$3.evaluate(ThreadLeakControl.java:468)
	at app//com.carrotsearch.randomizedtesting.RandomizedRunner.runSingleTest(RandomizedRunner.java:947)
	at app//com.carrotsearch.randomizedtesting.RandomizedRunner$5.evaluate(RandomizedRunner.java:832)
	at app//com.carrotsearch.randomizedtesting.RandomizedRunner$6.evaluate(RandomizedRunner.java:883)
	at app//com.carrotsearch.randomizedtesting.RandomizedRunner$7.evaluate(RandomizedRunner.java:894)
	at app//org.apache.lucene.tests.util.AbstractBeforeAfterRule$1.evaluate(AbstractBeforeAfterRule.java:43)
	at app//com.carrotsearch.randomizedtesting.rules.StatementAdapter.evaluate(StatementAdapter.java:36)
	at app//org.apache.lucene.tests.util.TestRuleStoreClassName$1.evaluate(TestRuleStoreClassName.java:38)
	at app//com.carrotsearch.randomizedtesting.rules.NoShadowingOrOverridesOnMethodsRule$1.evaluate(NoShadowingOrOverridesOnMethodsRule.java:40)
	at app//com.carrotsearch.randomizedtesting.rules.NoShadowingOrOverridesOnMethodsRule$1.evaluate(NoShadowingOrOverridesOnMethodsRule.java:40)
	at app//com.carrotsearch.randomizedtesting.rules.StatementAdapter.evaluate(StatementAdapter.java:36)
	at app//com.carrotsearch.randomizedtesting.rules.StatementAdapter.evaluate(StatementAdapter.java:36)
	at app//org.apache.lucene.tests.util.TestRuleAssertionsRequired$1.evaluate(TestRuleAssertionsRequired.java:53)
	at app//org.apache.lucene.tests.util.AbstractBeforeAfterRule$1.evaluate(AbstractBeforeAfterRule.java:43)
	at app//org.apache.lucene.tests.util.TestRuleMarkFailure$1.evaluate(TestRuleMarkFailure.java:44)
	at app//org.apache.lucene.tests.util.TestRuleIgnoreAfterMaxFailures$1.evaluate(TestRuleIgnoreAfterMaxFailures.java:60)
	at app//org.apache.lucene.tests.util.TestRuleIgnoreTestSuites$1.evaluate(TestRuleIgnoreTestSuites.java:47)
	at app//org.junit.rules.RunRules.evaluate(RunRules.java:20)
	at app//com.carrotsearch.randomizedtesting.rules.StatementAdapter.evaluate(StatementAdapter.java:36)
	at app//com.carrotsearch.randomizedtesting.ThreadLeakControl$StatementRunner.run(ThreadLeakControl.java:368)
	at java.base@17.0.4.1/java.lang.Thread.run(Thread.java:833)
</failure>
  </testcase>
  <testcase name="notInTest" classname="org.opensearch.sql.legacy.QueryIT" time="0.034">
    <failure message="org.opensearch.client.ResponseException: method [POST], host [http://[::1]:49775], URI [/_plugins/_sql?format=json], status line [HTTP/1.1 400 Bad Request]&#10;{&#10;  &quot;error&quot;: {&#10;    &quot;reason&quot;: &quot;Invalid SQL query&quot;,&#10;    &quot;details&quot;: &quot;Query is unsupported in the new engine&quot;,&#10;    &quot;type&quot;: &quot;SQLFeatureDisabledException&quot;&#10;  },&#10;  &quot;status&quot;: 400&#10;}" type="org.opensearch.client.ResponseException">org.opensearch.client.ResponseException: method [POST], host [http://[::1]:49775], URI [/_plugins/_sql?format=json], status line [HTTP/1.1 400 Bad Request]
{
  &quot;error&quot;: {
    &quot;reason&quot;: &quot;Invalid SQL query&quot;,
    &quot;details&quot;: &quot;Query is unsupported in the new engine&quot;,
    &quot;type&quot;: &quot;SQLFeatureDisabledException&quot;
  },
  &quot;status&quot;: 400
}
	at __randomizedtesting.SeedInfo.seed([B058E8962C1F801C:D06EC3A6419B8D3C]:0)
	at app//org.opensearch.client.RestClient.convertResponse(RestClient.java:384)
	at app//org.opensearch.client.RestClient.performRequest(RestClient.java:354)
	at app//org.opensearch.client.RestClient.performRequest(RestClient.java:329)
	at app//org.opensearch.sql.legacy.SQLIntegTestCase.executeRequest(SQLIntegTestCase.java:327)
	at app//org.opensearch.sql.legacy.SQLIntegTestCase.executeRequest(SQLIntegTestCase.java:322)
	at app//org.opensearch.sql.legacy.SQLIntegTestCase.executeRequest(SQLIntegTestCase.java:310)
	at app//org.opensearch.sql.legacy.SQLIntegTestCase.executeQuery(SQLIntegTestCase.java:293)
	at app//org.opensearch.sql.legacy.QueryIT.notInTest(QueryIT.java:711)
	at java.base@17.0.4.1/jdk.internal.reflect.NativeMethodAccessorImpl.invoke0(Native Method)
	at java.base@17.0.4.1/jdk.internal.reflect.NativeMethodAccessorImpl.invoke(NativeMethodAccessorImpl.java:77)
	at java.base@17.0.4.1/jdk.internal.reflect.DelegatingMethodAccessorImpl.invoke(DelegatingMethodAccessorImpl.java:43)
	at java.base@17.0.4.1/java.lang.reflect.Method.invoke(Method.java:568)
	at app//com.carrotsearch.randomizedtesting.RandomizedRunner.invoke(RandomizedRunner.java:1750)
	at app//com.carrotsearch.randomizedtesting.RandomizedRunner$8.evaluate(RandomizedRunner.java:938)
	at app//com.carrotsearch.randomizedtesting.RandomizedRunner$9.evaluate(RandomizedRunner.java:974)
	at app//com.carrotsearch.randomizedtesting.RandomizedRunner$10.evaluate(RandomizedRunner.java:988)
	at app//com.carrotsearch.randomizedtesting.rules.StatementAdapter.evaluate(StatementAdapter.java:36)
	at app//org.junit.rules.RunRules.evaluate(RunRules.java:20)
	at app//org.apache.lucene.tests.util.TestRuleSetupTeardownChained$1.evaluate(TestRuleSetupTeardownChained.java:48)
	at app//org.apache.lucene.tests.util.AbstractBeforeAfterRule$1.evaluate(AbstractBeforeAfterRule.java:43)
	at app//org.apache.lucene.tests.util.TestRuleThreadAndTestName$1.evaluate(TestRuleThreadAndTestName.java:45)
	at app//org.apache.lucene.tests.util.TestRuleIgnoreAfterMaxFailures$1.evaluate(TestRuleIgnoreAfterMaxFailures.java:60)
	at app//org.apache.lucene.tests.util.TestRuleMarkFailure$1.evaluate(TestRuleMarkFailure.java:44)
	at app//org.junit.rules.RunRules.evaluate(RunRules.java:20)
	at app//com.carrotsearch.randomizedtesting.rules.StatementAdapter.evaluate(StatementAdapter.java:36)
	at app//com.carrotsearch.randomizedtesting.ThreadLeakControl$StatementRunner.run(ThreadLeakControl.java:368)
	at app//com.carrotsearch.randomizedtesting.ThreadLeakControl.forkTimeoutingTask(ThreadLeakControl.java:817)
	at app//com.carrotsearch.randomizedtesting.ThreadLeakControl$3.evaluate(ThreadLeakControl.java:468)
	at app//com.carrotsearch.randomizedtesting.RandomizedRunner.runSingleTest(RandomizedRunner.java:947)
	at app//com.carrotsearch.randomizedtesting.RandomizedRunner$5.evaluate(RandomizedRunner.java:832)
	at app//com.carrotsearch.randomizedtesting.RandomizedRunner$6.evaluate(RandomizedRunner.java:883)
	at app//com.carrotsearch.randomizedtesting.RandomizedRunner$7.evaluate(RandomizedRunner.java:894)
	at app//org.apache.lucene.tests.util.AbstractBeforeAfterRule$1.evaluate(AbstractBeforeAfterRule.java:43)
	at app//com.carrotsearch.randomizedtesting.rules.StatementAdapter.evaluate(StatementAdapter.java:36)
	at app//org.apache.lucene.tests.util.TestRuleStoreClassName$1.evaluate(TestRuleStoreClassName.java:38)
	at app//com.carrotsearch.randomizedtesting.rules.NoShadowingOrOverridesOnMethodsRule$1.evaluate(NoShadowingOrOverridesOnMethodsRule.java:40)
	at app//com.carrotsearch.randomizedtesting.rules.NoShadowingOrOverridesOnMethodsRule$1.evaluate(NoShadowingOrOverridesOnMethodsRule.java:40)
	at app//com.carrotsearch.randomizedtesting.rules.StatementAdapter.evaluate(StatementAdapter.java:36)
	at app//com.carrotsearch.randomizedtesting.rules.StatementAdapter.evaluate(StatementAdapter.java:36)
	at app//org.apache.lucene.tests.util.TestRuleAssertionsRequired$1.evaluate(TestRuleAssertionsRequired.java:53)
	at app//org.apache.lucene.tests.util.AbstractBeforeAfterRule$1.evaluate(AbstractBeforeAfterRule.java:43)
	at app//org.apache.lucene.tests.util.TestRuleMarkFailure$1.evaluate(TestRuleMarkFailure.java:44)
	at app//org.apache.lucene.tests.util.TestRuleIgnoreAfterMaxFailures$1.evaluate(TestRuleIgnoreAfterMaxFailures.java:60)
	at app//org.apache.lucene.tests.util.TestRuleIgnoreTestSuites$1.evaluate(TestRuleIgnoreTestSuites.java:47)
	at app//org.junit.rules.RunRules.evaluate(RunRules.java:20)
	at app//com.carrotsearch.randomizedtesting.rules.StatementAdapter.evaluate(StatementAdapter.java:36)
	at app//com.carrotsearch.randomizedtesting.ThreadLeakControl$StatementRunner.run(ThreadLeakControl.java:368)
	at java.base@17.0.4.1/java.lang.Thread.run(Thread.java:833)
</failure>
  </testcase>
  <testcase name="complexObjectReturnField" classname="org.opensearch.sql.legacy.QueryIT" time="0.039">
    <failure message="org.opensearch.client.ResponseException: method [POST], host [http://[::1]:49775], URI [/_plugins/_sql?format=json], status line [HTTP/1.1 400 Bad Request]&#10;{&#10;  &quot;error&quot;: {&#10;    &quot;reason&quot;: &quot;Invalid SQL query&quot;,&#10;    &quot;details&quot;: &quot;Query is unsupported in the new engine&quot;,&#10;    &quot;type&quot;: &quot;SQLFeatureDisabledException&quot;&#10;  },&#10;  &quot;status&quot;: 400&#10;}" type="org.opensearch.client.ResponseException">org.opensearch.client.ResponseException: method [POST], host [http://[::1]:49775], URI [/_plugins/_sql?format=json], status line [HTTP/1.1 400 Bad Request]
{
  &quot;error&quot;: {
    &quot;reason&quot;: &quot;Invalid SQL query&quot;,
    &quot;details&quot;: &quot;Query is unsupported in the new engine&quot;,
    &quot;type&quot;: &quot;SQLFeatureDisabledException&quot;
  },
  &quot;status&quot;: 400
}
	at __randomizedtesting.SeedInfo.seed([B058E8962C1F801C:5395DDE25BAE02D9]:0)
	at app//org.opensearch.client.RestClient.convertResponse(RestClient.java:384)
	at app//org.opensearch.client.RestClient.performRequest(RestClient.java:354)
	at app//org.opensearch.client.RestClient.performRequest(RestClient.java:329)
	at app//org.opensearch.sql.legacy.SQLIntegTestCase.executeRequest(SQLIntegTestCase.java:327)
	at app//org.opensearch.sql.legacy.SQLIntegTestCase.executeRequest(SQLIntegTestCase.java:322)
	at app//org.opensearch.sql.legacy.SQLIntegTestCase.executeRequest(SQLIntegTestCase.java:310)
	at app//org.opensearch.sql.legacy.SQLIntegTestCase.executeQuery(SQLIntegTestCase.java:293)
	at app//org.opensearch.sql.legacy.QueryIT.complexObjectReturnField(QueryIT.java:1233)
	at java.base@17.0.4.1/jdk.internal.reflect.NativeMethodAccessorImpl.invoke0(Native Method)
	at java.base@17.0.4.1/jdk.internal.reflect.NativeMethodAccessorImpl.invoke(NativeMethodAccessorImpl.java:77)
	at java.base@17.0.4.1/jdk.internal.reflect.DelegatingMethodAccessorImpl.invoke(DelegatingMethodAccessorImpl.java:43)
	at java.base@17.0.4.1/java.lang.reflect.Method.invoke(Method.java:568)
	at app//com.carrotsearch.randomizedtesting.RandomizedRunner.invoke(RandomizedRunner.java:1750)
	at app//com.carrotsearch.randomizedtesting.RandomizedRunner$8.evaluate(RandomizedRunner.java:938)
	at app//com.carrotsearch.randomizedtesting.RandomizedRunner$9.evaluate(RandomizedRunner.java:974)
	at app//com.carrotsearch.randomizedtesting.RandomizedRunner$10.evaluate(RandomizedRunner.java:988)
	at app//com.carrotsearch.randomizedtesting.rules.StatementAdapter.evaluate(StatementAdapter.java:36)
	at app//org.junit.rules.RunRules.evaluate(RunRules.java:20)
	at app//org.apache.lucene.tests.util.TestRuleSetupTeardownChained$1.evaluate(TestRuleSetupTeardownChained.java:48)
	at app//org.apache.lucene.tests.util.AbstractBeforeAfterRule$1.evaluate(AbstractBeforeAfterRule.java:43)
	at app//org.apache.lucene.tests.util.TestRuleThreadAndTestName$1.evaluate(TestRuleThreadAndTestName.java:45)
	at app//org.apache.lucene.tests.util.TestRuleIgnoreAfterMaxFailures$1.evaluate(TestRuleIgnoreAfterMaxFailures.java:60)
	at app//org.apache.lucene.tests.util.TestRuleMarkFailure$1.evaluate(TestRuleMarkFailure.java:44)
	at app//org.junit.rules.RunRules.evaluate(RunRules.java:20)
	at app//com.carrotsearch.randomizedtesting.rules.StatementAdapter.evaluate(StatementAdapter.java:36)
	at app//com.carrotsearch.randomizedtesting.ThreadLeakControl$StatementRunner.run(ThreadLeakControl.java:368)
	at app//com.carrotsearch.randomizedtesting.ThreadLeakControl.forkTimeoutingTask(ThreadLeakControl.java:817)
	at app//com.carrotsearch.randomizedtesting.ThreadLeakControl$3.evaluate(ThreadLeakControl.java:468)
	at app//com.carrotsearch.randomizedtesting.RandomizedRunner.runSingleTest(RandomizedRunner.java:947)
	at app//com.carrotsearch.randomizedtesting.RandomizedRunner$5.evaluate(RandomizedRunner.java:832)
	at app//com.carrotsearch.randomizedtesting.RandomizedRunner$6.evaluate(RandomizedRunner.java:883)
	at app//com.carrotsearch.randomizedtesting.RandomizedRunner$7.evaluate(RandomizedRunner.java:894)
	at app//org.apache.lucene.tests.util.AbstractBeforeAfterRule$1.evaluate(AbstractBeforeAfterRule.java:43)
	at app//com.carrotsearch.randomizedtesting.rules.StatementAdapter.evaluate(StatementAdapter.java:36)
	at app//org.apache.lucene.tests.util.TestRuleStoreClassName$1.evaluate(TestRuleStoreClassName.java:38)
	at app//com.carrotsearch.randomizedtesting.rules.NoShadowingOrOverridesOnMethodsRule$1.evaluate(NoShadowingOrOverridesOnMethodsRule.java:40)
	at app//com.carrotsearch.randomizedtesting.rules.NoShadowingOrOverridesOnMethodsRule$1.evaluate(NoShadowingOrOverridesOnMethodsRule.java:40)
	at app//com.carrotsearch.randomizedtesting.rules.StatementAdapter.evaluate(StatementAdapter.java:36)
	at app//com.carrotsearch.randomizedtesting.rules.StatementAdapter.evaluate(StatementAdapter.java:36)
	at app//org.apache.lucene.tests.util.TestRuleAssertionsRequired$1.evaluate(TestRuleAssertionsRequired.java:53)
	at app//org.apache.lucene.tests.util.AbstractBeforeAfterRule$1.evaluate(AbstractBeforeAfterRule.java:43)
	at app//org.apache.lucene.tests.util.TestRuleMarkFailure$1.evaluate(TestRuleMarkFailure.java:44)
	at app//org.apache.lucene.tests.util.TestRuleIgnoreAfterMaxFailures$1.evaluate(TestRuleIgnoreAfterMaxFailures.java:60)
	at app//org.apache.lucene.tests.util.TestRuleIgnoreTestSuites$1.evaluate(TestRuleIgnoreTestSuites.java:47)
	at app//org.junit.rules.RunRules.evaluate(RunRules.java:20)
	at app//com.carrotsearch.randomizedtesting.rules.StatementAdapter.evaluate(StatementAdapter.java:36)
	at app//com.carrotsearch.randomizedtesting.ThreadLeakControl$StatementRunner.run(ThreadLeakControl.java:368)
	at java.base@17.0.4.1/java.lang.Thread.run(Thread.java:833)
</failure>
  </testcase>
  <testcase name="inTestWithStrings" classname="org.opensearch.sql.legacy.QueryIT" time="0.036">
    <failure message="org.opensearch.client.ResponseException: method [POST], host [http://[::1]:49775], URI [/_plugins/_sql?format=json], status line [HTTP/1.1 400 Bad Request]&#10;{&#10;  &quot;error&quot;: {&#10;    &quot;reason&quot;: &quot;Invalid SQL query&quot;,&#10;    &quot;details&quot;: &quot;Query is unsupported in the new engine&quot;,&#10;    &quot;type&quot;: &quot;SQLFeatureDisabledException&quot;&#10;  },&#10;  &quot;status&quot;: 400&#10;}" type="org.opensearch.client.ResponseException">org.opensearch.client.ResponseException: method [POST], host [http://[::1]:49775], URI [/_plugins/_sql?format=json], status line [HTTP/1.1 400 Bad Request]
{
  &quot;error&quot;: {
    &quot;reason&quot;: &quot;Invalid SQL query&quot;,
    &quot;details&quot;: &quot;Query is unsupported in the new engine&quot;,
    &quot;type&quot;: &quot;SQLFeatureDisabledException&quot;
  },
  &quot;status&quot;: 400
}
	at __randomizedtesting.SeedInfo.seed([B058E8962C1F801C:925AAC6FC29AEE56]:0)
	at app//org.opensearch.client.RestClient.convertResponse(RestClient.java:384)
	at app//org.opensearch.client.RestClient.performRequest(RestClient.java:354)
	at app//org.opensearch.client.RestClient.performRequest(RestClient.java:329)
	at app//org.opensearch.sql.legacy.SQLIntegTestCase.executeRequest(SQLIntegTestCase.java:327)
	at app//org.opensearch.sql.legacy.SQLIntegTestCase.executeRequest(SQLIntegTestCase.java:322)
	at app//org.opensearch.sql.legacy.SQLIntegTestCase.executeRequest(SQLIntegTestCase.java:310)
	at app//org.opensearch.sql.legacy.SQLIntegTestCase.executeQuery(SQLIntegTestCase.java:293)
	at app//org.opensearch.sql.legacy.QueryIT.inTestWithStrings(QueryIT.java:592)
	at java.base@17.0.4.1/jdk.internal.reflect.NativeMethodAccessorImpl.invoke0(Native Method)
	at java.base@17.0.4.1/jdk.internal.reflect.NativeMethodAccessorImpl.invoke(NativeMethodAccessorImpl.java:77)
	at java.base@17.0.4.1/jdk.internal.reflect.DelegatingMethodAccessorImpl.invoke(DelegatingMethodAccessorImpl.java:43)
	at java.base@17.0.4.1/java.lang.reflect.Method.invoke(Method.java:568)
	at app//com.carrotsearch.randomizedtesting.RandomizedRunner.invoke(RandomizedRunner.java:1750)
	at app//com.carrotsearch.randomizedtesting.RandomizedRunner$8.evaluate(RandomizedRunner.java:938)
	at app//com.carrotsearch.randomizedtesting.RandomizedRunner$9.evaluate(RandomizedRunner.java:974)
	at app//com.carrotsearch.randomizedtesting.RandomizedRunner$10.evaluate(RandomizedRunner.java:988)
	at app//com.carrotsearch.randomizedtesting.rules.StatementAdapter.evaluate(StatementAdapter.java:36)
	at app//org.junit.rules.RunRules.evaluate(RunRules.java:20)
	at app//org.apache.lucene.tests.util.TestRuleSetupTeardownChained$1.evaluate(TestRuleSetupTeardownChained.java:48)
	at app//org.apache.lucene.tests.util.AbstractBeforeAfterRule$1.evaluate(AbstractBeforeAfterRule.java:43)
	at app//org.apache.lucene.tests.util.TestRuleThreadAndTestName$1.evaluate(TestRuleThreadAndTestName.java:45)
	at app//org.apache.lucene.tests.util.TestRuleIgnoreAfterMaxFailures$1.evaluate(TestRuleIgnoreAfterMaxFailures.java:60)
	at app//org.apache.lucene.tests.util.TestRuleMarkFailure$1.evaluate(TestRuleMarkFailure.java:44)
	at app//org.junit.rules.RunRules.evaluate(RunRules.java:20)
	at app//com.carrotsearch.randomizedtesting.rules.StatementAdapter.evaluate(StatementAdapter.java:36)
	at app//com.carrotsearch.randomizedtesting.ThreadLeakControl$StatementRunner.run(ThreadLeakControl.java:368)
	at app//com.carrotsearch.randomizedtesting.ThreadLeakControl.forkTimeoutingTask(ThreadLeakControl.java:817)
	at app//com.carrotsearch.randomizedtesting.ThreadLeakControl$3.evaluate(ThreadLeakControl.java:468)
	at app//com.carrotsearch.randomizedtesting.RandomizedRunner.runSingleTest(RandomizedRunner.java:947)
	at app//com.carrotsearch.randomizedtesting.RandomizedRunner$5.evaluate(RandomizedRunner.java:832)
	at app//com.carrotsearch.randomizedtesting.RandomizedRunner$6.evaluate(RandomizedRunner.java:883)
	at app//com.carrotsearch.randomizedtesting.RandomizedRunner$7.evaluate(RandomizedRunner.java:894)
	at app//org.apache.lucene.tests.util.AbstractBeforeAfterRule$1.evaluate(AbstractBeforeAfterRule.java:43)
	at app//com.carrotsearch.randomizedtesting.rules.StatementAdapter.evaluate(StatementAdapter.java:36)
	at app//org.apache.lucene.tests.util.TestRuleStoreClassName$1.evaluate(TestRuleStoreClassName.java:38)
	at app//com.carrotsearch.randomizedtesting.rules.NoShadowingOrOverridesOnMethodsRule$1.evaluate(NoShadowingOrOverridesOnMethodsRule.java:40)
	at app//com.carrotsearch.randomizedtesting.rules.NoShadowingOrOverridesOnMethodsRule$1.evaluate(NoShadowingOrOverridesOnMethodsRule.java:40)
	at app//com.carrotsearch.randomizedtesting.rules.StatementAdapter.evaluate(StatementAdapter.java:36)
	at app//com.carrotsearch.randomizedtesting.rules.StatementAdapter.evaluate(StatementAdapter.java:36)
	at app//org.apache.lucene.tests.util.TestRuleAssertionsRequired$1.evaluate(TestRuleAssertionsRequired.java:53)
	at app//org.apache.lucene.tests.util.AbstractBeforeAfterRule$1.evaluate(AbstractBeforeAfterRule.java:43)
	at app//org.apache.lucene.tests.util.TestRuleMarkFailure$1.evaluate(TestRuleMarkFailure.java:44)
	at app//org.apache.lucene.tests.util.TestRuleIgnoreAfterMaxFailures$1.evaluate(TestRuleIgnoreAfterMaxFailures.java:60)
	at app//org.apache.lucene.tests.util.TestRuleIgnoreTestSuites$1.evaluate(TestRuleIgnoreTestSuites.java:47)
	at app//org.junit.rules.RunRules.evaluate(RunRules.java:20)
	at app//com.carrotsearch.randomizedtesting.rules.StatementAdapter.evaluate(StatementAdapter.java:36)
	at app//com.carrotsearch.randomizedtesting.ThreadLeakControl$StatementRunner.run(ThreadLeakControl.java:368)
	at java.base@17.0.4.1/java.lang.Thread.run(Thread.java:833)
</failure>
  </testcase>
  <testcase name="notLikeTests" classname="org.opensearch.sql.legacy.QueryIT" time="0.035">
    <failure message="org.opensearch.client.ResponseException: method [POST], host [http://[::1]:49775], URI [/_plugins/_sql?format=json], status line [HTTP/1.1 400 Bad Request]&#10;{&#10;  &quot;error&quot;: {&#10;    &quot;reason&quot;: &quot;Invalid SQL query&quot;,&#10;    &quot;details&quot;: &quot;Query is unsupported in the new engine&quot;,&#10;    &quot;type&quot;: &quot;SQLFeatureDisabledException&quot;&#10;  },&#10;  &quot;status&quot;: 400&#10;}" type="org.opensearch.client.ResponseException">org.opensearch.client.ResponseException: method [POST], host [http://[::1]:49775], URI [/_plugins/_sql?format=json], status line [HTTP/1.1 400 Bad Request]
{
  &quot;error&quot;: {
    &quot;reason&quot;: &quot;Invalid SQL query&quot;,
    &quot;details&quot;: &quot;Query is unsupported in the new engine&quot;,
    &quot;type&quot;: &quot;SQLFeatureDisabledException&quot;
  },
  &quot;status&quot;: 400
}
	at __randomizedtesting.SeedInfo.seed([B058E8962C1F801C:40638668E49A1053]:0)
	at app//org.opensearch.client.RestClient.convertResponse(RestClient.java:384)
	at app//org.opensearch.client.RestClient.performRequest(RestClient.java:354)
	at app//org.opensearch.client.RestClient.performRequest(RestClient.java:329)
	at app//org.opensearch.sql.legacy.SQLIntegTestCase.executeRequest(SQLIntegTestCase.java:327)
	at app//org.opensearch.sql.legacy.SQLIntegTestCase.executeRequest(SQLIntegTestCase.java:322)
	at app//org.opensearch.sql.legacy.SQLIntegTestCase.executeRequest(SQLIntegTestCase.java:310)
	at app//org.opensearch.sql.legacy.SQLIntegTestCase.executeQuery(SQLIntegTestCase.java:293)
	at app//org.opensearch.sql.legacy.QueryIT.notLikeTests(QueryIT.java:1275)
	at java.base@17.0.4.1/jdk.internal.reflect.NativeMethodAccessorImpl.invoke0(Native Method)
	at java.base@17.0.4.1/jdk.internal.reflect.NativeMethodAccessorImpl.invoke(NativeMethodAccessorImpl.java:77)
	at java.base@17.0.4.1/jdk.internal.reflect.DelegatingMethodAccessorImpl.invoke(DelegatingMethodAccessorImpl.java:43)
	at java.base@17.0.4.1/java.lang.reflect.Method.invoke(Method.java:568)
	at app//com.carrotsearch.randomizedtesting.RandomizedRunner.invoke(RandomizedRunner.java:1750)
	at app//com.carrotsearch.randomizedtesting.RandomizedRunner$8.evaluate(RandomizedRunner.java:938)
	at app//com.carrotsearch.randomizedtesting.RandomizedRunner$9.evaluate(RandomizedRunner.java:974)
	at app//com.carrotsearch.randomizedtesting.RandomizedRunner$10.evaluate(RandomizedRunner.java:988)
	at app//com.carrotsearch.randomizedtesting.rules.StatementAdapter.evaluate(StatementAdapter.java:36)
	at app//org.junit.rules.RunRules.evaluate(RunRules.java:20)
	at app//org.apache.lucene.tests.util.TestRuleSetupTeardownChained$1.evaluate(TestRuleSetupTeardownChained.java:48)
	at app//org.apache.lucene.tests.util.AbstractBeforeAfterRule$1.evaluate(AbstractBeforeAfterRule.java:43)
	at app//org.apache.lucene.tests.util.TestRuleThreadAndTestName$1.evaluate(TestRuleThreadAndTestName.java:45)
	at app//org.apache.lucene.tests.util.TestRuleIgnoreAfterMaxFailures$1.evaluate(TestRuleIgnoreAfterMaxFailures.java:60)
	at app//org.apache.lucene.tests.util.TestRuleMarkFailure$1.evaluate(TestRuleMarkFailure.java:44)
	at app//org.junit.rules.RunRules.evaluate(RunRules.java:20)
	at app//com.carrotsearch.randomizedtesting.rules.StatementAdapter.evaluate(StatementAdapter.java:36)
	at app//com.carrotsearch.randomizedtesting.ThreadLeakControl$StatementRunner.run(ThreadLeakControl.java:368)
	at app//com.carrotsearch.randomizedtesting.ThreadLeakControl.forkTimeoutingTask(ThreadLeakControl.java:817)
	at app//com.carrotsearch.randomizedtesting.ThreadLeakControl$3.evaluate(ThreadLeakControl.java:468)
	at app//com.carrotsearch.randomizedtesting.RandomizedRunner.runSingleTest(RandomizedRunner.java:947)
	at app//com.carrotsearch.randomizedtesting.RandomizedRunner$5.evaluate(RandomizedRunner.java:832)
	at app//com.carrotsearch.randomizedtesting.RandomizedRunner$6.evaluate(RandomizedRunner.java:883)
	at app//com.carrotsearch.randomizedtesting.RandomizedRunner$7.evaluate(RandomizedRunner.java:894)
	at app//org.apache.lucene.tests.util.AbstractBeforeAfterRule$1.evaluate(AbstractBeforeAfterRule.java:43)
	at app//com.carrotsearch.randomizedtesting.rules.StatementAdapter.evaluate(StatementAdapter.java:36)
	at app//org.apache.lucene.tests.util.TestRuleStoreClassName$1.evaluate(TestRuleStoreClassName.java:38)
	at app//com.carrotsearch.randomizedtesting.rules.NoShadowingOrOverridesOnMethodsRule$1.evaluate(NoShadowingOrOverridesOnMethodsRule.java:40)
	at app//com.carrotsearch.randomizedtesting.rules.NoShadowingOrOverridesOnMethodsRule$1.evaluate(NoShadowingOrOverridesOnMethodsRule.java:40)
	at app//com.carrotsearch.randomizedtesting.rules.StatementAdapter.evaluate(StatementAdapter.java:36)
	at app//com.carrotsearch.randomizedtesting.rules.StatementAdapter.evaluate(StatementAdapter.java:36)
	at app//org.apache.lucene.tests.util.TestRuleAssertionsRequired$1.evaluate(TestRuleAssertionsRequired.java:53)
	at app//org.apache.lucene.tests.util.AbstractBeforeAfterRule$1.evaluate(AbstractBeforeAfterRule.java:43)
	at app//org.apache.lucene.tests.util.TestRuleMarkFailure$1.evaluate(TestRuleMarkFailure.java:44)
	at app//org.apache.lucene.tests.util.TestRuleIgnoreAfterMaxFailures$1.evaluate(TestRuleIgnoreAfterMaxFailures.java:60)
	at app//org.apache.lucene.tests.util.TestRuleIgnoreTestSuites$1.evaluate(TestRuleIgnoreTestSuites.java:47)
	at app//org.junit.rules.RunRules.evaluate(RunRules.java:20)
	at app//com.carrotsearch.randomizedtesting.rules.StatementAdapter.evaluate(StatementAdapter.java:36)
	at app//com.carrotsearch.randomizedtesting.ThreadLeakControl$StatementRunner.run(ThreadLeakControl.java:368)
	at java.base@17.0.4.1/java.lang.Thread.run(Thread.java:833)
</failure>
  </testcase>
  <testcase name="queryWithAtFieldOnWhere" classname="org.opensearch.sql.legacy.QueryIT" time="0.0">
    <skipped/>
  </testcase>
  <testcase name="boundingBox" classname="org.opensearch.sql.legacy.QueryIT" time="0.044">
    <failure message="org.opensearch.client.ResponseException: method [POST], host [http://[::1]:49775], URI [/_plugins/_sql?format=json], status line [HTTP/1.1 400 Bad Request]&#10;{&#10;  &quot;error&quot;: {&#10;    &quot;reason&quot;: &quot;Invalid SQL query&quot;,&#10;    &quot;details&quot;: &quot;Query is unsupported in the new engine&quot;,&#10;    &quot;type&quot;: &quot;SQLFeatureDisabledException&quot;&#10;  },&#10;  &quot;status&quot;: 400&#10;}" type="org.opensearch.client.ResponseException">org.opensearch.client.ResponseException: method [POST], host [http://[::1]:49775], URI [/_plugins/_sql?format=json], status line [HTTP/1.1 400 Bad Request]
{
  &quot;error&quot;: {
    &quot;reason&quot;: &quot;Invalid SQL query&quot;,
    &quot;details&quot;: &quot;Query is unsupported in the new engine&quot;,
    &quot;type&quot;: &quot;SQLFeatureDisabledException&quot;
  },
  &quot;status&quot;: 400
}
	at __randomizedtesting.SeedInfo.seed([B058E8962C1F801C:301CE45DDBCED920]:0)
	at app//org.opensearch.client.RestClient.convertResponse(RestClient.java:384)
	at app//org.opensearch.client.RestClient.performRequest(RestClient.java:354)
	at app//org.opensearch.client.RestClient.performRequest(RestClient.java:329)
	at app//org.opensearch.sql.legacy.SQLIntegTestCase.executeRequest(SQLIntegTestCase.java:327)
	at app//org.opensearch.sql.legacy.SQLIntegTestCase.executeRequest(SQLIntegTestCase.java:322)
	at app//org.opensearch.sql.legacy.SQLIntegTestCase.executeRequest(SQLIntegTestCase.java:310)
	at app//org.opensearch.sql.legacy.SQLIntegTestCase.executeQuery(SQLIntegTestCase.java:293)
	at app//org.opensearch.sql.legacy.QueryIT.boundingBox(QueryIT.java:1166)
	at java.base@17.0.4.1/jdk.internal.reflect.NativeMethodAccessorImpl.invoke0(Native Method)
	at java.base@17.0.4.1/jdk.internal.reflect.NativeMethodAccessorImpl.invoke(NativeMethodAccessorImpl.java:77)
	at java.base@17.0.4.1/jdk.internal.reflect.DelegatingMethodAccessorImpl.invoke(DelegatingMethodAccessorImpl.java:43)
	at java.base@17.0.4.1/java.lang.reflect.Method.invoke(Method.java:568)
	at app//com.carrotsearch.randomizedtesting.RandomizedRunner.invoke(RandomizedRunner.java:1750)
	at app//com.carrotsearch.randomizedtesting.RandomizedRunner$8.evaluate(RandomizedRunner.java:938)
	at app//com.carrotsearch.randomizedtesting.RandomizedRunner$9.evaluate(RandomizedRunner.java:974)
	at app//com.carrotsearch.randomizedtesting.RandomizedRunner$10.evaluate(RandomizedRunner.java:988)
	at app//com.carrotsearch.randomizedtesting.rules.StatementAdapter.evaluate(StatementAdapter.java:36)
	at app//org.junit.rules.RunRules.evaluate(RunRules.java:20)
	at app//org.apache.lucene.tests.util.TestRuleSetupTeardownChained$1.evaluate(TestRuleSetupTeardownChained.java:48)
	at app//org.apache.lucene.tests.util.AbstractBeforeAfterRule$1.evaluate(AbstractBeforeAfterRule.java:43)
	at app//org.apache.lucene.tests.util.TestRuleThreadAndTestName$1.evaluate(TestRuleThreadAndTestName.java:45)
	at app//org.apache.lucene.tests.util.TestRuleIgnoreAfterMaxFailures$1.evaluate(TestRuleIgnoreAfterMaxFailures.java:60)
	at app//org.apache.lucene.tests.util.TestRuleMarkFailure$1.evaluate(TestRuleMarkFailure.java:44)
	at app//org.junit.rules.RunRules.evaluate(RunRules.java:20)
	at app//com.carrotsearch.randomizedtesting.rules.StatementAdapter.evaluate(StatementAdapter.java:36)
	at app//com.carrotsearch.randomizedtesting.ThreadLeakControl$StatementRunner.run(ThreadLeakControl.java:368)
	at app//com.carrotsearch.randomizedtesting.ThreadLeakControl.forkTimeoutingTask(ThreadLeakControl.java:817)
	at app//com.carrotsearch.randomizedtesting.ThreadLeakControl$3.evaluate(ThreadLeakControl.java:468)
	at app//com.carrotsearch.randomizedtesting.RandomizedRunner.runSingleTest(RandomizedRunner.java:947)
	at app//com.carrotsearch.randomizedtesting.RandomizedRunner$5.evaluate(RandomizedRunner.java:832)
	at app//com.carrotsearch.randomizedtesting.RandomizedRunner$6.evaluate(RandomizedRunner.java:883)
	at app//com.carrotsearch.randomizedtesting.RandomizedRunner$7.evaluate(RandomizedRunner.java:894)
	at app//org.apache.lucene.tests.util.AbstractBeforeAfterRule$1.evaluate(AbstractBeforeAfterRule.java:43)
	at app//com.carrotsearch.randomizedtesting.rules.StatementAdapter.evaluate(StatementAdapter.java:36)
	at app//org.apache.lucene.tests.util.TestRuleStoreClassName$1.evaluate(TestRuleStoreClassName.java:38)
	at app//com.carrotsearch.randomizedtesting.rules.NoShadowingOrOverridesOnMethodsRule$1.evaluate(NoShadowingOrOverridesOnMethodsRule.java:40)
	at app//com.carrotsearch.randomizedtesting.rules.NoShadowingOrOverridesOnMethodsRule$1.evaluate(NoShadowingOrOverridesOnMethodsRule.java:40)
	at app//com.carrotsearch.randomizedtesting.rules.StatementAdapter.evaluate(StatementAdapter.java:36)
	at app//com.carrotsearch.randomizedtesting.rules.StatementAdapter.evaluate(StatementAdapter.java:36)
	at app//org.apache.lucene.tests.util.TestRuleAssertionsRequired$1.evaluate(TestRuleAssertionsRequired.java:53)
	at app//org.apache.lucene.tests.util.AbstractBeforeAfterRule$1.evaluate(AbstractBeforeAfterRule.java:43)
	at app//org.apache.lucene.tests.util.TestRuleMarkFailure$1.evaluate(TestRuleMarkFailure.java:44)
	at app//org.apache.lucene.tests.util.TestRuleIgnoreAfterMaxFailures$1.evaluate(TestRuleIgnoreAfterMaxFailures.java:60)
	at app//org.apache.lucene.tests.util.TestRuleIgnoreTestSuites$1.evaluate(TestRuleIgnoreTestSuites.java:47)
	at app//org.junit.rules.RunRules.evaluate(RunRules.java:20)
	at app//com.carrotsearch.randomizedtesting.rules.StatementAdapter.evaluate(StatementAdapter.java:36)
	at app//com.carrotsearch.randomizedtesting.ThreadLeakControl$StatementRunner.run(ThreadLeakControl.java:368)
	at java.base@17.0.4.1/java.lang.Thread.run(Thread.java:833)
</failure>
  </testcase>
  <testcase name="equalityTest" classname="org.opensearch.sql.legacy.QueryIT" time="0.035">
    <failure message="org.opensearch.client.ResponseException: method [POST], host [http://[::1]:49775], URI [/_plugins/_sql?format=json], status line [HTTP/1.1 400 Bad Request]&#10;{&#10;  &quot;error&quot;: {&#10;    &quot;reason&quot;: &quot;Invalid SQL query&quot;,&#10;    &quot;details&quot;: &quot;Query is unsupported in the new engine&quot;,&#10;    &quot;type&quot;: &quot;SQLFeatureDisabledException&quot;&#10;  },&#10;  &quot;status&quot;: 400&#10;}" type="org.opensearch.client.ResponseException">org.opensearch.client.ResponseException: method [POST], host [http://[::1]:49775], URI [/_plugins/_sql?format=json], status line [HTTP/1.1 400 Bad Request]
{
  &quot;error&quot;: {
    &quot;reason&quot;: &quot;Invalid SQL query&quot;,
    &quot;details&quot;: &quot;Query is unsupported in the new engine&quot;,
    &quot;type&quot;: &quot;SQLFeatureDisabledException&quot;
  },
  &quot;status&quot;: 400
}
	at __randomizedtesting.SeedInfo.seed([B058E8962C1F801C:F1DB87887CB67FAF]:0)
	at app//org.opensearch.client.RestClient.convertResponse(RestClient.java:384)
	at app//org.opensearch.client.RestClient.performRequest(RestClient.java:354)
	at app//org.opensearch.client.RestClient.performRequest(RestClient.java:329)
	at app//org.opensearch.sql.legacy.SQLIntegTestCase.executeRequest(SQLIntegTestCase.java:327)
	at app//org.opensearch.sql.legacy.SQLIntegTestCase.executeRequest(SQLIntegTestCase.java:322)
	at app//org.opensearch.sql.legacy.SQLIntegTestCase.executeRequest(SQLIntegTestCase.java:310)
	at app//org.opensearch.sql.legacy.SQLIntegTestCase.executeQuery(SQLIntegTestCase.java:293)
	at app//org.opensearch.sql.legacy.QueryIT.equalityTest(QueryIT.java:305)
	at java.base@17.0.4.1/jdk.internal.reflect.NativeMethodAccessorImpl.invoke0(Native Method)
	at java.base@17.0.4.1/jdk.internal.reflect.NativeMethodAccessorImpl.invoke(NativeMethodAccessorImpl.java:77)
	at java.base@17.0.4.1/jdk.internal.reflect.DelegatingMethodAccessorImpl.invoke(DelegatingMethodAccessorImpl.java:43)
	at java.base@17.0.4.1/java.lang.reflect.Method.invoke(Method.java:568)
	at app//com.carrotsearch.randomizedtesting.RandomizedRunner.invoke(RandomizedRunner.java:1750)
	at app//com.carrotsearch.randomizedtesting.RandomizedRunner$8.evaluate(RandomizedRunner.java:938)
	at app//com.carrotsearch.randomizedtesting.RandomizedRunner$9.evaluate(RandomizedRunner.java:974)
	at app//com.carrotsearch.randomizedtesting.RandomizedRunner$10.evaluate(RandomizedRunner.java:988)
	at app//com.carrotsearch.randomizedtesting.rules.StatementAdapter.evaluate(StatementAdapter.java:36)
	at app//org.junit.rules.RunRules.evaluate(RunRules.java:20)
	at app//org.apache.lucene.tests.util.TestRuleSetupTeardownChained$1.evaluate(TestRuleSetupTeardownChained.java:48)
	at app//org.apache.lucene.tests.util.AbstractBeforeAfterRule$1.evaluate(AbstractBeforeAfterRule.java:43)
	at app//org.apache.lucene.tests.util.TestRuleThreadAndTestName$1.evaluate(TestRuleThreadAndTestName.java:45)
	at app//org.apache.lucene.tests.util.TestRuleIgnoreAfterMaxFailures$1.evaluate(TestRuleIgnoreAfterMaxFailures.java:60)
	at app//org.apache.lucene.tests.util.TestRuleMarkFailure$1.evaluate(TestRuleMarkFailure.java:44)
	at app//org.junit.rules.RunRules.evaluate(RunRules.java:20)
	at app//com.carrotsearch.randomizedtesting.rules.StatementAdapter.evaluate(StatementAdapter.java:36)
	at app//com.carrotsearch.randomizedtesting.ThreadLeakControl$StatementRunner.run(ThreadLeakControl.java:368)
	at app//com.carrotsearch.randomizedtesting.ThreadLeakControl.forkTimeoutingTask(ThreadLeakControl.java:817)
	at app//com.carrotsearch.randomizedtesting.ThreadLeakControl$3.evaluate(ThreadLeakControl.java:468)
	at app//com.carrotsearch.randomizedtesting.RandomizedRunner.runSingleTest(RandomizedRunner.java:947)
	at app//com.carrotsearch.randomizedtesting.RandomizedRunner$5.evaluate(RandomizedRunner.java:832)
	at app//com.carrotsearch.randomizedtesting.RandomizedRunner$6.evaluate(RandomizedRunner.java:883)
	at app//com.carrotsearch.randomizedtesting.RandomizedRunner$7.evaluate(RandomizedRunner.java:894)
	at app//org.apache.lucene.tests.util.AbstractBeforeAfterRule$1.evaluate(AbstractBeforeAfterRule.java:43)
	at app//com.carrotsearch.randomizedtesting.rules.StatementAdapter.evaluate(StatementAdapter.java:36)
	at app//org.apache.lucene.tests.util.TestRuleStoreClassName$1.evaluate(TestRuleStoreClassName.java:38)
	at app//com.carrotsearch.randomizedtesting.rules.NoShadowingOrOverridesOnMethodsRule$1.evaluate(NoShadowingOrOverridesOnMethodsRule.java:40)
	at app//com.carrotsearch.randomizedtesting.rules.NoShadowingOrOverridesOnMethodsRule$1.evaluate(NoShadowingOrOverridesOnMethodsRule.java:40)
	at app//com.carrotsearch.randomizedtesting.rules.StatementAdapter.evaluate(StatementAdapter.java:36)
	at app//com.carrotsearch.randomizedtesting.rules.StatementAdapter.evaluate(StatementAdapter.java:36)
	at app//org.apache.lucene.tests.util.TestRuleAssertionsRequired$1.evaluate(TestRuleAssertionsRequired.java:53)
	at app//org.apache.lucene.tests.util.AbstractBeforeAfterRule$1.evaluate(AbstractBeforeAfterRule.java:43)
	at app//org.apache.lucene.tests.util.TestRuleMarkFailure$1.evaluate(TestRuleMarkFailure.java:44)
	at app//org.apache.lucene.tests.util.TestRuleIgnoreAfterMaxFailures$1.evaluate(TestRuleIgnoreAfterMaxFailures.java:60)
	at app//org.apache.lucene.tests.util.TestRuleIgnoreTestSuites$1.evaluate(TestRuleIgnoreTestSuites.java:47)
	at app//org.junit.rules.RunRules.evaluate(RunRules.java:20)
	at app//com.carrotsearch.randomizedtesting.rules.StatementAdapter.evaluate(StatementAdapter.java:36)
	at app//com.carrotsearch.randomizedtesting.ThreadLeakControl$StatementRunner.run(ThreadLeakControl.java:368)
	at java.base@17.0.4.1/java.lang.Thread.run(Thread.java:833)
</failure>
  </testcase>
  <testcase name="greaterThanTest" classname="org.opensearch.sql.legacy.QueryIT" time="0.039">
    <failure message="org.opensearch.client.ResponseException: method [POST], host [http://[::1]:49775], URI [/_plugins/_sql?format=json], status line [HTTP/1.1 400 Bad Request]&#10;{&#10;  &quot;error&quot;: {&#10;    &quot;reason&quot;: &quot;Invalid SQL query&quot;,&#10;    &quot;details&quot;: &quot;Query is unsupported in the new engine&quot;,&#10;    &quot;type&quot;: &quot;SQLFeatureDisabledException&quot;&#10;  },&#10;  &quot;status&quot;: 400&#10;}" type="org.opensearch.client.ResponseException">org.opensearch.client.ResponseException: method [POST], host [http://[::1]:49775], URI [/_plugins/_sql?format=json], status line [HTTP/1.1 400 Bad Request]
{
  &quot;error&quot;: {
    &quot;reason&quot;: &quot;Invalid SQL query&quot;,
    &quot;details&quot;: &quot;Query is unsupported in the new engine&quot;,
    &quot;type&quot;: &quot;SQLFeatureDisabledException&quot;
  },
  &quot;status&quot;: 400
}
	at __randomizedtesting.SeedInfo.seed([B058E8962C1F801C:5CBEC8C030CFDA19]:0)
	at app//org.opensearch.client.RestClient.convertResponse(RestClient.java:384)
	at app//org.opensearch.client.RestClient.performRequest(RestClient.java:354)
	at app//org.opensearch.client.RestClient.performRequest(RestClient.java:329)
	at app//org.opensearch.sql.legacy.SQLIntegTestCase.executeRequest(SQLIntegTestCase.java:327)
	at app//org.opensearch.sql.legacy.SQLIntegTestCase.executeRequest(SQLIntegTestCase.java:322)
	at app//org.opensearch.sql.legacy.SQLIntegTestCase.executeRequest(SQLIntegTestCase.java:310)
	at app//org.opensearch.sql.legacy.SQLIntegTestCase.executeQuery(SQLIntegTestCase.java:293)
	at app//org.opensearch.sql.legacy.QueryIT.greaterThanTest(QueryIT.java:327)
	at java.base@17.0.4.1/jdk.internal.reflect.NativeMethodAccessorImpl.invoke0(Native Method)
	at java.base@17.0.4.1/jdk.internal.reflect.NativeMethodAccessorImpl.invoke(NativeMethodAccessorImpl.java:77)
	at java.base@17.0.4.1/jdk.internal.reflect.DelegatingMethodAccessorImpl.invoke(DelegatingMethodAccessorImpl.java:43)
	at java.base@17.0.4.1/java.lang.reflect.Method.invoke(Method.java:568)
	at app//com.carrotsearch.randomizedtesting.RandomizedRunner.invoke(RandomizedRunner.java:1750)
	at app//com.carrotsearch.randomizedtesting.RandomizedRunner$8.evaluate(RandomizedRunner.java:938)
	at app//com.carrotsearch.randomizedtesting.RandomizedRunner$9.evaluate(RandomizedRunner.java:974)
	at app//com.carrotsearch.randomizedtesting.RandomizedRunner$10.evaluate(RandomizedRunner.java:988)
	at app//com.carrotsearch.randomizedtesting.rules.StatementAdapter.evaluate(StatementAdapter.java:36)
	at app//org.junit.rules.RunRules.evaluate(RunRules.java:20)
	at app//org.apache.lucene.tests.util.TestRuleSetupTeardownChained$1.evaluate(TestRuleSetupTeardownChained.java:48)
	at app//org.apache.lucene.tests.util.AbstractBeforeAfterRule$1.evaluate(AbstractBeforeAfterRule.java:43)
	at app//org.apache.lucene.tests.util.TestRuleThreadAndTestName$1.evaluate(TestRuleThreadAndTestName.java:45)
	at app//org.apache.lucene.tests.util.TestRuleIgnoreAfterMaxFailures$1.evaluate(TestRuleIgnoreAfterMaxFailures.java:60)
	at app//org.apache.lucene.tests.util.TestRuleMarkFailure$1.evaluate(TestRuleMarkFailure.java:44)
	at app//org.junit.rules.RunRules.evaluate(RunRules.java:20)
	at app//com.carrotsearch.randomizedtesting.rules.StatementAdapter.evaluate(StatementAdapter.java:36)
	at app//com.carrotsearch.randomizedtesting.ThreadLeakControl$StatementRunner.run(ThreadLeakControl.java:368)
	at app//com.carrotsearch.randomizedtesting.ThreadLeakControl.forkTimeoutingTask(ThreadLeakControl.java:817)
	at app//com.carrotsearch.randomizedtesting.ThreadLeakControl$3.evaluate(ThreadLeakControl.java:468)
	at app//com.carrotsearch.randomizedtesting.RandomizedRunner.runSingleTest(RandomizedRunner.java:947)
	at app//com.carrotsearch.randomizedtesting.RandomizedRunner$5.evaluate(RandomizedRunner.java:832)
	at app//com.carrotsearch.randomizedtesting.RandomizedRunner$6.evaluate(RandomizedRunner.java:883)
	at app//com.carrotsearch.randomizedtesting.RandomizedRunner$7.evaluate(RandomizedRunner.java:894)
	at app//org.apache.lucene.tests.util.AbstractBeforeAfterRule$1.evaluate(AbstractBeforeAfterRule.java:43)
	at app//com.carrotsearch.randomizedtesting.rules.StatementAdapter.evaluate(StatementAdapter.java:36)
	at app//org.apache.lucene.tests.util.TestRuleStoreClassName$1.evaluate(TestRuleStoreClassName.java:38)
	at app//com.carrotsearch.randomizedtesting.rules.NoShadowingOrOverridesOnMethodsRule$1.evaluate(NoShadowingOrOverridesOnMethodsRule.java:40)
	at app//com.carrotsearch.randomizedtesting.rules.NoShadowingOrOverridesOnMethodsRule$1.evaluate(NoShadowingOrOverridesOnMethodsRule.java:40)
	at app//com.carrotsearch.randomizedtesting.rules.StatementAdapter.evaluate(StatementAdapter.java:36)
	at app//com.carrotsearch.randomizedtesting.rules.StatementAdapter.evaluate(StatementAdapter.java:36)
	at app//org.apache.lucene.tests.util.TestRuleAssertionsRequired$1.evaluate(TestRuleAssertionsRequired.java:53)
	at app//org.apache.lucene.tests.util.AbstractBeforeAfterRule$1.evaluate(AbstractBeforeAfterRule.java:43)
	at app//org.apache.lucene.tests.util.TestRuleMarkFailure$1.evaluate(TestRuleMarkFailure.java:44)
	at app//org.apache.lucene.tests.util.TestRuleIgnoreAfterMaxFailures$1.evaluate(TestRuleIgnoreAfterMaxFailures.java:60)
	at app//org.apache.lucene.tests.util.TestRuleIgnoreTestSuites$1.evaluate(TestRuleIgnoreTestSuites.java:47)
	at app//org.junit.rules.RunRules.evaluate(RunRules.java:20)
	at app//com.carrotsearch.randomizedtesting.rules.StatementAdapter.evaluate(StatementAdapter.java:36)
	at app//com.carrotsearch.randomizedtesting.ThreadLeakControl$StatementRunner.run(ThreadLeakControl.java:368)
	at java.base@17.0.4.1/java.lang.Thread.run(Thread.java:833)
</failure>
  </testcase>
  <testcase name="inTermsTestWithStrings" classname="org.opensearch.sql.legacy.QueryIT" time="0.035">
    <failure message="org.opensearch.client.ResponseException: method [POST], host [http://[::1]:49775], URI [/_plugins/_sql?format=json], status line [HTTP/1.1 400 Bad Request]&#10;{&#10;  &quot;error&quot;: {&#10;    &quot;reason&quot;: &quot;Invalid SQL query&quot;,&#10;    &quot;details&quot;: &quot;Query is unsupported in the new engine&quot;,&#10;    &quot;type&quot;: &quot;SQLFeatureDisabledException&quot;&#10;  },&#10;  &quot;status&quot;: 400&#10;}" type="org.opensearch.client.ResponseException">org.opensearch.client.ResponseException: method [POST], host [http://[::1]:49775], URI [/_plugins/_sql?format=json], status line [HTTP/1.1 400 Bad Request]
{
  &quot;error&quot;: {
    &quot;reason&quot;: &quot;Invalid SQL query&quot;,
    &quot;details&quot;: &quot;Query is unsupported in the new engine&quot;,
    &quot;type&quot;: &quot;SQLFeatureDisabledException&quot;
  },
  &quot;status&quot;: 400
}
	at __randomizedtesting.SeedInfo.seed([B058E8962C1F801C:615E0565E4505D67]:0)
	at app//org.opensearch.client.RestClient.convertResponse(RestClient.java:384)
	at app//org.opensearch.client.RestClient.performRequest(RestClient.java:354)
	at app//org.opensearch.client.RestClient.performRequest(RestClient.java:329)
	at app//org.opensearch.sql.legacy.SQLIntegTestCase.executeRequest(SQLIntegTestCase.java:327)
	at app//org.opensearch.sql.legacy.SQLIntegTestCase.executeRequest(SQLIntegTestCase.java:322)
	at app//org.opensearch.sql.legacy.SQLIntegTestCase.executeRequest(SQLIntegTestCase.java:310)
	at app//org.opensearch.sql.legacy.SQLIntegTestCase.executeQuery(SQLIntegTestCase.java:293)
	at app//org.opensearch.sql.legacy.QueryIT.inTermsTestWithStrings(QueryIT.java:625)
	at java.base@17.0.4.1/jdk.internal.reflect.NativeMethodAccessorImpl.invoke0(Native Method)
	at java.base@17.0.4.1/jdk.internal.reflect.NativeMethodAccessorImpl.invoke(NativeMethodAccessorImpl.java:77)
	at java.base@17.0.4.1/jdk.internal.reflect.DelegatingMethodAccessorImpl.invoke(DelegatingMethodAccessorImpl.java:43)
	at java.base@17.0.4.1/java.lang.reflect.Method.invoke(Method.java:568)
	at app//com.carrotsearch.randomizedtesting.RandomizedRunner.invoke(RandomizedRunner.java:1750)
	at app//com.carrotsearch.randomizedtesting.RandomizedRunner$8.evaluate(RandomizedRunner.java:938)
	at app//com.carrotsearch.randomizedtesting.RandomizedRunner$9.evaluate(RandomizedRunner.java:974)
	at app//com.carrotsearch.randomizedtesting.RandomizedRunner$10.evaluate(RandomizedRunner.java:988)
	at app//com.carrotsearch.randomizedtesting.rules.StatementAdapter.evaluate(StatementAdapter.java:36)
	at app//org.junit.rules.RunRules.evaluate(RunRules.java:20)
	at app//org.apache.lucene.tests.util.TestRuleSetupTeardownChained$1.evaluate(TestRuleSetupTeardownChained.java:48)
	at app//org.apache.lucene.tests.util.AbstractBeforeAfterRule$1.evaluate(AbstractBeforeAfterRule.java:43)
	at app//org.apache.lucene.tests.util.TestRuleThreadAndTestName$1.evaluate(TestRuleThreadAndTestName.java:45)
	at app//org.apache.lucene.tests.util.TestRuleIgnoreAfterMaxFailures$1.evaluate(TestRuleIgnoreAfterMaxFailures.java:60)
	at app//org.apache.lucene.tests.util.TestRuleMarkFailure$1.evaluate(TestRuleMarkFailure.java:44)
	at app//org.junit.rules.RunRules.evaluate(RunRules.java:20)
	at app//com.carrotsearch.randomizedtesting.rules.StatementAdapter.evaluate(StatementAdapter.java:36)
	at app//com.carrotsearch.randomizedtesting.ThreadLeakControl$StatementRunner.run(ThreadLeakControl.java:368)
	at app//com.carrotsearch.randomizedtesting.ThreadLeakControl.forkTimeoutingTask(ThreadLeakControl.java:817)
	at app//com.carrotsearch.randomizedtesting.ThreadLeakControl$3.evaluate(ThreadLeakControl.java:468)
	at app//com.carrotsearch.randomizedtesting.RandomizedRunner.runSingleTest(RandomizedRunner.java:947)
	at app//com.carrotsearch.randomizedtesting.RandomizedRunner$5.evaluate(RandomizedRunner.java:832)
	at app//com.carrotsearch.randomizedtesting.RandomizedRunner$6.evaluate(RandomizedRunner.java:883)
	at app//com.carrotsearch.randomizedtesting.RandomizedRunner$7.evaluate(RandomizedRunner.java:894)
	at app//org.apache.lucene.tests.util.AbstractBeforeAfterRule$1.evaluate(AbstractBeforeAfterRule.java:43)
	at app//com.carrotsearch.randomizedtesting.rules.StatementAdapter.evaluate(StatementAdapter.java:36)
	at app//org.apache.lucene.tests.util.TestRuleStoreClassName$1.evaluate(TestRuleStoreClassName.java:38)
	at app//com.carrotsearch.randomizedtesting.rules.NoShadowingOrOverridesOnMethodsRule$1.evaluate(NoShadowingOrOverridesOnMethodsRule.java:40)
	at app//com.carrotsearch.randomizedtesting.rules.NoShadowingOrOverridesOnMethodsRule$1.evaluate(NoShadowingOrOverridesOnMethodsRule.java:40)
	at app//com.carrotsearch.randomizedtesting.rules.StatementAdapter.evaluate(StatementAdapter.java:36)
	at app//com.carrotsearch.randomizedtesting.rules.StatementAdapter.evaluate(StatementAdapter.java:36)
	at app//org.apache.lucene.tests.util.TestRuleAssertionsRequired$1.evaluate(TestRuleAssertionsRequired.java:53)
	at app//org.apache.lucene.tests.util.AbstractBeforeAfterRule$1.evaluate(AbstractBeforeAfterRule.java:43)
	at app//org.apache.lucene.tests.util.TestRuleMarkFailure$1.evaluate(TestRuleMarkFailure.java:44)
	at app//org.apache.lucene.tests.util.TestRuleIgnoreAfterMaxFailures$1.evaluate(TestRuleIgnoreAfterMaxFailures.java:60)
	at app//org.apache.lucene.tests.util.TestRuleIgnoreTestSuites$1.evaluate(TestRuleIgnoreTestSuites.java:47)
	at app//org.junit.rules.RunRules.evaluate(RunRules.java:20)
	at app//com.carrotsearch.randomizedtesting.rules.StatementAdapter.evaluate(StatementAdapter.java:36)
	at app//com.carrotsearch.randomizedtesting.ThreadLeakControl$StatementRunner.run(ThreadLeakControl.java:368)
	at java.base@17.0.4.1/java.lang.Thread.run(Thread.java:833)
</failure>
  </testcase>
  <testcase name="lessThanOrEqualTest" classname="org.opensearch.sql.legacy.QueryIT" time="0.041">
    <failure message="org.opensearch.client.ResponseException: method [POST], host [http://[::1]:49775], URI [/_plugins/_sql?format=json], status line [HTTP/1.1 400 Bad Request]&#10;{&#10;  &quot;error&quot;: {&#10;    &quot;reason&quot;: &quot;Invalid SQL query&quot;,&#10;    &quot;details&quot;: &quot;Query is unsupported in the new engine&quot;,&#10;    &quot;type&quot;: &quot;SQLFeatureDisabledException&quot;&#10;  },&#10;  &quot;status&quot;: 400&#10;}" type="org.opensearch.client.ResponseException">org.opensearch.client.ResponseException: method [POST], host [http://[::1]:49775], URI [/_plugins/_sql?format=json], status line [HTTP/1.1 400 Bad Request]
{
  &quot;error&quot;: {
    &quot;reason&quot;: &quot;Invalid SQL query&quot;,
    &quot;details&quot;: &quot;Query is unsupported in the new engine&quot;,
    &quot;type&quot;: &quot;SQLFeatureDisabledException&quot;
  },
  &quot;status&quot;: 400
}
	at __randomizedtesting.SeedInfo.seed([B058E8962C1F801C:A62F98D91DCC9E74]:0)
	at app//org.opensearch.client.RestClient.convertResponse(RestClient.java:384)
	at app//org.opensearch.client.RestClient.performRequest(RestClient.java:354)
	at app//org.opensearch.client.RestClient.performRequest(RestClient.java:329)
	at app//org.opensearch.sql.legacy.SQLIntegTestCase.executeRequest(SQLIntegTestCase.java:327)
	at app//org.opensearch.sql.legacy.SQLIntegTestCase.executeRequest(SQLIntegTestCase.java:322)
	at app//org.opensearch.sql.legacy.SQLIntegTestCase.executeRequest(SQLIntegTestCase.java:310)
	at app//org.opensearch.sql.legacy.SQLIntegTestCase.executeQuery(SQLIntegTestCase.java:293)
	at app//org.opensearch.sql.legacy.QueryIT.lessThanOrEqualTest(QueryIT.java:385)
	at java.base@17.0.4.1/jdk.internal.reflect.NativeMethodAccessorImpl.invoke0(Native Method)
	at java.base@17.0.4.1/jdk.internal.reflect.NativeMethodAccessorImpl.invoke(NativeMethodAccessorImpl.java:77)
	at java.base@17.0.4.1/jdk.internal.reflect.DelegatingMethodAccessorImpl.invoke(DelegatingMethodAccessorImpl.java:43)
	at java.base@17.0.4.1/java.lang.reflect.Method.invoke(Method.java:568)
	at app//com.carrotsearch.randomizedtesting.RandomizedRunner.invoke(RandomizedRunner.java:1750)
	at app//com.carrotsearch.randomizedtesting.RandomizedRunner$8.evaluate(RandomizedRunner.java:938)
	at app//com.carrotsearch.randomizedtesting.RandomizedRunner$9.evaluate(RandomizedRunner.java:974)
	at app//com.carrotsearch.randomizedtesting.RandomizedRunner$10.evaluate(RandomizedRunner.java:988)
	at app//com.carrotsearch.randomizedtesting.rules.StatementAdapter.evaluate(StatementAdapter.java:36)
	at app//org.junit.rules.RunRules.evaluate(RunRules.java:20)
	at app//org.apache.lucene.tests.util.TestRuleSetupTeardownChained$1.evaluate(TestRuleSetupTeardownChained.java:48)
	at app//org.apache.lucene.tests.util.AbstractBeforeAfterRule$1.evaluate(AbstractBeforeAfterRule.java:43)
	at app//org.apache.lucene.tests.util.TestRuleThreadAndTestName$1.evaluate(TestRuleThreadAndTestName.java:45)
	at app//org.apache.lucene.tests.util.TestRuleIgnoreAfterMaxFailures$1.evaluate(TestRuleIgnoreAfterMaxFailures.java:60)
	at app//org.apache.lucene.tests.util.TestRuleMarkFailure$1.evaluate(TestRuleMarkFailure.java:44)
	at app//org.junit.rules.RunRules.evaluate(RunRules.java:20)
	at app//com.carrotsearch.randomizedtesting.rules.StatementAdapter.evaluate(StatementAdapter.java:36)
	at app//com.carrotsearch.randomizedtesting.ThreadLeakControl$StatementRunner.run(ThreadLeakControl.java:368)
	at app//com.carrotsearch.randomizedtesting.ThreadLeakControl.forkTimeoutingTask(ThreadLeakControl.java:817)
	at app//com.carrotsearch.randomizedtesting.ThreadLeakControl$3.evaluate(ThreadLeakControl.java:468)
	at app//com.carrotsearch.randomizedtesting.RandomizedRunner.runSingleTest(RandomizedRunner.java:947)
	at app//com.carrotsearch.randomizedtesting.RandomizedRunner$5.evaluate(RandomizedRunner.java:832)
	at app//com.carrotsearch.randomizedtesting.RandomizedRunner$6.evaluate(RandomizedRunner.java:883)
	at app//com.carrotsearch.randomizedtesting.RandomizedRunner$7.evaluate(RandomizedRunner.java:894)
	at app//org.apache.lucene.tests.util.AbstractBeforeAfterRule$1.evaluate(AbstractBeforeAfterRule.java:43)
	at app//com.carrotsearch.randomizedtesting.rules.StatementAdapter.evaluate(StatementAdapter.java:36)
	at app//org.apache.lucene.tests.util.TestRuleStoreClassName$1.evaluate(TestRuleStoreClassName.java:38)
	at app//com.carrotsearch.randomizedtesting.rules.NoShadowingOrOverridesOnMethodsRule$1.evaluate(NoShadowingOrOverridesOnMethodsRule.java:40)
	at app//com.carrotsearch.randomizedtesting.rules.NoShadowingOrOverridesOnMethodsRule$1.evaluate(NoShadowingOrOverridesOnMethodsRule.java:40)
	at app//com.carrotsearch.randomizedtesting.rules.StatementAdapter.evaluate(StatementAdapter.java:36)
	at app//com.carrotsearch.randomizedtesting.rules.StatementAdapter.evaluate(StatementAdapter.java:36)
	at app//org.apache.lucene.tests.util.TestRuleAssertionsRequired$1.evaluate(TestRuleAssertionsRequired.java:53)
	at app//org.apache.lucene.tests.util.AbstractBeforeAfterRule$1.evaluate(AbstractBeforeAfterRule.java:43)
	at app//org.apache.lucene.tests.util.TestRuleMarkFailure$1.evaluate(TestRuleMarkFailure.java:44)
	at app//org.apache.lucene.tests.util.TestRuleIgnoreAfterMaxFailures$1.evaluate(TestRuleIgnoreAfterMaxFailures.java:60)
	at app//org.apache.lucene.tests.util.TestRuleIgnoreTestSuites$1.evaluate(TestRuleIgnoreTestSuites.java:47)
	at app//org.junit.rules.RunRules.evaluate(RunRules.java:20)
	at app//com.carrotsearch.randomizedtesting.rules.StatementAdapter.evaluate(StatementAdapter.java:36)
	at app//com.carrotsearch.randomizedtesting.ThreadLeakControl$StatementRunner.run(ThreadLeakControl.java:368)
	at java.base@17.0.4.1/java.lang.Thread.run(Thread.java:833)
</failure>
  </testcase>
  <testcase name="backticksQuotedAliasInJDBCResponseTest" classname="org.opensearch.sql.legacy.QueryIT" time="0.061"/>
  <testcase name="idsQueryMultipleId" classname="org.opensearch.sql.legacy.QueryIT" time="0.0">
    <skipped/>
  </testcase>
  <testcase name="inTermsTestWithIdentifiersTreatedLikeStrings" classname="org.opensearch.sql.legacy.QueryIT" time="0.037">
    <failure message="org.opensearch.client.ResponseException: method [POST], host [http://[::1]:49775], URI [/_plugins/_sql?format=json], status line [HTTP/1.1 400 Bad Request]&#10;{&#10;  &quot;error&quot;: {&#10;    &quot;reason&quot;: &quot;Invalid SQL query&quot;,&#10;    &quot;details&quot;: &quot;Query is unsupported in the new engine&quot;,&#10;    &quot;type&quot;: &quot;SQLFeatureDisabledException&quot;&#10;  },&#10;  &quot;status&quot;: 400&#10;}" type="org.opensearch.client.ResponseException">org.opensearch.client.ResponseException: method [POST], host [http://[::1]:49775], URI [/_plugins/_sql?format=json], status line [HTTP/1.1 400 Bad Request]
{
  &quot;error&quot;: {
    &quot;reason&quot;: &quot;Invalid SQL query&quot;,
    &quot;details&quot;: &quot;Query is unsupported in the new engine&quot;,
    &quot;type&quot;: &quot;SQLFeatureDisabledException&quot;
  },
  &quot;status&quot;: 400
}
	at __randomizedtesting.SeedInfo.seed([B058E8962C1F801C:94FC53B8DF958CD5]:0)
	at app//org.opensearch.client.RestClient.convertResponse(RestClient.java:384)
	at app//org.opensearch.client.RestClient.performRequest(RestClient.java:354)
	at app//org.opensearch.client.RestClient.performRequest(RestClient.java:329)
	at app//org.opensearch.sql.legacy.SQLIntegTestCase.executeRequest(SQLIntegTestCase.java:327)
	at app//org.opensearch.sql.legacy.SQLIntegTestCase.executeRequest(SQLIntegTestCase.java:322)
	at app//org.opensearch.sql.legacy.SQLIntegTestCase.executeRequest(SQLIntegTestCase.java:310)
	at app//org.opensearch.sql.legacy.SQLIntegTestCase.executeQuery(SQLIntegTestCase.java:293)
	at app//org.opensearch.sql.legacy.QueryIT.inTermsTestWithIdentifiersTreatedLikeStrings(QueryIT.java:607)
	at java.base@17.0.4.1/jdk.internal.reflect.NativeMethodAccessorImpl.invoke0(Native Method)
	at java.base@17.0.4.1/jdk.internal.reflect.NativeMethodAccessorImpl.invoke(NativeMethodAccessorImpl.java:77)
	at java.base@17.0.4.1/jdk.internal.reflect.DelegatingMethodAccessorImpl.invoke(DelegatingMethodAccessorImpl.java:43)
	at java.base@17.0.4.1/java.lang.reflect.Method.invoke(Method.java:568)
	at app//com.carrotsearch.randomizedtesting.RandomizedRunner.invoke(RandomizedRunner.java:1750)
	at app//com.carrotsearch.randomizedtesting.RandomizedRunner$8.evaluate(RandomizedRunner.java:938)
	at app//com.carrotsearch.randomizedtesting.RandomizedRunner$9.evaluate(RandomizedRunner.java:974)
	at app//com.carrotsearch.randomizedtesting.RandomizedRunner$10.evaluate(RandomizedRunner.java:988)
	at app//com.carrotsearch.randomizedtesting.rules.StatementAdapter.evaluate(StatementAdapter.java:36)
	at app//org.junit.rules.RunRules.evaluate(RunRules.java:20)
	at app//org.apache.lucene.tests.util.TestRuleSetupTeardownChained$1.evaluate(TestRuleSetupTeardownChained.java:48)
	at app//org.apache.lucene.tests.util.AbstractBeforeAfterRule$1.evaluate(AbstractBeforeAfterRule.java:43)
	at app//org.apache.lucene.tests.util.TestRuleThreadAndTestName$1.evaluate(TestRuleThreadAndTestName.java:45)
	at app//org.apache.lucene.tests.util.TestRuleIgnoreAfterMaxFailures$1.evaluate(TestRuleIgnoreAfterMaxFailures.java:60)
	at app//org.apache.lucene.tests.util.TestRuleMarkFailure$1.evaluate(TestRuleMarkFailure.java:44)
	at app//org.junit.rules.RunRules.evaluate(RunRules.java:20)
	at app//com.carrotsearch.randomizedtesting.rules.StatementAdapter.evaluate(StatementAdapter.java:36)
	at app//com.carrotsearch.randomizedtesting.ThreadLeakControl$StatementRunner.run(ThreadLeakControl.java:368)
	at app//com.carrotsearch.randomizedtesting.ThreadLeakControl.forkTimeoutingTask(ThreadLeakControl.java:817)
	at app//com.carrotsearch.randomizedtesting.ThreadLeakControl$3.evaluate(ThreadLeakControl.java:468)
	at app//com.carrotsearch.randomizedtesting.RandomizedRunner.runSingleTest(RandomizedRunner.java:947)
	at app//com.carrotsearch.randomizedtesting.RandomizedRunner$5.evaluate(RandomizedRunner.java:832)
	at app//com.carrotsearch.randomizedtesting.RandomizedRunner$6.evaluate(RandomizedRunner.java:883)
	at app//com.carrotsearch.randomizedtesting.RandomizedRunner$7.evaluate(RandomizedRunner.java:894)
	at app//org.apache.lucene.tests.util.AbstractBeforeAfterRule$1.evaluate(AbstractBeforeAfterRule.java:43)
	at app//com.carrotsearch.randomizedtesting.rules.StatementAdapter.evaluate(StatementAdapter.java:36)
	at app//org.apache.lucene.tests.util.TestRuleStoreClassName$1.evaluate(TestRuleStoreClassName.java:38)
	at app//com.carrotsearch.randomizedtesting.rules.NoShadowingOrOverridesOnMethodsRule$1.evaluate(NoShadowingOrOverridesOnMethodsRule.java:40)
	at app//com.carrotsearch.randomizedtesting.rules.NoShadowingOrOverridesOnMethodsRule$1.evaluate(NoShadowingOrOverridesOnMethodsRule.java:40)
	at app//com.carrotsearch.randomizedtesting.rules.StatementAdapter.evaluate(StatementAdapter.java:36)
	at app//com.carrotsearch.randomizedtesting.rules.StatementAdapter.evaluate(StatementAdapter.java:36)
	at app//org.apache.lucene.tests.util.TestRuleAssertionsRequired$1.evaluate(TestRuleAssertionsRequired.java:53)
	at app//org.apache.lucene.tests.util.AbstractBeforeAfterRule$1.evaluate(AbstractBeforeAfterRule.java:43)
	at app//org.apache.lucene.tests.util.TestRuleMarkFailure$1.evaluate(TestRuleMarkFailure.java:44)
	at app//org.apache.lucene.tests.util.TestRuleIgnoreAfterMaxFailures$1.evaluate(TestRuleIgnoreAfterMaxFailures.java:60)
	at app//org.apache.lucene.tests.util.TestRuleIgnoreTestSuites$1.evaluate(TestRuleIgnoreTestSuites.java:47)
	at app//org.junit.rules.RunRules.evaluate(RunRules.java:20)
	at app//com.carrotsearch.randomizedtesting.rules.StatementAdapter.evaluate(StatementAdapter.java:36)
	at app//com.carrotsearch.randomizedtesting.ThreadLeakControl$StatementRunner.run(ThreadLeakControl.java:368)
	at java.base@17.0.4.1/java.lang.Thread.run(Thread.java:833)
</failure>
  </testcase>
  <testcase name="andTest" classname="org.opensearch.sql.legacy.QueryIT" time="0.035">
    <failure message="org.opensearch.client.ResponseException: method [POST], host [http://[::1]:49775], URI [/_plugins/_sql?format=json], status line [HTTP/1.1 400 Bad Request]&#10;{&#10;  &quot;error&quot;: {&#10;    &quot;reason&quot;: &quot;Invalid SQL query&quot;,&#10;    &quot;details&quot;: &quot;Query is unsupported in the new engine&quot;,&#10;    &quot;type&quot;: &quot;SQLFeatureDisabledException&quot;&#10;  },&#10;  &quot;status&quot;: 400&#10;}" type="org.opensearch.client.ResponseException">org.opensearch.client.ResponseException: method [POST], host [http://[::1]:49775], URI [/_plugins/_sql?format=json], status line [HTTP/1.1 400 Bad Request]
{
  &quot;error&quot;: {
    &quot;reason&quot;: &quot;Invalid SQL query&quot;,
    &quot;details&quot;: &quot;Query is unsupported in the new engine&quot;,
    &quot;type&quot;: &quot;SQLFeatureDisabledException&quot;
  },
  &quot;status&quot;: 400
}
	at __randomizedtesting.SeedInfo.seed([B058E8962C1F801C:5156E76D0B2520C5]:0)
	at app//org.opensearch.client.RestClient.convertResponse(RestClient.java:384)
	at app//org.opensearch.client.RestClient.performRequest(RestClient.java:354)
	at app//org.opensearch.client.RestClient.performRequest(RestClient.java:329)
	at app//org.opensearch.sql.legacy.SQLIntegTestCase.executeRequest(SQLIntegTestCase.java:327)
	at app//org.opensearch.sql.legacy.SQLIntegTestCase.executeRequest(SQLIntegTestCase.java:322)
	at app//org.opensearch.sql.legacy.SQLIntegTestCase.executeRequest(SQLIntegTestCase.java:310)
	at app//org.opensearch.sql.legacy.SQLIntegTestCase.executeQuery(SQLIntegTestCase.java:293)
	at app//org.opensearch.sql.legacy.QueryIT.andTest(QueryIT.java:420)
	at java.base@17.0.4.1/jdk.internal.reflect.NativeMethodAccessorImpl.invoke0(Native Method)
	at java.base@17.0.4.1/jdk.internal.reflect.NativeMethodAccessorImpl.invoke(NativeMethodAccessorImpl.java:77)
	at java.base@17.0.4.1/jdk.internal.reflect.DelegatingMethodAccessorImpl.invoke(DelegatingMethodAccessorImpl.java:43)
	at java.base@17.0.4.1/java.lang.reflect.Method.invoke(Method.java:568)
	at app//com.carrotsearch.randomizedtesting.RandomizedRunner.invoke(RandomizedRunner.java:1750)
	at app//com.carrotsearch.randomizedtesting.RandomizedRunner$8.evaluate(RandomizedRunner.java:938)
	at app//com.carrotsearch.randomizedtesting.RandomizedRunner$9.evaluate(RandomizedRunner.java:974)
	at app//com.carrotsearch.randomizedtesting.RandomizedRunner$10.evaluate(RandomizedRunner.java:988)
	at app//com.carrotsearch.randomizedtesting.rules.StatementAdapter.evaluate(StatementAdapter.java:36)
	at app//org.junit.rules.RunRules.evaluate(RunRules.java:20)
	at app//org.apache.lucene.tests.util.TestRuleSetupTeardownChained$1.evaluate(TestRuleSetupTeardownChained.java:48)
	at app//org.apache.lucene.tests.util.AbstractBeforeAfterRule$1.evaluate(AbstractBeforeAfterRule.java:43)
	at app//org.apache.lucene.tests.util.TestRuleThreadAndTestName$1.evaluate(TestRuleThreadAndTestName.java:45)
	at app//org.apache.lucene.tests.util.TestRuleIgnoreAfterMaxFailures$1.evaluate(TestRuleIgnoreAfterMaxFailures.java:60)
	at app//org.apache.lucene.tests.util.TestRuleMarkFailure$1.evaluate(TestRuleMarkFailure.java:44)
	at app//org.junit.rules.RunRules.evaluate(RunRules.java:20)
	at app//com.carrotsearch.randomizedtesting.rules.StatementAdapter.evaluate(StatementAdapter.java:36)
	at app//com.carrotsearch.randomizedtesting.ThreadLeakControl$StatementRunner.run(ThreadLeakControl.java:368)
	at app//com.carrotsearch.randomizedtesting.ThreadLeakControl.forkTimeoutingTask(ThreadLeakControl.java:817)
	at app//com.carrotsearch.randomizedtesting.ThreadLeakControl$3.evaluate(ThreadLeakControl.java:468)
	at app//com.carrotsearch.randomizedtesting.RandomizedRunner.runSingleTest(RandomizedRunner.java:947)
	at app//com.carrotsearch.randomizedtesting.RandomizedRunner$5.evaluate(RandomizedRunner.java:832)
	at app//com.carrotsearch.randomizedtesting.RandomizedRunner$6.evaluate(RandomizedRunner.java:883)
	at app//com.carrotsearch.randomizedtesting.RandomizedRunner$7.evaluate(RandomizedRunner.java:894)
	at app//org.apache.lucene.tests.util.AbstractBeforeAfterRule$1.evaluate(AbstractBeforeAfterRule.java:43)
	at app//com.carrotsearch.randomizedtesting.rules.StatementAdapter.evaluate(StatementAdapter.java:36)
	at app//org.apache.lucene.tests.util.TestRuleStoreClassName$1.evaluate(TestRuleStoreClassName.java:38)
	at app//com.carrotsearch.randomizedtesting.rules.NoShadowingOrOverridesOnMethodsRule$1.evaluate(NoShadowingOrOverridesOnMethodsRule.java:40)
	at app//com.carrotsearch.randomizedtesting.rules.NoShadowingOrOverridesOnMethodsRule$1.evaluate(NoShadowingOrOverridesOnMethodsRule.java:40)
	at app//com.carrotsearch.randomizedtesting.rules.StatementAdapter.evaluate(StatementAdapter.java:36)
	at app//com.carrotsearch.randomizedtesting.rules.StatementAdapter.evaluate(StatementAdapter.java:36)
	at app//org.apache.lucene.tests.util.TestRuleAssertionsRequired$1.evaluate(TestRuleAssertionsRequired.java:53)
	at app//org.apache.lucene.tests.util.AbstractBeforeAfterRule$1.evaluate(AbstractBeforeAfterRule.java:43)
	at app//org.apache.lucene.tests.util.TestRuleMarkFailure$1.evaluate(TestRuleMarkFailure.java:44)
	at app//org.apache.lucene.tests.util.TestRuleIgnoreAfterMaxFailures$1.evaluate(TestRuleIgnoreAfterMaxFailures.java:60)
	at app//org.apache.lucene.tests.util.TestRuleIgnoreTestSuites$1.evaluate(TestRuleIgnoreTestSuites.java:47)
	at app//org.junit.rules.RunRules.evaluate(RunRules.java:20)
	at app//com.carrotsearch.randomizedtesting.rules.StatementAdapter.evaluate(StatementAdapter.java:36)
	at app//com.carrotsearch.randomizedtesting.ThreadLeakControl$StatementRunner.run(ThreadLeakControl.java:368)
	at java.base@17.0.4.1/java.lang.Thread.run(Thread.java:833)
</failure>
  </testcase>
  <testcase name="notBetweenTest" classname="org.opensearch.sql.legacy.QueryIT" time="0.038">
    <failure message="org.opensearch.client.ResponseException: method [POST], host [http://[::1]:49775], URI [/_plugins/_sql?format=json], status line [HTTP/1.1 400 Bad Request]&#10;{&#10;  &quot;error&quot;: {&#10;    &quot;reason&quot;: &quot;Invalid SQL query&quot;,&#10;    &quot;details&quot;: &quot;Query is unsupported in the new engine&quot;,&#10;    &quot;type&quot;: &quot;SQLFeatureDisabledException&quot;&#10;  },&#10;  &quot;status&quot;: 400&#10;}" type="org.opensearch.client.ResponseException">org.opensearch.client.ResponseException: method [POST], host [http://[::1]:49775], URI [/_plugins/_sql?format=json], status line [HTTP/1.1 400 Bad Request]
{
  &quot;error&quot;: {
    &quot;reason&quot;: &quot;Invalid SQL query&quot;,
    &quot;details&quot;: &quot;Query is unsupported in the new engine&quot;,
    &quot;type&quot;: &quot;SQLFeatureDisabledException&quot;
  },
  &quot;status&quot;: 400
}
	at __randomizedtesting.SeedInfo.seed([B058E8962C1F801C:BAF7D479B7B77016]:0)
	at app//org.opensearch.client.RestClient.convertResponse(RestClient.java:384)
	at app//org.opensearch.client.RestClient.performRequest(RestClient.java:354)
	at app//org.opensearch.client.RestClient.performRequest(RestClient.java:329)
	at app//org.opensearch.sql.legacy.SQLIntegTestCase.executeRequest(SQLIntegTestCase.java:327)
	at app//org.opensearch.sql.legacy.SQLIntegTestCase.executeRequest(SQLIntegTestCase.java:322)
	at app//org.opensearch.sql.legacy.SQLIntegTestCase.executeRequest(SQLIntegTestCase.java:310)
	at app//org.opensearch.sql.legacy.SQLIntegTestCase.executeQuery(SQLIntegTestCase.java:293)
	at app//org.opensearch.sql.legacy.QueryIT.notBetweenTest(QueryIT.java:559)
	at java.base@17.0.4.1/jdk.internal.reflect.NativeMethodAccessorImpl.invoke0(Native Method)
	at java.base@17.0.4.1/jdk.internal.reflect.NativeMethodAccessorImpl.invoke(NativeMethodAccessorImpl.java:77)
	at java.base@17.0.4.1/jdk.internal.reflect.DelegatingMethodAccessorImpl.invoke(DelegatingMethodAccessorImpl.java:43)
	at java.base@17.0.4.1/java.lang.reflect.Method.invoke(Method.java:568)
	at app//com.carrotsearch.randomizedtesting.RandomizedRunner.invoke(RandomizedRunner.java:1750)
	at app//com.carrotsearch.randomizedtesting.RandomizedRunner$8.evaluate(RandomizedRunner.java:938)
	at app//com.carrotsearch.randomizedtesting.RandomizedRunner$9.evaluate(RandomizedRunner.java:974)
	at app//com.carrotsearch.randomizedtesting.RandomizedRunner$10.evaluate(RandomizedRunner.java:988)
	at app//com.carrotsearch.randomizedtesting.rules.StatementAdapter.evaluate(StatementAdapter.java:36)
	at app//org.junit.rules.RunRules.evaluate(RunRules.java:20)
	at app//org.apache.lucene.tests.util.TestRuleSetupTeardownChained$1.evaluate(TestRuleSetupTeardownChained.java:48)
	at app//org.apache.lucene.tests.util.AbstractBeforeAfterRule$1.evaluate(AbstractBeforeAfterRule.java:43)
	at app//org.apache.lucene.tests.util.TestRuleThreadAndTestName$1.evaluate(TestRuleThreadAndTestName.java:45)
	at app//org.apache.lucene.tests.util.TestRuleIgnoreAfterMaxFailures$1.evaluate(TestRuleIgnoreAfterMaxFailures.java:60)
	at app//org.apache.lucene.tests.util.TestRuleMarkFailure$1.evaluate(TestRuleMarkFailure.java:44)
	at app//org.junit.rules.RunRules.evaluate(RunRules.java:20)
	at app//com.carrotsearch.randomizedtesting.rules.StatementAdapter.evaluate(StatementAdapter.java:36)
	at app//com.carrotsearch.randomizedtesting.ThreadLeakControl$StatementRunner.run(ThreadLeakControl.java:368)
	at app//com.carrotsearch.randomizedtesting.ThreadLeakControl.forkTimeoutingTask(ThreadLeakControl.java:817)
	at app//com.carrotsearch.randomizedtesting.ThreadLeakControl$3.evaluate(ThreadLeakControl.java:468)
	at app//com.carrotsearch.randomizedtesting.RandomizedRunner.runSingleTest(RandomizedRunner.java:947)
	at app//com.carrotsearch.randomizedtesting.RandomizedRunner$5.evaluate(RandomizedRunner.java:832)
	at app//com.carrotsearch.randomizedtesting.RandomizedRunner$6.evaluate(RandomizedRunner.java:883)
	at app//com.carrotsearch.randomizedtesting.RandomizedRunner$7.evaluate(RandomizedRunner.java:894)
	at app//org.apache.lucene.tests.util.AbstractBeforeAfterRule$1.evaluate(AbstractBeforeAfterRule.java:43)
	at app//com.carrotsearch.randomizedtesting.rules.StatementAdapter.evaluate(StatementAdapter.java:36)
	at app//org.apache.lucene.tests.util.TestRuleStoreClassName$1.evaluate(TestRuleStoreClassName.java:38)
	at app//com.carrotsearch.randomizedtesting.rules.NoShadowingOrOverridesOnMethodsRule$1.evaluate(NoShadowingOrOverridesOnMethodsRule.java:40)
	at app//com.carrotsearch.randomizedtesting.rules.NoShadowingOrOverridesOnMethodsRule$1.evaluate(NoShadowingOrOverridesOnMethodsRule.java:40)
	at app//com.carrotsearch.randomizedtesting.rules.StatementAdapter.evaluate(StatementAdapter.java:36)
	at app//com.carrotsearch.randomizedtesting.rules.StatementAdapter.evaluate(StatementAdapter.java:36)
	at app//org.apache.lucene.tests.util.TestRuleAssertionsRequired$1.evaluate(TestRuleAssertionsRequired.java:53)
	at app//org.apache.lucene.tests.util.AbstractBeforeAfterRule$1.evaluate(AbstractBeforeAfterRule.java:43)
	at app//org.apache.lucene.tests.util.TestRuleMarkFailure$1.evaluate(TestRuleMarkFailure.java:44)
	at app//org.apache.lucene.tests.util.TestRuleIgnoreAfterMaxFailures$1.evaluate(TestRuleIgnoreAfterMaxFailures.java:60)
	at app//org.apache.lucene.tests.util.TestRuleIgnoreTestSuites$1.evaluate(TestRuleIgnoreTestSuites.java:47)
	at app//org.junit.rules.RunRules.evaluate(RunRules.java:20)
	at app//com.carrotsearch.randomizedtesting.rules.StatementAdapter.evaluate(StatementAdapter.java:36)
	at app//com.carrotsearch.randomizedtesting.ThreadLeakControl$StatementRunner.run(ThreadLeakControl.java:368)
	at java.base@17.0.4.1/java.lang.Thread.run(Thread.java:833)
</failure>
  </testcase>
  <testcase name="backticksQuotedIndexNameTest" classname="org.opensearch.sql.legacy.QueryIT" time="0.0">
    <skipped/>
  </testcase>
  <testcase name="idsQueryOneId" classname="org.opensearch.sql.legacy.QueryIT" time="0.0">
    <skipped/>
  </testcase>
  <testcase name="notLikeTest" classname="org.opensearch.sql.legacy.QueryIT" time="0.041">
    <failure message="org.opensearch.client.ResponseException: method [POST], host [http://[::1]:49775], URI [/_plugins/_sql?format=json], status line [HTTP/1.1 400 Bad Request]&#10;{&#10;  &quot;error&quot;: {&#10;    &quot;reason&quot;: &quot;Invalid SQL query&quot;,&#10;    &quot;details&quot;: &quot;Query is unsupported in the new engine&quot;,&#10;    &quot;type&quot;: &quot;SQLFeatureDisabledException&quot;&#10;  },&#10;  &quot;status&quot;: 400&#10;}" type="org.opensearch.client.ResponseException">org.opensearch.client.ResponseException: method [POST], host [http://[::1]:49775], URI [/_plugins/_sql?format=json], status line [HTTP/1.1 400 Bad Request]
{
  &quot;error&quot;: {
    &quot;reason&quot;: &quot;Invalid SQL query&quot;,
    &quot;details&quot;: &quot;Query is unsupported in the new engine&quot;,
    &quot;type&quot;: &quot;SQLFeatureDisabledException&quot;
  },
  &quot;status&quot;: 400
}
	at __randomizedtesting.SeedInfo.seed([B058E8962C1F801C:3FA4D871341567F5]:0)
	at app//org.opensearch.client.RestClient.convertResponse(RestClient.java:384)
	at app//org.opensearch.client.RestClient.performRequest(RestClient.java:354)
	at app//org.opensearch.client.RestClient.performRequest(RestClient.java:329)
	at app//org.opensearch.sql.legacy.SQLIntegTestCase.executeRequest(SQLIntegTestCase.java:327)
	at app//org.opensearch.sql.legacy.SQLIntegTestCase.executeRequest(SQLIntegTestCase.java:322)
	at app//org.opensearch.sql.legacy.SQLIntegTestCase.executeRequest(SQLIntegTestCase.java:310)
	at app//org.opensearch.sql.legacy.SQLIntegTestCase.executeQuery(SQLIntegTestCase.java:293)
	at app//org.opensearch.sql.legacy.QueryIT.notLikeTest(QueryIT.java:445)
	at java.base@17.0.4.1/jdk.internal.reflect.NativeMethodAccessorImpl.invoke0(Native Method)
	at java.base@17.0.4.1/jdk.internal.reflect.NativeMethodAccessorImpl.invoke(NativeMethodAccessorImpl.java:77)
	at java.base@17.0.4.1/jdk.internal.reflect.DelegatingMethodAccessorImpl.invoke(DelegatingMethodAccessorImpl.java:43)
	at java.base@17.0.4.1/java.lang.reflect.Method.invoke(Method.java:568)
	at app//com.carrotsearch.randomizedtesting.RandomizedRunner.invoke(RandomizedRunner.java:1750)
	at app//com.carrotsearch.randomizedtesting.RandomizedRunner$8.evaluate(RandomizedRunner.java:938)
	at app//com.carrotsearch.randomizedtesting.RandomizedRunner$9.evaluate(RandomizedRunner.java:974)
	at app//com.carrotsearch.randomizedtesting.RandomizedRunner$10.evaluate(RandomizedRunner.java:988)
	at app//com.carrotsearch.randomizedtesting.rules.StatementAdapter.evaluate(StatementAdapter.java:36)
	at app//org.junit.rules.RunRules.evaluate(RunRules.java:20)
	at app//org.apache.lucene.tests.util.TestRuleSetupTeardownChained$1.evaluate(TestRuleSetupTeardownChained.java:48)
	at app//org.apache.lucene.tests.util.AbstractBeforeAfterRule$1.evaluate(AbstractBeforeAfterRule.java:43)
	at app//org.apache.lucene.tests.util.TestRuleThreadAndTestName$1.evaluate(TestRuleThreadAndTestName.java:45)
	at app//org.apache.lucene.tests.util.TestRuleIgnoreAfterMaxFailures$1.evaluate(TestRuleIgnoreAfterMaxFailures.java:60)
	at app//org.apache.lucene.tests.util.TestRuleMarkFailure$1.evaluate(TestRuleMarkFailure.java:44)
	at app//org.junit.rules.RunRules.evaluate(RunRules.java:20)
	at app//com.carrotsearch.randomizedtesting.rules.StatementAdapter.evaluate(StatementAdapter.java:36)
	at app//com.carrotsearch.randomizedtesting.ThreadLeakControl$StatementRunner.run(ThreadLeakControl.java:368)
	at app//com.carrotsearch.randomizedtesting.ThreadLeakControl.forkTimeoutingTask(ThreadLeakControl.java:817)
	at app//com.carrotsearch.randomizedtesting.ThreadLeakControl$3.evaluate(ThreadLeakControl.java:468)
	at app//com.carrotsearch.randomizedtesting.RandomizedRunner.runSingleTest(RandomizedRunner.java:947)
	at app//com.carrotsearch.randomizedtesting.RandomizedRunner$5.evaluate(RandomizedRunner.java:832)
	at app//com.carrotsearch.randomizedtesting.RandomizedRunner$6.evaluate(RandomizedRunner.java:883)
	at app//com.carrotsearch.randomizedtesting.RandomizedRunner$7.evaluate(RandomizedRunner.java:894)
	at app//org.apache.lucene.tests.util.AbstractBeforeAfterRule$1.evaluate(AbstractBeforeAfterRule.java:43)
	at app//com.carrotsearch.randomizedtesting.rules.StatementAdapter.evaluate(StatementAdapter.java:36)
	at app//org.apache.lucene.tests.util.TestRuleStoreClassName$1.evaluate(TestRuleStoreClassName.java:38)
	at app//com.carrotsearch.randomizedtesting.rules.NoShadowingOrOverridesOnMethodsRule$1.evaluate(NoShadowingOrOverridesOnMethodsRule.java:40)
	at app//com.carrotsearch.randomizedtesting.rules.NoShadowingOrOverridesOnMethodsRule$1.evaluate(NoShadowingOrOverridesOnMethodsRule.java:40)
	at app//com.carrotsearch.randomizedtesting.rules.StatementAdapter.evaluate(StatementAdapter.java:36)
	at app//com.carrotsearch.randomizedtesting.rules.StatementAdapter.evaluate(StatementAdapter.java:36)
	at app//org.apache.lucene.tests.util.TestRuleAssertionsRequired$1.evaluate(TestRuleAssertionsRequired.java:53)
	at app//org.apache.lucene.tests.util.AbstractBeforeAfterRule$1.evaluate(AbstractBeforeAfterRule.java:43)
	at app//org.apache.lucene.tests.util.TestRuleMarkFailure$1.evaluate(TestRuleMarkFailure.java:44)
	at app//org.apache.lucene.tests.util.TestRuleIgnoreAfterMaxFailures$1.evaluate(TestRuleIgnoreAfterMaxFailures.java:60)
	at app//org.apache.lucene.tests.util.TestRuleIgnoreTestSuites$1.evaluate(TestRuleIgnoreTestSuites.java:47)
	at app//org.junit.rules.RunRules.evaluate(RunRules.java:20)
	at app//com.carrotsearch.randomizedtesting.rules.StatementAdapter.evaluate(StatementAdapter.java:36)
	at app//com.carrotsearch.randomizedtesting.ThreadLeakControl$StatementRunner.run(ThreadLeakControl.java:368)
	at java.base@17.0.4.1/java.lang.Thread.run(Thread.java:833)
</failure>
  </testcase>
  <testcase name="complexNestedQueryNotBothOnSameObject" classname="org.opensearch.sql.legacy.QueryIT" time="0.036">
    <failure message="org.opensearch.client.ResponseException: method [POST], host [http://[::1]:49775], URI [/_plugins/_sql?format=json], status line [HTTP/1.1 400 Bad Request]&#10;{&#10;  &quot;error&quot;: {&#10;    &quot;reason&quot;: &quot;Invalid SQL query&quot;,&#10;    &quot;details&quot;: &quot;Query is unsupported in the new engine&quot;,&#10;    &quot;type&quot;: &quot;SQLFeatureDisabledException&quot;&#10;  },&#10;  &quot;status&quot;: 400&#10;}" type="org.opensearch.client.ResponseException">org.opensearch.client.ResponseException: method [POST], host [http://[::1]:49775], URI [/_plugins/_sql?format=json], status line [HTTP/1.1 400 Bad Request]
{
  &quot;error&quot;: {
    &quot;reason&quot;: &quot;Invalid SQL query&quot;,
    &quot;details&quot;: &quot;Query is unsupported in the new engine&quot;,
    &quot;type&quot;: &quot;SQLFeatureDisabledException&quot;
  },
  &quot;status&quot;: 400
}
	at __randomizedtesting.SeedInfo.seed([B058E8962C1F801C:4D33262993E686CD]:0)
	at app//org.opensearch.client.RestClient.convertResponse(RestClient.java:384)
	at app//org.opensearch.client.RestClient.performRequest(RestClient.java:354)
	at app//org.opensearch.client.RestClient.performRequest(RestClient.java:329)
	at app//org.opensearch.sql.legacy.SQLIntegTestCase.executeRequest(SQLIntegTestCase.java:327)
	at app//org.opensearch.sql.legacy.SQLIntegTestCase.executeRequest(SQLIntegTestCase.java:322)
	at app//org.opensearch.sql.legacy.SQLIntegTestCase.executeRequest(SQLIntegTestCase.java:310)
	at app//org.opensearch.sql.legacy.SQLIntegTestCase.executeQuery(SQLIntegTestCase.java:293)
	at app//org.opensearch.sql.legacy.QueryIT.complexNestedQueryNotBothOnSameObject(QueryIT.java:1483)
	at java.base@17.0.4.1/jdk.internal.reflect.NativeMethodAccessorImpl.invoke0(Native Method)
	at java.base@17.0.4.1/jdk.internal.reflect.NativeMethodAccessorImpl.invoke(NativeMethodAccessorImpl.java:77)
	at java.base@17.0.4.1/jdk.internal.reflect.DelegatingMethodAccessorImpl.invoke(DelegatingMethodAccessorImpl.java:43)
	at java.base@17.0.4.1/java.lang.reflect.Method.invoke(Method.java:568)
	at app//com.carrotsearch.randomizedtesting.RandomizedRunner.invoke(RandomizedRunner.java:1750)
	at app//com.carrotsearch.randomizedtesting.RandomizedRunner$8.evaluate(RandomizedRunner.java:938)
	at app//com.carrotsearch.randomizedtesting.RandomizedRunner$9.evaluate(RandomizedRunner.java:974)
	at app//com.carrotsearch.randomizedtesting.RandomizedRunner$10.evaluate(RandomizedRunner.java:988)
	at app//com.carrotsearch.randomizedtesting.rules.StatementAdapter.evaluate(StatementAdapter.java:36)
	at app//org.junit.rules.RunRules.evaluate(RunRules.java:20)
	at app//org.apache.lucene.tests.util.TestRuleSetupTeardownChained$1.evaluate(TestRuleSetupTeardownChained.java:48)
	at app//org.apache.lucene.tests.util.AbstractBeforeAfterRule$1.evaluate(AbstractBeforeAfterRule.java:43)
	at app//org.apache.lucene.tests.util.TestRuleThreadAndTestName$1.evaluate(TestRuleThreadAndTestName.java:45)
	at app//org.apache.lucene.tests.util.TestRuleIgnoreAfterMaxFailures$1.evaluate(TestRuleIgnoreAfterMaxFailures.java:60)
	at app//org.apache.lucene.tests.util.TestRuleMarkFailure$1.evaluate(TestRuleMarkFailure.java:44)
	at app//org.junit.rules.RunRules.evaluate(RunRules.java:20)
	at app//com.carrotsearch.randomizedtesting.rules.StatementAdapter.evaluate(StatementAdapter.java:36)
	at app//com.carrotsearch.randomizedtesting.ThreadLeakControl$StatementRunner.run(ThreadLeakControl.java:368)
	at app//com.carrotsearch.randomizedtesting.ThreadLeakControl.forkTimeoutingTask(ThreadLeakControl.java:817)
	at app//com.carrotsearch.randomizedtesting.ThreadLeakControl$3.evaluate(ThreadLeakControl.java:468)
	at app//com.carrotsearch.randomizedtesting.RandomizedRunner.runSingleTest(RandomizedRunner.java:947)
	at app//com.carrotsearch.randomizedtesting.RandomizedRunner$5.evaluate(RandomizedRunner.java:832)
	at app//com.carrotsearch.randomizedtesting.RandomizedRunner$6.evaluate(RandomizedRunner.java:883)
	at app//com.carrotsearch.randomizedtesting.RandomizedRunner$7.evaluate(RandomizedRunner.java:894)
	at app//org.apache.lucene.tests.util.AbstractBeforeAfterRule$1.evaluate(AbstractBeforeAfterRule.java:43)
	at app//com.carrotsearch.randomizedtesting.rules.StatementAdapter.evaluate(StatementAdapter.java:36)
	at app//org.apache.lucene.tests.util.TestRuleStoreClassName$1.evaluate(TestRuleStoreClassName.java:38)
	at app//com.carrotsearch.randomizedtesting.rules.NoShadowingOrOverridesOnMethodsRule$1.evaluate(NoShadowingOrOverridesOnMethodsRule.java:40)
	at app//com.carrotsearch.randomizedtesting.rules.NoShadowingOrOverridesOnMethodsRule$1.evaluate(NoShadowingOrOverridesOnMethodsRule.java:40)
	at app//com.carrotsearch.randomizedtesting.rules.StatementAdapter.evaluate(StatementAdapter.java:36)
	at app//com.carrotsearch.randomizedtesting.rules.StatementAdapter.evaluate(StatementAdapter.java:36)
	at app//org.apache.lucene.tests.util.TestRuleAssertionsRequired$1.evaluate(TestRuleAssertionsRequired.java:53)
	at app//org.apache.lucene.tests.util.AbstractBeforeAfterRule$1.evaluate(AbstractBeforeAfterRule.java:43)
	at app//org.apache.lucene.tests.util.TestRuleMarkFailure$1.evaluate(TestRuleMarkFailure.java:44)
	at app//org.apache.lucene.tests.util.TestRuleIgnoreAfterMaxFailures$1.evaluate(TestRuleIgnoreAfterMaxFailures.java:60)
	at app//org.apache.lucene.tests.util.TestRuleIgnoreTestSuites$1.evaluate(TestRuleIgnoreTestSuites.java:47)
	at app//org.junit.rules.RunRules.evaluate(RunRules.java:20)
	at app//com.carrotsearch.randomizedtesting.rules.StatementAdapter.evaluate(StatementAdapter.java:36)
	at app//com.carrotsearch.randomizedtesting.ThreadLeakControl$StatementRunner.run(ThreadLeakControl.java:368)
	at java.base@17.0.4.1/java.lang.Thread.run(Thread.java:833)
</failure>
  </testcase>
  <testcase name="isNullTest" classname="org.opensearch.sql.legacy.QueryIT" time="0.038">
    <failure message="org.opensearch.client.ResponseException: method [POST], host [http://[::1]:49775], URI [/_plugins/_sql?format=json], status line [HTTP/1.1 400 Bad Request]&#10;{&#10;  &quot;error&quot;: {&#10;    &quot;reason&quot;: &quot;Invalid SQL query&quot;,&#10;    &quot;details&quot;: &quot;Query is unsupported in the new engine&quot;,&#10;    &quot;type&quot;: &quot;SQLFeatureDisabledException&quot;&#10;  },&#10;  &quot;status&quot;: 400&#10;}" type="org.opensearch.client.ResponseException">org.opensearch.client.ResponseException: method [POST], host [http://[::1]:49775], URI [/_plugins/_sql?format=json], status line [HTTP/1.1 400 Bad Request]
{
  &quot;error&quot;: {
    &quot;reason&quot;: &quot;Invalid SQL query&quot;,
    &quot;details&quot;: &quot;Query is unsupported in the new engine&quot;,
    &quot;type&quot;: &quot;SQLFeatureDisabledException&quot;
  },
  &quot;status&quot;: 400
}
	at __randomizedtesting.SeedInfo.seed([B058E8962C1F801C:AB01C61E96A22923]:0)
	at app//org.opensearch.client.RestClient.convertResponse(RestClient.java:384)
	at app//org.opensearch.client.RestClient.performRequest(RestClient.java:354)
	at app//org.opensearch.client.RestClient.performRequest(RestClient.java:329)
	at app//org.opensearch.sql.legacy.SQLIntegTestCase.executeRequest(SQLIntegTestCase.java:327)
	at app//org.opensearch.sql.legacy.SQLIntegTestCase.executeRequest(SQLIntegTestCase.java:322)
	at app//org.opensearch.sql.legacy.SQLIntegTestCase.executeRequest(SQLIntegTestCase.java:310)
	at app//org.opensearch.sql.legacy.SQLIntegTestCase.executeQuery(SQLIntegTestCase.java:293)
	at app//org.opensearch.sql.legacy.QueryIT.isNullTest(QueryIT.java:1297)
	at java.base@17.0.4.1/jdk.internal.reflect.NativeMethodAccessorImpl.invoke0(Native Method)
	at java.base@17.0.4.1/jdk.internal.reflect.NativeMethodAccessorImpl.invoke(NativeMethodAccessorImpl.java:77)
	at java.base@17.0.4.1/jdk.internal.reflect.DelegatingMethodAccessorImpl.invoke(DelegatingMethodAccessorImpl.java:43)
	at java.base@17.0.4.1/java.lang.reflect.Method.invoke(Method.java:568)
	at app//com.carrotsearch.randomizedtesting.RandomizedRunner.invoke(RandomizedRunner.java:1750)
	at app//com.carrotsearch.randomizedtesting.RandomizedRunner$8.evaluate(RandomizedRunner.java:938)
	at app//com.carrotsearch.randomizedtesting.RandomizedRunner$9.evaluate(RandomizedRunner.java:974)
	at app//com.carrotsearch.randomizedtesting.RandomizedRunner$10.evaluate(RandomizedRunner.java:988)
	at app//com.carrotsearch.randomizedtesting.rules.StatementAdapter.evaluate(StatementAdapter.java:36)
	at app//org.junit.rules.RunRules.evaluate(RunRules.java:20)
	at app//org.apache.lucene.tests.util.TestRuleSetupTeardownChained$1.evaluate(TestRuleSetupTeardownChained.java:48)
	at app//org.apache.lucene.tests.util.AbstractBeforeAfterRule$1.evaluate(AbstractBeforeAfterRule.java:43)
	at app//org.apache.lucene.tests.util.TestRuleThreadAndTestName$1.evaluate(TestRuleThreadAndTestName.java:45)
	at app//org.apache.lucene.tests.util.TestRuleIgnoreAfterMaxFailures$1.evaluate(TestRuleIgnoreAfterMaxFailures.java:60)
	at app//org.apache.lucene.tests.util.TestRuleMarkFailure$1.evaluate(TestRuleMarkFailure.java:44)
	at app//org.junit.rules.RunRules.evaluate(RunRules.java:20)
	at app//com.carrotsearch.randomizedtesting.rules.StatementAdapter.evaluate(StatementAdapter.java:36)
	at app//com.carrotsearch.randomizedtesting.ThreadLeakControl$StatementRunner.run(ThreadLeakControl.java:368)
	at app//com.carrotsearch.randomizedtesting.ThreadLeakControl.forkTimeoutingTask(ThreadLeakControl.java:817)
	at app//com.carrotsearch.randomizedtesting.ThreadLeakControl$3.evaluate(ThreadLeakControl.java:468)
	at app//com.carrotsearch.randomizedtesting.RandomizedRunner.runSingleTest(RandomizedRunner.java:947)
	at app//com.carrotsearch.randomizedtesting.RandomizedRunner$5.evaluate(RandomizedRunner.java:832)
	at app//com.carrotsearch.randomizedtesting.RandomizedRunner$6.evaluate(RandomizedRunner.java:883)
	at app//com.carrotsearch.randomizedtesting.RandomizedRunner$7.evaluate(RandomizedRunner.java:894)
	at app//org.apache.lucene.tests.util.AbstractBeforeAfterRule$1.evaluate(AbstractBeforeAfterRule.java:43)
	at app//com.carrotsearch.randomizedtesting.rules.StatementAdapter.evaluate(StatementAdapter.java:36)
	at app//org.apache.lucene.tests.util.TestRuleStoreClassName$1.evaluate(TestRuleStoreClassName.java:38)
	at app//com.carrotsearch.randomizedtesting.rules.NoShadowingOrOverridesOnMethodsRule$1.evaluate(NoShadowingOrOverridesOnMethodsRule.java:40)
	at app//com.carrotsearch.randomizedtesting.rules.NoShadowingOrOverridesOnMethodsRule$1.evaluate(NoShadowingOrOverridesOnMethodsRule.java:40)
	at app//com.carrotsearch.randomizedtesting.rules.StatementAdapter.evaluate(StatementAdapter.java:36)
	at app//com.carrotsearch.randomizedtesting.rules.StatementAdapter.evaluate(StatementAdapter.java:36)
	at app//org.apache.lucene.tests.util.TestRuleAssertionsRequired$1.evaluate(TestRuleAssertionsRequired.java:53)
	at app//org.apache.lucene.tests.util.AbstractBeforeAfterRule$1.evaluate(AbstractBeforeAfterRule.java:43)
	at app//org.apache.lucene.tests.util.TestRuleMarkFailure$1.evaluate(TestRuleMarkFailure.java:44)
	at app//org.apache.lucene.tests.util.TestRuleIgnoreAfterMaxFailures$1.evaluate(TestRuleIgnoreAfterMaxFailures.java:60)
	at app//org.apache.lucene.tests.util.TestRuleIgnoreTestSuites$1.evaluate(TestRuleIgnoreTestSuites.java:47)
	at app//org.junit.rules.RunRules.evaluate(RunRules.java:20)
	at app//com.carrotsearch.randomizedtesting.rules.StatementAdapter.evaluate(StatementAdapter.java:36)
	at app//com.carrotsearch.randomizedtesting.ThreadLeakControl$StatementRunner.run(ThreadLeakControl.java:368)
	at java.base@17.0.4.1/java.lang.Thread.run(Thread.java:833)
</failure>
  </testcase>
  <testcase name="selectSpecificFieldsUsingTableAlias" classname="org.opensearch.sql.legacy.QueryIT" time="0.041">
    <failure message="org.opensearch.client.ResponseException: method [POST], host [http://[::1]:49775], URI [/_plugins/_sql?format=json], status line [HTTP/1.1 400 Bad Request]&#10;{&#10;  &quot;error&quot;: {&#10;    &quot;reason&quot;: &quot;Invalid SQL query&quot;,&#10;    &quot;details&quot;: &quot;Query is unsupported in the new engine&quot;,&#10;    &quot;type&quot;: &quot;SQLFeatureDisabledException&quot;&#10;  },&#10;  &quot;status&quot;: 400&#10;}" type="org.opensearch.client.ResponseException">org.opensearch.client.ResponseException: method [POST], host [http://[::1]:49775], URI [/_plugins/_sql?format=json], status line [HTTP/1.1 400 Bad Request]
{
  &quot;error&quot;: {
    &quot;reason&quot;: &quot;Invalid SQL query&quot;,
    &quot;details&quot;: &quot;Query is unsupported in the new engine&quot;,
    &quot;type&quot;: &quot;SQLFeatureDisabledException&quot;
  },
  &quot;status&quot;: 400
}
	at __randomizedtesting.SeedInfo.seed([B058E8962C1F801C:9DA5DD1E89BEDF7C]:0)
	at app//org.opensearch.client.RestClient.convertResponse(RestClient.java:384)
	at app//org.opensearch.client.RestClient.performRequest(RestClient.java:354)
	at app//org.opensearch.client.RestClient.performRequest(RestClient.java:329)
	at app//org.opensearch.sql.legacy.SQLIntegTestCase.executeRequest(SQLIntegTestCase.java:327)
	at app//org.opensearch.sql.legacy.SQLIntegTestCase.executeRequest(SQLIntegTestCase.java:322)
	at app//org.opensearch.sql.legacy.SQLIntegTestCase.executeRequest(SQLIntegTestCase.java:310)
	at app//org.opensearch.sql.legacy.SQLIntegTestCase.executeQuery(SQLIntegTestCase.java:293)
	at app//org.opensearch.sql.legacy.QueryIT.selectSpecificFieldsUsingTableAlias(QueryIT.java:212)
	at java.base@17.0.4.1/jdk.internal.reflect.NativeMethodAccessorImpl.invoke0(Native Method)
	at java.base@17.0.4.1/jdk.internal.reflect.NativeMethodAccessorImpl.invoke(NativeMethodAccessorImpl.java:77)
	at java.base@17.0.4.1/jdk.internal.reflect.DelegatingMethodAccessorImpl.invoke(DelegatingMethodAccessorImpl.java:43)
	at java.base@17.0.4.1/java.lang.reflect.Method.invoke(Method.java:568)
	at app//com.carrotsearch.randomizedtesting.RandomizedRunner.invoke(RandomizedRunner.java:1750)
	at app//com.carrotsearch.randomizedtesting.RandomizedRunner$8.evaluate(RandomizedRunner.java:938)
	at app//com.carrotsearch.randomizedtesting.RandomizedRunner$9.evaluate(RandomizedRunner.java:974)
	at app//com.carrotsearch.randomizedtesting.RandomizedRunner$10.evaluate(RandomizedRunner.java:988)
	at app//com.carrotsearch.randomizedtesting.rules.StatementAdapter.evaluate(StatementAdapter.java:36)
	at app//org.junit.rules.RunRules.evaluate(RunRules.java:20)
	at app//org.apache.lucene.tests.util.TestRuleSetupTeardownChained$1.evaluate(TestRuleSetupTeardownChained.java:48)
	at app//org.apache.lucene.tests.util.AbstractBeforeAfterRule$1.evaluate(AbstractBeforeAfterRule.java:43)
	at app//org.apache.lucene.tests.util.TestRuleThreadAndTestName$1.evaluate(TestRuleThreadAndTestName.java:45)
	at app//org.apache.lucene.tests.util.TestRuleIgnoreAfterMaxFailures$1.evaluate(TestRuleIgnoreAfterMaxFailures.java:60)
	at app//org.apache.lucene.tests.util.TestRuleMarkFailure$1.evaluate(TestRuleMarkFailure.java:44)
	at app//org.junit.rules.RunRules.evaluate(RunRules.java:20)
	at app//com.carrotsearch.randomizedtesting.rules.StatementAdapter.evaluate(StatementAdapter.java:36)
	at app//com.carrotsearch.randomizedtesting.ThreadLeakControl$StatementRunner.run(ThreadLeakControl.java:368)
	at app//com.carrotsearch.randomizedtesting.ThreadLeakControl.forkTimeoutingTask(ThreadLeakControl.java:817)
	at app//com.carrotsearch.randomizedtesting.ThreadLeakControl$3.evaluate(ThreadLeakControl.java:468)
	at app//com.carrotsearch.randomizedtesting.RandomizedRunner.runSingleTest(RandomizedRunner.java:947)
	at app//com.carrotsearch.randomizedtesting.RandomizedRunner$5.evaluate(RandomizedRunner.java:832)
	at app//com.carrotsearch.randomizedtesting.RandomizedRunner$6.evaluate(RandomizedRunner.java:883)
	at app//com.carrotsearch.randomizedtesting.RandomizedRunner$7.evaluate(RandomizedRunner.java:894)
	at app//org.apache.lucene.tests.util.AbstractBeforeAfterRule$1.evaluate(AbstractBeforeAfterRule.java:43)
	at app//com.carrotsearch.randomizedtesting.rules.StatementAdapter.evaluate(StatementAdapter.java:36)
	at app//org.apache.lucene.tests.util.TestRuleStoreClassName$1.evaluate(TestRuleStoreClassName.java:38)
	at app//com.carrotsearch.randomizedtesting.rules.NoShadowingOrOverridesOnMethodsRule$1.evaluate(NoShadowingOrOverridesOnMethodsRule.java:40)
	at app//com.carrotsearch.randomizedtesting.rules.NoShadowingOrOverridesOnMethodsRule$1.evaluate(NoShadowingOrOverridesOnMethodsRule.java:40)
	at app//com.carrotsearch.randomizedtesting.rules.StatementAdapter.evaluate(StatementAdapter.java:36)
	at app//com.carrotsearch.randomizedtesting.rules.StatementAdapter.evaluate(StatementAdapter.java:36)
	at app//org.apache.lucene.tests.util.TestRuleAssertionsRequired$1.evaluate(TestRuleAssertionsRequired.java:53)
	at app//org.apache.lucene.tests.util.AbstractBeforeAfterRule$1.evaluate(AbstractBeforeAfterRule.java:43)
	at app//org.apache.lucene.tests.util.TestRuleMarkFailure$1.evaluate(TestRuleMarkFailure.java:44)
	at app//org.apache.lucene.tests.util.TestRuleIgnoreAfterMaxFailures$1.evaluate(TestRuleIgnoreAfterMaxFailures.java:60)
	at app//org.apache.lucene.tests.util.TestRuleIgnoreTestSuites$1.evaluate(TestRuleIgnoreTestSuites.java:47)
	at app//org.junit.rules.RunRules.evaluate(RunRules.java:20)
	at app//com.carrotsearch.randomizedtesting.rules.StatementAdapter.evaluate(StatementAdapter.java:36)
	at app//com.carrotsearch.randomizedtesting.ThreadLeakControl$StatementRunner.run(ThreadLeakControl.java:368)
	at java.base@17.0.4.1/java.lang.Thread.run(Thread.java:833)
</failure>
  </testcase>
  <testcase name="fieldCollapsingTest" classname="org.opensearch.sql.legacy.QueryIT" time="0.0">
    <skipped/>
  </testcase>
  <testcase name="geoPolygon" classname="org.opensearch.sql.legacy.QueryIT" time="0.039">
    <failure message="org.opensearch.client.ResponseException: method [POST], host [http://[::1]:49775], URI [/_plugins/_sql?format=json], status line [HTTP/1.1 400 Bad Request]&#10;{&#10;  &quot;error&quot;: {&#10;    &quot;reason&quot;: &quot;Invalid SQL query&quot;,&#10;    &quot;details&quot;: &quot;Query is unsupported in the new engine&quot;,&#10;    &quot;type&quot;: &quot;SQLFeatureDisabledException&quot;&#10;  },&#10;  &quot;status&quot;: 400&#10;}" type="org.opensearch.client.ResponseException">org.opensearch.client.ResponseException: method [POST], host [http://[::1]:49775], URI [/_plugins/_sql?format=json], status line [HTTP/1.1 400 Bad Request]
{
  &quot;error&quot;: {
    &quot;reason&quot;: &quot;Invalid SQL query&quot;,
    &quot;details&quot;: &quot;Query is unsupported in the new engine&quot;,
    &quot;type&quot;: &quot;SQLFeatureDisabledException&quot;
  },
  &quot;status&quot;: 400
}
	at __randomizedtesting.SeedInfo.seed([B058E8962C1F801C:99E4A0355745BB2]:0)
	at app//org.opensearch.client.RestClient.convertResponse(RestClient.java:384)
	at app//org.opensearch.client.RestClient.performRequest(RestClient.java:354)
	at app//org.opensearch.client.RestClient.performRequest(RestClient.java:329)
	at app//org.opensearch.sql.legacy.SQLIntegTestCase.executeRequest(SQLIntegTestCase.java:327)
	at app//org.opensearch.sql.legacy.SQLIntegTestCase.executeRequest(SQLIntegTestCase.java:322)
	at app//org.opensearch.sql.legacy.SQLIntegTestCase.executeRequest(SQLIntegTestCase.java:310)
	at app//org.opensearch.sql.legacy.SQLIntegTestCase.executeQuery(SQLIntegTestCase.java:293)
	at app//org.opensearch.sql.legacy.QueryIT.geoPolygon(QueryIT.java:1194)
	at java.base@17.0.4.1/jdk.internal.reflect.NativeMethodAccessorImpl.invoke0(Native Method)
	at java.base@17.0.4.1/jdk.internal.reflect.NativeMethodAccessorImpl.invoke(NativeMethodAccessorImpl.java:77)
	at java.base@17.0.4.1/jdk.internal.reflect.DelegatingMethodAccessorImpl.invoke(DelegatingMethodAccessorImpl.java:43)
	at java.base@17.0.4.1/java.lang.reflect.Method.invoke(Method.java:568)
	at app//com.carrotsearch.randomizedtesting.RandomizedRunner.invoke(RandomizedRunner.java:1750)
	at app//com.carrotsearch.randomizedtesting.RandomizedRunner$8.evaluate(RandomizedRunner.java:938)
	at app//com.carrotsearch.randomizedtesting.RandomizedRunner$9.evaluate(RandomizedRunner.java:974)
	at app//com.carrotsearch.randomizedtesting.RandomizedRunner$10.evaluate(RandomizedRunner.java:988)
	at app//com.carrotsearch.randomizedtesting.rules.StatementAdapter.evaluate(StatementAdapter.java:36)
	at app//org.junit.rules.RunRules.evaluate(RunRules.java:20)
	at app//org.apache.lucene.tests.util.TestRuleSetupTeardownChained$1.evaluate(TestRuleSetupTeardownChained.java:48)
	at app//org.apache.lucene.tests.util.AbstractBeforeAfterRule$1.evaluate(AbstractBeforeAfterRule.java:43)
	at app//org.apache.lucene.tests.util.TestRuleThreadAndTestName$1.evaluate(TestRuleThreadAndTestName.java:45)
	at app//org.apache.lucene.tests.util.TestRuleIgnoreAfterMaxFailures$1.evaluate(TestRuleIgnoreAfterMaxFailures.java:60)
	at app//org.apache.lucene.tests.util.TestRuleMarkFailure$1.evaluate(TestRuleMarkFailure.java:44)
	at app//org.junit.rules.RunRules.evaluate(RunRules.java:20)
	at app//com.carrotsearch.randomizedtesting.rules.StatementAdapter.evaluate(StatementAdapter.java:36)
	at app//com.carrotsearch.randomizedtesting.ThreadLeakControl$StatementRunner.run(ThreadLeakControl.java:368)
	at app//com.carrotsearch.randomizedtesting.ThreadLeakControl.forkTimeoutingTask(ThreadLeakControl.java:817)
	at app//com.carrotsearch.randomizedtesting.ThreadLeakControl$3.evaluate(ThreadLeakControl.java:468)
	at app//com.carrotsearch.randomizedtesting.RandomizedRunner.runSingleTest(RandomizedRunner.java:947)
	at app//com.carrotsearch.randomizedtesting.RandomizedRunner$5.evaluate(RandomizedRunner.java:832)
	at app//com.carrotsearch.randomizedtesting.RandomizedRunner$6.evaluate(RandomizedRunner.java:883)
	at app//com.carrotsearch.randomizedtesting.RandomizedRunner$7.evaluate(RandomizedRunner.java:894)
	at app//org.apache.lucene.tests.util.AbstractBeforeAfterRule$1.evaluate(AbstractBeforeAfterRule.java:43)
	at app//com.carrotsearch.randomizedtesting.rules.StatementAdapter.evaluate(StatementAdapter.java:36)
	at app//org.apache.lucene.tests.util.TestRuleStoreClassName$1.evaluate(TestRuleStoreClassName.java:38)
	at app//com.carrotsearch.randomizedtesting.rules.NoShadowingOrOverridesOnMethodsRule$1.evaluate(NoShadowingOrOverridesOnMethodsRule.java:40)
	at app//com.carrotsearch.randomizedtesting.rules.NoShadowingOrOverridesOnMethodsRule$1.evaluate(NoShadowingOrOverridesOnMethodsRule.java:40)
	at app//com.carrotsearch.randomizedtesting.rules.StatementAdapter.evaluate(StatementAdapter.java:36)
	at app//com.carrotsearch.randomizedtesting.rules.StatementAdapter.evaluate(StatementAdapter.java:36)
	at app//org.apache.lucene.tests.util.TestRuleAssertionsRequired$1.evaluate(TestRuleAssertionsRequired.java:53)
	at app//org.apache.lucene.tests.util.AbstractBeforeAfterRule$1.evaluate(AbstractBeforeAfterRule.java:43)
	at app//org.apache.lucene.tests.util.TestRuleMarkFailure$1.evaluate(TestRuleMarkFailure.java:44)
	at app//org.apache.lucene.tests.util.TestRuleIgnoreAfterMaxFailures$1.evaluate(TestRuleIgnoreAfterMaxFailures.java:60)
	at app//org.apache.lucene.tests.util.TestRuleIgnoreTestSuites$1.evaluate(TestRuleIgnoreTestSuites.java:47)
	at app//org.junit.rules.RunRules.evaluate(RunRules.java:20)
	at app//com.carrotsearch.randomizedtesting.rules.StatementAdapter.evaluate(StatementAdapter.java:36)
	at app//com.carrotsearch.randomizedtesting.ThreadLeakControl$StatementRunner.run(ThreadLeakControl.java:368)
	at java.base@17.0.4.1/java.lang.Thread.run(Thread.java:833)
</failure>
  </testcase>
  <testcase name="complexNotConditionQuery" classname="org.opensearch.sql.legacy.QueryIT" time="0.034">
    <failure message="org.opensearch.client.ResponseException: method [POST], host [http://[::1]:49775], URI [/_plugins/_sql?format=json], status line [HTTP/1.1 400 Bad Request]&#10;{&#10;  &quot;error&quot;: {&#10;    &quot;reason&quot;: &quot;Invalid SQL query&quot;,&#10;    &quot;details&quot;: &quot;Query is unsupported in the new engine&quot;,&#10;    &quot;type&quot;: &quot;SQLFeatureDisabledException&quot;&#10;  },&#10;  &quot;status&quot;: 400&#10;}" type="org.opensearch.client.ResponseException">org.opensearch.client.ResponseException: method [POST], host [http://[::1]:49775], URI [/_plugins/_sql?format=json], status line [HTTP/1.1 400 Bad Request]
{
  &quot;error&quot;: {
    &quot;reason&quot;: &quot;Invalid SQL query&quot;,
    &quot;details&quot;: &quot;Query is unsupported in the new engine&quot;,
    &quot;type&quot;: &quot;SQLFeatureDisabledException&quot;
  },
  &quot;status&quot;: 400
}
	at __randomizedtesting.SeedInfo.seed([B058E8962C1F801C:DA90975A45B83989]:0)
	at app//org.opensearch.client.RestClient.convertResponse(RestClient.java:384)
	at app//org.opensearch.client.RestClient.performRequest(RestClient.java:354)
	at app//org.opensearch.client.RestClient.performRequest(RestClient.java:329)
	at app//org.opensearch.sql.legacy.SQLIntegTestCase.executeRequest(SQLIntegTestCase.java:327)
	at app//org.opensearch.sql.legacy.SQLIntegTestCase.executeRequest(SQLIntegTestCase.java:322)
	at app//org.opensearch.sql.legacy.SQLIntegTestCase.executeRequest(SQLIntegTestCase.java:310)
	at app//org.opensearch.sql.legacy.SQLIntegTestCase.executeQuery(SQLIntegTestCase.java:293)
	at app//org.opensearch.sql.legacy.QueryIT.complexNotConditionQuery(QueryIT.java:864)
	at java.base@17.0.4.1/jdk.internal.reflect.NativeMethodAccessorImpl.invoke0(Native Method)
	at java.base@17.0.4.1/jdk.internal.reflect.NativeMethodAccessorImpl.invoke(NativeMethodAccessorImpl.java:77)
	at java.base@17.0.4.1/jdk.internal.reflect.DelegatingMethodAccessorImpl.invoke(DelegatingMethodAccessorImpl.java:43)
	at java.base@17.0.4.1/java.lang.reflect.Method.invoke(Method.java:568)
	at app//com.carrotsearch.randomizedtesting.RandomizedRunner.invoke(RandomizedRunner.java:1750)
	at app//com.carrotsearch.randomizedtesting.RandomizedRunner$8.evaluate(RandomizedRunner.java:938)
	at app//com.carrotsearch.randomizedtesting.RandomizedRunner$9.evaluate(RandomizedRunner.java:974)
	at app//com.carrotsearch.randomizedtesting.RandomizedRunner$10.evaluate(RandomizedRunner.java:988)
	at app//com.carrotsearch.randomizedtesting.rules.StatementAdapter.evaluate(StatementAdapter.java:36)
	at app//org.junit.rules.RunRules.evaluate(RunRules.java:20)
	at app//org.apache.lucene.tests.util.TestRuleSetupTeardownChained$1.evaluate(TestRuleSetupTeardownChained.java:48)
	at app//org.apache.lucene.tests.util.AbstractBeforeAfterRule$1.evaluate(AbstractBeforeAfterRule.java:43)
	at app//org.apache.lucene.tests.util.TestRuleThreadAndTestName$1.evaluate(TestRuleThreadAndTestName.java:45)
	at app//org.apache.lucene.tests.util.TestRuleIgnoreAfterMaxFailures$1.evaluate(TestRuleIgnoreAfterMaxFailures.java:60)
	at app//org.apache.lucene.tests.util.TestRuleMarkFailure$1.evaluate(TestRuleMarkFailure.java:44)
	at app//org.junit.rules.RunRules.evaluate(RunRules.java:20)
	at app//com.carrotsearch.randomizedtesting.rules.StatementAdapter.evaluate(StatementAdapter.java:36)
	at app//com.carrotsearch.randomizedtesting.ThreadLeakControl$StatementRunner.run(ThreadLeakControl.java:368)
	at app//com.carrotsearch.randomizedtesting.ThreadLeakControl.forkTimeoutingTask(ThreadLeakControl.java:817)
	at app//com.carrotsearch.randomizedtesting.ThreadLeakControl$3.evaluate(ThreadLeakControl.java:468)
	at app//com.carrotsearch.randomizedtesting.RandomizedRunner.runSingleTest(RandomizedRunner.java:947)
	at app//com.carrotsearch.randomizedtesting.RandomizedRunner$5.evaluate(RandomizedRunner.java:832)
	at app//com.carrotsearch.randomizedtesting.RandomizedRunner$6.evaluate(RandomizedRunner.java:883)
	at app//com.carrotsearch.randomizedtesting.RandomizedRunner$7.evaluate(RandomizedRunner.java:894)
	at app//org.apache.lucene.tests.util.AbstractBeforeAfterRule$1.evaluate(AbstractBeforeAfterRule.java:43)
	at app//com.carrotsearch.randomizedtesting.rules.StatementAdapter.evaluate(StatementAdapter.java:36)
	at app//org.apache.lucene.tests.util.TestRuleStoreClassName$1.evaluate(TestRuleStoreClassName.java:38)
	at app//com.carrotsearch.randomizedtesting.rules.NoShadowingOrOverridesOnMethodsRule$1.evaluate(NoShadowingOrOverridesOnMethodsRule.java:40)
	at app//com.carrotsearch.randomizedtesting.rules.NoShadowingOrOverridesOnMethodsRule$1.evaluate(NoShadowingOrOverridesOnMethodsRule.java:40)
	at app//com.carrotsearch.randomizedtesting.rules.StatementAdapter.evaluate(StatementAdapter.java:36)
	at app//com.carrotsearch.randomizedtesting.rules.StatementAdapter.evaluate(StatementAdapter.java:36)
	at app//org.apache.lucene.tests.util.TestRuleAssertionsRequired$1.evaluate(TestRuleAssertionsRequired.java:53)
	at app//org.apache.lucene.tests.util.AbstractBeforeAfterRule$1.evaluate(AbstractBeforeAfterRule.java:43)
	at app//org.apache.lucene.tests.util.TestRuleMarkFailure$1.evaluate(TestRuleMarkFailure.java:44)
	at app//org.apache.lucene.tests.util.TestRuleIgnoreAfterMaxFailures$1.evaluate(TestRuleIgnoreAfterMaxFailures.java:60)
	at app//org.apache.lucene.tests.util.TestRuleIgnoreTestSuites$1.evaluate(TestRuleIgnoreTestSuites.java:47)
	at app//org.junit.rules.RunRules.evaluate(RunRules.java:20)
	at app//com.carrotsearch.randomizedtesting.rules.StatementAdapter.evaluate(StatementAdapter.java:36)
	at app//com.carrotsearch.randomizedtesting.ThreadLeakControl$StatementRunner.run(ThreadLeakControl.java:368)
	at java.base@17.0.4.1/java.lang.Thread.run(Thread.java:833)
</failure>
  </testcase>
  <testcase name="greaterThanOrEqualTest" classname="org.opensearch.sql.legacy.QueryIT" time="0.04">
    <failure message="org.opensearch.client.ResponseException: method [POST], host [http://[::1]:49775], URI [/_plugins/_sql?format=json], status line [HTTP/1.1 400 Bad Request]&#10;{&#10;  &quot;error&quot;: {&#10;    &quot;reason&quot;: &quot;Invalid SQL query&quot;,&#10;    &quot;details&quot;: &quot;Query is unsupported in the new engine&quot;,&#10;    &quot;type&quot;: &quot;SQLFeatureDisabledException&quot;&#10;  },&#10;  &quot;status&quot;: 400&#10;}" type="org.opensearch.client.ResponseException">org.opensearch.client.ResponseException: method [POST], host [http://[::1]:49775], URI [/_plugins/_sql?format=json], status line [HTTP/1.1 400 Bad Request]
{
  &quot;error&quot;: {
    &quot;reason&quot;: &quot;Invalid SQL query&quot;,
    &quot;details&quot;: &quot;Query is unsupported in the new engine&quot;,
    &quot;type&quot;: &quot;SQLFeatureDisabledException&quot;
  },
  &quot;status&quot;: 400
}
	at __randomizedtesting.SeedInfo.seed([B058E8962C1F801C:F41E42BAAAC24A1B]:0)
	at app//org.opensearch.client.RestClient.convertResponse(RestClient.java:384)
	at app//org.opensearch.client.RestClient.performRequest(RestClient.java:354)
	at app//org.opensearch.client.RestClient.performRequest(RestClient.java:329)
	at app//org.opensearch.sql.legacy.SQLIntegTestCase.executeRequest(SQLIntegTestCase.java:327)
	at app//org.opensearch.sql.legacy.SQLIntegTestCase.executeRequest(SQLIntegTestCase.java:322)
	at app//org.opensearch.sql.legacy.SQLIntegTestCase.executeRequest(SQLIntegTestCase.java:310)
	at app//org.opensearch.sql.legacy.SQLIntegTestCase.executeQuery(SQLIntegTestCase.java:293)
	at app//org.opensearch.sql.legacy.QueryIT.greaterThanOrEqualTest(QueryIT.java:343)
	at java.base@17.0.4.1/jdk.internal.reflect.NativeMethodAccessorImpl.invoke0(Native Method)
	at java.base@17.0.4.1/jdk.internal.reflect.NativeMethodAccessorImpl.invoke(NativeMethodAccessorImpl.java:77)
	at java.base@17.0.4.1/jdk.internal.reflect.DelegatingMethodAccessorImpl.invoke(DelegatingMethodAccessorImpl.java:43)
	at java.base@17.0.4.1/java.lang.reflect.Method.invoke(Method.java:568)
	at app//com.carrotsearch.randomizedtesting.RandomizedRunner.invoke(RandomizedRunner.java:1750)
	at app//com.carrotsearch.randomizedtesting.RandomizedRunner$8.evaluate(RandomizedRunner.java:938)
	at app//com.carrotsearch.randomizedtesting.RandomizedRunner$9.evaluate(RandomizedRunner.java:974)
	at app//com.carrotsearch.randomizedtesting.RandomizedRunner$10.evaluate(RandomizedRunner.java:988)
	at app//com.carrotsearch.randomizedtesting.rules.StatementAdapter.evaluate(StatementAdapter.java:36)
	at app//org.junit.rules.RunRules.evaluate(RunRules.java:20)
	at app//org.apache.lucene.tests.util.TestRuleSetupTeardownChained$1.evaluate(TestRuleSetupTeardownChained.java:48)
	at app//org.apache.lucene.tests.util.AbstractBeforeAfterRule$1.evaluate(AbstractBeforeAfterRule.java:43)
	at app//org.apache.lucene.tests.util.TestRuleThreadAndTestName$1.evaluate(TestRuleThreadAndTestName.java:45)
	at app//org.apache.lucene.tests.util.TestRuleIgnoreAfterMaxFailures$1.evaluate(TestRuleIgnoreAfterMaxFailures.java:60)
	at app//org.apache.lucene.tests.util.TestRuleMarkFailure$1.evaluate(TestRuleMarkFailure.java:44)
	at app//org.junit.rules.RunRules.evaluate(RunRules.java:20)
	at app//com.carrotsearch.randomizedtesting.rules.StatementAdapter.evaluate(StatementAdapter.java:36)
	at app//com.carrotsearch.randomizedtesting.ThreadLeakControl$StatementRunner.run(ThreadLeakControl.java:368)
	at app//com.carrotsearch.randomizedtesting.ThreadLeakControl.forkTimeoutingTask(ThreadLeakControl.java:817)
	at app//com.carrotsearch.randomizedtesting.ThreadLeakControl$3.evaluate(ThreadLeakControl.java:468)
	at app//com.carrotsearch.randomizedtesting.RandomizedRunner.runSingleTest(RandomizedRunner.java:947)
	at app//com.carrotsearch.randomizedtesting.RandomizedRunner$5.evaluate(RandomizedRunner.java:832)
	at app//com.carrotsearch.randomizedtesting.RandomizedRunner$6.evaluate(RandomizedRunner.java:883)
	at app//com.carrotsearch.randomizedtesting.RandomizedRunner$7.evaluate(RandomizedRunner.java:894)
	at app//org.apache.lucene.tests.util.AbstractBeforeAfterRule$1.evaluate(AbstractBeforeAfterRule.java:43)
	at app//com.carrotsearch.randomizedtesting.rules.StatementAdapter.evaluate(StatementAdapter.java:36)
	at app//org.apache.lucene.tests.util.TestRuleStoreClassName$1.evaluate(TestRuleStoreClassName.java:38)
	at app//com.carrotsearch.randomizedtesting.rules.NoShadowingOrOverridesOnMethodsRule$1.evaluate(NoShadowingOrOverridesOnMethodsRule.java:40)
	at app//com.carrotsearch.randomizedtesting.rules.NoShadowingOrOverridesOnMethodsRule$1.evaluate(NoShadowingOrOverridesOnMethodsRule.java:40)
	at app//com.carrotsearch.randomizedtesting.rules.StatementAdapter.evaluate(StatementAdapter.java:36)
	at app//com.carrotsearch.randomizedtesting.rules.StatementAdapter.evaluate(StatementAdapter.java:36)
	at app//org.apache.lucene.tests.util.TestRuleAssertionsRequired$1.evaluate(TestRuleAssertionsRequired.java:53)
	at app//org.apache.lucene.tests.util.AbstractBeforeAfterRule$1.evaluate(AbstractBeforeAfterRule.java:43)
	at app//org.apache.lucene.tests.util.TestRuleMarkFailure$1.evaluate(TestRuleMarkFailure.java:44)
	at app//org.apache.lucene.tests.util.TestRuleIgnoreAfterMaxFailures$1.evaluate(TestRuleIgnoreAfterMaxFailures.java:60)
	at app//org.apache.lucene.tests.util.TestRuleIgnoreTestSuites$1.evaluate(TestRuleIgnoreTestSuites.java:47)
	at app//org.junit.rules.RunRules.evaluate(RunRules.java:20)
	at app//com.carrotsearch.randomizedtesting.rules.StatementAdapter.evaluate(StatementAdapter.java:36)
	at app//com.carrotsearch.randomizedtesting.ThreadLeakControl$StatementRunner.run(ThreadLeakControl.java:368)
	at java.base@17.0.4.1/java.lang.Thread.run(Thread.java:833)
</failure>
  </testcase>
  <testcase name="lessThanTest" classname="org.opensearch.sql.legacy.QueryIT" time="0.037">
    <failure message="org.opensearch.client.ResponseException: method [POST], host [http://[::1]:49775], URI [/_plugins/_sql?format=json], status line [HTTP/1.1 400 Bad Request]&#10;{&#10;  &quot;error&quot;: {&#10;    &quot;reason&quot;: &quot;Invalid SQL query&quot;,&#10;    &quot;details&quot;: &quot;Query is unsupported in the new engine&quot;,&#10;    &quot;type&quot;: &quot;SQLFeatureDisabledException&quot;&#10;  },&#10;  &quot;status&quot;: 400&#10;}" type="org.opensearch.client.ResponseException">org.opensearch.client.ResponseException: method [POST], host [http://[::1]:49775], URI [/_plugins/_sql?format=json], status line [HTTP/1.1 400 Bad Request]
{
  &quot;error&quot;: {
    &quot;reason&quot;: &quot;Invalid SQL query&quot;,
    &quot;details&quot;: &quot;Query is unsupported in the new engine&quot;,
    &quot;type&quot;: &quot;SQLFeatureDisabledException&quot;
  },
  &quot;status&quot;: 400
}
	at __randomizedtesting.SeedInfo.seed([B058E8962C1F801C:F6BD90694A37EC2A]:0)
	at app//org.opensearch.client.RestClient.convertResponse(RestClient.java:384)
	at app//org.opensearch.client.RestClient.performRequest(RestClient.java:354)
	at app//org.opensearch.client.RestClient.performRequest(RestClient.java:329)
	at app//org.opensearch.sql.legacy.SQLIntegTestCase.executeRequest(SQLIntegTestCase.java:327)
	at app//org.opensearch.sql.legacy.SQLIntegTestCase.executeRequest(SQLIntegTestCase.java:322)
	at app//org.opensearch.sql.legacy.SQLIntegTestCase.executeRequest(SQLIntegTestCase.java:310)
	at app//org.opensearch.sql.legacy.SQLIntegTestCase.executeQuery(SQLIntegTestCase.java:293)
	at app//org.opensearch.sql.legacy.QueryIT.lessThanTest(QueryIT.java:369)
	at java.base@17.0.4.1/jdk.internal.reflect.NativeMethodAccessorImpl.invoke0(Native Method)
	at java.base@17.0.4.1/jdk.internal.reflect.NativeMethodAccessorImpl.invoke(NativeMethodAccessorImpl.java:77)
	at java.base@17.0.4.1/jdk.internal.reflect.DelegatingMethodAccessorImpl.invoke(DelegatingMethodAccessorImpl.java:43)
	at java.base@17.0.4.1/java.lang.reflect.Method.invoke(Method.java:568)
	at app//com.carrotsearch.randomizedtesting.RandomizedRunner.invoke(RandomizedRunner.java:1750)
	at app//com.carrotsearch.randomizedtesting.RandomizedRunner$8.evaluate(RandomizedRunner.java:938)
	at app//com.carrotsearch.randomizedtesting.RandomizedRunner$9.evaluate(RandomizedRunner.java:974)
	at app//com.carrotsearch.randomizedtesting.RandomizedRunner$10.evaluate(RandomizedRunner.java:988)
	at app//com.carrotsearch.randomizedtesting.rules.StatementAdapter.evaluate(StatementAdapter.java:36)
	at app//org.junit.rules.RunRules.evaluate(RunRules.java:20)
	at app//org.apache.lucene.tests.util.TestRuleSetupTeardownChained$1.evaluate(TestRuleSetupTeardownChained.java:48)
	at app//org.apache.lucene.tests.util.AbstractBeforeAfterRule$1.evaluate(AbstractBeforeAfterRule.java:43)
	at app//org.apache.lucene.tests.util.TestRuleThreadAndTestName$1.evaluate(TestRuleThreadAndTestName.java:45)
	at app//org.apache.lucene.tests.util.TestRuleIgnoreAfterMaxFailures$1.evaluate(TestRuleIgnoreAfterMaxFailures.java:60)
	at app//org.apache.lucene.tests.util.TestRuleMarkFailure$1.evaluate(TestRuleMarkFailure.java:44)
	at app//org.junit.rules.RunRules.evaluate(RunRules.java:20)
	at app//com.carrotsearch.randomizedtesting.rules.StatementAdapter.evaluate(StatementAdapter.java:36)
	at app//com.carrotsearch.randomizedtesting.ThreadLeakControl$StatementRunner.run(ThreadLeakControl.java:368)
	at app//com.carrotsearch.randomizedtesting.ThreadLeakControl.forkTimeoutingTask(ThreadLeakControl.java:817)
	at app//com.carrotsearch.randomizedtesting.ThreadLeakControl$3.evaluate(ThreadLeakControl.java:468)
	at app//com.carrotsearch.randomizedtesting.RandomizedRunner.runSingleTest(RandomizedRunner.java:947)
	at app//com.carrotsearch.randomizedtesting.RandomizedRunner$5.evaluate(RandomizedRunner.java:832)
	at app//com.carrotsearch.randomizedtesting.RandomizedRunner$6.evaluate(RandomizedRunner.java:883)
	at app//com.carrotsearch.randomizedtesting.RandomizedRunner$7.evaluate(RandomizedRunner.java:894)
	at app//org.apache.lucene.tests.util.AbstractBeforeAfterRule$1.evaluate(AbstractBeforeAfterRule.java:43)
	at app//com.carrotsearch.randomizedtesting.rules.StatementAdapter.evaluate(StatementAdapter.java:36)
	at app//org.apache.lucene.tests.util.TestRuleStoreClassName$1.evaluate(TestRuleStoreClassName.java:38)
	at app//com.carrotsearch.randomizedtesting.rules.NoShadowingOrOverridesOnMethodsRule$1.evaluate(NoShadowingOrOverridesOnMethodsRule.java:40)
	at app//com.carrotsearch.randomizedtesting.rules.NoShadowingOrOverridesOnMethodsRule$1.evaluate(NoShadowingOrOverridesOnMethodsRule.java:40)
	at app//com.carrotsearch.randomizedtesting.rules.StatementAdapter.evaluate(StatementAdapter.java:36)
	at app//com.carrotsearch.randomizedtesting.rules.StatementAdapter.evaluate(StatementAdapter.java:36)
	at app//org.apache.lucene.tests.util.TestRuleAssertionsRequired$1.evaluate(TestRuleAssertionsRequired.java:53)
	at app//org.apache.lucene.tests.util.AbstractBeforeAfterRule$1.evaluate(AbstractBeforeAfterRule.java:43)
	at app//org.apache.lucene.tests.util.TestRuleMarkFailure$1.evaluate(TestRuleMarkFailure.java:44)
	at app//org.apache.lucene.tests.util.TestRuleIgnoreAfterMaxFailures$1.evaluate(TestRuleIgnoreAfterMaxFailures.java:60)
	at app//org.apache.lucene.tests.util.TestRuleIgnoreTestSuites$1.evaluate(TestRuleIgnoreTestSuites.java:47)
	at app//org.junit.rules.RunRules.evaluate(RunRules.java:20)
	at app//com.carrotsearch.randomizedtesting.rules.StatementAdapter.evaluate(StatementAdapter.java:36)
	at app//com.carrotsearch.randomizedtesting.ThreadLeakControl$StatementRunner.run(ThreadLeakControl.java:368)
	at java.base@17.0.4.1/java.lang.Thread.run(Thread.java:833)
</failure>
  </testcase>
  <testcase name="geoDistance" classname="org.opensearch.sql.legacy.QueryIT" time="0.034">
    <failure message="org.opensearch.client.ResponseException: method [POST], host [http://[::1]:49775], URI [/_plugins/_sql?format=json], status line [HTTP/1.1 400 Bad Request]&#10;{&#10;  &quot;error&quot;: {&#10;    &quot;reason&quot;: &quot;Invalid SQL query&quot;,&#10;    &quot;details&quot;: &quot;Query is unsupported in the new engine&quot;,&#10;    &quot;type&quot;: &quot;SQLFeatureDisabledException&quot;&#10;  },&#10;  &quot;status&quot;: 400&#10;}" type="org.opensearch.client.ResponseException">org.opensearch.client.ResponseException: method [POST], host [http://[::1]:49775], URI [/_plugins/_sql?format=json], status line [HTTP/1.1 400 Bad Request]
{
  &quot;error&quot;: {
    &quot;reason&quot;: &quot;Invalid SQL query&quot;,
    &quot;details&quot;: &quot;Query is unsupported in the new engine&quot;,
    &quot;type&quot;: &quot;SQLFeatureDisabledException&quot;
  },
  &quot;status&quot;: 400
}
	at __randomizedtesting.SeedInfo.seed([B058E8962C1F801C:24A293A54E87F848]:0)
	at app//org.opensearch.client.RestClient.convertResponse(RestClient.java:384)
	at app//org.opensearch.client.RestClient.performRequest(RestClient.java:354)
	at app//org.opensearch.client.RestClient.performRequest(RestClient.java:329)
	at app//org.opensearch.sql.legacy.SQLIntegTestCase.executeRequest(SQLIntegTestCase.java:327)
	at app//org.opensearch.sql.legacy.SQLIntegTestCase.executeRequest(SQLIntegTestCase.java:322)
	at app//org.opensearch.sql.legacy.SQLIntegTestCase.executeRequest(SQLIntegTestCase.java:310)
	at app//org.opensearch.sql.legacy.SQLIntegTestCase.executeQuery(SQLIntegTestCase.java:293)
	at app//org.opensearch.sql.legacy.QueryIT.geoDistance(QueryIT.java:1180)
	at java.base@17.0.4.1/jdk.internal.reflect.NativeMethodAccessorImpl.invoke0(Native Method)
	at java.base@17.0.4.1/jdk.internal.reflect.NativeMethodAccessorImpl.invoke(NativeMethodAccessorImpl.java:77)
	at java.base@17.0.4.1/jdk.internal.reflect.DelegatingMethodAccessorImpl.invoke(DelegatingMethodAccessorImpl.java:43)
	at java.base@17.0.4.1/java.lang.reflect.Method.invoke(Method.java:568)
	at app//com.carrotsearch.randomizedtesting.RandomizedRunner.invoke(RandomizedRunner.java:1750)
	at app//com.carrotsearch.randomizedtesting.RandomizedRunner$8.evaluate(RandomizedRunner.java:938)
	at app//com.carrotsearch.randomizedtesting.RandomizedRunner$9.evaluate(RandomizedRunner.java:974)
	at app//com.carrotsearch.randomizedtesting.RandomizedRunner$10.evaluate(RandomizedRunner.java:988)
	at app//com.carrotsearch.randomizedtesting.rules.StatementAdapter.evaluate(StatementAdapter.java:36)
	at app//org.junit.rules.RunRules.evaluate(RunRules.java:20)
	at app//org.apache.lucene.tests.util.TestRuleSetupTeardownChained$1.evaluate(TestRuleSetupTeardownChained.java:48)
	at app//org.apache.lucene.tests.util.AbstractBeforeAfterRule$1.evaluate(AbstractBeforeAfterRule.java:43)
	at app//org.apache.lucene.tests.util.TestRuleThreadAndTestName$1.evaluate(TestRuleThreadAndTestName.java:45)
	at app//org.apache.lucene.tests.util.TestRuleIgnoreAfterMaxFailures$1.evaluate(TestRuleIgnoreAfterMaxFailures.java:60)
	at app//org.apache.lucene.tests.util.TestRuleMarkFailure$1.evaluate(TestRuleMarkFailure.java:44)
	at app//org.junit.rules.RunRules.evaluate(RunRules.java:20)
	at app//com.carrotsearch.randomizedtesting.rules.StatementAdapter.evaluate(StatementAdapter.java:36)
	at app//com.carrotsearch.randomizedtesting.ThreadLeakControl$StatementRunner.run(ThreadLeakControl.java:368)
	at app//com.carrotsearch.randomizedtesting.ThreadLeakControl.forkTimeoutingTask(ThreadLeakControl.java:817)
	at app//com.carrotsearch.randomizedtesting.ThreadLeakControl$3.evaluate(ThreadLeakControl.java:468)
	at app//com.carrotsearch.randomizedtesting.RandomizedRunner.runSingleTest(RandomizedRunner.java:947)
	at app//com.carrotsearch.randomizedtesting.RandomizedRunner$5.evaluate(RandomizedRunner.java:832)
	at app//com.carrotsearch.randomizedtesting.RandomizedRunner$6.evaluate(RandomizedRunner.java:883)
	at app//com.carrotsearch.randomizedtesting.RandomizedRunner$7.evaluate(RandomizedRunner.java:894)
	at app//org.apache.lucene.tests.util.AbstractBeforeAfterRule$1.evaluate(AbstractBeforeAfterRule.java:43)
	at app//com.carrotsearch.randomizedtesting.rules.StatementAdapter.evaluate(StatementAdapter.java:36)
	at app//org.apache.lucene.tests.util.TestRuleStoreClassName$1.evaluate(TestRuleStoreClassName.java:38)
	at app//com.carrotsearch.randomizedtesting.rules.NoShadowingOrOverridesOnMethodsRule$1.evaluate(NoShadowingOrOverridesOnMethodsRule.java:40)
	at app//com.carrotsearch.randomizedtesting.rules.NoShadowingOrOverridesOnMethodsRule$1.evaluate(NoShadowingOrOverridesOnMethodsRule.java:40)
	at app//com.carrotsearch.randomizedtesting.rules.StatementAdapter.evaluate(StatementAdapter.java:36)
	at app//com.carrotsearch.randomizedtesting.rules.StatementAdapter.evaluate(StatementAdapter.java:36)
	at app//org.apache.lucene.tests.util.TestRuleAssertionsRequired$1.evaluate(TestRuleAssertionsRequired.java:53)
	at app//org.apache.lucene.tests.util.AbstractBeforeAfterRule$1.evaluate(AbstractBeforeAfterRule.java:43)
	at app//org.apache.lucene.tests.util.TestRuleMarkFailure$1.evaluate(TestRuleMarkFailure.java:44)
	at app//org.apache.lucene.tests.util.TestRuleIgnoreAfterMaxFailures$1.evaluate(TestRuleIgnoreAfterMaxFailures.java:60)
	at app//org.apache.lucene.tests.util.TestRuleIgnoreTestSuites$1.evaluate(TestRuleIgnoreTestSuites.java:47)
	at app//org.junit.rules.RunRules.evaluate(RunRules.java:20)
	at app//com.carrotsearch.randomizedtesting.rules.StatementAdapter.evaluate(StatementAdapter.java:36)
	at app//com.carrotsearch.randomizedtesting.ThreadLeakControl$StatementRunner.run(ThreadLeakControl.java:368)
	at java.base@17.0.4.1/java.lang.Thread.run(Thread.java:833)
</failure>
  </testcase>
  <testcase name="testWhereWithBoolEqualsFalseAndGroupBy" classname="org.opensearch.sql.legacy.QueryIT" time="0.033">
    <failure message="org.opensearch.client.ResponseException: method [POST], host [http://[::1]:49775], URI [/_plugins/_sql?format=json], status line [HTTP/1.1 400 Bad Request]&#10;{&#10;  &quot;error&quot;: {&#10;    &quot;reason&quot;: &quot;Invalid SQL query&quot;,&#10;    &quot;details&quot;: &quot;Query is unsupported in the new engine&quot;,&#10;    &quot;type&quot;: &quot;SQLFeatureDisabledException&quot;&#10;  },&#10;  &quot;status&quot;: 400&#10;}" type="org.opensearch.client.ResponseException">org.opensearch.client.ResponseException: method [POST], host [http://[::1]:49775], URI [/_plugins/_sql?format=json], status line [HTTP/1.1 400 Bad Request]
{
  &quot;error&quot;: {
    &quot;reason&quot;: &quot;Invalid SQL query&quot;,
    &quot;details&quot;: &quot;Query is unsupported in the new engine&quot;,
    &quot;type&quot;: &quot;SQLFeatureDisabledException&quot;
  },
  &quot;status&quot;: 400
}
	at __randomizedtesting.SeedInfo.seed([B058E8962C1F801C:EE062110BFD67AB0]:0)
	at app//org.opensearch.client.RestClient.convertResponse(RestClient.java:384)
	at app//org.opensearch.client.RestClient.performRequest(RestClient.java:354)
	at app//org.opensearch.client.RestClient.performRequest(RestClient.java:329)
	at app//org.opensearch.sql.legacy.SQLIntegTestCase.executeRequest(SQLIntegTestCase.java:327)
	at app//org.opensearch.sql.legacy.SQLIntegTestCase.executeRequest(SQLIntegTestCase.java:322)
	at app//org.opensearch.sql.legacy.SQLIntegTestCase.executeRequest(SQLIntegTestCase.java:310)
	at app//org.opensearch.sql.legacy.SQLIntegTestCase.executeQuery(SQLIntegTestCase.java:293)
	at app//org.opensearch.sql.legacy.QueryIT.testWhereWithBoolEqualsFalseAndGroupBy(QueryIT.java:1055)
	at java.base@17.0.4.1/jdk.internal.reflect.NativeMethodAccessorImpl.invoke0(Native Method)
	at java.base@17.0.4.1/jdk.internal.reflect.NativeMethodAccessorImpl.invoke(NativeMethodAccessorImpl.java:77)
	at java.base@17.0.4.1/jdk.internal.reflect.DelegatingMethodAccessorImpl.invoke(DelegatingMethodAccessorImpl.java:43)
	at java.base@17.0.4.1/java.lang.reflect.Method.invoke(Method.java:568)
	at app//com.carrotsearch.randomizedtesting.RandomizedRunner.invoke(RandomizedRunner.java:1750)
	at app//com.carrotsearch.randomizedtesting.RandomizedRunner$8.evaluate(RandomizedRunner.java:938)
	at app//com.carrotsearch.randomizedtesting.RandomizedRunner$9.evaluate(RandomizedRunner.java:974)
	at app//com.carrotsearch.randomizedtesting.RandomizedRunner$10.evaluate(RandomizedRunner.java:988)
	at app//com.carrotsearch.randomizedtesting.rules.StatementAdapter.evaluate(StatementAdapter.java:36)
	at app//org.junit.rules.RunRules.evaluate(RunRules.java:20)
	at app//org.apache.lucene.tests.util.TestRuleSetupTeardownChained$1.evaluate(TestRuleSetupTeardownChained.java:48)
	at app//org.apache.lucene.tests.util.AbstractBeforeAfterRule$1.evaluate(AbstractBeforeAfterRule.java:43)
	at app//org.apache.lucene.tests.util.TestRuleThreadAndTestName$1.evaluate(TestRuleThreadAndTestName.java:45)
	at app//org.apache.lucene.tests.util.TestRuleIgnoreAfterMaxFailures$1.evaluate(TestRuleIgnoreAfterMaxFailures.java:60)
	at app//org.apache.lucene.tests.util.TestRuleMarkFailure$1.evaluate(TestRuleMarkFailure.java:44)
	at app//org.junit.rules.RunRules.evaluate(RunRules.java:20)
	at app//com.carrotsearch.randomizedtesting.rules.StatementAdapter.evaluate(StatementAdapter.java:36)
	at app//com.carrotsearch.randomizedtesting.ThreadLeakControl$StatementRunner.run(ThreadLeakControl.java:368)
	at app//com.carrotsearch.randomizedtesting.ThreadLeakControl.forkTimeoutingTask(ThreadLeakControl.java:817)
	at app//com.carrotsearch.randomizedtesting.ThreadLeakControl$3.evaluate(ThreadLeakControl.java:468)
	at app//com.carrotsearch.randomizedtesting.RandomizedRunner.runSingleTest(RandomizedRunner.java:947)
	at app//com.carrotsearch.randomizedtesting.RandomizedRunner$5.evaluate(RandomizedRunner.java:832)
	at app//com.carrotsearch.randomizedtesting.RandomizedRunner$6.evaluate(RandomizedRunner.java:883)
	at app//com.carrotsearch.randomizedtesting.RandomizedRunner$7.evaluate(RandomizedRunner.java:894)
	at app//org.apache.lucene.tests.util.AbstractBeforeAfterRule$1.evaluate(AbstractBeforeAfterRule.java:43)
	at app//com.carrotsearch.randomizedtesting.rules.StatementAdapter.evaluate(StatementAdapter.java:36)
	at app//org.apache.lucene.tests.util.TestRuleStoreClassName$1.evaluate(TestRuleStoreClassName.java:38)
	at app//com.carrotsearch.randomizedtesting.rules.NoShadowingOrOverridesOnMethodsRule$1.evaluate(NoShadowingOrOverridesOnMethodsRule.java:40)
	at app//com.carrotsearch.randomizedtesting.rules.NoShadowingOrOverridesOnMethodsRule$1.evaluate(NoShadowingOrOverridesOnMethodsRule.java:40)
	at app//com.carrotsearch.randomizedtesting.rules.StatementAdapter.evaluate(StatementAdapter.java:36)
	at app//com.carrotsearch.randomizedtesting.rules.StatementAdapter.evaluate(StatementAdapter.java:36)
	at app//org.apache.lucene.tests.util.TestRuleAssertionsRequired$1.evaluate(TestRuleAssertionsRequired.java:53)
	at app//org.apache.lucene.tests.util.AbstractBeforeAfterRule$1.evaluate(AbstractBeforeAfterRule.java:43)
	at app//org.apache.lucene.tests.util.TestRuleMarkFailure$1.evaluate(TestRuleMarkFailure.java:44)
	at app//org.apache.lucene.tests.util.TestRuleIgnoreAfterMaxFailures$1.evaluate(TestRuleIgnoreAfterMaxFailures.java:60)
	at app//org.apache.lucene.tests.util.TestRuleIgnoreTestSuites$1.evaluate(TestRuleIgnoreTestSuites.java:47)
	at app//org.junit.rules.RunRules.evaluate(RunRules.java:20)
	at app//com.carrotsearch.randomizedtesting.rules.StatementAdapter.evaluate(StatementAdapter.java:36)
	at app//com.carrotsearch.randomizedtesting.ThreadLeakControl$StatementRunner.run(ThreadLeakControl.java:368)
	at java.base@17.0.4.1/java.lang.Thread.run(Thread.java:833)
</failure>
  </testcase>
  <testcase name="highlightPreTagsAndPostTags" classname="org.opensearch.sql.legacy.QueryIT" time="0.037">
    <failure message="org.opensearch.client.ResponseException: method [POST], host [http://[::1]:49775], URI [/_plugins/_sql?format=json], status line [HTTP/1.1 400 Bad Request]&#10;{&#10;  &quot;error&quot;: {&#10;    &quot;reason&quot;: &quot;Invalid SQL query&quot;,&#10;    &quot;details&quot;: &quot;Query is unsupported in the new engine&quot;,&#10;    &quot;type&quot;: &quot;SQLFeatureDisabledException&quot;&#10;  },&#10;  &quot;status&quot;: 400&#10;}" type="org.opensearch.client.ResponseException">org.opensearch.client.ResponseException: method [POST], host [http://[::1]:49775], URI [/_plugins/_sql?format=json], status line [HTTP/1.1 400 Bad Request]
{
  &quot;error&quot;: {
    &quot;reason&quot;: &quot;Invalid SQL query&quot;,
    &quot;details&quot;: &quot;Query is unsupported in the new engine&quot;,
    &quot;type&quot;: &quot;SQLFeatureDisabledException&quot;
  },
  &quot;status&quot;: 400
}
	at __randomizedtesting.SeedInfo.seed([B058E8962C1F801C:78FD03BF6A8FF4C]:0)
	at app//org.opensearch.client.RestClient.convertResponse(RestClient.java:384)
	at app//org.opensearch.client.RestClient.performRequest(RestClient.java:354)
	at app//org.opensearch.client.RestClient.performRequest(RestClient.java:329)
	at app//org.opensearch.sql.legacy.SQLIntegTestCase.executeRequest(SQLIntegTestCase.java:327)
	at app//org.opensearch.sql.legacy.SQLIntegTestCase.executeRequest(SQLIntegTestCase.java:322)
	at app//org.opensearch.sql.legacy.SQLIntegTestCase.executeRequest(SQLIntegTestCase.java:310)
	at app//org.opensearch.sql.legacy.SQLIntegTestCase.executeQuery(SQLIntegTestCase.java:293)
	at app//org.opensearch.sql.legacy.QueryIT.highlightPreTagsAndPostTags(QueryIT.java:1623)
	at java.base@17.0.4.1/jdk.internal.reflect.NativeMethodAccessorImpl.invoke0(Native Method)
	at java.base@17.0.4.1/jdk.internal.reflect.NativeMethodAccessorImpl.invoke(NativeMethodAccessorImpl.java:77)
	at java.base@17.0.4.1/jdk.internal.reflect.DelegatingMethodAccessorImpl.invoke(DelegatingMethodAccessorImpl.java:43)
	at java.base@17.0.4.1/java.lang.reflect.Method.invoke(Method.java:568)
	at app//com.carrotsearch.randomizedtesting.RandomizedRunner.invoke(RandomizedRunner.java:1750)
	at app//com.carrotsearch.randomizedtesting.RandomizedRunner$8.evaluate(RandomizedRunner.java:938)
	at app//com.carrotsearch.randomizedtesting.RandomizedRunner$9.evaluate(RandomizedRunner.java:974)
	at app//com.carrotsearch.randomizedtesting.RandomizedRunner$10.evaluate(RandomizedRunner.java:988)
	at app//com.carrotsearch.randomizedtesting.rules.StatementAdapter.evaluate(StatementAdapter.java:36)
	at app//org.junit.rules.RunRules.evaluate(RunRules.java:20)
	at app//org.apache.lucene.tests.util.TestRuleSetupTeardownChained$1.evaluate(TestRuleSetupTeardownChained.java:48)
	at app//org.apache.lucene.tests.util.AbstractBeforeAfterRule$1.evaluate(AbstractBeforeAfterRule.java:43)
	at app//org.apache.lucene.tests.util.TestRuleThreadAndTestName$1.evaluate(TestRuleThreadAndTestName.java:45)
	at app//org.apache.lucene.tests.util.TestRuleIgnoreAfterMaxFailures$1.evaluate(TestRuleIgnoreAfterMaxFailures.java:60)
	at app//org.apache.lucene.tests.util.TestRuleMarkFailure$1.evaluate(TestRuleMarkFailure.java:44)
	at app//org.junit.rules.RunRules.evaluate(RunRules.java:20)
	at app//com.carrotsearch.randomizedtesting.rules.StatementAdapter.evaluate(StatementAdapter.java:36)
	at app//com.carrotsearch.randomizedtesting.ThreadLeakControl$StatementRunner.run(ThreadLeakControl.java:368)
	at app//com.carrotsearch.randomizedtesting.ThreadLeakControl.forkTimeoutingTask(ThreadLeakControl.java:817)
	at app//com.carrotsearch.randomizedtesting.ThreadLeakControl$3.evaluate(ThreadLeakControl.java:468)
	at app//com.carrotsearch.randomizedtesting.RandomizedRunner.runSingleTest(RandomizedRunner.java:947)
	at app//com.carrotsearch.randomizedtesting.RandomizedRunner$5.evaluate(RandomizedRunner.java:832)
	at app//com.carrotsearch.randomizedtesting.RandomizedRunner$6.evaluate(RandomizedRunner.java:883)
	at app//com.carrotsearch.randomizedtesting.RandomizedRunner$7.evaluate(RandomizedRunner.java:894)
	at app//org.apache.lucene.tests.util.AbstractBeforeAfterRule$1.evaluate(AbstractBeforeAfterRule.java:43)
	at app//com.carrotsearch.randomizedtesting.rules.StatementAdapter.evaluate(StatementAdapter.java:36)
	at app//org.apache.lucene.tests.util.TestRuleStoreClassName$1.evaluate(TestRuleStoreClassName.java:38)
	at app//com.carrotsearch.randomizedtesting.rules.NoShadowingOrOverridesOnMethodsRule$1.evaluate(NoShadowingOrOverridesOnMethodsRule.java:40)
	at app//com.carrotsearch.randomizedtesting.rules.NoShadowingOrOverridesOnMethodsRule$1.evaluate(NoShadowingOrOverridesOnMethodsRule.java:40)
	at app//com.carrotsearch.randomizedtesting.rules.StatementAdapter.evaluate(StatementAdapter.java:36)
	at app//com.carrotsearch.randomizedtesting.rules.StatementAdapter.evaluate(StatementAdapter.java:36)
	at app//org.apache.lucene.tests.util.TestRuleAssertionsRequired$1.evaluate(TestRuleAssertionsRequired.java:53)
	at app//org.apache.lucene.tests.util.AbstractBeforeAfterRule$1.evaluate(AbstractBeforeAfterRule.java:43)
	at app//org.apache.lucene.tests.util.TestRuleMarkFailure$1.evaluate(TestRuleMarkFailure.java:44)
	at app//org.apache.lucene.tests.util.TestRuleIgnoreAfterMaxFailures$1.evaluate(TestRuleIgnoreAfterMaxFailures.java:60)
	at app//org.apache.lucene.tests.util.TestRuleIgnoreTestSuites$1.evaluate(TestRuleIgnoreTestSuites.java:47)
	at app//org.junit.rules.RunRules.evaluate(RunRules.java:20)
	at app//com.carrotsearch.randomizedtesting.rules.StatementAdapter.evaluate(StatementAdapter.java:36)
	at app//com.carrotsearch.randomizedtesting.ThreadLeakControl$StatementRunner.run(ThreadLeakControl.java:368)
	at java.base@17.0.4.1/java.lang.Thread.run(Thread.java:833)
</failure>
  </testcase>
  <testcase name="inTermsSubQueryTest" classname="org.opensearch.sql.legacy.QueryIT" time="0.0">
    <skipped/>
  </testcase>
  <testcase name="testWhereWithBoolIsTrue" classname="org.opensearch.sql.legacy.QueryIT" time="0.037">
    <failure message="org.opensearch.client.ResponseException: method [POST], host [http://[::1]:49775], URI [/_plugins/_sql?format=json], status line [HTTP/1.1 400 Bad Request]&#10;{&#10;  &quot;error&quot;: {&#10;    &quot;reason&quot;: &quot;Invalid SQL query&quot;,&#10;    &quot;details&quot;: &quot;Query is unsupported in the new engine&quot;,&#10;    &quot;type&quot;: &quot;SQLFeatureDisabledException&quot;&#10;  },&#10;  &quot;status&quot;: 400&#10;}" type="org.opensearch.client.ResponseException">org.opensearch.client.ResponseException: method [POST], host [http://[::1]:49775], URI [/_plugins/_sql?format=json], status line [HTTP/1.1 400 Bad Request]
{
  &quot;error&quot;: {
    &quot;reason&quot;: &quot;Invalid SQL query&quot;,
    &quot;details&quot;: &quot;Query is unsupported in the new engine&quot;,
    &quot;type&quot;: &quot;SQLFeatureDisabledException&quot;
  },
  &quot;status&quot;: 400
}
	at __randomizedtesting.SeedInfo.seed([B058E8962C1F801C:6AA6BBCDA803CDA6]:0)
	at app//org.opensearch.client.RestClient.convertResponse(RestClient.java:384)
	at app//org.opensearch.client.RestClient.performRequest(RestClient.java:354)
	at app//org.opensearch.client.RestClient.performRequest(RestClient.java:329)
	at app//org.opensearch.sql.legacy.SQLIntegTestCase.executeRequest(SQLIntegTestCase.java:327)
	at app//org.opensearch.sql.legacy.SQLIntegTestCase.executeRequest(SQLIntegTestCase.java:322)
	at app//org.opensearch.sql.legacy.SQLIntegTestCase.executeRequest(SQLIntegTestCase.java:310)
	at app//org.opensearch.sql.legacy.SQLIntegTestCase.executeQuery(SQLIntegTestCase.java:293)
	at app//org.opensearch.sql.legacy.QueryIT.testWhereWithBoolIsTrue(QueryIT.java:1011)
	at java.base@17.0.4.1/jdk.internal.reflect.NativeMethodAccessorImpl.invoke0(Native Method)
	at java.base@17.0.4.1/jdk.internal.reflect.NativeMethodAccessorImpl.invoke(NativeMethodAccessorImpl.java:77)
	at java.base@17.0.4.1/jdk.internal.reflect.DelegatingMethodAccessorImpl.invoke(DelegatingMethodAccessorImpl.java:43)
	at java.base@17.0.4.1/java.lang.reflect.Method.invoke(Method.java:568)
	at app//com.carrotsearch.randomizedtesting.RandomizedRunner.invoke(RandomizedRunner.java:1750)
	at app//com.carrotsearch.randomizedtesting.RandomizedRunner$8.evaluate(RandomizedRunner.java:938)
	at app//com.carrotsearch.randomizedtesting.RandomizedRunner$9.evaluate(RandomizedRunner.java:974)
	at app//com.carrotsearch.randomizedtesting.RandomizedRunner$10.evaluate(RandomizedRunner.java:988)
	at app//com.carrotsearch.randomizedtesting.rules.StatementAdapter.evaluate(StatementAdapter.java:36)
	at app//org.junit.rules.RunRules.evaluate(RunRules.java:20)
	at app//org.apache.lucene.tests.util.TestRuleSetupTeardownChained$1.evaluate(TestRuleSetupTeardownChained.java:48)
	at app//org.apache.lucene.tests.util.AbstractBeforeAfterRule$1.evaluate(AbstractBeforeAfterRule.java:43)
	at app//org.apache.lucene.tests.util.TestRuleThreadAndTestName$1.evaluate(TestRuleThreadAndTestName.java:45)
	at app//org.apache.lucene.tests.util.TestRuleIgnoreAfterMaxFailures$1.evaluate(TestRuleIgnoreAfterMaxFailures.java:60)
	at app//org.apache.lucene.tests.util.TestRuleMarkFailure$1.evaluate(TestRuleMarkFailure.java:44)
	at app//org.junit.rules.RunRules.evaluate(RunRules.java:20)
	at app//com.carrotsearch.randomizedtesting.rules.StatementAdapter.evaluate(StatementAdapter.java:36)
	at app//com.carrotsearch.randomizedtesting.ThreadLeakControl$StatementRunner.run(ThreadLeakControl.java:368)
	at app//com.carrotsearch.randomizedtesting.ThreadLeakControl.forkTimeoutingTask(ThreadLeakControl.java:817)
	at app//com.carrotsearch.randomizedtesting.ThreadLeakControl$3.evaluate(ThreadLeakControl.java:468)
	at app//com.carrotsearch.randomizedtesting.RandomizedRunner.runSingleTest(RandomizedRunner.java:947)
	at app//com.carrotsearch.randomizedtesting.RandomizedRunner$5.evaluate(RandomizedRunner.java:832)
	at app//com.carrotsearch.randomizedtesting.RandomizedRunner$6.evaluate(RandomizedRunner.java:883)
	at app//com.carrotsearch.randomizedtesting.RandomizedRunner$7.evaluate(RandomizedRunner.java:894)
	at app//org.apache.lucene.tests.util.AbstractBeforeAfterRule$1.evaluate(AbstractBeforeAfterRule.java:43)
	at app//com.carrotsearch.randomizedtesting.rules.StatementAdapter.evaluate(StatementAdapter.java:36)
	at app//org.apache.lucene.tests.util.TestRuleStoreClassName$1.evaluate(TestRuleStoreClassName.java:38)
	at app//com.carrotsearch.randomizedtesting.rules.NoShadowingOrOverridesOnMethodsRule$1.evaluate(NoShadowingOrOverridesOnMethodsRule.java:40)
	at app//com.carrotsearch.randomizedtesting.rules.NoShadowingOrOverridesOnMethodsRule$1.evaluate(NoShadowingOrOverridesOnMethodsRule.java:40)
	at app//com.carrotsearch.randomizedtesting.rules.StatementAdapter.evaluate(StatementAdapter.java:36)
	at app//com.carrotsearch.randomizedtesting.rules.StatementAdapter.evaluate(StatementAdapter.java:36)
	at app//org.apache.lucene.tests.util.TestRuleAssertionsRequired$1.evaluate(TestRuleAssertionsRequired.java:53)
	at app//org.apache.lucene.tests.util.AbstractBeforeAfterRule$1.evaluate(AbstractBeforeAfterRule.java:43)
	at app//org.apache.lucene.tests.util.TestRuleMarkFailure$1.evaluate(TestRuleMarkFailure.java:44)
	at app//org.apache.lucene.tests.util.TestRuleIgnoreAfterMaxFailures$1.evaluate(TestRuleIgnoreAfterMaxFailures.java:60)
	at app//org.apache.lucene.tests.util.TestRuleIgnoreTestSuites$1.evaluate(TestRuleIgnoreTestSuites.java:47)
	at app//org.junit.rules.RunRules.evaluate(RunRules.java:20)
	at app//com.carrotsearch.randomizedtesting.rules.StatementAdapter.evaluate(StatementAdapter.java:36)
	at app//com.carrotsearch.randomizedtesting.ThreadLeakControl$StatementRunner.run(ThreadLeakControl.java:368)
	at java.base@17.0.4.1/java.lang.Thread.run(Thread.java:833)
</failure>
  </testcase>
  <testcase name="selectFieldWithAliasAndGroupBy" classname="org.opensearch.sql.legacy.QueryIT" time="0.076"/>
  <testcase name="selectFieldWithSpace" classname="org.opensearch.sql.legacy.QueryIT" time="0.039">
    <failure message="org.opensearch.client.ResponseException: method [POST], host [http://[::1]:49775], URI [/_plugins/_sql?format=json], status line [HTTP/1.1 400 Bad Request]&#10;{&#10;  &quot;error&quot;: {&#10;    &quot;reason&quot;: &quot;Invalid SQL query&quot;,&#10;    &quot;details&quot;: &quot;Query is unsupported in the new engine&quot;,&#10;    &quot;type&quot;: &quot;SQLFeatureDisabledException&quot;&#10;  },&#10;  &quot;status&quot;: 400&#10;}" type="org.opensearch.client.ResponseException">org.opensearch.client.ResponseException: method [POST], host [http://[::1]:49775], URI [/_plugins/_sql?format=json], status line [HTTP/1.1 400 Bad Request]
{
  &quot;error&quot;: {
    &quot;reason&quot;: &quot;Invalid SQL query&quot;,
    &quot;details&quot;: &quot;Query is unsupported in the new engine&quot;,
    &quot;type&quot;: &quot;SQLFeatureDisabledException&quot;
  },
  &quot;status&quot;: 400
}
	at __randomizedtesting.SeedInfo.seed([B058E8962C1F801C:F6C5D4F378457A9A]:0)
	at app//org.opensearch.client.RestClient.convertResponse(RestClient.java:384)
	at app//org.opensearch.client.RestClient.performRequest(RestClient.java:354)
	at app//org.opensearch.client.RestClient.performRequest(RestClient.java:329)
	at app//org.opensearch.sql.legacy.SQLIntegTestCase.executeRequest(SQLIntegTestCase.java:327)
	at app//org.opensearch.sql.legacy.SQLIntegTestCase.executeRequest(SQLIntegTestCase.java:322)
	at app//org.opensearch.sql.legacy.SQLIntegTestCase.executeRequest(SQLIntegTestCase.java:310)
	at app//org.opensearch.sql.legacy.SQLIntegTestCase.executeQuery(SQLIntegTestCase.java:293)
	at app//org.opensearch.sql.legacy.QueryIT.selectFieldWithSpace(QueryIT.java:243)
	at java.base@17.0.4.1/jdk.internal.reflect.NativeMethodAccessorImpl.invoke0(Native Method)
	at java.base@17.0.4.1/jdk.internal.reflect.NativeMethodAccessorImpl.invoke(NativeMethodAccessorImpl.java:77)
	at java.base@17.0.4.1/jdk.internal.reflect.DelegatingMethodAccessorImpl.invoke(DelegatingMethodAccessorImpl.java:43)
	at java.base@17.0.4.1/java.lang.reflect.Method.invoke(Method.java:568)
	at app//com.carrotsearch.randomizedtesting.RandomizedRunner.invoke(RandomizedRunner.java:1750)
	at app//com.carrotsearch.randomizedtesting.RandomizedRunner$8.evaluate(RandomizedRunner.java:938)
	at app//com.carrotsearch.randomizedtesting.RandomizedRunner$9.evaluate(RandomizedRunner.java:974)
	at app//com.carrotsearch.randomizedtesting.RandomizedRunner$10.evaluate(RandomizedRunner.java:988)
	at app//com.carrotsearch.randomizedtesting.rules.StatementAdapter.evaluate(StatementAdapter.java:36)
	at app//org.junit.rules.RunRules.evaluate(RunRules.java:20)
	at app//org.apache.lucene.tests.util.TestRuleSetupTeardownChained$1.evaluate(TestRuleSetupTeardownChained.java:48)
	at app//org.apache.lucene.tests.util.AbstractBeforeAfterRule$1.evaluate(AbstractBeforeAfterRule.java:43)
	at app//org.apache.lucene.tests.util.TestRuleThreadAndTestName$1.evaluate(TestRuleThreadAndTestName.java:45)
	at app//org.apache.lucene.tests.util.TestRuleIgnoreAfterMaxFailures$1.evaluate(TestRuleIgnoreAfterMaxFailures.java:60)
	at app//org.apache.lucene.tests.util.TestRuleMarkFailure$1.evaluate(TestRuleMarkFailure.java:44)
	at app//org.junit.rules.RunRules.evaluate(RunRules.java:20)
	at app//com.carrotsearch.randomizedtesting.rules.StatementAdapter.evaluate(StatementAdapter.java:36)
	at app//com.carrotsearch.randomizedtesting.ThreadLeakControl$StatementRunner.run(ThreadLeakControl.java:368)
	at app//com.carrotsearch.randomizedtesting.ThreadLeakControl.forkTimeoutingTask(ThreadLeakControl.java:817)
	at app//com.carrotsearch.randomizedtesting.ThreadLeakControl$3.evaluate(ThreadLeakControl.java:468)
	at app//com.carrotsearch.randomizedtesting.RandomizedRunner.runSingleTest(RandomizedRunner.java:947)
	at app//com.carrotsearch.randomizedtesting.RandomizedRunner$5.evaluate(RandomizedRunner.java:832)
	at app//com.carrotsearch.randomizedtesting.RandomizedRunner$6.evaluate(RandomizedRunner.java:883)
	at app//com.carrotsearch.randomizedtesting.RandomizedRunner$7.evaluate(RandomizedRunner.java:894)
	at app//org.apache.lucene.tests.util.AbstractBeforeAfterRule$1.evaluate(AbstractBeforeAfterRule.java:43)
	at app//com.carrotsearch.randomizedtesting.rules.StatementAdapter.evaluate(StatementAdapter.java:36)
	at app//org.apache.lucene.tests.util.TestRuleStoreClassName$1.evaluate(TestRuleStoreClassName.java:38)
	at app//com.carrotsearch.randomizedtesting.rules.NoShadowingOrOverridesOnMethodsRule$1.evaluate(NoShadowingOrOverridesOnMethodsRule.java:40)
	at app//com.carrotsearch.randomizedtesting.rules.NoShadowingOrOverridesOnMethodsRule$1.evaluate(NoShadowingOrOverridesOnMethodsRule.java:40)
	at app//com.carrotsearch.randomizedtesting.rules.StatementAdapter.evaluate(StatementAdapter.java:36)
	at app//com.carrotsearch.randomizedtesting.rules.StatementAdapter.evaluate(StatementAdapter.java:36)
	at app//org.apache.lucene.tests.util.TestRuleAssertionsRequired$1.evaluate(TestRuleAssertionsRequired.java:53)
	at app//org.apache.lucene.tests.util.AbstractBeforeAfterRule$1.evaluate(AbstractBeforeAfterRule.java:43)
	at app//org.apache.lucene.tests.util.TestRuleMarkFailure$1.evaluate(TestRuleMarkFailure.java:44)
	at app//org.apache.lucene.tests.util.TestRuleIgnoreAfterMaxFailures$1.evaluate(TestRuleIgnoreAfterMaxFailures.java:60)
	at app//org.apache.lucene.tests.util.TestRuleIgnoreTestSuites$1.evaluate(TestRuleIgnoreTestSuites.java:47)
	at app//org.junit.rules.RunRules.evaluate(RunRules.java:20)
	at app//com.carrotsearch.randomizedtesting.rules.StatementAdapter.evaluate(StatementAdapter.java:36)
	at app//com.carrotsearch.randomizedtesting.ThreadLeakControl$StatementRunner.run(ThreadLeakControl.java:368)
	at java.base@17.0.4.1/java.lang.Thread.run(Thread.java:833)
</failure>
  </testcase>
  <testcase name="multipleIndicesOneNotExistWithoutHint" classname="org.opensearch.sql.legacy.QueryIT" time="0.038">
    <failure message="java.lang.AssertionError: &#10;Expected: a string containing &quot;\&quot;type\&quot;: \&quot;IndexNotFoundException\&quot;&quot;&#10;     but: was &quot;{  &quot;error&quot;: {    &quot;reason&quot;: &quot;Invalid SQL query&quot;,    &quot;details&quot;: &quot;Query is unsupported in the new engine&quot;,    &quot;type&quot;: &quot;SQLFeatureDisabledException&quot;  },  &quot;status&quot;: 400}&quot;" type="java.lang.AssertionError">java.lang.AssertionError: 
Expected: a string containing &quot;\&quot;type\&quot;: \&quot;IndexNotFoundException\&quot;&quot;
     but: was &quot;{  &quot;error&quot;: {    &quot;reason&quot;: &quot;Invalid SQL query&quot;,    &quot;details&quot;: &quot;Query is unsupported in the new engine&quot;,    &quot;type&quot;: &quot;SQLFeatureDisabledException&quot;  },  &quot;status&quot;: 400}&quot;
	at __randomizedtesting.SeedInfo.seed([B058E8962C1F801C:2C454E631EFDBEE]:0)
	at org.hamcrest.MatcherAssert.assertThat(MatcherAssert.java:18)
	at org.junit.Assert.assertThat(Assert.java:964)
	at org.junit.Assert.assertThat(Assert.java:930)
	at org.opensearch.sql.legacy.QueryIT.multipleIndicesOneNotExistWithoutHint(QueryIT.java:1579)
	at java.base/jdk.internal.reflect.NativeMethodAccessorImpl.invoke0(Native Method)
	at java.base/jdk.internal.reflect.NativeMethodAccessorImpl.invoke(NativeMethodAccessorImpl.java:77)
	at java.base/jdk.internal.reflect.DelegatingMethodAccessorImpl.invoke(DelegatingMethodAccessorImpl.java:43)
	at java.base/java.lang.reflect.Method.invoke(Method.java:568)
	at com.carrotsearch.randomizedtesting.RandomizedRunner.invoke(RandomizedRunner.java:1750)
	at com.carrotsearch.randomizedtesting.RandomizedRunner$8.evaluate(RandomizedRunner.java:938)
	at com.carrotsearch.randomizedtesting.RandomizedRunner$9.evaluate(RandomizedRunner.java:974)
	at com.carrotsearch.randomizedtesting.RandomizedRunner$10.evaluate(RandomizedRunner.java:988)
	at com.carrotsearch.randomizedtesting.rules.StatementAdapter.evaluate(StatementAdapter.java:36)
	at org.junit.rules.RunRules.evaluate(RunRules.java:20)
	at org.apache.lucene.tests.util.TestRuleSetupTeardownChained$1.evaluate(TestRuleSetupTeardownChained.java:48)
	at org.apache.lucene.tests.util.AbstractBeforeAfterRule$1.evaluate(AbstractBeforeAfterRule.java:43)
	at org.apache.lucene.tests.util.TestRuleThreadAndTestName$1.evaluate(TestRuleThreadAndTestName.java:45)
	at org.apache.lucene.tests.util.TestRuleIgnoreAfterMaxFailures$1.evaluate(TestRuleIgnoreAfterMaxFailures.java:60)
	at org.apache.lucene.tests.util.TestRuleMarkFailure$1.evaluate(TestRuleMarkFailure.java:44)
	at org.junit.rules.RunRules.evaluate(RunRules.java:20)
	at com.carrotsearch.randomizedtesting.rules.StatementAdapter.evaluate(StatementAdapter.java:36)
	at com.carrotsearch.randomizedtesting.ThreadLeakControl$StatementRunner.run(ThreadLeakControl.java:368)
	at com.carrotsearch.randomizedtesting.ThreadLeakControl.forkTimeoutingTask(ThreadLeakControl.java:817)
	at com.carrotsearch.randomizedtesting.ThreadLeakControl$3.evaluate(ThreadLeakControl.java:468)
	at com.carrotsearch.randomizedtesting.RandomizedRunner.runSingleTest(RandomizedRunner.java:947)
	at com.carrotsearch.randomizedtesting.RandomizedRunner$5.evaluate(RandomizedRunner.java:832)
	at com.carrotsearch.randomizedtesting.RandomizedRunner$6.evaluate(RandomizedRunner.java:883)
	at com.carrotsearch.randomizedtesting.RandomizedRunner$7.evaluate(RandomizedRunner.java:894)
	at org.apache.lucene.tests.util.AbstractBeforeAfterRule$1.evaluate(AbstractBeforeAfterRule.java:43)
	at com.carrotsearch.randomizedtesting.rules.StatementAdapter.evaluate(StatementAdapter.java:36)
	at org.apache.lucene.tests.util.TestRuleStoreClassName$1.evaluate(TestRuleStoreClassName.java:38)
	at com.carrotsearch.randomizedtesting.rules.NoShadowingOrOverridesOnMethodsRule$1.evaluate(NoShadowingOrOverridesOnMethodsRule.java:40)
	at com.carrotsearch.randomizedtesting.rules.NoShadowingOrOverridesOnMethodsRule$1.evaluate(NoShadowingOrOverridesOnMethodsRule.java:40)
	at com.carrotsearch.randomizedtesting.rules.StatementAdapter.evaluate(StatementAdapter.java:36)
	at com.carrotsearch.randomizedtesting.rules.StatementAdapter.evaluate(StatementAdapter.java:36)
	at org.apache.lucene.tests.util.TestRuleAssertionsRequired$1.evaluate(TestRuleAssertionsRequired.java:53)
	at org.apache.lucene.tests.util.AbstractBeforeAfterRule$1.evaluate(AbstractBeforeAfterRule.java:43)
	at org.apache.lucene.tests.util.TestRuleMarkFailure$1.evaluate(TestRuleMarkFailure.java:44)
	at org.apache.lucene.tests.util.TestRuleIgnoreAfterMaxFailures$1.evaluate(TestRuleIgnoreAfterMaxFailures.java:60)
	at org.apache.lucene.tests.util.TestRuleIgnoreTestSuites$1.evaluate(TestRuleIgnoreTestSuites.java:47)
	at org.junit.rules.RunRules.evaluate(RunRules.java:20)
	at com.carrotsearch.randomizedtesting.rules.StatementAdapter.evaluate(StatementAdapter.java:36)
	at com.carrotsearch.randomizedtesting.ThreadLeakControl$StatementRunner.run(ThreadLeakControl.java:368)
	at java.base/java.lang.Thread.run(Thread.java:833)
</failure>
  </testcase>
  <testcase name="nestedEqualsTestFieldInsideArrays" classname="org.opensearch.sql.legacy.QueryIT" time="0.036">
    <failure message="org.opensearch.client.ResponseException: method [POST], host [http://[::1]:49775], URI [/_plugins/_sql?format=json], status line [HTTP/1.1 400 Bad Request]&#10;{&#10;  &quot;error&quot;: {&#10;    &quot;reason&quot;: &quot;Invalid SQL query&quot;,&#10;    &quot;details&quot;: &quot;Query is unsupported in the new engine&quot;,&#10;    &quot;type&quot;: &quot;SQLFeatureDisabledException&quot;&#10;  },&#10;  &quot;status&quot;: 400&#10;}" type="org.opensearch.client.ResponseException">org.opensearch.client.ResponseException: method [POST], host [http://[::1]:49775], URI [/_plugins/_sql?format=json], status line [HTTP/1.1 400 Bad Request]
{
  &quot;error&quot;: {
    &quot;reason&quot;: &quot;Invalid SQL query&quot;,
    &quot;details&quot;: &quot;Query is unsupported in the new engine&quot;,
    &quot;type&quot;: &quot;SQLFeatureDisabledException&quot;
  },
  &quot;status&quot;: 400
}
	at __randomizedtesting.SeedInfo.seed([B058E8962C1F801C:E2F687DC219153B5]:0)
	at app//org.opensearch.client.RestClient.convertResponse(RestClient.java:384)
	at app//org.opensearch.client.RestClient.performRequest(RestClient.java:354)
	at app//org.opensearch.client.RestClient.performRequest(RestClient.java:329)
	at app//org.opensearch.sql.legacy.SQLIntegTestCase.executeRequest(SQLIntegTestCase.java:327)
	at app//org.opensearch.sql.legacy.SQLIntegTestCase.executeRequest(SQLIntegTestCase.java:322)
	at app//org.opensearch.sql.legacy.SQLIntegTestCase.executeRequest(SQLIntegTestCase.java:310)
	at app//org.opensearch.sql.legacy.SQLIntegTestCase.executeQuery(SQLIntegTestCase.java:293)
	at app//org.opensearch.sql.legacy.QueryIT.nestedEqualsTestFieldInsideArrays(QueryIT.java:1455)
	at java.base@17.0.4.1/jdk.internal.reflect.NativeMethodAccessorImpl.invoke0(Native Method)
	at java.base@17.0.4.1/jdk.internal.reflect.NativeMethodAccessorImpl.invoke(NativeMethodAccessorImpl.java:77)
	at java.base@17.0.4.1/jdk.internal.reflect.DelegatingMethodAccessorImpl.invoke(DelegatingMethodAccessorImpl.java:43)
	at java.base@17.0.4.1/java.lang.reflect.Method.invoke(Method.java:568)
	at app//com.carrotsearch.randomizedtesting.RandomizedRunner.invoke(RandomizedRunner.java:1750)
	at app//com.carrotsearch.randomizedtesting.RandomizedRunner$8.evaluate(RandomizedRunner.java:938)
	at app//com.carrotsearch.randomizedtesting.RandomizedRunner$9.evaluate(RandomizedRunner.java:974)
	at app//com.carrotsearch.randomizedtesting.RandomizedRunner$10.evaluate(RandomizedRunner.java:988)
	at app//com.carrotsearch.randomizedtesting.rules.StatementAdapter.evaluate(StatementAdapter.java:36)
	at app//org.junit.rules.RunRules.evaluate(RunRules.java:20)
	at app//org.apache.lucene.tests.util.TestRuleSetupTeardownChained$1.evaluate(TestRuleSetupTeardownChained.java:48)
	at app//org.apache.lucene.tests.util.AbstractBeforeAfterRule$1.evaluate(AbstractBeforeAfterRule.java:43)
	at app//org.apache.lucene.tests.util.TestRuleThreadAndTestName$1.evaluate(TestRuleThreadAndTestName.java:45)
	at app//org.apache.lucene.tests.util.TestRuleIgnoreAfterMaxFailures$1.evaluate(TestRuleIgnoreAfterMaxFailures.java:60)
	at app//org.apache.lucene.tests.util.TestRuleMarkFailure$1.evaluate(TestRuleMarkFailure.java:44)
	at app//org.junit.rules.RunRules.evaluate(RunRules.java:20)
	at app//com.carrotsearch.randomizedtesting.rules.StatementAdapter.evaluate(StatementAdapter.java:36)
	at app//com.carrotsearch.randomizedtesting.ThreadLeakControl$StatementRunner.run(ThreadLeakControl.java:368)
	at app//com.carrotsearch.randomizedtesting.ThreadLeakControl.forkTimeoutingTask(ThreadLeakControl.java:817)
	at app//com.carrotsearch.randomizedtesting.ThreadLeakControl$3.evaluate(ThreadLeakControl.java:468)
	at app//com.carrotsearch.randomizedtesting.RandomizedRunner.runSingleTest(RandomizedRunner.java:947)
	at app//com.carrotsearch.randomizedtesting.RandomizedRunner$5.evaluate(RandomizedRunner.java:832)
	at app//com.carrotsearch.randomizedtesting.RandomizedRunner$6.evaluate(RandomizedRunner.java:883)
	at app//com.carrotsearch.randomizedtesting.RandomizedRunner$7.evaluate(RandomizedRunner.java:894)
	at app//org.apache.lucene.tests.util.AbstractBeforeAfterRule$1.evaluate(AbstractBeforeAfterRule.java:43)
	at app//com.carrotsearch.randomizedtesting.rules.StatementAdapter.evaluate(StatementAdapter.java:36)
	at app//org.apache.lucene.tests.util.TestRuleStoreClassName$1.evaluate(TestRuleStoreClassName.java:38)
	at app//com.carrotsearch.randomizedtesting.rules.NoShadowingOrOverridesOnMethodsRule$1.evaluate(NoShadowingOrOverridesOnMethodsRule.java:40)
	at app//com.carrotsearch.randomizedtesting.rules.NoShadowingOrOverridesOnMethodsRule$1.evaluate(NoShadowingOrOverridesOnMethodsRule.java:40)
	at app//com.carrotsearch.randomizedtesting.rules.StatementAdapter.evaluate(StatementAdapter.java:36)
	at app//com.carrotsearch.randomizedtesting.rules.StatementAdapter.evaluate(StatementAdapter.java:36)
	at app//org.apache.lucene.tests.util.TestRuleAssertionsRequired$1.evaluate(TestRuleAssertionsRequired.java:53)
	at app//org.apache.lucene.tests.util.AbstractBeforeAfterRule$1.evaluate(AbstractBeforeAfterRule.java:43)
	at app//org.apache.lucene.tests.util.TestRuleMarkFailure$1.evaluate(TestRuleMarkFailure.java:44)
	at app//org.apache.lucene.tests.util.TestRuleIgnoreAfterMaxFailures$1.evaluate(TestRuleIgnoreAfterMaxFailures.java:60)
	at app//org.apache.lucene.tests.util.TestRuleIgnoreTestSuites$1.evaluate(TestRuleIgnoreTestSuites.java:47)
	at app//org.junit.rules.RunRules.evaluate(RunRules.java:20)
	at app//com.carrotsearch.randomizedtesting.rules.StatementAdapter.evaluate(StatementAdapter.java:36)
	at app//com.carrotsearch.randomizedtesting.ThreadLeakControl$StatementRunner.run(ThreadLeakControl.java:368)
	at java.base@17.0.4.1/java.lang.Thread.run(Thread.java:833)
</failure>
  </testcase>
  <testcase name="twoSubQueriesTest" classname="org.opensearch.sql.legacy.QueryIT" time="0.0">
    <skipped/>
  </testcase>
  <testcase name="useTableNamePrefixInWhereClauseTest" classname="org.opensearch.sql.legacy.QueryIT" time="0.041">
    <failure message="org.opensearch.client.ResponseException: method [POST], host [http://[::1]:49775], URI [/_plugins/_sql?format=json], status line [HTTP/1.1 400 Bad Request]&#10;{&#10;  &quot;error&quot;: {&#10;    &quot;reason&quot;: &quot;Invalid SQL query&quot;,&#10;    &quot;details&quot;: &quot;Query is unsupported in the new engine&quot;,&#10;    &quot;type&quot;: &quot;SQLFeatureDisabledException&quot;&#10;  },&#10;  &quot;status&quot;: 400&#10;}" type="org.opensearch.client.ResponseException">org.opensearch.client.ResponseException: method [POST], host [http://[::1]:49775], URI [/_plugins/_sql?format=json], status line [HTTP/1.1 400 Bad Request]
{
  &quot;error&quot;: {
    &quot;reason&quot;: &quot;Invalid SQL query&quot;,
    &quot;details&quot;: &quot;Query is unsupported in the new engine&quot;,
    &quot;type&quot;: &quot;SQLFeatureDisabledException&quot;
  },
  &quot;status&quot;: 400
}
	at __randomizedtesting.SeedInfo.seed([B058E8962C1F801C:51B8E9E5AC708DDC]:0)
	at app//org.opensearch.client.RestClient.convertResponse(RestClient.java:384)
	at app//org.opensearch.client.RestClient.performRequest(RestClient.java:354)
	at app//org.opensearch.client.RestClient.performRequest(RestClient.java:329)
	at app//org.opensearch.sql.legacy.SQLIntegTestCase.executeRequest(SQLIntegTestCase.java:327)
	at app//org.opensearch.sql.legacy.SQLIntegTestCase.executeRequest(SQLIntegTestCase.java:322)
	at app//org.opensearch.sql.legacy.SQLIntegTestCase.executeRequest(SQLIntegTestCase.java:310)
	at app//org.opensearch.sql.legacy.SQLIntegTestCase.executeQuery(SQLIntegTestCase.java:293)
	at app//org.opensearch.sql.legacy.QueryIT.useTableNamePrefixInWhereClauseTest(QueryIT.java:293)
	at java.base@17.0.4.1/jdk.internal.reflect.NativeMethodAccessorImpl.invoke0(Native Method)
	at java.base@17.0.4.1/jdk.internal.reflect.NativeMethodAccessorImpl.invoke(NativeMethodAccessorImpl.java:77)
	at java.base@17.0.4.1/jdk.internal.reflect.DelegatingMethodAccessorImpl.invoke(DelegatingMethodAccessorImpl.java:43)
	at java.base@17.0.4.1/java.lang.reflect.Method.invoke(Method.java:568)
	at app//com.carrotsearch.randomizedtesting.RandomizedRunner.invoke(RandomizedRunner.java:1750)
	at app//com.carrotsearch.randomizedtesting.RandomizedRunner$8.evaluate(RandomizedRunner.java:938)
	at app//com.carrotsearch.randomizedtesting.RandomizedRunner$9.evaluate(RandomizedRunner.java:974)
	at app//com.carrotsearch.randomizedtesting.RandomizedRunner$10.evaluate(RandomizedRunner.java:988)
	at app//com.carrotsearch.randomizedtesting.rules.StatementAdapter.evaluate(StatementAdapter.java:36)
	at app//org.junit.rules.RunRules.evaluate(RunRules.java:20)
	at app//org.apache.lucene.tests.util.TestRuleSetupTeardownChained$1.evaluate(TestRuleSetupTeardownChained.java:48)
	at app//org.apache.lucene.tests.util.AbstractBeforeAfterRule$1.evaluate(AbstractBeforeAfterRule.java:43)
	at app//org.apache.lucene.tests.util.TestRuleThreadAndTestName$1.evaluate(TestRuleThreadAndTestName.java:45)
	at app//org.apache.lucene.tests.util.TestRuleIgnoreAfterMaxFailures$1.evaluate(TestRuleIgnoreAfterMaxFailures.java:60)
	at app//org.apache.lucene.tests.util.TestRuleMarkFailure$1.evaluate(TestRuleMarkFailure.java:44)
	at app//org.junit.rules.RunRules.evaluate(RunRules.java:20)
	at app//com.carrotsearch.randomizedtesting.rules.StatementAdapter.evaluate(StatementAdapter.java:36)
	at app//com.carrotsearch.randomizedtesting.ThreadLeakControl$StatementRunner.run(ThreadLeakControl.java:368)
	at app//com.carrotsearch.randomizedtesting.ThreadLeakControl.forkTimeoutingTask(ThreadLeakControl.java:817)
	at app//com.carrotsearch.randomizedtesting.ThreadLeakControl$3.evaluate(ThreadLeakControl.java:468)
	at app//com.carrotsearch.randomizedtesting.RandomizedRunner.runSingleTest(RandomizedRunner.java:947)
	at app//com.carrotsearch.randomizedtesting.RandomizedRunner$5.evaluate(RandomizedRunner.java:832)
	at app//com.carrotsearch.randomizedtesting.RandomizedRunner$6.evaluate(RandomizedRunner.java:883)
	at app//com.carrotsearch.randomizedtesting.RandomizedRunner$7.evaluate(RandomizedRunner.java:894)
	at app//org.apache.lucene.tests.util.AbstractBeforeAfterRule$1.evaluate(AbstractBeforeAfterRule.java:43)
	at app//com.carrotsearch.randomizedtesting.rules.StatementAdapter.evaluate(StatementAdapter.java:36)
	at app//org.apache.lucene.tests.util.TestRuleStoreClassName$1.evaluate(TestRuleStoreClassName.java:38)
	at app//com.carrotsearch.randomizedtesting.rules.NoShadowingOrOverridesOnMethodsRule$1.evaluate(NoShadowingOrOverridesOnMethodsRule.java:40)
	at app//com.carrotsearch.randomizedtesting.rules.NoShadowingOrOverridesOnMethodsRule$1.evaluate(NoShadowingOrOverridesOnMethodsRule.java:40)
	at app//com.carrotsearch.randomizedtesting.rules.StatementAdapter.evaluate(StatementAdapter.java:36)
	at app//com.carrotsearch.randomizedtesting.rules.StatementAdapter.evaluate(StatementAdapter.java:36)
	at app//org.apache.lucene.tests.util.TestRuleAssertionsRequired$1.evaluate(TestRuleAssertionsRequired.java:53)
	at app//org.apache.lucene.tests.util.AbstractBeforeAfterRule$1.evaluate(AbstractBeforeAfterRule.java:43)
	at app//org.apache.lucene.tests.util.TestRuleMarkFailure$1.evaluate(TestRuleMarkFailure.java:44)
	at app//org.apache.lucene.tests.util.TestRuleIgnoreAfterMaxFailures$1.evaluate(TestRuleIgnoreAfterMaxFailures.java:60)
	at app//org.apache.lucene.tests.util.TestRuleIgnoreTestSuites$1.evaluate(TestRuleIgnoreTestSuites.java:47)
	at app//org.junit.rules.RunRules.evaluate(RunRules.java:20)
	at app//com.carrotsearch.randomizedtesting.rules.StatementAdapter.evaluate(StatementAdapter.java:36)
	at app//com.carrotsearch.randomizedtesting.ThreadLeakControl$StatementRunner.run(ThreadLeakControl.java:368)
	at java.base@17.0.4.1/java.lang.Thread.run(Thread.java:833)
</failure>
  </testcase>
  <testcase name="complexConditionQuery" classname="org.opensearch.sql.legacy.QueryIT" time="0.038">
    <failure message="org.opensearch.client.ResponseException: method [POST], host [http://[::1]:49775], URI [/_plugins/_sql?format=json], status line [HTTP/1.1 400 Bad Request]&#10;{&#10;  &quot;error&quot;: {&#10;    &quot;reason&quot;: &quot;Invalid SQL query&quot;,&#10;    &quot;details&quot;: &quot;Query is unsupported in the new engine&quot;,&#10;    &quot;type&quot;: &quot;SQLFeatureDisabledException&quot;&#10;  },&#10;  &quot;status&quot;: 400&#10;}" type="org.opensearch.client.ResponseException">org.opensearch.client.ResponseException: method [POST], host [http://[::1]:49775], URI [/_plugins/_sql?format=json], status line [HTTP/1.1 400 Bad Request]
{
  &quot;error&quot;: {
    &quot;reason&quot;: &quot;Invalid SQL query&quot;,
    &quot;details&quot;: &quot;Query is unsupported in the new engine&quot;,
    &quot;type&quot;: &quot;SQLFeatureDisabledException&quot;
  },
  &quot;status&quot;: 400
}
	at __randomizedtesting.SeedInfo.seed([B058E8962C1F801C:3FB08D728A053133]:0)
	at app//org.opensearch.client.RestClient.convertResponse(RestClient.java:384)
	at app//org.opensearch.client.RestClient.performRequest(RestClient.java:354)
	at app//org.opensearch.client.RestClient.performRequest(RestClient.java:329)
	at app//org.opensearch.sql.legacy.SQLIntegTestCase.executeRequest(SQLIntegTestCase.java:327)
	at app//org.opensearch.sql.legacy.SQLIntegTestCase.executeRequest(SQLIntegTestCase.java:322)
	at app//org.opensearch.sql.legacy.SQLIntegTestCase.executeRequest(SQLIntegTestCase.java:310)
	at app//org.opensearch.sql.legacy.SQLIntegTestCase.executeQuery(SQLIntegTestCase.java:293)
	at app//org.opensearch.sql.legacy.QueryIT.complexConditionQuery(QueryIT.java:836)
	at java.base@17.0.4.1/jdk.internal.reflect.NativeMethodAccessorImpl.invoke0(Native Method)
	at java.base@17.0.4.1/jdk.internal.reflect.NativeMethodAccessorImpl.invoke(NativeMethodAccessorImpl.java:77)
	at java.base@17.0.4.1/jdk.internal.reflect.DelegatingMethodAccessorImpl.invoke(DelegatingMethodAccessorImpl.java:43)
	at java.base@17.0.4.1/java.lang.reflect.Method.invoke(Method.java:568)
	at app//com.carrotsearch.randomizedtesting.RandomizedRunner.invoke(RandomizedRunner.java:1750)
	at app//com.carrotsearch.randomizedtesting.RandomizedRunner$8.evaluate(RandomizedRunner.java:938)
	at app//com.carrotsearch.randomizedtesting.RandomizedRunner$9.evaluate(RandomizedRunner.java:974)
	at app//com.carrotsearch.randomizedtesting.RandomizedRunner$10.evaluate(RandomizedRunner.java:988)
	at app//com.carrotsearch.randomizedtesting.rules.StatementAdapter.evaluate(StatementAdapter.java:36)
	at app//org.junit.rules.RunRules.evaluate(RunRules.java:20)
	at app//org.apache.lucene.tests.util.TestRuleSetupTeardownChained$1.evaluate(TestRuleSetupTeardownChained.java:48)
	at app//org.apache.lucene.tests.util.AbstractBeforeAfterRule$1.evaluate(AbstractBeforeAfterRule.java:43)
	at app//org.apache.lucene.tests.util.TestRuleThreadAndTestName$1.evaluate(TestRuleThreadAndTestName.java:45)
	at app//org.apache.lucene.tests.util.TestRuleIgnoreAfterMaxFailures$1.evaluate(TestRuleIgnoreAfterMaxFailures.java:60)
	at app//org.apache.lucene.tests.util.TestRuleMarkFailure$1.evaluate(TestRuleMarkFailure.java:44)
	at app//org.junit.rules.RunRules.evaluate(RunRules.java:20)
	at app//com.carrotsearch.randomizedtesting.rules.StatementAdapter.evaluate(StatementAdapter.java:36)
	at app//com.carrotsearch.randomizedtesting.ThreadLeakControl$StatementRunner.run(ThreadLeakControl.java:368)
	at app//com.carrotsearch.randomizedtesting.ThreadLeakControl.forkTimeoutingTask(ThreadLeakControl.java:817)
	at app//com.carrotsearch.randomizedtesting.ThreadLeakControl$3.evaluate(ThreadLeakControl.java:468)
	at app//com.carrotsearch.randomizedtesting.RandomizedRunner.runSingleTest(RandomizedRunner.java:947)
	at app//com.carrotsearch.randomizedtesting.RandomizedRunner$5.evaluate(RandomizedRunner.java:832)
	at app//com.carrotsearch.randomizedtesting.RandomizedRunner$6.evaluate(RandomizedRunner.java:883)
	at app//com.carrotsearch.randomizedtesting.RandomizedRunner$7.evaluate(RandomizedRunner.java:894)
	at app//org.apache.lucene.tests.util.AbstractBeforeAfterRule$1.evaluate(AbstractBeforeAfterRule.java:43)
	at app//com.carrotsearch.randomizedtesting.rules.StatementAdapter.evaluate(StatementAdapter.java:36)
	at app//org.apache.lucene.tests.util.TestRuleStoreClassName$1.evaluate(TestRuleStoreClassName.java:38)
	at app//com.carrotsearch.randomizedtesting.rules.NoShadowingOrOverridesOnMethodsRule$1.evaluate(NoShadowingOrOverridesOnMethodsRule.java:40)
	at app//com.carrotsearch.randomizedtesting.rules.NoShadowingOrOverridesOnMethodsRule$1.evaluate(NoShadowingOrOverridesOnMethodsRule.java:40)
	at app//com.carrotsearch.randomizedtesting.rules.StatementAdapter.evaluate(StatementAdapter.java:36)
	at app//com.carrotsearch.randomizedtesting.rules.StatementAdapter.evaluate(StatementAdapter.java:36)
	at app//org.apache.lucene.tests.util.TestRuleAssertionsRequired$1.evaluate(TestRuleAssertionsRequired.java:53)
	at app//org.apache.lucene.tests.util.AbstractBeforeAfterRule$1.evaluate(AbstractBeforeAfterRule.java:43)
	at app//org.apache.lucene.tests.util.TestRuleMarkFailure$1.evaluate(TestRuleMarkFailure.java:44)
	at app//org.apache.lucene.tests.util.TestRuleIgnoreAfterMaxFailures$1.evaluate(TestRuleIgnoreAfterMaxFailures.java:60)
	at app//org.apache.lucene.tests.util.TestRuleIgnoreTestSuites$1.evaluate(TestRuleIgnoreTestSuites.java:47)
	at app//org.junit.rules.RunRules.evaluate(RunRules.java:20)
	at app//com.carrotsearch.randomizedtesting.rules.StatementAdapter.evaluate(StatementAdapter.java:36)
	at app//com.carrotsearch.randomizedtesting.ThreadLeakControl$StatementRunner.run(ThreadLeakControl.java:368)
	at java.base@17.0.4.1/java.lang.Thread.run(Thread.java:833)
</failure>
  </testcase>
  <testcase name="backticksQuotedFieldNamesTest" classname="org.opensearch.sql.legacy.QueryIT" time="0.052"/>
  <testcase name="testWhereWithBoolIsFalse" classname="org.opensearch.sql.legacy.QueryIT" time="0.035">
    <failure message="org.opensearch.client.ResponseException: method [POST], host [http://127.0.0.1:49776], URI [/_plugins/_sql?format=json], status line [HTTP/1.1 400 Bad Request]&#10;{&#10;  &quot;error&quot;: {&#10;    &quot;reason&quot;: &quot;Invalid SQL query&quot;,&#10;    &quot;details&quot;: &quot;Query is unsupported in the new engine&quot;,&#10;    &quot;type&quot;: &quot;SQLFeatureDisabledException&quot;&#10;  },&#10;  &quot;status&quot;: 400&#10;}" type="org.opensearch.client.ResponseException">org.opensearch.client.ResponseException: method [POST], host [http://127.0.0.1:49776], URI [/_plugins/_sql?format=json], status line [HTTP/1.1 400 Bad Request]
{
  &quot;error&quot;: {
    &quot;reason&quot;: &quot;Invalid SQL query&quot;,
    &quot;details&quot;: &quot;Query is unsupported in the new engine&quot;,
    &quot;type&quot;: &quot;SQLFeatureDisabledException&quot;
  },
  &quot;status&quot;: 400
}
	at __randomizedtesting.SeedInfo.seed([B058E8962C1F801C:C7E9C7B773274D6E]:0)
	at app//org.opensearch.client.RestClient.convertResponse(RestClient.java:384)
	at app//org.opensearch.client.RestClient.performRequest(RestClient.java:354)
	at app//org.opensearch.client.RestClient.performRequest(RestClient.java:329)
	at app//org.opensearch.sql.legacy.SQLIntegTestCase.executeRequest(SQLIntegTestCase.java:327)
	at app//org.opensearch.sql.legacy.SQLIntegTestCase.executeRequest(SQLIntegTestCase.java:322)
	at app//org.opensearch.sql.legacy.SQLIntegTestCase.executeRequest(SQLIntegTestCase.java:310)
	at app//org.opensearch.sql.legacy.SQLIntegTestCase.executeQuery(SQLIntegTestCase.java:293)
	at app//org.opensearch.sql.legacy.QueryIT.testWhereWithBoolIsFalse(QueryIT.java:1085)
	at java.base@17.0.4.1/jdk.internal.reflect.NativeMethodAccessorImpl.invoke0(Native Method)
	at java.base@17.0.4.1/jdk.internal.reflect.NativeMethodAccessorImpl.invoke(NativeMethodAccessorImpl.java:77)
	at java.base@17.0.4.1/jdk.internal.reflect.DelegatingMethodAccessorImpl.invoke(DelegatingMethodAccessorImpl.java:43)
	at java.base@17.0.4.1/java.lang.reflect.Method.invoke(Method.java:568)
	at app//com.carrotsearch.randomizedtesting.RandomizedRunner.invoke(RandomizedRunner.java:1750)
	at app//com.carrotsearch.randomizedtesting.RandomizedRunner$8.evaluate(RandomizedRunner.java:938)
	at app//com.carrotsearch.randomizedtesting.RandomizedRunner$9.evaluate(RandomizedRunner.java:974)
	at app//com.carrotsearch.randomizedtesting.RandomizedRunner$10.evaluate(RandomizedRunner.java:988)
	at app//com.carrotsearch.randomizedtesting.rules.StatementAdapter.evaluate(StatementAdapter.java:36)
	at app//org.junit.rules.RunRules.evaluate(RunRules.java:20)
	at app//org.apache.lucene.tests.util.TestRuleSetupTeardownChained$1.evaluate(TestRuleSetupTeardownChained.java:48)
	at app//org.apache.lucene.tests.util.AbstractBeforeAfterRule$1.evaluate(AbstractBeforeAfterRule.java:43)
	at app//org.apache.lucene.tests.util.TestRuleThreadAndTestName$1.evaluate(TestRuleThreadAndTestName.java:45)
	at app//org.apache.lucene.tests.util.TestRuleIgnoreAfterMaxFailures$1.evaluate(TestRuleIgnoreAfterMaxFailures.java:60)
	at app//org.apache.lucene.tests.util.TestRuleMarkFailure$1.evaluate(TestRuleMarkFailure.java:44)
	at app//org.junit.rules.RunRules.evaluate(RunRules.java:20)
	at app//com.carrotsearch.randomizedtesting.rules.StatementAdapter.evaluate(StatementAdapter.java:36)
	at app//com.carrotsearch.randomizedtesting.ThreadLeakControl$StatementRunner.run(ThreadLeakControl.java:368)
	at app//com.carrotsearch.randomizedtesting.ThreadLeakControl.forkTimeoutingTask(ThreadLeakControl.java:817)
	at app//com.carrotsearch.randomizedtesting.ThreadLeakControl$3.evaluate(ThreadLeakControl.java:468)
	at app//com.carrotsearch.randomizedtesting.RandomizedRunner.runSingleTest(RandomizedRunner.java:947)
	at app//com.carrotsearch.randomizedtesting.RandomizedRunner$5.evaluate(RandomizedRunner.java:832)
	at app//com.carrotsearch.randomizedtesting.RandomizedRunner$6.evaluate(RandomizedRunner.java:883)
	at app//com.carrotsearch.randomizedtesting.RandomizedRunner$7.evaluate(RandomizedRunner.java:894)
	at app//org.apache.lucene.tests.util.AbstractBeforeAfterRule$1.evaluate(AbstractBeforeAfterRule.java:43)
	at app//com.carrotsearch.randomizedtesting.rules.StatementAdapter.evaluate(StatementAdapter.java:36)
	at app//org.apache.lucene.tests.util.TestRuleStoreClassName$1.evaluate(TestRuleStoreClassName.java:38)
	at app//com.carrotsearch.randomizedtesting.rules.NoShadowingOrOverridesOnMethodsRule$1.evaluate(NoShadowingOrOverridesOnMethodsRule.java:40)
	at app//com.carrotsearch.randomizedtesting.rules.NoShadowingOrOverridesOnMethodsRule$1.evaluate(NoShadowingOrOverridesOnMethodsRule.java:40)
	at app//com.carrotsearch.randomizedtesting.rules.StatementAdapter.evaluate(StatementAdapter.java:36)
	at app//com.carrotsearch.randomizedtesting.rules.StatementAdapter.evaluate(StatementAdapter.java:36)
	at app//org.apache.lucene.tests.util.TestRuleAssertionsRequired$1.evaluate(TestRuleAssertionsRequired.java:53)
	at app//org.apache.lucene.tests.util.AbstractBeforeAfterRule$1.evaluate(AbstractBeforeAfterRule.java:43)
	at app//org.apache.lucene.tests.util.TestRuleMarkFailure$1.evaluate(TestRuleMarkFailure.java:44)
	at app//org.apache.lucene.tests.util.TestRuleIgnoreAfterMaxFailures$1.evaluate(TestRuleIgnoreAfterMaxFailures.java:60)
	at app//org.apache.lucene.tests.util.TestRuleIgnoreTestSuites$1.evaluate(TestRuleIgnoreTestSuites.java:47)
	at app//org.junit.rules.RunRules.evaluate(RunRules.java:20)
	at app//com.carrotsearch.randomizedtesting.rules.StatementAdapter.evaluate(StatementAdapter.java:36)
	at app//com.carrotsearch.randomizedtesting.ThreadLeakControl$StatementRunner.run(ThreadLeakControl.java:368)
	at java.base@17.0.4.1/java.lang.Thread.run(Thread.java:833)
</failure>
  </testcase>
  <testcase name="useTableAliasInWhereClauseTest" classname="org.opensearch.sql.legacy.QueryIT" time="0.036">
    <failure message="org.opensearch.client.ResponseException: method [POST], host [http://127.0.0.1:49776], URI [/_plugins/_sql?format=json], status line [HTTP/1.1 400 Bad Request]&#10;{&#10;  &quot;error&quot;: {&#10;    &quot;reason&quot;: &quot;Invalid SQL query&quot;,&#10;    &quot;details&quot;: &quot;Query is unsupported in the new engine&quot;,&#10;    &quot;type&quot;: &quot;SQLFeatureDisabledException&quot;&#10;  },&#10;  &quot;status&quot;: 400&#10;}" type="org.opensearch.client.ResponseException">org.opensearch.client.ResponseException: method [POST], host [http://127.0.0.1:49776], URI [/_plugins/_sql?format=json], status line [HTTP/1.1 400 Bad Request]
{
  &quot;error&quot;: {
    &quot;reason&quot;: &quot;Invalid SQL query&quot;,
    &quot;details&quot;: &quot;Query is unsupported in the new engine&quot;,
    &quot;type&quot;: &quot;SQLFeatureDisabledException&quot;
  },
  &quot;status&quot;: 400
}
	at __randomizedtesting.SeedInfo.seed([B058E8962C1F801C:411469B91DF35C0]:0)
	at app//org.opensearch.client.RestClient.convertResponse(RestClient.java:384)
	at app//org.opensearch.client.RestClient.performRequest(RestClient.java:354)
	at app//org.opensearch.client.RestClient.performRequest(RestClient.java:329)
	at app//org.opensearch.sql.legacy.SQLIntegTestCase.executeRequest(SQLIntegTestCase.java:327)
	at app//org.opensearch.sql.legacy.SQLIntegTestCase.executeRequest(SQLIntegTestCase.java:322)
	at app//org.opensearch.sql.legacy.SQLIntegTestCase.executeRequest(SQLIntegTestCase.java:310)
	at app//org.opensearch.sql.legacy.SQLIntegTestCase.executeQuery(SQLIntegTestCase.java:293)
	at app//org.opensearch.sql.legacy.QueryIT.useTableAliasInWhereClauseTest(QueryIT.java:273)
	at java.base@17.0.4.1/jdk.internal.reflect.NativeMethodAccessorImpl.invoke0(Native Method)
	at java.base@17.0.4.1/jdk.internal.reflect.NativeMethodAccessorImpl.invoke(NativeMethodAccessorImpl.java:77)
	at java.base@17.0.4.1/jdk.internal.reflect.DelegatingMethodAccessorImpl.invoke(DelegatingMethodAccessorImpl.java:43)
	at java.base@17.0.4.1/java.lang.reflect.Method.invoke(Method.java:568)
	at app//com.carrotsearch.randomizedtesting.RandomizedRunner.invoke(RandomizedRunner.java:1750)
	at app//com.carrotsearch.randomizedtesting.RandomizedRunner$8.evaluate(RandomizedRunner.java:938)
	at app//com.carrotsearch.randomizedtesting.RandomizedRunner$9.evaluate(RandomizedRunner.java:974)
	at app//com.carrotsearch.randomizedtesting.RandomizedRunner$10.evaluate(RandomizedRunner.java:988)
	at app//com.carrotsearch.randomizedtesting.rules.StatementAdapter.evaluate(StatementAdapter.java:36)
	at app//org.junit.rules.RunRules.evaluate(RunRules.java:20)
	at app//org.apache.lucene.tests.util.TestRuleSetupTeardownChained$1.evaluate(TestRuleSetupTeardownChained.java:48)
	at app//org.apache.lucene.tests.util.AbstractBeforeAfterRule$1.evaluate(AbstractBeforeAfterRule.java:43)
	at app//org.apache.lucene.tests.util.TestRuleThreadAndTestName$1.evaluate(TestRuleThreadAndTestName.java:45)
	at app//org.apache.lucene.tests.util.TestRuleIgnoreAfterMaxFailures$1.evaluate(TestRuleIgnoreAfterMaxFailures.java:60)
	at app//org.apache.lucene.tests.util.TestRuleMarkFailure$1.evaluate(TestRuleMarkFailure.java:44)
	at app//org.junit.rules.RunRules.evaluate(RunRules.java:20)
	at app//com.carrotsearch.randomizedtesting.rules.StatementAdapter.evaluate(StatementAdapter.java:36)
	at app//com.carrotsearch.randomizedtesting.ThreadLeakControl$StatementRunner.run(ThreadLeakControl.java:368)
	at app//com.carrotsearch.randomizedtesting.ThreadLeakControl.forkTimeoutingTask(ThreadLeakControl.java:817)
	at app//com.carrotsearch.randomizedtesting.ThreadLeakControl$3.evaluate(ThreadLeakControl.java:468)
	at app//com.carrotsearch.randomizedtesting.RandomizedRunner.runSingleTest(RandomizedRunner.java:947)
	at app//com.carrotsearch.randomizedtesting.RandomizedRunner$5.evaluate(RandomizedRunner.java:832)
	at app//com.carrotsearch.randomizedtesting.RandomizedRunner$6.evaluate(RandomizedRunner.java:883)
	at app//com.carrotsearch.randomizedtesting.RandomizedRunner$7.evaluate(RandomizedRunner.java:894)
	at app//org.apache.lucene.tests.util.AbstractBeforeAfterRule$1.evaluate(AbstractBeforeAfterRule.java:43)
	at app//com.carrotsearch.randomizedtesting.rules.StatementAdapter.evaluate(StatementAdapter.java:36)
	at app//org.apache.lucene.tests.util.TestRuleStoreClassName$1.evaluate(TestRuleStoreClassName.java:38)
	at app//com.carrotsearch.randomizedtesting.rules.NoShadowingOrOverridesOnMethodsRule$1.evaluate(NoShadowingOrOverridesOnMethodsRule.java:40)
	at app//com.carrotsearch.randomizedtesting.rules.NoShadowingOrOverridesOnMethodsRule$1.evaluate(NoShadowingOrOverridesOnMethodsRule.java:40)
	at app//com.carrotsearch.randomizedtesting.rules.StatementAdapter.evaluate(StatementAdapter.java:36)
	at app//com.carrotsearch.randomizedtesting.rules.StatementAdapter.evaluate(StatementAdapter.java:36)
	at app//org.apache.lucene.tests.util.TestRuleAssertionsRequired$1.evaluate(TestRuleAssertionsRequired.java:53)
	at app//org.apache.lucene.tests.util.AbstractBeforeAfterRule$1.evaluate(AbstractBeforeAfterRule.java:43)
	at app//org.apache.lucene.tests.util.TestRuleMarkFailure$1.evaluate(TestRuleMarkFailure.java:44)
	at app//org.apache.lucene.tests.util.TestRuleIgnoreAfterMaxFailures$1.evaluate(TestRuleIgnoreAfterMaxFailures.java:60)
	at app//org.apache.lucene.tests.util.TestRuleIgnoreTestSuites$1.evaluate(TestRuleIgnoreTestSuites.java:47)
	at app//org.junit.rules.RunRules.evaluate(RunRules.java:20)
	at app//com.carrotsearch.randomizedtesting.rules.StatementAdapter.evaluate(StatementAdapter.java:36)
	at app//com.carrotsearch.randomizedtesting.ThreadLeakControl$StatementRunner.run(ThreadLeakControl.java:368)
	at java.base@17.0.4.1/java.lang.Thread.run(Thread.java:833)
</failure>
  </testcase>
  <testcase name="limitTest" classname="org.opensearch.sql.legacy.QueryIT" time="0.033">
    <failure message="org.opensearch.client.ResponseException: method [POST], host [http://127.0.0.1:49776], URI [/_plugins/_sql?format=json], status line [HTTP/1.1 400 Bad Request]&#10;{&#10;  &quot;error&quot;: {&#10;    &quot;reason&quot;: &quot;Invalid SQL query&quot;,&#10;    &quot;details&quot;: &quot;Query is unsupported in the new engine&quot;,&#10;    &quot;type&quot;: &quot;SQLFeatureDisabledException&quot;&#10;  },&#10;  &quot;status&quot;: 400&#10;}" type="org.opensearch.client.ResponseException">org.opensearch.client.ResponseException: method [POST], host [http://127.0.0.1:49776], URI [/_plugins/_sql?format=json], status line [HTTP/1.1 400 Bad Request]
{
  &quot;error&quot;: {
    &quot;reason&quot;: &quot;Invalid SQL query&quot;,
    &quot;details&quot;: &quot;Query is unsupported in the new engine&quot;,
    &quot;type&quot;: &quot;SQLFeatureDisabledException&quot;
  },
  &quot;status&quot;: 400
}
	at __randomizedtesting.SeedInfo.seed([B058E8962C1F801C:D27334ACF179E5F4]:0)
	at app//org.opensearch.client.RestClient.convertResponse(RestClient.java:384)
	at app//org.opensearch.client.RestClient.performRequest(RestClient.java:354)
	at app//org.opensearch.client.RestClient.performRequest(RestClient.java:329)
	at app//org.opensearch.sql.legacy.SQLIntegTestCase.executeRequest(SQLIntegTestCase.java:327)
	at app//org.opensearch.sql.legacy.SQLIntegTestCase.executeRequest(SQLIntegTestCase.java:322)
	at app//org.opensearch.sql.legacy.SQLIntegTestCase.executeRequest(SQLIntegTestCase.java:310)
	at app//org.opensearch.sql.legacy.SQLIntegTestCase.executeQuery(SQLIntegTestCase.java:293)
	at app//org.opensearch.sql.legacy.QueryIT.limitTest(QueryIT.java:530)
	at java.base@17.0.4.1/jdk.internal.reflect.NativeMethodAccessorImpl.invoke0(Native Method)
	at java.base@17.0.4.1/jdk.internal.reflect.NativeMethodAccessorImpl.invoke(NativeMethodAccessorImpl.java:77)
	at java.base@17.0.4.1/jdk.internal.reflect.DelegatingMethodAccessorImpl.invoke(DelegatingMethodAccessorImpl.java:43)
	at java.base@17.0.4.1/java.lang.reflect.Method.invoke(Method.java:568)
	at app//com.carrotsearch.randomizedtesting.RandomizedRunner.invoke(RandomizedRunner.java:1750)
	at app//com.carrotsearch.randomizedtesting.RandomizedRunner$8.evaluate(RandomizedRunner.java:938)
	at app//com.carrotsearch.randomizedtesting.RandomizedRunner$9.evaluate(RandomizedRunner.java:974)
	at app//com.carrotsearch.randomizedtesting.RandomizedRunner$10.evaluate(RandomizedRunner.java:988)
	at app//com.carrotsearch.randomizedtesting.rules.StatementAdapter.evaluate(StatementAdapter.java:36)
	at app//org.junit.rules.RunRules.evaluate(RunRules.java:20)
	at app//org.apache.lucene.tests.util.TestRuleSetupTeardownChained$1.evaluate(TestRuleSetupTeardownChained.java:48)
	at app//org.apache.lucene.tests.util.AbstractBeforeAfterRule$1.evaluate(AbstractBeforeAfterRule.java:43)
	at app//org.apache.lucene.tests.util.TestRuleThreadAndTestName$1.evaluate(TestRuleThreadAndTestName.java:45)
	at app//org.apache.lucene.tests.util.TestRuleIgnoreAfterMaxFailures$1.evaluate(TestRuleIgnoreAfterMaxFailures.java:60)
	at app//org.apache.lucene.tests.util.TestRuleMarkFailure$1.evaluate(TestRuleMarkFailure.java:44)
	at app//org.junit.rules.RunRules.evaluate(RunRules.java:20)
	at app//com.carrotsearch.randomizedtesting.rules.StatementAdapter.evaluate(StatementAdapter.java:36)
	at app//com.carrotsearch.randomizedtesting.ThreadLeakControl$StatementRunner.run(ThreadLeakControl.java:368)
	at app//com.carrotsearch.randomizedtesting.ThreadLeakControl.forkTimeoutingTask(ThreadLeakControl.java:817)
	at app//com.carrotsearch.randomizedtesting.ThreadLeakControl$3.evaluate(ThreadLeakControl.java:468)
	at app//com.carrotsearch.randomizedtesting.RandomizedRunner.runSingleTest(RandomizedRunner.java:947)
	at app//com.carrotsearch.randomizedtesting.RandomizedRunner$5.evaluate(RandomizedRunner.java:832)
	at app//com.carrotsearch.randomizedtesting.RandomizedRunner$6.evaluate(RandomizedRunner.java:883)
	at app//com.carrotsearch.randomizedtesting.RandomizedRunner$7.evaluate(RandomizedRunner.java:894)
	at app//org.apache.lucene.tests.util.AbstractBeforeAfterRule$1.evaluate(AbstractBeforeAfterRule.java:43)
	at app//com.carrotsearch.randomizedtesting.rules.StatementAdapter.evaluate(StatementAdapter.java:36)
	at app//org.apache.lucene.tests.util.TestRuleStoreClassName$1.evaluate(TestRuleStoreClassName.java:38)
	at app//com.carrotsearch.randomizedtesting.rules.NoShadowingOrOverridesOnMethodsRule$1.evaluate(NoShadowingOrOverridesOnMethodsRule.java:40)
	at app//com.carrotsearch.randomizedtesting.rules.NoShadowingOrOverridesOnMethodsRule$1.evaluate(NoShadowingOrOverridesOnMethodsRule.java:40)
	at app//com.carrotsearch.randomizedtesting.rules.StatementAdapter.evaluate(StatementAdapter.java:36)
	at app//com.carrotsearch.randomizedtesting.rules.StatementAdapter.evaluate(StatementAdapter.java:36)
	at app//org.apache.lucene.tests.util.TestRuleAssertionsRequired$1.evaluate(TestRuleAssertionsRequired.java:53)
	at app//org.apache.lucene.tests.util.AbstractBeforeAfterRule$1.evaluate(AbstractBeforeAfterRule.java:43)
	at app//org.apache.lucene.tests.util.TestRuleMarkFailure$1.evaluate(TestRuleMarkFailure.java:44)
	at app//org.apache.lucene.tests.util.TestRuleIgnoreAfterMaxFailures$1.evaluate(TestRuleIgnoreAfterMaxFailures.java:60)
	at app//org.apache.lucene.tests.util.TestRuleIgnoreTestSuites$1.evaluate(TestRuleIgnoreTestSuites.java:47)
	at app//org.junit.rules.RunRules.evaluate(RunRules.java:20)
	at app//com.carrotsearch.randomizedtesting.rules.StatementAdapter.evaluate(StatementAdapter.java:36)
	at app//com.carrotsearch.randomizedtesting.ThreadLeakControl$StatementRunner.run(ThreadLeakControl.java:368)
	at java.base@17.0.4.1/java.lang.Thread.run(Thread.java:833)
</failure>
  </testcase>
  <testcase name="selectAllWithFieldAndOrderBy" classname="org.opensearch.sql.legacy.QueryIT" time="0.033">
    <failure message="org.opensearch.client.ResponseException: method [POST], host [http://127.0.0.1:49776], URI [/_plugins/_sql?format=json], status line [HTTP/1.1 400 Bad Request]&#10;{&#10;  &quot;error&quot;: {&#10;    &quot;reason&quot;: &quot;Invalid SQL query&quot;,&#10;    &quot;details&quot;: &quot;Query is unsupported in the new engine&quot;,&#10;    &quot;type&quot;: &quot;SQLFeatureDisabledException&quot;&#10;  },&#10;  &quot;status&quot;: 400&#10;}" type="org.opensearch.client.ResponseException">org.opensearch.client.ResponseException: method [POST], host [http://127.0.0.1:49776], URI [/_plugins/_sql?format=json], status line [HTTP/1.1 400 Bad Request]
{
  &quot;error&quot;: {
    &quot;reason&quot;: &quot;Invalid SQL query&quot;,
    &quot;details&quot;: &quot;Query is unsupported in the new engine&quot;,
    &quot;type&quot;: &quot;SQLFeatureDisabledException&quot;
  },
  &quot;status&quot;: 400
}
	at __randomizedtesting.SeedInfo.seed([B058E8962C1F801C:293E09267A451D6E]:0)
	at app//org.opensearch.client.RestClient.convertResponse(RestClient.java:384)
	at app//org.opensearch.client.RestClient.performRequest(RestClient.java:354)
	at app//org.opensearch.client.RestClient.performRequest(RestClient.java:329)
	at app//org.opensearch.sql.legacy.SQLIntegTestCase.executeRequest(SQLIntegTestCase.java:327)
	at app//org.opensearch.sql.legacy.SQLIntegTestCase.executeRequest(SQLIntegTestCase.java:322)
	at app//org.opensearch.sql.legacy.SQLIntegTestCase.executeRequest(SQLIntegTestCase.java:310)
	at app//org.opensearch.sql.legacy.SQLIntegTestCase.executeQuery(SQLIntegTestCase.java:293)
	at app//org.opensearch.sql.legacy.QueryIT.selectAllWithFieldAndOrderBy(QueryIT.java:143)
	at java.base@17.0.4.1/jdk.internal.reflect.NativeMethodAccessorImpl.invoke0(Native Method)
	at java.base@17.0.4.1/jdk.internal.reflect.NativeMethodAccessorImpl.invoke(NativeMethodAccessorImpl.java:77)
	at java.base@17.0.4.1/jdk.internal.reflect.DelegatingMethodAccessorImpl.invoke(DelegatingMethodAccessorImpl.java:43)
	at java.base@17.0.4.1/java.lang.reflect.Method.invoke(Method.java:568)
	at app//com.carrotsearch.randomizedtesting.RandomizedRunner.invoke(RandomizedRunner.java:1750)
	at app//com.carrotsearch.randomizedtesting.RandomizedRunner$8.evaluate(RandomizedRunner.java:938)
	at app//com.carrotsearch.randomizedtesting.RandomizedRunner$9.evaluate(RandomizedRunner.java:974)
	at app//com.carrotsearch.randomizedtesting.RandomizedRunner$10.evaluate(RandomizedRunner.java:988)
	at app//com.carrotsearch.randomizedtesting.rules.StatementAdapter.evaluate(StatementAdapter.java:36)
	at app//org.junit.rules.RunRules.evaluate(RunRules.java:20)
	at app//org.apache.lucene.tests.util.TestRuleSetupTeardownChained$1.evaluate(TestRuleSetupTeardownChained.java:48)
	at app//org.apache.lucene.tests.util.AbstractBeforeAfterRule$1.evaluate(AbstractBeforeAfterRule.java:43)
	at app//org.apache.lucene.tests.util.TestRuleThreadAndTestName$1.evaluate(TestRuleThreadAndTestName.java:45)
	at app//org.apache.lucene.tests.util.TestRuleIgnoreAfterMaxFailures$1.evaluate(TestRuleIgnoreAfterMaxFailures.java:60)
	at app//org.apache.lucene.tests.util.TestRuleMarkFailure$1.evaluate(TestRuleMarkFailure.java:44)
	at app//org.junit.rules.RunRules.evaluate(RunRules.java:20)
	at app//com.carrotsearch.randomizedtesting.rules.StatementAdapter.evaluate(StatementAdapter.java:36)
	at app//com.carrotsearch.randomizedtesting.ThreadLeakControl$StatementRunner.run(ThreadLeakControl.java:368)
	at app//com.carrotsearch.randomizedtesting.ThreadLeakControl.forkTimeoutingTask(ThreadLeakControl.java:817)
	at app//com.carrotsearch.randomizedtesting.ThreadLeakControl$3.evaluate(ThreadLeakControl.java:468)
	at app//com.carrotsearch.randomizedtesting.RandomizedRunner.runSingleTest(RandomizedRunner.java:947)
	at app//com.carrotsearch.randomizedtesting.RandomizedRunner$5.evaluate(RandomizedRunner.java:832)
	at app//com.carrotsearch.randomizedtesting.RandomizedRunner$6.evaluate(RandomizedRunner.java:883)
	at app//com.carrotsearch.randomizedtesting.RandomizedRunner$7.evaluate(RandomizedRunner.java:894)
	at app//org.apache.lucene.tests.util.AbstractBeforeAfterRule$1.evaluate(AbstractBeforeAfterRule.java:43)
	at app//com.carrotsearch.randomizedtesting.rules.StatementAdapter.evaluate(StatementAdapter.java:36)
	at app//org.apache.lucene.tests.util.TestRuleStoreClassName$1.evaluate(TestRuleStoreClassName.java:38)
	at app//com.carrotsearch.randomizedtesting.rules.NoShadowingOrOverridesOnMethodsRule$1.evaluate(NoShadowingOrOverridesOnMethodsRule.java:40)
	at app//com.carrotsearch.randomizedtesting.rules.NoShadowingOrOverridesOnMethodsRule$1.evaluate(NoShadowingOrOverridesOnMethodsRule.java:40)
	at app//com.carrotsearch.randomizedtesting.rules.StatementAdapter.evaluate(StatementAdapter.java:36)
	at app//com.carrotsearch.randomizedtesting.rules.StatementAdapter.evaluate(StatementAdapter.java:36)
	at app//org.apache.lucene.tests.util.TestRuleAssertionsRequired$1.evaluate(TestRuleAssertionsRequired.java:53)
	at app//org.apache.lucene.tests.util.AbstractBeforeAfterRule$1.evaluate(AbstractBeforeAfterRule.java:43)
	at app//org.apache.lucene.tests.util.TestRuleMarkFailure$1.evaluate(TestRuleMarkFailure.java:44)
	at app//org.apache.lucene.tests.util.TestRuleIgnoreAfterMaxFailures$1.evaluate(TestRuleIgnoreAfterMaxFailures.java:60)
	at app//org.apache.lucene.tests.util.TestRuleIgnoreTestSuites$1.evaluate(TestRuleIgnoreTestSuites.java:47)
	at app//org.junit.rules.RunRules.evaluate(RunRules.java:20)
	at app//com.carrotsearch.randomizedtesting.rules.StatementAdapter.evaluate(StatementAdapter.java:36)
	at app//com.carrotsearch.randomizedtesting.ThreadLeakControl$StatementRunner.run(ThreadLeakControl.java:368)
	at java.base@17.0.4.1/java.lang.Thread.run(Thread.java:833)
</failure>
  </testcase>
  <testcase name="testWhereWithBoolIsNotTrue" classname="org.opensearch.sql.legacy.QueryIT" time="0.036">
    <failure message="org.opensearch.client.ResponseException: method [POST], host [http://127.0.0.1:49776], URI [/_plugins/_sql?format=json], status line [HTTP/1.1 400 Bad Request]&#10;{&#10;  &quot;error&quot;: {&#10;    &quot;reason&quot;: &quot;Invalid SQL query&quot;,&#10;    &quot;details&quot;: &quot;Query is unsupported in the new engine&quot;,&#10;    &quot;type&quot;: &quot;SQLFeatureDisabledException&quot;&#10;  },&#10;  &quot;status&quot;: 400&#10;}" type="org.opensearch.client.ResponseException">org.opensearch.client.ResponseException: method [POST], host [http://127.0.0.1:49776], URI [/_plugins/_sql?format=json], status line [HTTP/1.1 400 Bad Request]
{
  &quot;error&quot;: {
    &quot;reason&quot;: &quot;Invalid SQL query&quot;,
    &quot;details&quot;: &quot;Query is unsupported in the new engine&quot;,
    &quot;type&quot;: &quot;SQLFeatureDisabledException&quot;
  },
  &quot;status&quot;: 400
}
	at __randomizedtesting.SeedInfo.seed([B058E8962C1F801C:541D1540FA75AE7F]:0)
	at app//org.opensearch.client.RestClient.convertResponse(RestClient.java:384)
	at app//org.opensearch.client.RestClient.performRequest(RestClient.java:354)
	at app//org.opensearch.client.RestClient.performRequest(RestClient.java:329)
	at app//org.opensearch.sql.legacy.SQLIntegTestCase.executeRequest(SQLIntegTestCase.java:327)
	at app//org.opensearch.sql.legacy.SQLIntegTestCase.executeRequest(SQLIntegTestCase.java:322)
	at app//org.opensearch.sql.legacy.SQLIntegTestCase.executeRequest(SQLIntegTestCase.java:310)
	at app//org.opensearch.sql.legacy.SQLIntegTestCase.executeQuery(SQLIntegTestCase.java:293)
	at app//org.opensearch.sql.legacy.QueryIT.testWhereWithBoolIsNotTrue(QueryIT.java:1026)
	at java.base@17.0.4.1/jdk.internal.reflect.NativeMethodAccessorImpl.invoke0(Native Method)
	at java.base@17.0.4.1/jdk.internal.reflect.NativeMethodAccessorImpl.invoke(NativeMethodAccessorImpl.java:77)
	at java.base@17.0.4.1/jdk.internal.reflect.DelegatingMethodAccessorImpl.invoke(DelegatingMethodAccessorImpl.java:43)
	at java.base@17.0.4.1/java.lang.reflect.Method.invoke(Method.java:568)
	at app//com.carrotsearch.randomizedtesting.RandomizedRunner.invoke(RandomizedRunner.java:1750)
	at app//com.carrotsearch.randomizedtesting.RandomizedRunner$8.evaluate(RandomizedRunner.java:938)
	at app//com.carrotsearch.randomizedtesting.RandomizedRunner$9.evaluate(RandomizedRunner.java:974)
	at app//com.carrotsearch.randomizedtesting.RandomizedRunner$10.evaluate(RandomizedRunner.java:988)
	at app//com.carrotsearch.randomizedtesting.rules.StatementAdapter.evaluate(StatementAdapter.java:36)
	at app//org.junit.rules.RunRules.evaluate(RunRules.java:20)
	at app//org.apache.lucene.tests.util.TestRuleSetupTeardownChained$1.evaluate(TestRuleSetupTeardownChained.java:48)
	at app//org.apache.lucene.tests.util.AbstractBeforeAfterRule$1.evaluate(AbstractBeforeAfterRule.java:43)
	at app//org.apache.lucene.tests.util.TestRuleThreadAndTestName$1.evaluate(TestRuleThreadAndTestName.java:45)
	at app//org.apache.lucene.tests.util.TestRuleIgnoreAfterMaxFailures$1.evaluate(TestRuleIgnoreAfterMaxFailures.java:60)
	at app//org.apache.lucene.tests.util.TestRuleMarkFailure$1.evaluate(TestRuleMarkFailure.java:44)
	at app//org.junit.rules.RunRules.evaluate(RunRules.java:20)
	at app//com.carrotsearch.randomizedtesting.rules.StatementAdapter.evaluate(StatementAdapter.java:36)
	at app//com.carrotsearch.randomizedtesting.ThreadLeakControl$StatementRunner.run(ThreadLeakControl.java:368)
	at app//com.carrotsearch.randomizedtesting.ThreadLeakControl.forkTimeoutingTask(ThreadLeakControl.java:817)
	at app//com.carrotsearch.randomizedtesting.ThreadLeakControl$3.evaluate(ThreadLeakControl.java:468)
	at app//com.carrotsearch.randomizedtesting.RandomizedRunner.runSingleTest(RandomizedRunner.java:947)
	at app//com.carrotsearch.randomizedtesting.RandomizedRunner$5.evaluate(RandomizedRunner.java:832)
	at app//com.carrotsearch.randomizedtesting.RandomizedRunner$6.evaluate(RandomizedRunner.java:883)
	at app//com.carrotsearch.randomizedtesting.RandomizedRunner$7.evaluate(RandomizedRunner.java:894)
	at app//org.apache.lucene.tests.util.AbstractBeforeAfterRule$1.evaluate(AbstractBeforeAfterRule.java:43)
	at app//com.carrotsearch.randomizedtesting.rules.StatementAdapter.evaluate(StatementAdapter.java:36)
	at app//org.apache.lucene.tests.util.TestRuleStoreClassName$1.evaluate(TestRuleStoreClassName.java:38)
	at app//com.carrotsearch.randomizedtesting.rules.NoShadowingOrOverridesOnMethodsRule$1.evaluate(NoShadowingOrOverridesOnMethodsRule.java:40)
	at app//com.carrotsearch.randomizedtesting.rules.NoShadowingOrOverridesOnMethodsRule$1.evaluate(NoShadowingOrOverridesOnMethodsRule.java:40)
	at app//com.carrotsearch.randomizedtesting.rules.StatementAdapter.evaluate(StatementAdapter.java:36)
	at app//com.carrotsearch.randomizedtesting.rules.StatementAdapter.evaluate(StatementAdapter.java:36)
	at app//org.apache.lucene.tests.util.TestRuleAssertionsRequired$1.evaluate(TestRuleAssertionsRequired.java:53)
	at app//org.apache.lucene.tests.util.AbstractBeforeAfterRule$1.evaluate(AbstractBeforeAfterRule.java:43)
	at app//org.apache.lucene.tests.util.TestRuleMarkFailure$1.evaluate(TestRuleMarkFailure.java:44)
	at app//org.apache.lucene.tests.util.TestRuleIgnoreAfterMaxFailures$1.evaluate(TestRuleIgnoreAfterMaxFailures.java:60)
	at app//org.apache.lucene.tests.util.TestRuleIgnoreTestSuites$1.evaluate(TestRuleIgnoreTestSuites.java:47)
	at app//org.junit.rules.RunRules.evaluate(RunRules.java:20)
	at app//com.carrotsearch.randomizedtesting.rules.StatementAdapter.evaluate(StatementAdapter.java:36)
	at app//com.carrotsearch.randomizedtesting.ThreadLeakControl$StatementRunner.run(ThreadLeakControl.java:368)
	at java.base@17.0.4.1/java.lang.Thread.run(Thread.java:833)
</failure>
  </testcase>
  <testcase name="functionArgWithNullValueFieldShouldThrowESExceptionInJdbc" classname="org.opensearch.sql.legacy.QueryIT" time="0.0">
    <skipped/>
  </testcase>
  <testcase name="dateSearch" classname="org.opensearch.sql.legacy.QueryIT" time="0.034">
    <failure message="org.opensearch.client.ResponseException: method [POST], host [http://127.0.0.1:49776], URI [/_plugins/_sql?format=json], status line [HTTP/1.1 400 Bad Request]&#10;{&#10;  &quot;error&quot;: {&#10;    &quot;reason&quot;: &quot;Invalid SQL query&quot;,&#10;    &quot;details&quot;: &quot;Query is unsupported in the new engine&quot;,&#10;    &quot;type&quot;: &quot;SQLFeatureDisabledException&quot;&#10;  },&#10;  &quot;status&quot;: 400&#10;}" type="org.opensearch.client.ResponseException">org.opensearch.client.ResponseException: method [POST], host [http://127.0.0.1:49776], URI [/_plugins/_sql?format=json], status line [HTTP/1.1 400 Bad Request]
{
  &quot;error&quot;: {
    &quot;reason&quot;: &quot;Invalid SQL query&quot;,
    &quot;details&quot;: &quot;Query is unsupported in the new engine&quot;,
    &quot;type&quot;: &quot;SQLFeatureDisabledException&quot;
  },
  &quot;status&quot;: 400
}
	at __randomizedtesting.SeedInfo.seed([B058E8962C1F801C:7BB509C488A4B320]:0)
	at app//org.opensearch.client.RestClient.convertResponse(RestClient.java:384)
	at app//org.opensearch.client.RestClient.performRequest(RestClient.java:354)
	at app//org.opensearch.client.RestClient.performRequest(RestClient.java:329)
	at app//org.opensearch.sql.legacy.SQLIntegTestCase.executeRequest(SQLIntegTestCase.java:327)
	at app//org.opensearch.sql.legacy.SQLIntegTestCase.executeRequest(SQLIntegTestCase.java:322)
	at app//org.opensearch.sql.legacy.SQLIntegTestCase.executeRequest(SQLIntegTestCase.java:310)
	at app//org.opensearch.sql.legacy.SQLIntegTestCase.executeQuery(SQLIntegTestCase.java:293)
	at app//org.opensearch.sql.legacy.QueryIT.dateSearch(QueryIT.java:733)
	at java.base@17.0.4.1/jdk.internal.reflect.NativeMethodAccessorImpl.invoke0(Native Method)
	at java.base@17.0.4.1/jdk.internal.reflect.NativeMethodAccessorImpl.invoke(NativeMethodAccessorImpl.java:77)
	at java.base@17.0.4.1/jdk.internal.reflect.DelegatingMethodAccessorImpl.invoke(DelegatingMethodAccessorImpl.java:43)
	at java.base@17.0.4.1/java.lang.reflect.Method.invoke(Method.java:568)
	at app//com.carrotsearch.randomizedtesting.RandomizedRunner.invoke(RandomizedRunner.java:1750)
	at app//com.carrotsearch.randomizedtesting.RandomizedRunner$8.evaluate(RandomizedRunner.java:938)
	at app//com.carrotsearch.randomizedtesting.RandomizedRunner$9.evaluate(RandomizedRunner.java:974)
	at app//com.carrotsearch.randomizedtesting.RandomizedRunner$10.evaluate(RandomizedRunner.java:988)
	at app//com.carrotsearch.randomizedtesting.rules.StatementAdapter.evaluate(StatementAdapter.java:36)
	at app//org.junit.rules.RunRules.evaluate(RunRules.java:20)
	at app//org.apache.lucene.tests.util.TestRuleSetupTeardownChained$1.evaluate(TestRuleSetupTeardownChained.java:48)
	at app//org.apache.lucene.tests.util.AbstractBeforeAfterRule$1.evaluate(AbstractBeforeAfterRule.java:43)
	at app//org.apache.lucene.tests.util.TestRuleThreadAndTestName$1.evaluate(TestRuleThreadAndTestName.java:45)
	at app//org.apache.lucene.tests.util.TestRuleIgnoreAfterMaxFailures$1.evaluate(TestRuleIgnoreAfterMaxFailures.java:60)
	at app//org.apache.lucene.tests.util.TestRuleMarkFailure$1.evaluate(TestRuleMarkFailure.java:44)
	at app//org.junit.rules.RunRules.evaluate(RunRules.java:20)
	at app//com.carrotsearch.randomizedtesting.rules.StatementAdapter.evaluate(StatementAdapter.java:36)
	at app//com.carrotsearch.randomizedtesting.ThreadLeakControl$StatementRunner.run(ThreadLeakControl.java:368)
	at app//com.carrotsearch.randomizedtesting.ThreadLeakControl.forkTimeoutingTask(ThreadLeakControl.java:817)
	at app//com.carrotsearch.randomizedtesting.ThreadLeakControl$3.evaluate(ThreadLeakControl.java:468)
	at app//com.carrotsearch.randomizedtesting.RandomizedRunner.runSingleTest(RandomizedRunner.java:947)
	at app//com.carrotsearch.randomizedtesting.RandomizedRunner$5.evaluate(RandomizedRunner.java:832)
	at app//com.carrotsearch.randomizedtesting.RandomizedRunner$6.evaluate(RandomizedRunner.java:883)
	at app//com.carrotsearch.randomizedtesting.RandomizedRunner$7.evaluate(RandomizedRunner.java:894)
	at app//org.apache.lucene.tests.util.AbstractBeforeAfterRule$1.evaluate(AbstractBeforeAfterRule.java:43)
	at app//com.carrotsearch.randomizedtesting.rules.StatementAdapter.evaluate(StatementAdapter.java:36)
	at app//org.apache.lucene.tests.util.TestRuleStoreClassName$1.evaluate(TestRuleStoreClassName.java:38)
	at app//com.carrotsearch.randomizedtesting.rules.NoShadowingOrOverridesOnMethodsRule$1.evaluate(NoShadowingOrOverridesOnMethodsRule.java:40)
	at app//com.carrotsearch.randomizedtesting.rules.NoShadowingOrOverridesOnMethodsRule$1.evaluate(NoShadowingOrOverridesOnMethodsRule.java:40)
	at app//com.carrotsearch.randomizedtesting.rules.StatementAdapter.evaluate(StatementAdapter.java:36)
	at app//com.carrotsearch.randomizedtesting.rules.StatementAdapter.evaluate(StatementAdapter.java:36)
	at app//org.apache.lucene.tests.util.TestRuleAssertionsRequired$1.evaluate(TestRuleAssertionsRequired.java:53)
	at app//org.apache.lucene.tests.util.AbstractBeforeAfterRule$1.evaluate(AbstractBeforeAfterRule.java:43)
	at app//org.apache.lucene.tests.util.TestRuleMarkFailure$1.evaluate(TestRuleMarkFailure.java:44)
	at app//org.apache.lucene.tests.util.TestRuleIgnoreAfterMaxFailures$1.evaluate(TestRuleIgnoreAfterMaxFailures.java:60)
	at app//org.apache.lucene.tests.util.TestRuleIgnoreTestSuites$1.evaluate(TestRuleIgnoreTestSuites.java:47)
	at app//org.junit.rules.RunRules.evaluate(RunRules.java:20)
	at app//com.carrotsearch.randomizedtesting.rules.StatementAdapter.evaluate(StatementAdapter.java:36)
	at app//com.carrotsearch.randomizedtesting.ThreadLeakControl$StatementRunner.run(ThreadLeakControl.java:368)
	at java.base@17.0.4.1/java.lang.Thread.run(Thread.java:833)
</failure>
  </testcase>
  <system-out><![CDATA[[2023-01-17T10:11:48,327][INFO ][o.o.s.l.QueryIT          ] [queryWithDotAtStartOfIndexName] before test
[2023-01-17T10:11:48,331][INFO ][o.o.s.l.QueryIT          ] [queryWithDotAtStartOfIndexName] initializing REST clients against [http://[::1]:49775, http://127.0.0.1:49776]
[2023-01-17T10:11:54,311][INFO ][o.o.s.l.QueryIT          ] [queryWithDotAtStartOfIndexName] after test
[2023-01-17T10:11:54,318][INFO ][o.o.s.l.QueryIT          ] [missFilterSearch] before test
[2023-01-17T10:11:54,374][INFO ][o.o.s.l.QueryIT          ] [missFilterSearch] after test
[2023-01-17T10:11:54,390][INFO ][o.o.s.l.QueryIT          ] [dateSearchBraces] before test
[2023-01-17T10:11:54,471][INFO ][o.o.s.l.QueryIT          ] [dateSearchBraces] after test
[2023-01-17T10:11:54,478][INFO ][o.o.s.l.QueryIT          ] [selectSpecificFieldsUsingTableNamePrefix] before test
[2023-01-17T10:11:54,508][INFO ][o.o.s.l.QueryIT          ] [selectSpecificFieldsUsingTableNamePrefix] after test
[2023-01-17T10:11:54,514][INFO ][o.o.s.l.QueryIT          ] [testMultiPartWhere2] before test
[2023-01-17T10:11:54,544][INFO ][o.o.s.l.QueryIT          ] [testMultiPartWhere2] after test
[2023-01-17T10:11:54,550][INFO ][o.o.s.l.QueryIT          ] [notMissFilterSearch] before test
[2023-01-17T10:11:54,581][INFO ][o.o.s.l.QueryIT          ] [notMissFilterSearch] after test
[2023-01-17T10:11:54,588][INFO ][o.o.s.l.QueryIT          ] [caseWhenJdbcResponseTest] before test
[2023-01-17T10:11:54,683][INFO ][o.o.s.l.QueryIT          ] [caseWhenJdbcResponseTest] after test
[2023-01-17T10:11:54,690][INFO ][o.o.s.l.QueryIT          ] [testWhereWithBoolEqualsFalse] before test
[2023-01-17T10:11:54,724][INFO ][o.o.s.l.QueryIT          ] [testWhereWithBoolEqualsFalse] after test
[2023-01-17T10:11:54,732][INFO ][o.o.s.l.QueryIT          ] [termQueryWithNumber] before test
[2023-01-17T10:11:54,769][INFO ][o.o.s.l.QueryIT          ] [termQueryWithNumber] after test
[2023-01-17T10:11:54,784][INFO ][o.o.s.l.QueryIT          ] [backticksQuotedAliasTest] before test
[2023-01-17T10:11:54,870][INFO ][o.o.s.l.QueryIT          ] [backticksQuotedAliasTest] after test
[2023-01-17T10:11:54,880][INFO ][o.o.s.l.QueryIT          ] [selectAllWithFieldAndGroupBy] before test
[2023-01-17T10:11:54,912][INFO ][o.o.s.l.QueryIT          ] [selectAllWithFieldAndGroupBy] after test
[2023-01-17T10:11:54,922][INFO ][o.o.s.l.QueryIT          ] [inTest] before test
[2023-01-17T10:11:54,952][INFO ][o.o.s.l.QueryIT          ] [inTest] after test
[2023-01-17T10:11:54,959][INFO ][o.o.s.l.QueryIT          ] [orderByAscFieldWithSpaceTest] before test
[2023-01-17T10:11:54,987][INFO ][o.o.s.l.QueryIT          ] [orderByAscFieldWithSpaceTest] after test
[2023-01-17T10:11:54,994][INFO ][o.o.s.l.QueryIT          ] [testWhereWithBoolIsNotFalse] before test
[2023-01-17T10:11:55,027][INFO ][o.o.s.l.QueryIT          ] [testWhereWithBoolIsNotFalse] after test
[2023-01-17T10:11:55,034][INFO ][o.o.s.l.QueryIT          ] [likeTest] before test
[2023-01-17T10:11:55,070][INFO ][o.o.s.l.QueryIT          ] [likeTest] after test
[2023-01-17T10:11:55,078][INFO ][o.o.s.l.QueryIT          ] [backticksQuotedAliasWithSpecialCharactersTest] before test
[2023-01-17T10:11:55,126][INFO ][o.o.s.l.QueryIT          ] [backticksQuotedAliasWithSpecialCharactersTest] after test
[2023-01-17T10:11:55,132][INFO ][o.o.s.l.QueryIT          ] [searchTypeTest] before test
[2023-01-17T10:11:55,160][INFO ][o.o.s.l.QueryIT          ] [searchTypeTest] after test
[2023-01-17T10:11:55,166][INFO ][o.o.s.l.QueryIT          ] [selectAllWithFieldAndGroupByReverseOrder] before test
[2023-01-17T10:11:55,205][INFO ][o.o.s.l.QueryIT          ] [selectAllWithFieldAndGroupByReverseOrder] after test
[2023-01-17T10:11:55,211][INFO ][o.o.s.l.QueryIT          ] [testWhereWithBoolEqualsTrueAndGroupBy] before test
[2023-01-17T10:11:55,239][INFO ][o.o.s.l.QueryIT          ] [testWhereWithBoolEqualsTrueAndGroupBy] after test
[2023-01-17T10:11:55,246][INFO ][o.o.s.l.QueryIT          ] [selectAllWithFieldReverseOrder] before test
[2023-01-17T10:11:55,279][INFO ][o.o.s.l.QueryIT          ] [selectAllWithFieldReverseOrder] after test
[2023-01-17T10:11:55,285][INFO ][o.o.s.l.QueryIT          ] [complexObjectSearch] before test
[2023-01-17T10:11:55,313][INFO ][o.o.s.l.QueryIT          ] [complexObjectSearch] after test
[2023-01-17T10:11:55,319][INFO ][o.o.s.l.QueryIT          ] [selectSpecificFields] before test
[2023-01-17T10:11:55,350][INFO ][o.o.s.l.QueryIT          ] [selectSpecificFields] after test
[2023-01-17T10:11:55,356][INFO ][o.o.s.l.QueryIT          ] [caseWhenSwitchTest] before test
[2023-01-17T10:11:55,383][INFO ][o.o.s.l.QueryIT          ] [caseWhenSwitchTest] after test
[2023-01-17T10:11:55,389][INFO ][o.o.s.l.QueryIT          ] [testMultiPartWhere] before test
[2023-01-17T10:11:55,417][INFO ][o.o.s.l.QueryIT          ] [testMultiPartWhere] after test
[2023-01-17T10:11:55,424][INFO ][o.o.s.l.QueryIT          ] [nestedEqualsTestFieldNormalField] before test
[2023-01-17T10:11:55,456][INFO ][o.o.s.l.QueryIT          ] [nestedEqualsTestFieldNormalField] after test
[2023-01-17T10:11:55,463][INFO ][o.o.s.l.QueryIT          ] [termQueryWithStringIdentifier] before test
[2023-01-17T10:11:55,493][INFO ][o.o.s.l.QueryIT          ] [termQueryWithStringIdentifier] after test
[2023-01-17T10:11:55,499][INFO ][o.o.s.l.QueryIT          ] [innerQueryTest] before test
[2023-01-17T10:11:55,531][INFO ][o.o.s.l.QueryIT          ] [innerQueryTest] after test
[2023-01-17T10:11:55,538][INFO ][o.o.s.l.QueryIT          ] [filterPolygonTest] before test
[2023-01-17T10:11:55,571][INFO ][o.o.s.l.QueryIT          ] [filterPolygonTest] after test
[2023-01-17T10:11:55,578][INFO ][o.o.s.l.QueryIT          ] [dateBetweenSearch] before test
[2023-01-17T10:11:55,613][INFO ][o.o.s.l.QueryIT          ] [dateBetweenSearch] after test
[2023-01-17T10:11:55,621][INFO ][o.o.s.l.QueryIT          ] [selectAllWithFieldReturnsAll] before test
[2023-01-17T10:11:55,649][INFO ][o.o.s.l.QueryIT          ] [selectAllWithFieldReturnsAll] after test
[2023-01-17T10:11:55,655][INFO ][o.o.s.l.QueryIT          ] [selectAllWithMultipleFields] before test
[2023-01-17T10:11:55,682][INFO ][o.o.s.l.QueryIT          ] [selectAllWithMultipleFields] after test
[2023-01-17T10:11:55,689][INFO ][o.o.s.l.QueryIT          ] [orderByDescTest] before test
[2023-01-17T10:11:55,717][INFO ][o.o.s.l.QueryIT          ] [orderByDescTest] after test
[2023-01-17T10:11:55,723][INFO ][o.o.s.l.QueryIT          ] [betweenTest] before test
[2023-01-17T10:11:55,755][INFO ][o.o.s.l.QueryIT          ] [betweenTest] after test
[2023-01-17T10:11:55,763][INFO ][o.o.s.l.QueryIT          ] [regexQueryTest] before test
[2023-01-17T10:11:55,792][INFO ][o.o.s.l.QueryIT          ] [regexQueryTest] after test
[2023-01-17T10:11:55,798][INFO ][o.o.s.l.QueryIT          ] [doubleNotTest] before test
[2023-01-17T10:11:55,827][INFO ][o.o.s.l.QueryIT          ] [doubleNotTest] after test
[2023-01-17T10:11:55,834][INFO ][o.o.s.l.QueryIT          ] [isNotNullTest] before test
[2023-01-17T10:11:55,862][INFO ][o.o.s.l.QueryIT          ] [isNotNullTest] after test
[2023-01-17T10:11:55,869][INFO ][o.o.s.l.QueryIT          ] [multipleFromTest] before test
[2023-01-17T10:11:55,896][INFO ][o.o.s.l.QueryIT          ] [multipleFromTest] after test
[2023-01-17T10:11:55,902][INFO ][o.o.s.l.QueryIT          ] [testWhereWithBoolEqualsFalseAndOrderBy] before test
[2023-01-17T10:11:55,935][INFO ][o.o.s.l.QueryIT          ] [testWhereWithBoolEqualsFalseAndOrderBy] after test
[2023-01-17T10:11:55,941][INFO ][o.o.s.l.QueryIT          ] [testMultiPartWhere3] before test
[2023-01-17T10:11:55,970][INFO ][o.o.s.l.QueryIT          ] [testMultiPartWhere3] after test
[2023-01-17T10:11:55,976][INFO ][o.o.s.l.QueryIT          ] [orderByDescUsingTableAliasTest] before test
[2023-01-17T10:11:56,002][INFO ][o.o.s.l.QueryIT          ] [orderByDescUsingTableAliasTest] after test
[2023-01-17T10:11:56,008][INFO ][o.o.s.l.QueryIT          ] [testWhereWithBoolEqualsTrueAndOrderBy] before test
[2023-01-17T10:11:56,039][INFO ][o.o.s.l.QueryIT          ] [testWhereWithBoolEqualsTrueAndOrderBy] after test
[2023-01-17T10:11:56,045][INFO ][o.o.s.l.QueryIT          ] [orderByAscTest] before test
[2023-01-17T10:11:56,075][INFO ][o.o.s.l.QueryIT          ] [orderByAscTest] after test
[2023-01-17T10:11:56,081][INFO ][o.o.s.l.QueryIT          ] [queryEndWithSemiColonTest] before test
[2023-01-17T10:11:56,136][INFO ][o.o.s.l.QueryIT          ] [queryEndWithSemiColonTest] after test
[2023-01-17T10:11:56,142][INFO ][o.o.s.l.QueryIT          ] [notUseTableAliasInWhereClauseTest] before test
[2023-01-17T10:11:56,173][INFO ][o.o.s.l.QueryIT          ] [notUseTableAliasInWhereClauseTest] after test
[2023-01-17T10:11:56,179][INFO ][o.o.s.l.QueryIT          ] [testWhereWithBoolEqualsTrue] before test
[2023-01-17T10:11:56,215][INFO ][o.o.s.l.QueryIT          ] [testWhereWithBoolEqualsTrue] after test
[2023-01-17T10:11:56,221][INFO ][o.o.s.l.QueryIT          ] [termQueryWithStringLiteral] before test
[2023-01-17T10:11:56,251][INFO ][o.o.s.l.QueryIT          ] [termQueryWithStringLiteral] after test
[2023-01-17T10:11:56,258][INFO ][o.o.s.l.QueryIT          ] [orTest] before test
[2023-01-17T10:11:56,286][INFO ][o.o.s.l.QueryIT          ] [orTest] after test
[2023-01-17T10:11:56,293][INFO ][o.o.s.l.QueryIT          ] [complexNestedQueryBothOnSameObject] before test
[2023-01-17T10:11:56,320][INFO ][o.o.s.l.QueryIT          ] [complexNestedQueryBothOnSameObject] after test
[2023-01-17T10:11:56,327][INFO ][o.o.s.l.QueryIT          ] [equalityTestPhrase] before test
[2023-01-17T10:11:56,356][INFO ][o.o.s.l.QueryIT          ] [equalityTestPhrase] after test
[2023-01-17T10:11:56,362][INFO ][o.o.s.l.QueryIT          ] [negativeRegexQueryTest] before test
[2023-01-17T10:11:56,397][INFO ][o.o.s.l.QueryIT          ] [negativeRegexQueryTest] after test
[2023-01-17T10:11:56,403][INFO ][o.o.s.l.QueryIT          ] [nestedOnInTermsQuery] before test
[2023-01-17T10:11:56,432][INFO ][o.o.s.l.QueryIT          ] [nestedOnInTermsQuery] after test
[2023-01-17T10:11:56,438][INFO ][o.o.s.l.QueryIT          ] [inTermsWithNumbers] before test
[2023-01-17T10:11:56,468][INFO ][o.o.s.l.QueryIT          ] [inTermsWithNumbers] after test
[2023-01-17T10:11:56,475][INFO ][o.o.s.l.QueryIT          ] [notInTest] before test
[2023-01-17T10:11:56,502][INFO ][o.o.s.l.QueryIT          ] [notInTest] after test
[2023-01-17T10:11:56,509][INFO ][o.o.s.l.QueryIT          ] [complexObjectReturnField] before test
[2023-01-17T10:11:56,542][INFO ][o.o.s.l.QueryIT          ] [complexObjectReturnField] after test
[2023-01-17T10:11:56,548][INFO ][o.o.s.l.QueryIT          ] [inTestWithStrings] before test
[2023-01-17T10:11:56,579][INFO ][o.o.s.l.QueryIT          ] [inTestWithStrings] after test
[2023-01-17T10:11:56,585][INFO ][o.o.s.l.QueryIT          ] [notLikeTests] before test
[2023-01-17T10:11:56,613][INFO ][o.o.s.l.QueryIT          ] [notLikeTests] after test
[2023-01-17T10:11:56,620][INFO ][o.o.s.l.QueryIT          ] [boundingBox] before test
[2023-01-17T10:11:56,657][INFO ][o.o.s.l.QueryIT          ] [boundingBox] after test
[2023-01-17T10:11:56,665][INFO ][o.o.s.l.QueryIT          ] [equalityTest] before test
[2023-01-17T10:11:56,693][INFO ][o.o.s.l.QueryIT          ] [equalityTest] after test
[2023-01-17T10:11:56,700][INFO ][o.o.s.l.QueryIT          ] [greaterThanTest] before test
[2023-01-17T10:11:56,732][INFO ][o.o.s.l.QueryIT          ] [greaterThanTest] after test
[2023-01-17T10:11:56,739][INFO ][o.o.s.l.QueryIT          ] [inTermsTestWithStrings] before test
[2023-01-17T10:11:56,767][INFO ][o.o.s.l.QueryIT          ] [inTermsTestWithStrings] after test
[2023-01-17T10:11:56,774][INFO ][o.o.s.l.QueryIT          ] [lessThanOrEqualTest] before test
[2023-01-17T10:11:56,809][INFO ][o.o.s.l.QueryIT          ] [lessThanOrEqualTest] after test
[2023-01-17T10:11:56,817][INFO ][o.o.s.l.QueryIT          ] [backticksQuotedAliasInJDBCResponseTest] before test
[2023-01-17T10:11:56,866][INFO ][o.o.s.l.QueryIT          ] [backticksQuotedAliasInJDBCResponseTest] after test
[2023-01-17T10:11:56,876][INFO ][o.o.s.l.QueryIT          ] [inTermsTestWithIdentifiersTreatedLikeStrings] before test
[2023-01-17T10:11:56,907][INFO ][o.o.s.l.QueryIT          ] [inTermsTestWithIdentifiersTreatedLikeStrings] after test
[2023-01-17T10:11:56,914][INFO ][o.o.s.l.QueryIT          ] [andTest] before test
[2023-01-17T10:11:56,943][INFO ][o.o.s.l.QueryIT          ] [andTest] after test
[2023-01-17T10:11:56,949][INFO ][o.o.s.l.QueryIT          ] [notBetweenTest] before test
[2023-01-17T10:11:56,980][INFO ][o.o.s.l.QueryIT          ] [notBetweenTest] after test
[2023-01-17T10:11:56,987][INFO ][o.o.s.l.QueryIT          ] [notLikeTest] before test
[2023-01-17T10:11:57,021][INFO ][o.o.s.l.QueryIT          ] [notLikeTest] after test
[2023-01-17T10:11:57,028][INFO ][o.o.s.l.QueryIT          ] [complexNestedQueryNotBothOnSameObject] before test
[2023-01-17T10:11:57,058][INFO ][o.o.s.l.QueryIT          ] [complexNestedQueryNotBothOnSameObject] after test
[2023-01-17T10:11:57,066][INFO ][o.o.s.l.QueryIT          ] [isNullTest] before test
[2023-01-17T10:11:57,096][INFO ][o.o.s.l.QueryIT          ] [isNullTest] after test
[2023-01-17T10:11:57,103][INFO ][o.o.s.l.QueryIT          ] [selectSpecificFieldsUsingTableAlias] before test
[2023-01-17T10:11:57,137][INFO ][o.o.s.l.QueryIT          ] [selectSpecificFieldsUsingTableAlias] after test
[2023-01-17T10:11:57,143][INFO ][o.o.s.l.QueryIT          ] [geoPolygon] before test
[2023-01-17T10:11:57,176][INFO ][o.o.s.l.QueryIT          ] [geoPolygon] after test
[2023-01-17T10:11:57,183][INFO ][o.o.s.l.QueryIT          ] [complexNotConditionQuery] before test
[2023-01-17T10:11:57,211][INFO ][o.o.s.l.QueryIT          ] [complexNotConditionQuery] after test
[2023-01-17T10:11:57,220][INFO ][o.o.s.l.QueryIT          ] [greaterThanOrEqualTest] before test
[2023-01-17T10:11:57,250][INFO ][o.o.s.l.QueryIT          ] [greaterThanOrEqualTest] after test
[2023-01-17T10:11:57,256][INFO ][o.o.s.l.QueryIT          ] [lessThanTest] before test
[2023-01-17T10:11:57,288][INFO ][o.o.s.l.QueryIT          ] [lessThanTest] after test
[2023-01-17T10:11:57,294][INFO ][o.o.s.l.QueryIT          ] [geoDistance] before test
[2023-01-17T10:11:57,320][INFO ][o.o.s.l.QueryIT          ] [geoDistance] after test
[2023-01-17T10:11:57,326][INFO ][o.o.s.l.QueryIT          ] [testWhereWithBoolEqualsFalseAndGroupBy] before test
[2023-01-17T10:11:57,353][INFO ][o.o.s.l.QueryIT          ] [testWhereWithBoolEqualsFalseAndGroupBy] after test
[2023-01-17T10:11:57,360][INFO ][o.o.s.l.QueryIT          ] [highlightPreTagsAndPostTags] before test
[2023-01-17T10:11:57,390][INFO ][o.o.s.l.QueryIT          ] [highlightPreTagsAndPostTags] after test
[2023-01-17T10:11:57,397][INFO ][o.o.s.l.QueryIT          ] [testWhereWithBoolIsTrue] before test
[2023-01-17T10:11:57,427][INFO ][o.o.s.l.QueryIT          ] [testWhereWithBoolIsTrue] after test
[2023-01-17T10:11:57,434][INFO ][o.o.s.l.QueryIT          ] [selectFieldWithAliasAndGroupBy] before test
[2023-01-17T10:11:57,504][INFO ][o.o.s.l.QueryIT          ] [selectFieldWithAliasAndGroupBy] after test
[2023-01-17T10:11:57,510][INFO ][o.o.s.l.QueryIT          ] [selectFieldWithSpace] before test
[2023-01-17T10:11:57,542][INFO ][o.o.s.l.QueryIT          ] [selectFieldWithSpace] after test
[2023-01-17T10:11:57,550][INFO ][o.o.s.l.QueryIT          ] [multipleIndicesOneNotExistWithoutHint] before test
[2023-01-17T10:11:57,581][INFO ][o.o.s.l.QueryIT          ] [multipleIndicesOneNotExistWithoutHint] after test
[2023-01-17T10:11:57,587][INFO ][o.o.s.l.QueryIT          ] [nestedEqualsTestFieldInsideArrays] before test
[2023-01-17T10:11:57,617][INFO ][o.o.s.l.QueryIT          ] [nestedEqualsTestFieldInsideArrays] after test
[2023-01-17T10:11:57,623][INFO ][o.o.s.l.QueryIT          ] [useTableNamePrefixInWhereClauseTest] before test
[2023-01-17T10:11:57,654][INFO ][o.o.s.l.QueryIT          ] [useTableNamePrefixInWhereClauseTest] after test
[2023-01-17T10:11:57,664][INFO ][o.o.s.l.QueryIT          ] [complexConditionQuery] before test
[2023-01-17T10:11:57,695][INFO ][o.o.s.l.QueryIT          ] [complexConditionQuery] after test
[2023-01-17T10:11:57,702][INFO ][o.o.s.l.QueryIT          ] [backticksQuotedFieldNamesTest] before test
[2023-01-17T10:11:57,748][INFO ][o.o.s.l.QueryIT          ] [backticksQuotedFieldNamesTest] after test
[2023-01-17T10:11:57,754][INFO ][o.o.s.l.QueryIT          ] [testWhereWithBoolIsFalse] before test
[2023-01-17T10:11:57,782][INFO ][o.o.s.l.QueryIT          ] [testWhereWithBoolIsFalse] after test
[2023-01-17T10:11:57,788][INFO ][o.o.s.l.QueryIT          ] [useTableAliasInWhereClauseTest] before test
[2023-01-17T10:11:57,819][INFO ][o.o.s.l.QueryIT          ] [useTableAliasInWhereClauseTest] after test
[2023-01-17T10:11:57,825][INFO ][o.o.s.l.QueryIT          ] [limitTest] before test
[2023-01-17T10:11:57,852][INFO ][o.o.s.l.QueryIT          ] [limitTest] after test
[2023-01-17T10:11:57,858][INFO ][o.o.s.l.QueryIT          ] [selectAllWithFieldAndOrderBy] before test
[2023-01-17T10:11:57,885][INFO ][o.o.s.l.QueryIT          ] [selectAllWithFieldAndOrderBy] after test
[2023-01-17T10:11:57,891][INFO ][o.o.s.l.QueryIT          ] [testWhereWithBoolIsNotTrue] before test
[2023-01-17T10:11:57,920][INFO ][o.o.s.l.QueryIT          ] [testWhereWithBoolIsNotTrue] after test
[2023-01-17T10:11:57,927][INFO ][o.o.s.l.QueryIT          ] [dateSearch] before test
[2023-01-17T10:11:57,955][INFO ][o.o.s.l.QueryIT          ] [dateSearch] after test
]]></system-out>
  <system-err><![CDATA[REPRODUCE WITH: ./gradlew ':integ-test:integTest' --tests "org.opensearch.sql.legacy.QueryIT.missFilterSearch" -Dtests.seed=B058E8962C1F801C -Dtests.security.manager=false -Dtests.locale=fi -Dtests.timezone=Etc/GMT+6 -Druntime.java=17
REPRODUCE WITH: ./gradlew ':integ-test:integTest' --tests "org.opensearch.sql.legacy.QueryIT.dateSearchBraces" -Dtests.seed=B058E8962C1F801C -Dtests.security.manager=false -Dtests.locale=fi -Dtests.timezone=Etc/GMT+6 -Druntime.java=17
REPRODUCE WITH: ./gradlew ':integ-test:integTest' --tests "org.opensearch.sql.legacy.QueryIT.selectSpecificFieldsUsingTableNamePrefix" -Dtests.seed=B058E8962C1F801C -Dtests.security.manager=false -Dtests.locale=fi -Dtests.timezone=Etc/GMT+6 -Druntime.java=17
REPRODUCE WITH: ./gradlew ':integ-test:integTest' --tests "org.opensearch.sql.legacy.QueryIT.testMultiPartWhere2" -Dtests.seed=B058E8962C1F801C -Dtests.security.manager=false -Dtests.locale=fi -Dtests.timezone=Etc/GMT+6 -Druntime.java=17
REPRODUCE WITH: ./gradlew ':integ-test:integTest' --tests "org.opensearch.sql.legacy.QueryIT.notMissFilterSearch" -Dtests.seed=B058E8962C1F801C -Dtests.security.manager=false -Dtests.locale=fi -Dtests.timezone=Etc/GMT+6 -Druntime.java=17
REPRODUCE WITH: ./gradlew ':integ-test:integTest' --tests "org.opensearch.sql.legacy.QueryIT.testWhereWithBoolEqualsFalse" -Dtests.seed=B058E8962C1F801C -Dtests.security.manager=false -Dtests.locale=fi -Dtests.timezone=Etc/GMT+6 -Druntime.java=17
REPRODUCE WITH: ./gradlew ':integ-test:integTest' --tests "org.opensearch.sql.legacy.QueryIT.termQueryWithNumber" -Dtests.seed=B058E8962C1F801C -Dtests.security.manager=false -Dtests.locale=fi -Dtests.timezone=Etc/GMT+6 -Druntime.java=17
REPRODUCE WITH: ./gradlew ':integ-test:integTest' --tests "org.opensearch.sql.legacy.QueryIT.selectAllWithFieldAndGroupBy" -Dtests.seed=B058E8962C1F801C -Dtests.security.manager=false -Dtests.locale=fi -Dtests.timezone=Etc/GMT+6 -Druntime.java=17
REPRODUCE WITH: ./gradlew ':integ-test:integTest' --tests "org.opensearch.sql.legacy.QueryIT.inTest" -Dtests.seed=B058E8962C1F801C -Dtests.security.manager=false -Dtests.locale=fi -Dtests.timezone=Etc/GMT+6 -Druntime.java=17
REPRODUCE WITH: ./gradlew ':integ-test:integTest' --tests "org.opensearch.sql.legacy.QueryIT.orderByAscFieldWithSpaceTest" -Dtests.seed=B058E8962C1F801C -Dtests.security.manager=false -Dtests.locale=fi -Dtests.timezone=Etc/GMT+6 -Druntime.java=17
REPRODUCE WITH: ./gradlew ':integ-test:integTest' --tests "org.opensearch.sql.legacy.QueryIT.testWhereWithBoolIsNotFalse" -Dtests.seed=B058E8962C1F801C -Dtests.security.manager=false -Dtests.locale=fi -Dtests.timezone=Etc/GMT+6 -Druntime.java=17
REPRODUCE WITH: ./gradlew ':integ-test:integTest' --tests "org.opensearch.sql.legacy.QueryIT.likeTest" -Dtests.seed=B058E8962C1F801C -Dtests.security.manager=false -Dtests.locale=fi -Dtests.timezone=Etc/GMT+6 -Druntime.java=17
REPRODUCE WITH: ./gradlew ':integ-test:integTest' --tests "org.opensearch.sql.legacy.QueryIT.searchTypeTest" -Dtests.seed=B058E8962C1F801C -Dtests.security.manager=false -Dtests.locale=fi -Dtests.timezone=Etc/GMT+6 -Druntime.java=17
REPRODUCE WITH: ./gradlew ':integ-test:integTest' --tests "org.opensearch.sql.legacy.QueryIT.selectAllWithFieldAndGroupByReverseOrder" -Dtests.seed=B058E8962C1F801C -Dtests.security.manager=false -Dtests.locale=fi -Dtests.timezone=Etc/GMT+6 -Druntime.java=17
REPRODUCE WITH: ./gradlew ':integ-test:integTest' --tests "org.opensearch.sql.legacy.QueryIT.testWhereWithBoolEqualsTrueAndGroupBy" -Dtests.seed=B058E8962C1F801C -Dtests.security.manager=false -Dtests.locale=fi -Dtests.timezone=Etc/GMT+6 -Druntime.java=17
REPRODUCE WITH: ./gradlew ':integ-test:integTest' --tests "org.opensearch.sql.legacy.QueryIT.selectAllWithFieldReverseOrder" -Dtests.seed=B058E8962C1F801C -Dtests.security.manager=false -Dtests.locale=fi -Dtests.timezone=Etc/GMT+6 -Druntime.java=17
REPRODUCE WITH: ./gradlew ':integ-test:integTest' --tests "org.opensearch.sql.legacy.QueryIT.complexObjectSearch" -Dtests.seed=B058E8962C1F801C -Dtests.security.manager=false -Dtests.locale=fi -Dtests.timezone=Etc/GMT+6 -Druntime.java=17
REPRODUCE WITH: ./gradlew ':integ-test:integTest' --tests "org.opensearch.sql.legacy.QueryIT.selectSpecificFields" -Dtests.seed=B058E8962C1F801C -Dtests.security.manager=false -Dtests.locale=fi -Dtests.timezone=Etc/GMT+6 -Druntime.java=17
REPRODUCE WITH: ./gradlew ':integ-test:integTest' --tests "org.opensearch.sql.legacy.QueryIT.caseWhenSwitchTest" -Dtests.seed=B058E8962C1F801C -Dtests.security.manager=false -Dtests.locale=fi -Dtests.timezone=Etc/GMT+6 -Druntime.java=17
REPRODUCE WITH: ./gradlew ':integ-test:integTest' --tests "org.opensearch.sql.legacy.QueryIT.testMultiPartWhere" -Dtests.seed=B058E8962C1F801C -Dtests.security.manager=false -Dtests.locale=fi -Dtests.timezone=Etc/GMT+6 -Druntime.java=17
REPRODUCE WITH: ./gradlew ':integ-test:integTest' --tests "org.opensearch.sql.legacy.QueryIT.nestedEqualsTestFieldNormalField" -Dtests.seed=B058E8962C1F801C -Dtests.security.manager=false -Dtests.locale=fi -Dtests.timezone=Etc/GMT+6 -Druntime.java=17
REPRODUCE WITH: ./gradlew ':integ-test:integTest' --tests "org.opensearch.sql.legacy.QueryIT.termQueryWithStringIdentifier" -Dtests.seed=B058E8962C1F801C -Dtests.security.manager=false -Dtests.locale=fi -Dtests.timezone=Etc/GMT+6 -Druntime.java=17
REPRODUCE WITH: ./gradlew ':integ-test:integTest' --tests "org.opensearch.sql.legacy.QueryIT.innerQueryTest" -Dtests.seed=B058E8962C1F801C -Dtests.security.manager=false -Dtests.locale=fi -Dtests.timezone=Etc/GMT+6 -Druntime.java=17
REPRODUCE WITH: ./gradlew ':integ-test:integTest' --tests "org.opensearch.sql.legacy.QueryIT.filterPolygonTest" -Dtests.seed=B058E8962C1F801C -Dtests.security.manager=false -Dtests.locale=fi -Dtests.timezone=Etc/GMT+6 -Druntime.java=17
REPRODUCE WITH: ./gradlew ':integ-test:integTest' --tests "org.opensearch.sql.legacy.QueryIT.dateBetweenSearch" -Dtests.seed=B058E8962C1F801C -Dtests.security.manager=false -Dtests.locale=fi -Dtests.timezone=Etc/GMT+6 -Druntime.java=17
REPRODUCE WITH: ./gradlew ':integ-test:integTest' --tests "org.opensearch.sql.legacy.QueryIT.selectAllWithFieldReturnsAll" -Dtests.seed=B058E8962C1F801C -Dtests.security.manager=false -Dtests.locale=fi -Dtests.timezone=Etc/GMT+6 -Druntime.java=17
REPRODUCE WITH: ./gradlew ':integ-test:integTest' --tests "org.opensearch.sql.legacy.QueryIT.selectAllWithMultipleFields" -Dtests.seed=B058E8962C1F801C -Dtests.security.manager=false -Dtests.locale=fi -Dtests.timezone=Etc/GMT+6 -Druntime.java=17
REPRODUCE WITH: ./gradlew ':integ-test:integTest' --tests "org.opensearch.sql.legacy.QueryIT.orderByDescTest" -Dtests.seed=B058E8962C1F801C -Dtests.security.manager=false -Dtests.locale=fi -Dtests.timezone=Etc/GMT+6 -Druntime.java=17
REPRODUCE WITH: ./gradlew ':integ-test:integTest' --tests "org.opensearch.sql.legacy.QueryIT.betweenTest" -Dtests.seed=B058E8962C1F801C -Dtests.security.manager=false -Dtests.locale=fi -Dtests.timezone=Etc/GMT+6 -Druntime.java=17
REPRODUCE WITH: ./gradlew ':integ-test:integTest' --tests "org.opensearch.sql.legacy.QueryIT.regexQueryTest" -Dtests.seed=B058E8962C1F801C -Dtests.security.manager=false -Dtests.locale=fi -Dtests.timezone=Etc/GMT+6 -Druntime.java=17
REPRODUCE WITH: ./gradlew ':integ-test:integTest' --tests "org.opensearch.sql.legacy.QueryIT.doubleNotTest" -Dtests.seed=B058E8962C1F801C -Dtests.security.manager=false -Dtests.locale=fi -Dtests.timezone=Etc/GMT+6 -Druntime.java=17
REPRODUCE WITH: ./gradlew ':integ-test:integTest' --tests "org.opensearch.sql.legacy.QueryIT.isNotNullTest" -Dtests.seed=B058E8962C1F801C -Dtests.security.manager=false -Dtests.locale=fi -Dtests.timezone=Etc/GMT+6 -Druntime.java=17
REPRODUCE WITH: ./gradlew ':integ-test:integTest' --tests "org.opensearch.sql.legacy.QueryIT.multipleFromTest" -Dtests.seed=B058E8962C1F801C -Dtests.security.manager=false -Dtests.locale=fi -Dtests.timezone=Etc/GMT+6 -Druntime.java=17
REPRODUCE WITH: ./gradlew ':integ-test:integTest' --tests "org.opensearch.sql.legacy.QueryIT.testWhereWithBoolEqualsFalseAndOrderBy" -Dtests.seed=B058E8962C1F801C -Dtests.security.manager=false -Dtests.locale=fi -Dtests.timezone=Etc/GMT+6 -Druntime.java=17
REPRODUCE WITH: ./gradlew ':integ-test:integTest' --tests "org.opensearch.sql.legacy.QueryIT.testMultiPartWhere3" -Dtests.seed=B058E8962C1F801C -Dtests.security.manager=false -Dtests.locale=fi -Dtests.timezone=Etc/GMT+6 -Druntime.java=17
REPRODUCE WITH: ./gradlew ':integ-test:integTest' --tests "org.opensearch.sql.legacy.QueryIT.orderByDescUsingTableAliasTest" -Dtests.seed=B058E8962C1F801C -Dtests.security.manager=false -Dtests.locale=fi -Dtests.timezone=Etc/GMT+6 -Druntime.java=17
REPRODUCE WITH: ./gradlew ':integ-test:integTest' --tests "org.opensearch.sql.legacy.QueryIT.testWhereWithBoolEqualsTrueAndOrderBy" -Dtests.seed=B058E8962C1F801C -Dtests.security.manager=false -Dtests.locale=fi -Dtests.timezone=Etc/GMT+6 -Druntime.java=17
REPRODUCE WITH: ./gradlew ':integ-test:integTest' --tests "org.opensearch.sql.legacy.QueryIT.orderByAscTest" -Dtests.seed=B058E8962C1F801C -Dtests.security.manager=false -Dtests.locale=fi -Dtests.timezone=Etc/GMT+6 -Druntime.java=17
REPRODUCE WITH: ./gradlew ':integ-test:integTest' --tests "org.opensearch.sql.legacy.QueryIT.notUseTableAliasInWhereClauseTest" -Dtests.seed=B058E8962C1F801C -Dtests.security.manager=false -Dtests.locale=fi -Dtests.timezone=Etc/GMT+6 -Druntime.java=17
REPRODUCE WITH: ./gradlew ':integ-test:integTest' --tests "org.opensearch.sql.legacy.QueryIT.testWhereWithBoolEqualsTrue" -Dtests.seed=B058E8962C1F801C -Dtests.security.manager=false -Dtests.locale=fi -Dtests.timezone=Etc/GMT+6 -Druntime.java=17
REPRODUCE WITH: ./gradlew ':integ-test:integTest' --tests "org.opensearch.sql.legacy.QueryIT.termQueryWithStringLiteral" -Dtests.seed=B058E8962C1F801C -Dtests.security.manager=false -Dtests.locale=fi -Dtests.timezone=Etc/GMT+6 -Druntime.java=17
REPRODUCE WITH: ./gradlew ':integ-test:integTest' --tests "org.opensearch.sql.legacy.QueryIT.orTest" -Dtests.seed=B058E8962C1F801C -Dtests.security.manager=false -Dtests.locale=fi -Dtests.timezone=Etc/GMT+6 -Druntime.java=17
REPRODUCE WITH: ./gradlew ':integ-test:integTest' --tests "org.opensearch.sql.legacy.QueryIT.complexNestedQueryBothOnSameObject" -Dtests.seed=B058E8962C1F801C -Dtests.security.manager=false -Dtests.locale=fi -Dtests.timezone=Etc/GMT+6 -Druntime.java=17
REPRODUCE WITH: ./gradlew ':integ-test:integTest' --tests "org.opensearch.sql.legacy.QueryIT.equalityTestPhrase" -Dtests.seed=B058E8962C1F801C -Dtests.security.manager=false -Dtests.locale=fi -Dtests.timezone=Etc/GMT+6 -Druntime.java=17
REPRODUCE WITH: ./gradlew ':integ-test:integTest' --tests "org.opensearch.sql.legacy.QueryIT.negativeRegexQueryTest" -Dtests.seed=B058E8962C1F801C -Dtests.security.manager=false -Dtests.locale=fi -Dtests.timezone=Etc/GMT+6 -Druntime.java=17
REPRODUCE WITH: ./gradlew ':integ-test:integTest' --tests "org.opensearch.sql.legacy.QueryIT.nestedOnInTermsQuery" -Dtests.seed=B058E8962C1F801C -Dtests.security.manager=false -Dtests.locale=fi -Dtests.timezone=Etc/GMT+6 -Druntime.java=17
REPRODUCE WITH: ./gradlew ':integ-test:integTest' --tests "org.opensearch.sql.legacy.QueryIT.inTermsWithNumbers" -Dtests.seed=B058E8962C1F801C -Dtests.security.manager=false -Dtests.locale=fi -Dtests.timezone=Etc/GMT+6 -Druntime.java=17
REPRODUCE WITH: ./gradlew ':integ-test:integTest' --tests "org.opensearch.sql.legacy.QueryIT.notInTest" -Dtests.seed=B058E8962C1F801C -Dtests.security.manager=false -Dtests.locale=fi -Dtests.timezone=Etc/GMT+6 -Druntime.java=17
REPRODUCE WITH: ./gradlew ':integ-test:integTest' --tests "org.opensearch.sql.legacy.QueryIT.complexObjectReturnField" -Dtests.seed=B058E8962C1F801C -Dtests.security.manager=false -Dtests.locale=fi -Dtests.timezone=Etc/GMT+6 -Druntime.java=17
REPRODUCE WITH: ./gradlew ':integ-test:integTest' --tests "org.opensearch.sql.legacy.QueryIT.inTestWithStrings" -Dtests.seed=B058E8962C1F801C -Dtests.security.manager=false -Dtests.locale=fi -Dtests.timezone=Etc/GMT+6 -Druntime.java=17
REPRODUCE WITH: ./gradlew ':integ-test:integTest' --tests "org.opensearch.sql.legacy.QueryIT.notLikeTests" -Dtests.seed=B058E8962C1F801C -Dtests.security.manager=false -Dtests.locale=fi -Dtests.timezone=Etc/GMT+6 -Druntime.java=17
REPRODUCE WITH: ./gradlew ':integ-test:integTest' --tests "org.opensearch.sql.legacy.QueryIT.boundingBox" -Dtests.seed=B058E8962C1F801C -Dtests.security.manager=false -Dtests.locale=fi -Dtests.timezone=Etc/GMT+6 -Druntime.java=17
REPRODUCE WITH: ./gradlew ':integ-test:integTest' --tests "org.opensearch.sql.legacy.QueryIT.equalityTest" -Dtests.seed=B058E8962C1F801C -Dtests.security.manager=false -Dtests.locale=fi -Dtests.timezone=Etc/GMT+6 -Druntime.java=17
REPRODUCE WITH: ./gradlew ':integ-test:integTest' --tests "org.opensearch.sql.legacy.QueryIT.greaterThanTest" -Dtests.seed=B058E8962C1F801C -Dtests.security.manager=false -Dtests.locale=fi -Dtests.timezone=Etc/GMT+6 -Druntime.java=17
REPRODUCE WITH: ./gradlew ':integ-test:integTest' --tests "org.opensearch.sql.legacy.QueryIT.inTermsTestWithStrings" -Dtests.seed=B058E8962C1F801C -Dtests.security.manager=false -Dtests.locale=fi -Dtests.timezone=Etc/GMT+6 -Druntime.java=17
REPRODUCE WITH: ./gradlew ':integ-test:integTest' --tests "org.opensearch.sql.legacy.QueryIT.lessThanOrEqualTest" -Dtests.seed=B058E8962C1F801C -Dtests.security.manager=false -Dtests.locale=fi -Dtests.timezone=Etc/GMT+6 -Druntime.java=17
REPRODUCE WITH: ./gradlew ':integ-test:integTest' --tests "org.opensearch.sql.legacy.QueryIT.inTermsTestWithIdentifiersTreatedLikeStrings" -Dtests.seed=B058E8962C1F801C -Dtests.security.manager=false -Dtests.locale=fi -Dtests.timezone=Etc/GMT+6 -Druntime.java=17
REPRODUCE WITH: ./gradlew ':integ-test:integTest' --tests "org.opensearch.sql.legacy.QueryIT.andTest" -Dtests.seed=B058E8962C1F801C -Dtests.security.manager=false -Dtests.locale=fi -Dtests.timezone=Etc/GMT+6 -Druntime.java=17
REPRODUCE WITH: ./gradlew ':integ-test:integTest' --tests "org.opensearch.sql.legacy.QueryIT.notBetweenTest" -Dtests.seed=B058E8962C1F801C -Dtests.security.manager=false -Dtests.locale=fi -Dtests.timezone=Etc/GMT+6 -Druntime.java=17
REPRODUCE WITH: ./gradlew ':integ-test:integTest' --tests "org.opensearch.sql.legacy.QueryIT.notLikeTest" -Dtests.seed=B058E8962C1F801C -Dtests.security.manager=false -Dtests.locale=fi -Dtests.timezone=Etc/GMT+6 -Druntime.java=17
REPRODUCE WITH: ./gradlew ':integ-test:integTest' --tests "org.opensearch.sql.legacy.QueryIT.complexNestedQueryNotBothOnSameObject" -Dtests.seed=B058E8962C1F801C -Dtests.security.manager=false -Dtests.locale=fi -Dtests.timezone=Etc/GMT+6 -Druntime.java=17
REPRODUCE WITH: ./gradlew ':integ-test:integTest' --tests "org.opensearch.sql.legacy.QueryIT.isNullTest" -Dtests.seed=B058E8962C1F801C -Dtests.security.manager=false -Dtests.locale=fi -Dtests.timezone=Etc/GMT+6 -Druntime.java=17
REPRODUCE WITH: ./gradlew ':integ-test:integTest' --tests "org.opensearch.sql.legacy.QueryIT.selectSpecificFieldsUsingTableAlias" -Dtests.seed=B058E8962C1F801C -Dtests.security.manager=false -Dtests.locale=fi -Dtests.timezone=Etc/GMT+6 -Druntime.java=17
REPRODUCE WITH: ./gradlew ':integ-test:integTest' --tests "org.opensearch.sql.legacy.QueryIT.geoPolygon" -Dtests.seed=B058E8962C1F801C -Dtests.security.manager=false -Dtests.locale=fi -Dtests.timezone=Etc/GMT+6 -Druntime.java=17
REPRODUCE WITH: ./gradlew ':integ-test:integTest' --tests "org.opensearch.sql.legacy.QueryIT.complexNotConditionQuery" -Dtests.seed=B058E8962C1F801C -Dtests.security.manager=false -Dtests.locale=fi -Dtests.timezone=Etc/GMT+6 -Druntime.java=17
REPRODUCE WITH: ./gradlew ':integ-test:integTest' --tests "org.opensearch.sql.legacy.QueryIT.greaterThanOrEqualTest" -Dtests.seed=B058E8962C1F801C -Dtests.security.manager=false -Dtests.locale=fi -Dtests.timezone=Etc/GMT+6 -Druntime.java=17
REPRODUCE WITH: ./gradlew ':integ-test:integTest' --tests "org.opensearch.sql.legacy.QueryIT.lessThanTest" -Dtests.seed=B058E8962C1F801C -Dtests.security.manager=false -Dtests.locale=fi -Dtests.timezone=Etc/GMT+6 -Druntime.java=17
REPRODUCE WITH: ./gradlew ':integ-test:integTest' --tests "org.opensearch.sql.legacy.QueryIT.geoDistance" -Dtests.seed=B058E8962C1F801C -Dtests.security.manager=false -Dtests.locale=fi -Dtests.timezone=Etc/GMT+6 -Druntime.java=17
REPRODUCE WITH: ./gradlew ':integ-test:integTest' --tests "org.opensearch.sql.legacy.QueryIT.testWhereWithBoolEqualsFalseAndGroupBy" -Dtests.seed=B058E8962C1F801C -Dtests.security.manager=false -Dtests.locale=fi -Dtests.timezone=Etc/GMT+6 -Druntime.java=17
REPRODUCE WITH: ./gradlew ':integ-test:integTest' --tests "org.opensearch.sql.legacy.QueryIT.highlightPreTagsAndPostTags" -Dtests.seed=B058E8962C1F801C -Dtests.security.manager=false -Dtests.locale=fi -Dtests.timezone=Etc/GMT+6 -Druntime.java=17
REPRODUCE WITH: ./gradlew ':integ-test:integTest' --tests "org.opensearch.sql.legacy.QueryIT.testWhereWithBoolIsTrue" -Dtests.seed=B058E8962C1F801C -Dtests.security.manager=false -Dtests.locale=fi -Dtests.timezone=Etc/GMT+6 -Druntime.java=17
REPRODUCE WITH: ./gradlew ':integ-test:integTest' --tests "org.opensearch.sql.legacy.QueryIT.selectFieldWithSpace" -Dtests.seed=B058E8962C1F801C -Dtests.security.manager=false -Dtests.locale=fi -Dtests.timezone=Etc/GMT+6 -Druntime.java=17
REPRODUCE WITH: ./gradlew ':integ-test:integTest' --tests "org.opensearch.sql.legacy.QueryIT.multipleIndicesOneNotExistWithoutHint" -Dtests.seed=B058E8962C1F801C -Dtests.security.manager=false -Dtests.locale=fi -Dtests.timezone=Etc/GMT+6 -Druntime.java=17
REPRODUCE WITH: ./gradlew ':integ-test:integTest' --tests "org.opensearch.sql.legacy.QueryIT.nestedEqualsTestFieldInsideArrays" -Dtests.seed=B058E8962C1F801C -Dtests.security.manager=false -Dtests.locale=fi -Dtests.timezone=Etc/GMT+6 -Druntime.java=17
REPRODUCE WITH: ./gradlew ':integ-test:integTest' --tests "org.opensearch.sql.legacy.QueryIT.useTableNamePrefixInWhereClauseTest" -Dtests.seed=B058E8962C1F801C -Dtests.security.manager=false -Dtests.locale=fi -Dtests.timezone=Etc/GMT+6 -Druntime.java=17
REPRODUCE WITH: ./gradlew ':integ-test:integTest' --tests "org.opensearch.sql.legacy.QueryIT.complexConditionQuery" -Dtests.seed=B058E8962C1F801C -Dtests.security.manager=false -Dtests.locale=fi -Dtests.timezone=Etc/GMT+6 -Druntime.java=17
REPRODUCE WITH: ./gradlew ':integ-test:integTest' --tests "org.opensearch.sql.legacy.QueryIT.testWhereWithBoolIsFalse" -Dtests.seed=B058E8962C1F801C -Dtests.security.manager=false -Dtests.locale=fi -Dtests.timezone=Etc/GMT+6 -Druntime.java=17
REPRODUCE WITH: ./gradlew ':integ-test:integTest' --tests "org.opensearch.sql.legacy.QueryIT.useTableAliasInWhereClauseTest" -Dtests.seed=B058E8962C1F801C -Dtests.security.manager=false -Dtests.locale=fi -Dtests.timezone=Etc/GMT+6 -Druntime.java=17
REPRODUCE WITH: ./gradlew ':integ-test:integTest' --tests "org.opensearch.sql.legacy.QueryIT.limitTest" -Dtests.seed=B058E8962C1F801C -Dtests.security.manager=false -Dtests.locale=fi -Dtests.timezone=Etc/GMT+6 -Druntime.java=17
REPRODUCE WITH: ./gradlew ':integ-test:integTest' --tests "org.opensearch.sql.legacy.QueryIT.selectAllWithFieldAndOrderBy" -Dtests.seed=B058E8962C1F801C -Dtests.security.manager=false -Dtests.locale=fi -Dtests.timezone=Etc/GMT+6 -Druntime.java=17
REPRODUCE WITH: ./gradlew ':integ-test:integTest' --tests "org.opensearch.sql.legacy.QueryIT.testWhereWithBoolIsNotTrue" -Dtests.seed=B058E8962C1F801C -Dtests.security.manager=false -Dtests.locale=fi -Dtests.timezone=Etc/GMT+6 -Druntime.java=17
REPRODUCE WITH: ./gradlew ':integ-test:integTest' --tests "org.opensearch.sql.legacy.QueryIT.dateSearch" -Dtests.seed=B058E8962C1F801C -Dtests.security.manager=false -Dtests.locale=fi -Dtests.timezone=Etc/GMT+6 -Druntime.java=17
NOTE: leaving temporary files on disk at: /Users/guiang/Documents/GitHub/opensearch-project-sql/integ-test/build/testrun/integTest/temp/org.opensearch.sql.legacy.QueryIT_B058E8962C1F801C-001
NOTE: test params are: codec=Asserting(Lucene95): {}, docValues:{}, maxPointsInLeafNode=200, maxMBSortInHeap=5.034920225399816, sim=Asserting(RandomSimilarity(queryNorm=false): {}), locale=fi, timezone=Etc/GMT+6
NOTE: Mac OS X 13.0 x86_64/Amazon.com Inc. 17.0.4.1 (64-bit)/cpus=10,threads=1,free=389808512,total=536870912
NOTE: All tests run in this JVM: [AggregationIT, CsvFormatResponseIT, CursorIT, DateFormatIT, DateFunctionsIT, DeleteIT, HashJoinIT, HavingIT, JSONRequestIT, JdbcTestIT, JoinAliasWriterRuleIT, JoinIT, MathFunctionsIT, MetaDataQueriesIT, MethodQueryIT, MultiQueryIT, NestedFieldQueryIT, ObjectFieldSelectIT, PluginIT, PreparedStatementIT, PrettyFormatResponseIT, QueryFunctionsIT, QueryIT]
]]></system-err>
</testsuite>
