<?xml version="1.0" encoding="UTF-8"?>
<testsuite name="org.opensearch.sql.sql.MultiMatchIT" tests="12" skipped="0" failures="0" errors="0" timestamp="2023-01-17T16:13:25" hostname="Unused26-MacBook.local" time="0.877">
  <properties/>
  <testcase name="test_all_params" classname="org.opensearch.sql.sql.MultiMatchIT" time="0.415"/>
  <testcase name="test_multi_match_alternate_parameter_syntax" classname="org.opensearch.sql.sql.MultiMatchIT" time="0.045"/>
  <testcase name="test_mandatory_params" classname="org.opensearch.sql.sql.MultiMatchIT" time="0.033"/>
  <testcase name="test_quoted_multi_match_alternate_parameter_syntax" classname="org.opensearch.sql.sql.MultiMatchIT" time="0.032"/>
  <testcase name="test_all_params_multimatchquery_alternate_parameter_syntax" classname="org.opensearch.sql.sql.MultiMatchIT" time="0.034"/>
  <testcase name="test_multimatchquery_alternate_parameter_syntax" classname="org.opensearch.sql.sql.MultiMatchIT" time="0.028"/>
  <testcase name="verify_wildcard_test" classname="org.opensearch.sql.sql.MultiMatchIT" time="0.056"/>
  <testcase name="multi_match_alternate_syntaxes_return_the_same_results" classname="org.opensearch.sql.sql.MultiMatchIT" time="0.056"/>
  <testcase name="test_wildcard_multi_match_alternate_parameter_syntax" classname="org.opensearch.sql.sql.MultiMatchIT" time="0.032"/>
  <testcase name="test_multimatch_alternate_parameter_syntax" classname="org.opensearch.sql.sql.MultiMatchIT" time="0.03"/>
  <testcase name="multimatch_alternate_syntax" classname="org.opensearch.sql.sql.MultiMatchIT" time="0.052"/>
  <testcase name="multi_match_alternate_syntax" classname="org.opensearch.sql.sql.MultiMatchIT" time="0.061"/>
  <system-out><![CDATA[[2023-01-17T16:13:25,099][INFO ][o.o.s.s.MultiMatchIT     ] [test_all_params] before test
[2023-01-17T16:13:25,102][INFO ][o.o.s.s.MultiMatchIT     ] [test_all_params] initializing REST clients against [http://[::1]:49775, http://127.0.0.1:49776]
[2023-01-17T16:13:25,509][INFO ][o.o.s.s.MultiMatchIT     ] [test_all_params] after test
[2023-01-17T16:13:25,515][INFO ][o.o.s.s.MultiMatchIT     ] [test_multi_match_alternate_parameter_syntax] before test
[2023-01-17T16:13:25,553][INFO ][o.o.s.s.MultiMatchIT     ] [test_multi_match_alternate_parameter_syntax] after test
[2023-01-17T16:13:25,560][INFO ][o.o.s.s.MultiMatchIT     ] [test_mandatory_params] before test
[2023-01-17T16:13:25,587][INFO ][o.o.s.s.MultiMatchIT     ] [test_mandatory_params] after test
[2023-01-17T16:13:25,593][INFO ][o.o.s.s.MultiMatchIT     ] [test_quoted_multi_match_alternate_parameter_syntax] before test
[2023-01-17T16:13:25,619][INFO ][o.o.s.s.MultiMatchIT     ] [test_quoted_multi_match_alternate_parameter_syntax] after test
[2023-01-17T16:13:25,625][INFO ][o.o.s.s.MultiMatchIT     ] [test_all_params_multimatchquery_alternate_parameter_syntax] before test
[2023-01-17T16:13:25,653][INFO ][o.o.s.s.MultiMatchIT     ] [test_all_params_multimatchquery_alternate_parameter_syntax] after test
[2023-01-17T16:13:25,659][INFO ][o.o.s.s.MultiMatchIT     ] [test_multimatchquery_alternate_parameter_syntax] before test
[2023-01-17T16:13:25,682][INFO ][o.o.s.s.MultiMatchIT     ] [test_multimatchquery_alternate_parameter_syntax] after test
[2023-01-17T16:13:25,688][INFO ][o.o.s.s.MultiMatchIT     ] [verify_wildcard_test] before test
[2023-01-17T16:13:25,739][INFO ][o.o.s.s.MultiMatchIT     ] [verify_wildcard_test] after test
[2023-01-17T16:13:25,746][INFO ][o.o.s.s.MultiMatchIT     ] [multi_match_alternate_syntaxes_return_the_same_results] before test
[2023-01-17T16:13:25,796][INFO ][o.o.s.s.MultiMatchIT     ] [multi_match_alternate_syntaxes_return_the_same_results] after test
[2023-01-17T16:13:25,802][INFO ][o.o.s.s.MultiMatchIT     ] [test_wildcard_multi_match_alternate_parameter_syntax] before test
[2023-01-17T16:13:25,828][INFO ][o.o.s.s.MultiMatchIT     ] [test_wildcard_multi_match_alternate_parameter_syntax] after test
[2023-01-17T16:13:25,834][INFO ][o.o.s.s.MultiMatchIT     ] [test_multimatch_alternate_parameter_syntax] before test
[2023-01-17T16:13:25,858][INFO ][o.o.s.s.MultiMatchIT     ] [test_multimatch_alternate_parameter_syntax] after test
[2023-01-17T16:13:25,864][INFO ][o.o.s.s.MultiMatchIT     ] [multimatch_alternate_syntax] before test
[2023-01-17T16:13:25,910][INFO ][o.o.s.s.MultiMatchIT     ] [multimatch_alternate_syntax] after test
[2023-01-17T16:13:25,916][INFO ][o.o.s.s.MultiMatchIT     ] [multi_match_alternate_syntax] before test
[2023-01-17T16:13:25,971][INFO ][o.o.s.s.MultiMatchIT     ] [multi_match_alternate_syntax] after test
]]></system-out>
  <system-err><![CDATA[]]></system-err>
</testsuite>
