<?xml version="1.0" encoding="UTF-8"?>
<testsuite name="org.opensearch.sql.ppl.QueryStringIT" tests="4" skipped="0" failures="0" errors="0" timestamp="2023-01-17T16:12:47" hostname="Unused26-MacBook.local" time="0.769">
  <properties/>
  <testcase name="all_params_test" classname="org.opensearch.sql.ppl.QueryStringIT" time="0.612"/>
  <testcase name="mandatory_params_test" classname="org.opensearch.sql.ppl.QueryStringIT" time="0.043"/>
  <testcase name="all_fields_test" classname="org.opensearch.sql.ppl.QueryStringIT" time="0.038"/>
  <testcase name="wildcard_test" classname="org.opensearch.sql.ppl.QueryStringIT" time="0.074"/>
  <system-out><![CDATA[[2023-01-17T05:12:47,493][INFO ][o.o.s.p.QueryStringIT    ] [all_params_test] before test
[2023-01-17T05:12:47,494][INFO ][o.o.s.p.QueryStringIT    ] [all_params_test] initializing REST clients against [http://[::1]:49775, http://127.0.0.1:49776]
[2023-01-17T05:12:48,101][INFO ][o.o.s.p.QueryStringIT    ] [all_params_test] after test
[2023-01-17T05:12:48,108][INFO ][o.o.s.p.QueryStringIT    ] [mandatory_params_test] before test
[2023-01-17T05:12:48,145][INFO ][o.o.s.p.QueryStringIT    ] [mandatory_params_test] after test
[2023-01-17T05:12:48,151][INFO ][o.o.s.p.QueryStringIT    ] [all_fields_test] before test
[2023-01-17T05:12:48,184][INFO ][o.o.s.p.QueryStringIT    ] [all_fields_test] after test
[2023-01-17T05:12:48,190][INFO ][o.o.s.p.QueryStringIT    ] [wildcard_test] before test
[2023-01-17T05:12:48,257][INFO ][o.o.s.p.QueryStringIT    ] [wildcard_test] after test
]]></system-out>
  <system-err><![CDATA[]]></system-err>
</testsuite>
