<?xml version="1.0" encoding="UTF-8"?>
<testsuite name="org.opensearch.sql.ppl.MathematicalFunctionIT" tests="31" skipped="0" failures="0" errors="0" timestamp="2023-01-17T16:12:34" hostname="Unused26-MacBook.local" time="2.216">
  <properties/>
  <testcase name="testE" classname="org.opensearch.sql.ppl.MathematicalFunctionIT" time="0.911"/>
  <testcase name="testLog10" classname="org.opensearch.sql.ppl.MathematicalFunctionIT" time="0.054"/>
  <testcase name="testPi" classname="org.opensearch.sql.ppl.MathematicalFunctionIT" time="0.042"/>
  <testcase name="testSin" classname="org.opensearch.sql.ppl.MathematicalFunctionIT" time="0.039"/>
  <testcase name="testRand" classname="org.opensearch.sql.ppl.MathematicalFunctionIT" time="0.053"/>
  <testcase name="testCeil" classname="org.opensearch.sql.ppl.MathematicalFunctionIT" time="0.034"/>
  <testcase name="testPow" classname="org.opensearch.sql.ppl.MathematicalFunctionIT" time="0.044"/>
  <testcase name="testMod" classname="org.opensearch.sql.ppl.MathematicalFunctionIT" time="0.034"/>
  <testcase name="testFloor" classname="org.opensearch.sql.ppl.MathematicalFunctionIT" time="0.032"/>
  <testcase name="testAtan2" classname="org.opensearch.sql.ppl.MathematicalFunctionIT" time="0.033"/>
  <testcase name="testAcos" classname="org.opensearch.sql.ppl.MathematicalFunctionIT" time="0.032"/>
  <testcase name="testConv" classname="org.opensearch.sql.ppl.MathematicalFunctionIT" time="0.033"/>
  <testcase name="testCos" classname="org.opensearch.sql.ppl.MathematicalFunctionIT" time="0.037"/>
  <testcase name="testCot" classname="org.opensearch.sql.ppl.MathematicalFunctionIT" time="0.049"/>
  <testcase name="testLn" classname="org.opensearch.sql.ppl.MathematicalFunctionIT" time="0.032"/>
  <testcase name="testCbrt" classname="org.opensearch.sql.ppl.MathematicalFunctionIT" time="0.05"/>
  <testcase name="testSign" classname="org.opensearch.sql.ppl.MathematicalFunctionIT" time="0.037"/>
  <testcase name="testDegrees" classname="org.opensearch.sql.ppl.MathematicalFunctionIT" time="0.034"/>
  <testcase name="testExp" classname="org.opensearch.sql.ppl.MathematicalFunctionIT" time="0.034"/>
  <testcase name="testRound" classname="org.opensearch.sql.ppl.MathematicalFunctionIT" time="0.05"/>
  <testcase name="testLogTwoArgs" classname="org.opensearch.sql.ppl.MathematicalFunctionIT" time="0.043"/>
  <testcase name="testRadians" classname="org.opensearch.sql.ppl.MathematicalFunctionIT" time="0.04"/>
  <testcase name="testLog2" classname="org.opensearch.sql.ppl.MathematicalFunctionIT" time="0.033"/>
  <testcase name="testAbs" classname="org.opensearch.sql.ppl.MathematicalFunctionIT" time="0.031"/>
  <testcase name="testCrc32" classname="org.opensearch.sql.ppl.MathematicalFunctionIT" time="0.032"/>
  <testcase name="testCeiling" classname="org.opensearch.sql.ppl.MathematicalFunctionIT" time="0.036"/>
  <testcase name="testAsin" classname="org.opensearch.sql.ppl.MathematicalFunctionIT" time="0.042"/>
  <testcase name="testLogOneArg" classname="org.opensearch.sql.ppl.MathematicalFunctionIT" time="0.031"/>
  <testcase name="testSqrt" classname="org.opensearch.sql.ppl.MathematicalFunctionIT" time="0.03"/>
  <testcase name="testAtan" classname="org.opensearch.sql.ppl.MathematicalFunctionIT" time="0.131"/>
  <testcase name="testTruncate" classname="org.opensearch.sql.ppl.MathematicalFunctionIT" time="0.085"/>
  <system-out><![CDATA[[2023-01-18T05:12:34,664][INFO ][o.o.s.p.MathematicalFunctionIT] [testE] before test
[2023-01-18T05:12:34,665][INFO ][o.o.s.p.MathematicalFunctionIT] [testE] initializing REST clients against [http://[::1]:49775, http://127.0.0.1:49776]
[2023-01-18T05:12:35,572][INFO ][o.o.s.p.MathematicalFunctionIT] [testE] after test
[2023-01-18T05:12:35,578][INFO ][o.o.s.p.MathematicalFunctionIT] [testLog10] before test
[2023-01-18T05:12:35,626][INFO ][o.o.s.p.MathematicalFunctionIT] [testLog10] after test
[2023-01-18T05:12:35,631][INFO ][o.o.s.p.MathematicalFunctionIT] [testPi] before test
[2023-01-18T05:12:35,668][INFO ][o.o.s.p.MathematicalFunctionIT] [testPi] after test
[2023-01-18T05:12:35,674][INFO ][o.o.s.p.MathematicalFunctionIT] [testSin] before test
[2023-01-18T05:12:35,707][INFO ][o.o.s.p.MathematicalFunctionIT] [testSin] after test
[2023-01-18T05:12:35,712][INFO ][o.o.s.p.MathematicalFunctionIT] [testRand] before test
[2023-01-18T05:12:35,760][INFO ][o.o.s.p.MathematicalFunctionIT] [testRand] after test
[2023-01-18T05:12:35,765][INFO ][o.o.s.p.MathematicalFunctionIT] [testCeil] before test
[2023-01-18T05:12:35,793][INFO ][o.o.s.p.MathematicalFunctionIT] [testCeil] after test
[2023-01-18T05:12:35,799][INFO ][o.o.s.p.MathematicalFunctionIT] [testPow] before test
[2023-01-18T05:12:35,838][INFO ][o.o.s.p.MathematicalFunctionIT] [testPow] after test
[2023-01-18T05:12:35,843][INFO ][o.o.s.p.MathematicalFunctionIT] [testMod] before test
[2023-01-18T05:12:35,872][INFO ][o.o.s.p.MathematicalFunctionIT] [testMod] after test
[2023-01-18T05:12:35,878][INFO ][o.o.s.p.MathematicalFunctionIT] [testFloor] before test
[2023-01-18T05:12:35,905][INFO ][o.o.s.p.MathematicalFunctionIT] [testFloor] after test
[2023-01-18T05:12:35,910][INFO ][o.o.s.p.MathematicalFunctionIT] [testAtan2] before test
[2023-01-18T05:12:35,938][INFO ][o.o.s.p.MathematicalFunctionIT] [testAtan2] after test
[2023-01-18T05:12:35,943][INFO ][o.o.s.p.MathematicalFunctionIT] [testAcos] before test
[2023-01-18T05:12:35,970][INFO ][o.o.s.p.MathematicalFunctionIT] [testAcos] after test
[2023-01-18T05:12:35,975][INFO ][o.o.s.p.MathematicalFunctionIT] [testConv] before test
[2023-01-18T05:12:36,003][INFO ][o.o.s.p.MathematicalFunctionIT] [testConv] after test
[2023-01-18T05:12:36,009][INFO ][o.o.s.p.MathematicalFunctionIT] [testCos] before test
[2023-01-18T05:12:36,041][INFO ][o.o.s.p.MathematicalFunctionIT] [testCos] after test
[2023-01-18T05:12:36,047][INFO ][o.o.s.p.MathematicalFunctionIT] [testCot] before test
[2023-01-18T05:12:36,091][INFO ][o.o.s.p.MathematicalFunctionIT] [testCot] after test
[2023-01-18T05:12:36,097][INFO ][o.o.s.p.MathematicalFunctionIT] [testLn] before test
[2023-01-18T05:12:36,124][INFO ][o.o.s.p.MathematicalFunctionIT] [testLn] after test
[2023-01-18T05:12:36,131][INFO ][o.o.s.p.MathematicalFunctionIT] [testCbrt] before test
[2023-01-18T05:12:36,174][INFO ][o.o.s.p.MathematicalFunctionIT] [testCbrt] after test
[2023-01-18T05:12:36,182][INFO ][o.o.s.p.MathematicalFunctionIT] [testSign] before test
[2023-01-18T05:12:36,211][INFO ][o.o.s.p.MathematicalFunctionIT] [testSign] after test
[2023-01-18T05:12:36,218][INFO ][o.o.s.p.MathematicalFunctionIT] [testDegrees] before test
[2023-01-18T05:12:36,246][INFO ][o.o.s.p.MathematicalFunctionIT] [testDegrees] after test
[2023-01-18T05:12:36,253][INFO ][o.o.s.p.MathematicalFunctionIT] [testExp] before test
[2023-01-18T05:12:36,280][INFO ][o.o.s.p.MathematicalFunctionIT] [testExp] after test
[2023-01-18T05:12:36,286][INFO ][o.o.s.p.MathematicalFunctionIT] [testRound] before test
[2023-01-18T05:12:36,330][INFO ][o.o.s.p.MathematicalFunctionIT] [testRound] after test
[2023-01-18T05:12:36,336][INFO ][o.o.s.p.MathematicalFunctionIT] [testLogTwoArgs] before test
[2023-01-18T05:12:36,374][INFO ][o.o.s.p.MathematicalFunctionIT] [testLogTwoArgs] after test
[2023-01-18T05:12:36,380][INFO ][o.o.s.p.MathematicalFunctionIT] [testRadians] before test
[2023-01-18T05:12:36,414][INFO ][o.o.s.p.MathematicalFunctionIT] [testRadians] after test
[2023-01-18T05:12:36,421][INFO ][o.o.s.p.MathematicalFunctionIT] [testLog2] before test
[2023-01-18T05:12:36,448][INFO ][o.o.s.p.MathematicalFunctionIT] [testLog2] after test
[2023-01-18T05:12:36,454][INFO ][o.o.s.p.MathematicalFunctionIT] [testAbs] before test
[2023-01-18T05:12:36,479][INFO ][o.o.s.p.MathematicalFunctionIT] [testAbs] after test
[2023-01-18T05:12:36,486][INFO ][o.o.s.p.MathematicalFunctionIT] [testCrc32] before test
[2023-01-18T05:12:36,512][INFO ][o.o.s.p.MathematicalFunctionIT] [testCrc32] after test
[2023-01-18T05:12:36,518][INFO ][o.o.s.p.MathematicalFunctionIT] [testCeiling] before test
[2023-01-18T05:12:36,548][INFO ][o.o.s.p.MathematicalFunctionIT] [testCeiling] after test
[2023-01-18T05:12:36,554][INFO ][o.o.s.p.MathematicalFunctionIT] [testAsin] before test
[2023-01-18T05:12:36,591][INFO ][o.o.s.p.MathematicalFunctionIT] [testAsin] after test
[2023-01-18T05:12:36,597][INFO ][o.o.s.p.MathematicalFunctionIT] [testLogOneArg] before test
[2023-01-18T05:12:36,623][INFO ][o.o.s.p.MathematicalFunctionIT] [testLogOneArg] after test
[2023-01-18T05:12:36,629][INFO ][o.o.s.p.MathematicalFunctionIT] [testSqrt] before test
[2023-01-18T05:12:36,654][INFO ][o.o.s.p.MathematicalFunctionIT] [testSqrt] after test
[2023-01-18T05:12:36,660][INFO ][o.o.s.p.MathematicalFunctionIT] [testAtan] before test
[2023-01-18T05:12:36,768][INFO ][o.o.s.p.MathematicalFunctionIT] [testAtan] after test
[2023-01-18T05:12:36,807][INFO ][o.o.s.p.MathematicalFunctionIT] [testTruncate] before test
[2023-01-18T05:12:36,877][INFO ][o.o.s.p.MathematicalFunctionIT] [testTruncate] after test
]]></system-out>
  <system-err><![CDATA[]]></system-err>
</testsuite>
