<?xml version="1.0" encoding="UTF-8"?>
<testsuite name="org.opensearch.sql.sql.MatchPhrasePrefixIT" tests="8" skipped="0" failures="0" errors="0" timestamp="2023-01-17T16:13:23" hostname="Unused26-MacBook.local" time="0.608">
  <properties/>
  <testcase name="analyzer_standard" classname="org.opensearch.sql.sql.MatchPhrasePrefixIT" time="0.382"/>
  <testcase name="slop_is_2" classname="org.opensearch.sql.sql.MatchPhrasePrefixIT" time="0.031"/>
  <testcase name="slop_is_3" classname="org.opensearch.sql.sql.MatchPhrasePrefixIT" time="0.031"/>
  <testcase name="required_parameters" classname="org.opensearch.sql.sql.MatchPhrasePrefixIT" time="0.03"/>
  <testcase name="all_optional_parameters" classname="org.opensearch.sql.sql.MatchPhrasePrefixIT" time="0.031"/>
  <testcase name="max_expansions_is_3" classname="org.opensearch.sql.sql.MatchPhrasePrefixIT" time="0.03"/>
  <testcase name="analyzer_english" classname="org.opensearch.sql.sql.MatchPhrasePrefixIT" time="0.029"/>
  <testcase name="zero_term_query_all" classname="org.opensearch.sql.sql.MatchPhrasePrefixIT" time="0.042"/>
  <system-out><![CDATA[[2023-01-17T13:13:23,482][INFO ][o.o.s.s.MatchPhrasePrefixIT] [analyzer_standard] before test
[2023-01-17T13:13:23,485][INFO ][o.o.s.s.MatchPhrasePrefixIT] [analyzer_standard] initializing REST clients against [http://[::1]:49775, http://127.0.0.1:49776]
[2023-01-17T13:13:23,860][INFO ][o.o.s.s.MatchPhrasePrefixIT] [analyzer_standard] after test
[2023-01-17T13:13:23,866][INFO ][o.o.s.s.MatchPhrasePrefixIT] [slop_is_2] before test
[2023-01-17T13:13:23,891][INFO ][o.o.s.s.MatchPhrasePrefixIT] [slop_is_2] after test
[2023-01-17T13:13:23,898][INFO ][o.o.s.s.MatchPhrasePrefixIT] [slop_is_3] before test
[2023-01-17T13:13:23,922][INFO ][o.o.s.s.MatchPhrasePrefixIT] [slop_is_3] after test
[2023-01-17T13:13:23,929][INFO ][o.o.s.s.MatchPhrasePrefixIT] [required_parameters] before test
[2023-01-17T13:13:23,953][INFO ][o.o.s.s.MatchPhrasePrefixIT] [required_parameters] after test
[2023-01-17T13:13:23,959][INFO ][o.o.s.s.MatchPhrasePrefixIT] [all_optional_parameters] before test
[2023-01-17T13:13:23,984][INFO ][o.o.s.s.MatchPhrasePrefixIT] [all_optional_parameters] after test
[2023-01-17T13:13:23,991][INFO ][o.o.s.s.MatchPhrasePrefixIT] [max_expansions_is_3] before test
[2023-01-17T13:13:24,014][INFO ][o.o.s.s.MatchPhrasePrefixIT] [max_expansions_is_3] after test
[2023-01-17T13:13:24,021][INFO ][o.o.s.s.MatchPhrasePrefixIT] [analyzer_english] before test
[2023-01-17T13:13:24,044][INFO ][o.o.s.s.MatchPhrasePrefixIT] [analyzer_english] after test
[2023-01-17T13:13:24,051][INFO ][o.o.s.s.MatchPhrasePrefixIT] [zero_term_query_all] before test
[2023-01-17T13:13:24,086][INFO ][o.o.s.s.MatchPhrasePrefixIT] [zero_term_query_all] after test
]]></system-out>
  <system-err><![CDATA[]]></system-err>
</testsuite>
