<?xml version="1.0" encoding="UTF-8"?>
<testsuite name="org.opensearch.sql.ppl.DateTimeImplementationIT" tests="14" skipped="0" failures="0" errors="0" timestamp="2023-01-17T16:12:23" hostname="Unused26-MacBook.local" time="0.934">
  <properties/>
  <testcase name="inRangeZeroToPositive" classname="org.opensearch.sql.ppl.DateTimeImplementationIT" time="0.386"/>
  <testcase name="inRangeNoTZ" classname="org.opensearch.sql.ppl.DateTimeImplementationIT" time="0.031"/>
  <testcase name="nullField2Under" classname="org.opensearch.sql.ppl.DateTimeImplementationIT" time="0.034"/>
  <testcase name="inRangeNegativeToPositive" classname="org.opensearch.sql.ppl.DateTimeImplementationIT" time="0.045"/>
  <testcase name="nullDateTimeInvalidDateValueFebruary" classname="org.opensearch.sql.ppl.DateTimeImplementationIT" time="0.073"/>
  <testcase name="nullDateTimeInvalidDateValueApril" classname="org.opensearch.sql.ppl.DateTimeImplementationIT" time="0.055"/>
  <testcase name="inRangeZeroToMax" classname="org.opensearch.sql.ppl.DateTimeImplementationIT" time="0.055"/>
  <testcase name="nullField3Over" classname="org.opensearch.sql.ppl.DateTimeImplementationIT" time="0.045"/>
  <testcase name="inRangeYearChange" classname="org.opensearch.sql.ppl.DateTimeImplementationIT" time="0.028"/>
  <testcase name="inRangeZeroToStringTZ" classname="org.opensearch.sql.ppl.DateTimeImplementationIT" time="0.032"/>
  <testcase name="nullTField3Over" classname="org.opensearch.sql.ppl.DateTimeImplementationIT" time="0.029"/>
  <testcase name="inRangeTwentyHourOffset" classname="org.opensearch.sql.ppl.DateTimeImplementationIT" time="0.048"/>
  <testcase name="nullDateTimeInvalidDateValueMonth" classname="org.opensearch.sql.ppl.DateTimeImplementationIT" time="0.032"/>
  <testcase name="inRangeNoToTZ" classname="org.opensearch.sql.ppl.DateTimeImplementationIT" time="0.031"/>
  <system-out><![CDATA[[2023-01-17T13:12:23,996][INFO ][o.o.s.p.DateTimeImplementationIT] [inRangeZeroToPositive] before test
[2023-01-17T13:12:23,998][INFO ][o.o.s.p.DateTimeImplementationIT] [inRangeZeroToPositive] initializing REST clients against [http://[::1]:49775, http://127.0.0.1:49776]
[2023-01-17T13:12:24,377][INFO ][o.o.s.p.DateTimeImplementationIT] [inRangeZeroToPositive] after test
[2023-01-17T13:12:24,383][INFO ][o.o.s.p.DateTimeImplementationIT] [inRangeNoTZ] before test
[2023-01-17T13:12:24,408][INFO ][o.o.s.p.DateTimeImplementationIT] [inRangeNoTZ] after test
[2023-01-17T13:12:24,414][INFO ][o.o.s.p.DateTimeImplementationIT] [nullField2Under] before test
[2023-01-17T13:12:24,442][INFO ][o.o.s.p.DateTimeImplementationIT] [nullField2Under] after test
[2023-01-17T13:12:24,448][INFO ][o.o.s.p.DateTimeImplementationIT] [inRangeNegativeToPositive] before test
[2023-01-17T13:12:24,484][INFO ][o.o.s.p.DateTimeImplementationIT] [inRangeNegativeToPositive] after test
[2023-01-17T13:12:24,502][INFO ][o.o.s.p.DateTimeImplementationIT] [nullDateTimeInvalidDateValueFebruary] before test
[2023-01-17T13:12:24,557][INFO ][o.o.s.p.DateTimeImplementationIT] [nullDateTimeInvalidDateValueFebruary] after test
[2023-01-17T13:12:24,574][INFO ][o.o.s.p.DateTimeImplementationIT] [nullDateTimeInvalidDateValueApril] before test
[2023-01-17T13:12:24,613][INFO ][o.o.s.p.DateTimeImplementationIT] [nullDateTimeInvalidDateValueApril] after test
[2023-01-17T13:12:24,628][INFO ][o.o.s.p.DateTimeImplementationIT] [inRangeZeroToMax] before test
[2023-01-17T13:12:24,670][INFO ][o.o.s.p.DateTimeImplementationIT] [inRangeZeroToMax] after test
[2023-01-17T13:12:24,688][INFO ][o.o.s.p.DateTimeImplementationIT] [nullField3Over] before test
[2023-01-17T13:12:24,722][INFO ][o.o.s.p.DateTimeImplementationIT] [nullField3Over] after test
[2023-01-17T13:12:24,729][INFO ][o.o.s.p.DateTimeImplementationIT] [inRangeYearChange] before test
[2023-01-17T13:12:24,752][INFO ][o.o.s.p.DateTimeImplementationIT] [inRangeYearChange] after test
[2023-01-17T13:12:24,757][INFO ][o.o.s.p.DateTimeImplementationIT] [inRangeZeroToStringTZ] before test
[2023-01-17T13:12:24,785][INFO ][o.o.s.p.DateTimeImplementationIT] [inRangeZeroToStringTZ] after test
[2023-01-17T13:12:24,790][INFO ][o.o.s.p.DateTimeImplementationIT] [nullTField3Over] before test
[2023-01-17T13:12:24,814][INFO ][o.o.s.p.DateTimeImplementationIT] [nullTField3Over] after test
[2023-01-17T13:12:24,820][INFO ][o.o.s.p.DateTimeImplementationIT] [inRangeTwentyHourOffset] before test
[2023-01-17T13:12:24,862][INFO ][o.o.s.p.DateTimeImplementationIT] [inRangeTwentyHourOffset] after test
[2023-01-17T13:12:24,868][INFO ][o.o.s.p.DateTimeImplementationIT] [nullDateTimeInvalidDateValueMonth] before test
[2023-01-17T13:12:24,894][INFO ][o.o.s.p.DateTimeImplementationIT] [nullDateTimeInvalidDateValueMonth] after test
[2023-01-17T13:12:24,900][INFO ][o.o.s.p.DateTimeImplementationIT] [inRangeNoToTZ] before test
[2023-01-17T13:12:24,925][INFO ][o.o.s.p.DateTimeImplementationIT] [inRangeNoToTZ] after test
]]></system-out>
  <system-err><![CDATA[]]></system-err>
</testsuite>
