<?xml version="1.0" encoding="UTF-8"?>
<testsuite name="org.opensearch.sql.legacy.JoinIT" tests="57" skipped="4" failures="53" errors="0" timestamp="2023-01-17T16:11:25" hostname="Unused26-MacBook.local" time="4.768">
  <properties/>
  <testcase name="joinParseCheckSelectedFieldsSplitNLConditionOrderLT" classname="org.opensearch.sql.legacy.JoinIT" time="2.811">
    <failure message="org.opensearch.client.ResponseException: method [POST], host [http://127.0.0.1:49776], URI [/_plugins/_sql?format=json], status line [HTTP/1.1 400 Bad Request]&#10;{&#10;  &quot;error&quot;: {&#10;    &quot;reason&quot;: &quot;Invalid SQL query&quot;,&#10;    &quot;details&quot;: &quot;Query is unsupported in the new engine&quot;,&#10;    &quot;type&quot;: &quot;SQLFeatureDisabledException&quot;&#10;  },&#10;  &quot;status&quot;: 400&#10;}" type="org.opensearch.client.ResponseException">org.opensearch.client.ResponseException: method [POST], host [http://127.0.0.1:49776], URI [/_plugins/_sql?format=json], status line [HTTP/1.1 400 Bad Request]
{
  &quot;error&quot;: {
    &quot;reason&quot;: &quot;Invalid SQL query&quot;,
    &quot;details&quot;: &quot;Query is unsupported in the new engine&quot;,
    &quot;type&quot;: &quot;SQLFeatureDisabledException&quot;
  },
  &quot;status&quot;: 400
}
	at __randomizedtesting.SeedInfo.seed([B058E8962C1F801C:6C2AF2C3BC88C763]:0)
	at app//org.opensearch.client.RestClient.convertResponse(RestClient.java:384)
	at app//org.opensearch.client.RestClient.performRequest(RestClient.java:354)
	at app//org.opensearch.client.RestClient.performRequest(RestClient.java:329)
	at app//org.opensearch.sql.legacy.SQLIntegTestCase.executeRequest(SQLIntegTestCase.java:327)
	at app//org.opensearch.sql.legacy.SQLIntegTestCase.executeRequest(SQLIntegTestCase.java:322)
	at app//org.opensearch.sql.legacy.SQLIntegTestCase.executeRequest(SQLIntegTestCase.java:310)
	at app//org.opensearch.sql.legacy.SQLIntegTestCase.executeQuery(SQLIntegTestCase.java:293)
	at app//org.opensearch.sql.legacy.JoinIT.joinParseCheckSelectedFieldsSplitNLConditionOrderLT(JoinIT.java:454)
	at java.base@17.0.4.1/jdk.internal.reflect.NativeMethodAccessorImpl.invoke0(Native Method)
	at java.base@17.0.4.1/jdk.internal.reflect.NativeMethodAccessorImpl.invoke(NativeMethodAccessorImpl.java:77)
	at java.base@17.0.4.1/jdk.internal.reflect.DelegatingMethodAccessorImpl.invoke(DelegatingMethodAccessorImpl.java:43)
	at java.base@17.0.4.1/java.lang.reflect.Method.invoke(Method.java:568)
	at app//com.carrotsearch.randomizedtesting.RandomizedRunner.invoke(RandomizedRunner.java:1750)
	at app//com.carrotsearch.randomizedtesting.RandomizedRunner$8.evaluate(RandomizedRunner.java:938)
	at app//com.carrotsearch.randomizedtesting.RandomizedRunner$9.evaluate(RandomizedRunner.java:974)
	at app//com.carrotsearch.randomizedtesting.RandomizedRunner$10.evaluate(RandomizedRunner.java:988)
	at app//com.carrotsearch.randomizedtesting.rules.StatementAdapter.evaluate(StatementAdapter.java:36)
	at app//org.junit.rules.RunRules.evaluate(RunRules.java:20)
	at app//org.apache.lucene.tests.util.TestRuleSetupTeardownChained$1.evaluate(TestRuleSetupTeardownChained.java:48)
	at app//org.apache.lucene.tests.util.AbstractBeforeAfterRule$1.evaluate(AbstractBeforeAfterRule.java:43)
	at app//org.apache.lucene.tests.util.TestRuleThreadAndTestName$1.evaluate(TestRuleThreadAndTestName.java:45)
	at app//org.apache.lucene.tests.util.TestRuleIgnoreAfterMaxFailures$1.evaluate(TestRuleIgnoreAfterMaxFailures.java:60)
	at app//org.apache.lucene.tests.util.TestRuleMarkFailure$1.evaluate(TestRuleMarkFailure.java:44)
	at app//org.junit.rules.RunRules.evaluate(RunRules.java:20)
	at app//com.carrotsearch.randomizedtesting.rules.StatementAdapter.evaluate(StatementAdapter.java:36)
	at app//com.carrotsearch.randomizedtesting.ThreadLeakControl$StatementRunner.run(ThreadLeakControl.java:368)
	at app//com.carrotsearch.randomizedtesting.ThreadLeakControl.forkTimeoutingTask(ThreadLeakControl.java:817)
	at app//com.carrotsearch.randomizedtesting.ThreadLeakControl$3.evaluate(ThreadLeakControl.java:468)
	at app//com.carrotsearch.randomizedtesting.RandomizedRunner.runSingleTest(RandomizedRunner.java:947)
	at app//com.carrotsearch.randomizedtesting.RandomizedRunner$5.evaluate(RandomizedRunner.java:832)
	at app//com.carrotsearch.randomizedtesting.RandomizedRunner$6.evaluate(RandomizedRunner.java:883)
	at app//com.carrotsearch.randomizedtesting.RandomizedRunner$7.evaluate(RandomizedRunner.java:894)
	at app//org.apache.lucene.tests.util.AbstractBeforeAfterRule$1.evaluate(AbstractBeforeAfterRule.java:43)
	at app//com.carrotsearch.randomizedtesting.rules.StatementAdapter.evaluate(StatementAdapter.java:36)
	at app//org.apache.lucene.tests.util.TestRuleStoreClassName$1.evaluate(TestRuleStoreClassName.java:38)
	at app//com.carrotsearch.randomizedtesting.rules.NoShadowingOrOverridesOnMethodsRule$1.evaluate(NoShadowingOrOverridesOnMethodsRule.java:40)
	at app//com.carrotsearch.randomizedtesting.rules.NoShadowingOrOverridesOnMethodsRule$1.evaluate(NoShadowingOrOverridesOnMethodsRule.java:40)
	at app//com.carrotsearch.randomizedtesting.rules.StatementAdapter.evaluate(StatementAdapter.java:36)
	at app//com.carrotsearch.randomizedtesting.rules.StatementAdapter.evaluate(StatementAdapter.java:36)
	at app//org.apache.lucene.tests.util.TestRuleAssertionsRequired$1.evaluate(TestRuleAssertionsRequired.java:53)
	at app//org.apache.lucene.tests.util.AbstractBeforeAfterRule$1.evaluate(AbstractBeforeAfterRule.java:43)
	at app//org.apache.lucene.tests.util.TestRuleMarkFailure$1.evaluate(TestRuleMarkFailure.java:44)
	at app//org.apache.lucene.tests.util.TestRuleIgnoreAfterMaxFailures$1.evaluate(TestRuleIgnoreAfterMaxFailures.java:60)
	at app//org.apache.lucene.tests.util.TestRuleIgnoreTestSuites$1.evaluate(TestRuleIgnoreTestSuites.java:47)
	at app//org.junit.rules.RunRules.evaluate(RunRules.java:20)
	at app//com.carrotsearch.randomizedtesting.rules.StatementAdapter.evaluate(StatementAdapter.java:36)
	at app//com.carrotsearch.randomizedtesting.ThreadLeakControl$StatementRunner.run(ThreadLeakControl.java:368)
	at java.base@17.0.4.1/java.lang.Thread.run(Thread.java:833)
</failure>
  </testcase>
  <testcase name="joinWithAllFromFirstTableHASH" classname="org.opensearch.sql.legacy.JoinIT" time="0.042">
    <failure message="org.opensearch.client.ResponseException: method [POST], host [http://127.0.0.1:49776], URI [/_plugins/_sql?format=json], status line [HTTP/1.1 400 Bad Request]&#10;{&#10;  &quot;error&quot;: {&#10;    &quot;reason&quot;: &quot;Invalid SQL query&quot;,&#10;    &quot;details&quot;: &quot;Query is unsupported in the new engine&quot;,&#10;    &quot;type&quot;: &quot;SQLFeatureDisabledException&quot;&#10;  },&#10;  &quot;status&quot;: 400&#10;}" type="org.opensearch.client.ResponseException">org.opensearch.client.ResponseException: method [POST], host [http://127.0.0.1:49776], URI [/_plugins/_sql?format=json], status line [HTTP/1.1 400 Bad Request]
{
  &quot;error&quot;: {
    &quot;reason&quot;: &quot;Invalid SQL query&quot;,
    &quot;details&quot;: &quot;Query is unsupported in the new engine&quot;,
    &quot;type&quot;: &quot;SQLFeatureDisabledException&quot;
  },
  &quot;status&quot;: 400
}
	at __randomizedtesting.SeedInfo.seed([B058E8962C1F801C:7A6570C07685DA2C]:0)
	at app//org.opensearch.client.RestClient.convertResponse(RestClient.java:384)
	at app//org.opensearch.client.RestClient.performRequest(RestClient.java:354)
	at app//org.opensearch.client.RestClient.performRequest(RestClient.java:329)
	at app//org.opensearch.sql.legacy.SQLIntegTestCase.executeRequest(SQLIntegTestCase.java:327)
	at app//org.opensearch.sql.legacy.SQLIntegTestCase.executeRequest(SQLIntegTestCase.java:322)
	at app//org.opensearch.sql.legacy.SQLIntegTestCase.executeRequest(SQLIntegTestCase.java:310)
	at app//org.opensearch.sql.legacy.SQLIntegTestCase.executeQuery(SQLIntegTestCase.java:293)
	at app//org.opensearch.sql.legacy.JoinIT.joinWithAllFromFirstTable(JoinIT.java:541)
	at app//org.opensearch.sql.legacy.JoinIT.joinWithAllFromFirstTableHASH(JoinIT.java:373)
	at java.base@17.0.4.1/jdk.internal.reflect.NativeMethodAccessorImpl.invoke0(Native Method)
	at java.base@17.0.4.1/jdk.internal.reflect.NativeMethodAccessorImpl.invoke(NativeMethodAccessorImpl.java:77)
	at java.base@17.0.4.1/jdk.internal.reflect.DelegatingMethodAccessorImpl.invoke(DelegatingMethodAccessorImpl.java:43)
	at java.base@17.0.4.1/java.lang.reflect.Method.invoke(Method.java:568)
	at app//com.carrotsearch.randomizedtesting.RandomizedRunner.invoke(RandomizedRunner.java:1750)
	at app//com.carrotsearch.randomizedtesting.RandomizedRunner$8.evaluate(RandomizedRunner.java:938)
	at app//com.carrotsearch.randomizedtesting.RandomizedRunner$9.evaluate(RandomizedRunner.java:974)
	at app//com.carrotsearch.randomizedtesting.RandomizedRunner$10.evaluate(RandomizedRunner.java:988)
	at app//com.carrotsearch.randomizedtesting.rules.StatementAdapter.evaluate(StatementAdapter.java:36)
	at app//org.junit.rules.RunRules.evaluate(RunRules.java:20)
	at app//org.apache.lucene.tests.util.TestRuleSetupTeardownChained$1.evaluate(TestRuleSetupTeardownChained.java:48)
	at app//org.apache.lucene.tests.util.AbstractBeforeAfterRule$1.evaluate(AbstractBeforeAfterRule.java:43)
	at app//org.apache.lucene.tests.util.TestRuleThreadAndTestName$1.evaluate(TestRuleThreadAndTestName.java:45)
	at app//org.apache.lucene.tests.util.TestRuleIgnoreAfterMaxFailures$1.evaluate(TestRuleIgnoreAfterMaxFailures.java:60)
	at app//org.apache.lucene.tests.util.TestRuleMarkFailure$1.evaluate(TestRuleMarkFailure.java:44)
	at app//org.junit.rules.RunRules.evaluate(RunRules.java:20)
	at app//com.carrotsearch.randomizedtesting.rules.StatementAdapter.evaluate(StatementAdapter.java:36)
	at app//com.carrotsearch.randomizedtesting.ThreadLeakControl$StatementRunner.run(ThreadLeakControl.java:368)
	at app//com.carrotsearch.randomizedtesting.ThreadLeakControl.forkTimeoutingTask(ThreadLeakControl.java:817)
	at app//com.carrotsearch.randomizedtesting.ThreadLeakControl$3.evaluate(ThreadLeakControl.java:468)
	at app//com.carrotsearch.randomizedtesting.RandomizedRunner.runSingleTest(RandomizedRunner.java:947)
	at app//com.carrotsearch.randomizedtesting.RandomizedRunner$5.evaluate(RandomizedRunner.java:832)
	at app//com.carrotsearch.randomizedtesting.RandomizedRunner$6.evaluate(RandomizedRunner.java:883)
	at app//com.carrotsearch.randomizedtesting.RandomizedRunner$7.evaluate(RandomizedRunner.java:894)
	at app//org.apache.lucene.tests.util.AbstractBeforeAfterRule$1.evaluate(AbstractBeforeAfterRule.java:43)
	at app//com.carrotsearch.randomizedtesting.rules.StatementAdapter.evaluate(StatementAdapter.java:36)
	at app//org.apache.lucene.tests.util.TestRuleStoreClassName$1.evaluate(TestRuleStoreClassName.java:38)
	at app//com.carrotsearch.randomizedtesting.rules.NoShadowingOrOverridesOnMethodsRule$1.evaluate(NoShadowingOrOverridesOnMethodsRule.java:40)
	at app//com.carrotsearch.randomizedtesting.rules.NoShadowingOrOverridesOnMethodsRule$1.evaluate(NoShadowingOrOverridesOnMethodsRule.java:40)
	at app//com.carrotsearch.randomizedtesting.rules.StatementAdapter.evaluate(StatementAdapter.java:36)
	at app//com.carrotsearch.randomizedtesting.rules.StatementAdapter.evaluate(StatementAdapter.java:36)
	at app//org.apache.lucene.tests.util.TestRuleAssertionsRequired$1.evaluate(TestRuleAssertionsRequired.java:53)
	at app//org.apache.lucene.tests.util.AbstractBeforeAfterRule$1.evaluate(AbstractBeforeAfterRule.java:43)
	at app//org.apache.lucene.tests.util.TestRuleMarkFailure$1.evaluate(TestRuleMarkFailure.java:44)
	at app//org.apache.lucene.tests.util.TestRuleIgnoreAfterMaxFailures$1.evaluate(TestRuleIgnoreAfterMaxFailures.java:60)
	at app//org.apache.lucene.tests.util.TestRuleIgnoreTestSuites$1.evaluate(TestRuleIgnoreTestSuites.java:47)
	at app//org.junit.rules.RunRules.evaluate(RunRules.java:20)
	at app//com.carrotsearch.randomizedtesting.rules.StatementAdapter.evaluate(StatementAdapter.java:36)
	at app//com.carrotsearch.randomizedtesting.ThreadLeakControl$StatementRunner.run(ThreadLeakControl.java:368)
	at java.base@17.0.4.1/java.lang.Thread.run(Thread.java:833)
</failure>
  </testcase>
  <testcase name="joinWithAllFromFirstTableNL" classname="org.opensearch.sql.legacy.JoinIT" time="0.052">
    <failure message="org.opensearch.client.ResponseException: method [POST], host [http://127.0.0.1:49776], URI [/_plugins/_sql?format=json], status line [HTTP/1.1 400 Bad Request]&#10;{&#10;  &quot;error&quot;: {&#10;    &quot;reason&quot;: &quot;Invalid SQL query&quot;,&#10;    &quot;details&quot;: &quot;Query is unsupported in the new engine&quot;,&#10;    &quot;type&quot;: &quot;SQLFeatureDisabledException&quot;&#10;  },&#10;  &quot;status&quot;: 400&#10;}" type="org.opensearch.client.ResponseException">org.opensearch.client.ResponseException: method [POST], host [http://127.0.0.1:49776], URI [/_plugins/_sql?format=json], status line [HTTP/1.1 400 Bad Request]
{
  &quot;error&quot;: {
    &quot;reason&quot;: &quot;Invalid SQL query&quot;,
    &quot;details&quot;: &quot;Query is unsupported in the new engine&quot;,
    &quot;type&quot;: &quot;SQLFeatureDisabledException&quot;
  },
  &quot;status&quot;: 400
}
	at __randomizedtesting.SeedInfo.seed([B058E8962C1F801C:D30A0606065A1D37]:0)
	at app//org.opensearch.client.RestClient.convertResponse(RestClient.java:384)
	at app//org.opensearch.client.RestClient.performRequest(RestClient.java:354)
	at app//org.opensearch.client.RestClient.performRequest(RestClient.java:329)
	at app//org.opensearch.sql.legacy.SQLIntegTestCase.executeRequest(SQLIntegTestCase.java:327)
	at app//org.opensearch.sql.legacy.SQLIntegTestCase.executeRequest(SQLIntegTestCase.java:322)
	at app//org.opensearch.sql.legacy.SQLIntegTestCase.executeRequest(SQLIntegTestCase.java:310)
	at app//org.opensearch.sql.legacy.SQLIntegTestCase.executeQuery(SQLIntegTestCase.java:293)
	at app//org.opensearch.sql.legacy.JoinIT.joinWithAllFromFirstTable(JoinIT.java:541)
	at app//org.opensearch.sql.legacy.JoinIT.joinWithAllFromFirstTableNL(JoinIT.java:379)
	at java.base@17.0.4.1/jdk.internal.reflect.NativeMethodAccessorImpl.invoke0(Native Method)
	at java.base@17.0.4.1/jdk.internal.reflect.NativeMethodAccessorImpl.invoke(NativeMethodAccessorImpl.java:77)
	at java.base@17.0.4.1/jdk.internal.reflect.DelegatingMethodAccessorImpl.invoke(DelegatingMethodAccessorImpl.java:43)
	at java.base@17.0.4.1/java.lang.reflect.Method.invoke(Method.java:568)
	at app//com.carrotsearch.randomizedtesting.RandomizedRunner.invoke(RandomizedRunner.java:1750)
	at app//com.carrotsearch.randomizedtesting.RandomizedRunner$8.evaluate(RandomizedRunner.java:938)
	at app//com.carrotsearch.randomizedtesting.RandomizedRunner$9.evaluate(RandomizedRunner.java:974)
	at app//com.carrotsearch.randomizedtesting.RandomizedRunner$10.evaluate(RandomizedRunner.java:988)
	at app//com.carrotsearch.randomizedtesting.rules.StatementAdapter.evaluate(StatementAdapter.java:36)
	at app//org.junit.rules.RunRules.evaluate(RunRules.java:20)
	at app//org.apache.lucene.tests.util.TestRuleSetupTeardownChained$1.evaluate(TestRuleSetupTeardownChained.java:48)
	at app//org.apache.lucene.tests.util.AbstractBeforeAfterRule$1.evaluate(AbstractBeforeAfterRule.java:43)
	at app//org.apache.lucene.tests.util.TestRuleThreadAndTestName$1.evaluate(TestRuleThreadAndTestName.java:45)
	at app//org.apache.lucene.tests.util.TestRuleIgnoreAfterMaxFailures$1.evaluate(TestRuleIgnoreAfterMaxFailures.java:60)
	at app//org.apache.lucene.tests.util.TestRuleMarkFailure$1.evaluate(TestRuleMarkFailure.java:44)
	at app//org.junit.rules.RunRules.evaluate(RunRules.java:20)
	at app//com.carrotsearch.randomizedtesting.rules.StatementAdapter.evaluate(StatementAdapter.java:36)
	at app//com.carrotsearch.randomizedtesting.ThreadLeakControl$StatementRunner.run(ThreadLeakControl.java:368)
	at app//com.carrotsearch.randomizedtesting.ThreadLeakControl.forkTimeoutingTask(ThreadLeakControl.java:817)
	at app//com.carrotsearch.randomizedtesting.ThreadLeakControl$3.evaluate(ThreadLeakControl.java:468)
	at app//com.carrotsearch.randomizedtesting.RandomizedRunner.runSingleTest(RandomizedRunner.java:947)
	at app//com.carrotsearch.randomizedtesting.RandomizedRunner$5.evaluate(RandomizedRunner.java:832)
	at app//com.carrotsearch.randomizedtesting.RandomizedRunner$6.evaluate(RandomizedRunner.java:883)
	at app//com.carrotsearch.randomizedtesting.RandomizedRunner$7.evaluate(RandomizedRunner.java:894)
	at app//org.apache.lucene.tests.util.AbstractBeforeAfterRule$1.evaluate(AbstractBeforeAfterRule.java:43)
	at app//com.carrotsearch.randomizedtesting.rules.StatementAdapter.evaluate(StatementAdapter.java:36)
	at app//org.apache.lucene.tests.util.TestRuleStoreClassName$1.evaluate(TestRuleStoreClassName.java:38)
	at app//com.carrotsearch.randomizedtesting.rules.NoShadowingOrOverridesOnMethodsRule$1.evaluate(NoShadowingOrOverridesOnMethodsRule.java:40)
	at app//com.carrotsearch.randomizedtesting.rules.NoShadowingOrOverridesOnMethodsRule$1.evaluate(NoShadowingOrOverridesOnMethodsRule.java:40)
	at app//com.carrotsearch.randomizedtesting.rules.StatementAdapter.evaluate(StatementAdapter.java:36)
	at app//com.carrotsearch.randomizedtesting.rules.StatementAdapter.evaluate(StatementAdapter.java:36)
	at app//org.apache.lucene.tests.util.TestRuleAssertionsRequired$1.evaluate(TestRuleAssertionsRequired.java:53)
	at app//org.apache.lucene.tests.util.AbstractBeforeAfterRule$1.evaluate(AbstractBeforeAfterRule.java:43)
	at app//org.apache.lucene.tests.util.TestRuleMarkFailure$1.evaluate(TestRuleMarkFailure.java:44)
	at app//org.apache.lucene.tests.util.TestRuleIgnoreAfterMaxFailures$1.evaluate(TestRuleIgnoreAfterMaxFailures.java:60)
	at app//org.apache.lucene.tests.util.TestRuleIgnoreTestSuites$1.evaluate(TestRuleIgnoreTestSuites.java:47)
	at app//org.junit.rules.RunRules.evaluate(RunRules.java:20)
	at app//com.carrotsearch.randomizedtesting.rules.StatementAdapter.evaluate(StatementAdapter.java:36)
	at app//com.carrotsearch.randomizedtesting.ThreadLeakControl$StatementRunner.run(ThreadLeakControl.java:368)
	at java.base@17.0.4.1/java.lang.Thread.run(Thread.java:833)
</failure>
  </testcase>
  <testcase name="hintLimits_firstNullSecondLimitHASH" classname="org.opensearch.sql.legacy.JoinIT" time="0.04">
    <failure message="org.opensearch.client.ResponseException: method [POST], host [http://127.0.0.1:49776], URI [/_plugins/_sql?format=json], status line [HTTP/1.1 400 Bad Request]&#10;{&#10;  &quot;error&quot;: {&#10;    &quot;reason&quot;: &quot;Invalid SQL query&quot;,&#10;    &quot;details&quot;: &quot;Query is unsupported in the new engine&quot;,&#10;    &quot;type&quot;: &quot;SQLFeatureDisabledException&quot;&#10;  },&#10;  &quot;status&quot;: 400&#10;}" type="org.opensearch.client.ResponseException">org.opensearch.client.ResponseException: method [POST], host [http://127.0.0.1:49776], URI [/_plugins/_sql?format=json], status line [HTTP/1.1 400 Bad Request]
{
  &quot;error&quot;: {
    &quot;reason&quot;: &quot;Invalid SQL query&quot;,
    &quot;details&quot;: &quot;Query is unsupported in the new engine&quot;,
    &quot;type&quot;: &quot;SQLFeatureDisabledException&quot;
  },
  &quot;status&quot;: 400
}
	at __randomizedtesting.SeedInfo.seed([B058E8962C1F801C:64802AB2BCDCF189]:0)
	at app//org.opensearch.client.RestClient.convertResponse(RestClient.java:384)
	at app//org.opensearch.client.RestClient.performRequest(RestClient.java:354)
	at app//org.opensearch.client.RestClient.performRequest(RestClient.java:329)
	at app//org.opensearch.sql.legacy.SQLIntegTestCase.executeRequest(SQLIntegTestCase.java:327)
	at app//org.opensearch.sql.legacy.SQLIntegTestCase.executeRequest(SQLIntegTestCase.java:322)
	at app//org.opensearch.sql.legacy.SQLIntegTestCase.executeRequest(SQLIntegTestCase.java:310)
	at app//org.opensearch.sql.legacy.SQLIntegTestCase.executeQuery(SQLIntegTestCase.java:293)
	at app//org.opensearch.sql.legacy.JoinIT.hintLimits_firstNullSecondLimit(JoinIT.java:850)
	at app//org.opensearch.sql.legacy.JoinIT.hintLimits_firstNullSecondLimitHASH(JoinIT.java:248)
	at java.base@17.0.4.1/jdk.internal.reflect.NativeMethodAccessorImpl.invoke0(Native Method)
	at java.base@17.0.4.1/jdk.internal.reflect.NativeMethodAccessorImpl.invoke(NativeMethodAccessorImpl.java:77)
	at java.base@17.0.4.1/jdk.internal.reflect.DelegatingMethodAccessorImpl.invoke(DelegatingMethodAccessorImpl.java:43)
	at java.base@17.0.4.1/java.lang.reflect.Method.invoke(Method.java:568)
	at app//com.carrotsearch.randomizedtesting.RandomizedRunner.invoke(RandomizedRunner.java:1750)
	at app//com.carrotsearch.randomizedtesting.RandomizedRunner$8.evaluate(RandomizedRunner.java:938)
	at app//com.carrotsearch.randomizedtesting.RandomizedRunner$9.evaluate(RandomizedRunner.java:974)
	at app//com.carrotsearch.randomizedtesting.RandomizedRunner$10.evaluate(RandomizedRunner.java:988)
	at app//com.carrotsearch.randomizedtesting.rules.StatementAdapter.evaluate(StatementAdapter.java:36)
	at app//org.junit.rules.RunRules.evaluate(RunRules.java:20)
	at app//org.apache.lucene.tests.util.TestRuleSetupTeardownChained$1.evaluate(TestRuleSetupTeardownChained.java:48)
	at app//org.apache.lucene.tests.util.AbstractBeforeAfterRule$1.evaluate(AbstractBeforeAfterRule.java:43)
	at app//org.apache.lucene.tests.util.TestRuleThreadAndTestName$1.evaluate(TestRuleThreadAndTestName.java:45)
	at app//org.apache.lucene.tests.util.TestRuleIgnoreAfterMaxFailures$1.evaluate(TestRuleIgnoreAfterMaxFailures.java:60)
	at app//org.apache.lucene.tests.util.TestRuleMarkFailure$1.evaluate(TestRuleMarkFailure.java:44)
	at app//org.junit.rules.RunRules.evaluate(RunRules.java:20)
	at app//com.carrotsearch.randomizedtesting.rules.StatementAdapter.evaluate(StatementAdapter.java:36)
	at app//com.carrotsearch.randomizedtesting.ThreadLeakControl$StatementRunner.run(ThreadLeakControl.java:368)
	at app//com.carrotsearch.randomizedtesting.ThreadLeakControl.forkTimeoutingTask(ThreadLeakControl.java:817)
	at app//com.carrotsearch.randomizedtesting.ThreadLeakControl$3.evaluate(ThreadLeakControl.java:468)
	at app//com.carrotsearch.randomizedtesting.RandomizedRunner.runSingleTest(RandomizedRunner.java:947)
	at app//com.carrotsearch.randomizedtesting.RandomizedRunner$5.evaluate(RandomizedRunner.java:832)
	at app//com.carrotsearch.randomizedtesting.RandomizedRunner$6.evaluate(RandomizedRunner.java:883)
	at app//com.carrotsearch.randomizedtesting.RandomizedRunner$7.evaluate(RandomizedRunner.java:894)
	at app//org.apache.lucene.tests.util.AbstractBeforeAfterRule$1.evaluate(AbstractBeforeAfterRule.java:43)
	at app//com.carrotsearch.randomizedtesting.rules.StatementAdapter.evaluate(StatementAdapter.java:36)
	at app//org.apache.lucene.tests.util.TestRuleStoreClassName$1.evaluate(TestRuleStoreClassName.java:38)
	at app//com.carrotsearch.randomizedtesting.rules.NoShadowingOrOverridesOnMethodsRule$1.evaluate(NoShadowingOrOverridesOnMethodsRule.java:40)
	at app//com.carrotsearch.randomizedtesting.rules.NoShadowingOrOverridesOnMethodsRule$1.evaluate(NoShadowingOrOverridesOnMethodsRule.java:40)
	at app//com.carrotsearch.randomizedtesting.rules.StatementAdapter.evaluate(StatementAdapter.java:36)
	at app//com.carrotsearch.randomizedtesting.rules.StatementAdapter.evaluate(StatementAdapter.java:36)
	at app//org.apache.lucene.tests.util.TestRuleAssertionsRequired$1.evaluate(TestRuleAssertionsRequired.java:53)
	at app//org.apache.lucene.tests.util.AbstractBeforeAfterRule$1.evaluate(AbstractBeforeAfterRule.java:43)
	at app//org.apache.lucene.tests.util.TestRuleMarkFailure$1.evaluate(TestRuleMarkFailure.java:44)
	at app//org.apache.lucene.tests.util.TestRuleIgnoreAfterMaxFailures$1.evaluate(TestRuleIgnoreAfterMaxFailures.java:60)
	at app//org.apache.lucene.tests.util.TestRuleIgnoreTestSuites$1.evaluate(TestRuleIgnoreTestSuites.java:47)
	at app//org.junit.rules.RunRules.evaluate(RunRules.java:20)
	at app//com.carrotsearch.randomizedtesting.rules.StatementAdapter.evaluate(StatementAdapter.java:36)
	at app//com.carrotsearch.randomizedtesting.ThreadLeakControl$StatementRunner.run(ThreadLeakControl.java:368)
	at java.base@17.0.4.1/java.lang.Thread.run(Thread.java:833)
</failure>
  </testcase>
  <testcase name="joinNoConditionButWithWhereHASH" classname="org.opensearch.sql.legacy.JoinIT" time="0.038">
    <failure message="org.opensearch.client.ResponseException: method [POST], host [http://127.0.0.1:49776], URI [/_plugins/_sql?format=json], status line [HTTP/1.1 400 Bad Request]&#10;{&#10;  &quot;error&quot;: {&#10;    &quot;reason&quot;: &quot;Invalid SQL query&quot;,&#10;    &quot;details&quot;: &quot;Query is unsupported in the new engine&quot;,&#10;    &quot;type&quot;: &quot;SQLFeatureDisabledException&quot;&#10;  },&#10;  &quot;status&quot;: 400&#10;}" type="org.opensearch.client.ResponseException">org.opensearch.client.ResponseException: method [POST], host [http://127.0.0.1:49776], URI [/_plugins/_sql?format=json], status line [HTTP/1.1 400 Bad Request]
{
  &quot;error&quot;: {
    &quot;reason&quot;: &quot;Invalid SQL query&quot;,
    &quot;details&quot;: &quot;Query is unsupported in the new engine&quot;,
    &quot;type&quot;: &quot;SQLFeatureDisabledException&quot;
  },
  &quot;status&quot;: 400
}
	at __randomizedtesting.SeedInfo.seed([B058E8962C1F801C:11127F9C58DF32CD]:0)
	at app//org.opensearch.client.RestClient.convertResponse(RestClient.java:384)
	at app//org.opensearch.client.RestClient.performRequest(RestClient.java:354)
	at app//org.opensearch.client.RestClient.performRequest(RestClient.java:329)
	at app//org.opensearch.sql.legacy.SQLIntegTestCase.executeRequest(SQLIntegTestCase.java:327)
	at app//org.opensearch.sql.legacy.SQLIntegTestCase.executeRequest(SQLIntegTestCase.java:322)
	at app//org.opensearch.sql.legacy.SQLIntegTestCase.executeRequest(SQLIntegTestCase.java:310)
	at app//org.opensearch.sql.legacy.SQLIntegTestCase.executeQuery(SQLIntegTestCase.java:293)
	at app//org.opensearch.sql.legacy.JoinIT.joinNoConditionButWithWhere(JoinIT.java:592)
	at app//org.opensearch.sql.legacy.JoinIT.joinNoConditionButWithWhereHASH(JoinIT.java:114)
	at java.base@17.0.4.1/jdk.internal.reflect.NativeMethodAccessorImpl.invoke0(Native Method)
	at java.base@17.0.4.1/jdk.internal.reflect.NativeMethodAccessorImpl.invoke(NativeMethodAccessorImpl.java:77)
	at java.base@17.0.4.1/jdk.internal.reflect.DelegatingMethodAccessorImpl.invoke(DelegatingMethodAccessorImpl.java:43)
	at java.base@17.0.4.1/java.lang.reflect.Method.invoke(Method.java:568)
	at app//com.carrotsearch.randomizedtesting.RandomizedRunner.invoke(RandomizedRunner.java:1750)
	at app//com.carrotsearch.randomizedtesting.RandomizedRunner$8.evaluate(RandomizedRunner.java:938)
	at app//com.carrotsearch.randomizedtesting.RandomizedRunner$9.evaluate(RandomizedRunner.java:974)
	at app//com.carrotsearch.randomizedtesting.RandomizedRunner$10.evaluate(RandomizedRunner.java:988)
	at app//com.carrotsearch.randomizedtesting.rules.StatementAdapter.evaluate(StatementAdapter.java:36)
	at app//org.junit.rules.RunRules.evaluate(RunRules.java:20)
	at app//org.apache.lucene.tests.util.TestRuleSetupTeardownChained$1.evaluate(TestRuleSetupTeardownChained.java:48)
	at app//org.apache.lucene.tests.util.AbstractBeforeAfterRule$1.evaluate(AbstractBeforeAfterRule.java:43)
	at app//org.apache.lucene.tests.util.TestRuleThreadAndTestName$1.evaluate(TestRuleThreadAndTestName.java:45)
	at app//org.apache.lucene.tests.util.TestRuleIgnoreAfterMaxFailures$1.evaluate(TestRuleIgnoreAfterMaxFailures.java:60)
	at app//org.apache.lucene.tests.util.TestRuleMarkFailure$1.evaluate(TestRuleMarkFailure.java:44)
	at app//org.junit.rules.RunRules.evaluate(RunRules.java:20)
	at app//com.carrotsearch.randomizedtesting.rules.StatementAdapter.evaluate(StatementAdapter.java:36)
	at app//com.carrotsearch.randomizedtesting.ThreadLeakControl$StatementRunner.run(ThreadLeakControl.java:368)
	at app//com.carrotsearch.randomizedtesting.ThreadLeakControl.forkTimeoutingTask(ThreadLeakControl.java:817)
	at app//com.carrotsearch.randomizedtesting.ThreadLeakControl$3.evaluate(ThreadLeakControl.java:468)
	at app//com.carrotsearch.randomizedtesting.RandomizedRunner.runSingleTest(RandomizedRunner.java:947)
	at app//com.carrotsearch.randomizedtesting.RandomizedRunner$5.evaluate(RandomizedRunner.java:832)
	at app//com.carrotsearch.randomizedtesting.RandomizedRunner$6.evaluate(RandomizedRunner.java:883)
	at app//com.carrotsearch.randomizedtesting.RandomizedRunner$7.evaluate(RandomizedRunner.java:894)
	at app//org.apache.lucene.tests.util.AbstractBeforeAfterRule$1.evaluate(AbstractBeforeAfterRule.java:43)
	at app//com.carrotsearch.randomizedtesting.rules.StatementAdapter.evaluate(StatementAdapter.java:36)
	at app//org.apache.lucene.tests.util.TestRuleStoreClassName$1.evaluate(TestRuleStoreClassName.java:38)
	at app//com.carrotsearch.randomizedtesting.rules.NoShadowingOrOverridesOnMethodsRule$1.evaluate(NoShadowingOrOverridesOnMethodsRule.java:40)
	at app//com.carrotsearch.randomizedtesting.rules.NoShadowingOrOverridesOnMethodsRule$1.evaluate(NoShadowingOrOverridesOnMethodsRule.java:40)
	at app//com.carrotsearch.randomizedtesting.rules.StatementAdapter.evaluate(StatementAdapter.java:36)
	at app//com.carrotsearch.randomizedtesting.rules.StatementAdapter.evaluate(StatementAdapter.java:36)
	at app//org.apache.lucene.tests.util.TestRuleAssertionsRequired$1.evaluate(TestRuleAssertionsRequired.java:53)
	at app//org.apache.lucene.tests.util.AbstractBeforeAfterRule$1.evaluate(AbstractBeforeAfterRule.java:43)
	at app//org.apache.lucene.tests.util.TestRuleMarkFailure$1.evaluate(TestRuleMarkFailure.java:44)
	at app//org.apache.lucene.tests.util.TestRuleIgnoreAfterMaxFailures$1.evaluate(TestRuleIgnoreAfterMaxFailures.java:60)
	at app//org.apache.lucene.tests.util.TestRuleIgnoreTestSuites$1.evaluate(TestRuleIgnoreTestSuites.java:47)
	at app//org.junit.rules.RunRules.evaluate(RunRules.java:20)
	at app//com.carrotsearch.randomizedtesting.rules.StatementAdapter.evaluate(StatementAdapter.java:36)
	at app//com.carrotsearch.randomizedtesting.ThreadLeakControl$StatementRunner.run(ThreadLeakControl.java:368)
	at java.base@17.0.4.1/java.lang.Thread.run(Thread.java:833)
</failure>
  </testcase>
  <testcase name="joinParseCheckSelectedFieldsSplitNLConditionOrderEQ" classname="org.opensearch.sql.legacy.JoinIT" time="0.044">
    <failure message="org.opensearch.client.ResponseException: method [POST], host [http://127.0.0.1:49776], URI [/_plugins/_sql?format=json], status line [HTTP/1.1 400 Bad Request]&#10;{&#10;  &quot;error&quot;: {&#10;    &quot;reason&quot;: &quot;Invalid SQL query&quot;,&#10;    &quot;details&quot;: &quot;Query is unsupported in the new engine&quot;,&#10;    &quot;type&quot;: &quot;SQLFeatureDisabledException&quot;&#10;  },&#10;  &quot;status&quot;: 400&#10;}" type="org.opensearch.client.ResponseException">org.opensearch.client.ResponseException: method [POST], host [http://127.0.0.1:49776], URI [/_plugins/_sql?format=json], status line [HTTP/1.1 400 Bad Request]
{
  &quot;error&quot;: {
    &quot;reason&quot;: &quot;Invalid SQL query&quot;,
    &quot;details&quot;: &quot;Query is unsupported in the new engine&quot;,
    &quot;type&quot;: &quot;SQLFeatureDisabledException&quot;
  },
  &quot;status&quot;: 400
}
	at __randomizedtesting.SeedInfo.seed([B058E8962C1F801C:BB38A7A0FFA9C8A6]:0)
	at app//org.opensearch.client.RestClient.convertResponse(RestClient.java:384)
	at app//org.opensearch.client.RestClient.performRequest(RestClient.java:354)
	at app//org.opensearch.client.RestClient.performRequest(RestClient.java:329)
	at app//org.opensearch.sql.legacy.SQLIntegTestCase.executeRequest(SQLIntegTestCase.java:327)
	at app//org.opensearch.sql.legacy.SQLIntegTestCase.executeRequest(SQLIntegTestCase.java:322)
	at app//org.opensearch.sql.legacy.SQLIntegTestCase.executeRequest(SQLIntegTestCase.java:310)
	at app//org.opensearch.sql.legacy.SQLIntegTestCase.executeQuery(SQLIntegTestCase.java:293)
	at app//org.opensearch.sql.legacy.JoinIT.joinParseCheckSelectedFieldsSplitNLConditionOrderEQ(JoinIT.java:402)
	at java.base@17.0.4.1/jdk.internal.reflect.NativeMethodAccessorImpl.invoke0(Native Method)
	at java.base@17.0.4.1/jdk.internal.reflect.NativeMethodAccessorImpl.invoke(NativeMethodAccessorImpl.java:77)
	at java.base@17.0.4.1/jdk.internal.reflect.DelegatingMethodAccessorImpl.invoke(DelegatingMethodAccessorImpl.java:43)
	at java.base@17.0.4.1/java.lang.reflect.Method.invoke(Method.java:568)
	at app//com.carrotsearch.randomizedtesting.RandomizedRunner.invoke(RandomizedRunner.java:1750)
	at app//com.carrotsearch.randomizedtesting.RandomizedRunner$8.evaluate(RandomizedRunner.java:938)
	at app//com.carrotsearch.randomizedtesting.RandomizedRunner$9.evaluate(RandomizedRunner.java:974)
	at app//com.carrotsearch.randomizedtesting.RandomizedRunner$10.evaluate(RandomizedRunner.java:988)
	at app//com.carrotsearch.randomizedtesting.rules.StatementAdapter.evaluate(StatementAdapter.java:36)
	at app//org.junit.rules.RunRules.evaluate(RunRules.java:20)
	at app//org.apache.lucene.tests.util.TestRuleSetupTeardownChained$1.evaluate(TestRuleSetupTeardownChained.java:48)
	at app//org.apache.lucene.tests.util.AbstractBeforeAfterRule$1.evaluate(AbstractBeforeAfterRule.java:43)
	at app//org.apache.lucene.tests.util.TestRuleThreadAndTestName$1.evaluate(TestRuleThreadAndTestName.java:45)
	at app//org.apache.lucene.tests.util.TestRuleIgnoreAfterMaxFailures$1.evaluate(TestRuleIgnoreAfterMaxFailures.java:60)
	at app//org.apache.lucene.tests.util.TestRuleMarkFailure$1.evaluate(TestRuleMarkFailure.java:44)
	at app//org.junit.rules.RunRules.evaluate(RunRules.java:20)
	at app//com.carrotsearch.randomizedtesting.rules.StatementAdapter.evaluate(StatementAdapter.java:36)
	at app//com.carrotsearch.randomizedtesting.ThreadLeakControl$StatementRunner.run(ThreadLeakControl.java:368)
	at app//com.carrotsearch.randomizedtesting.ThreadLeakControl.forkTimeoutingTask(ThreadLeakControl.java:817)
	at app//com.carrotsearch.randomizedtesting.ThreadLeakControl$3.evaluate(ThreadLeakControl.java:468)
	at app//com.carrotsearch.randomizedtesting.RandomizedRunner.runSingleTest(RandomizedRunner.java:947)
	at app//com.carrotsearch.randomizedtesting.RandomizedRunner$5.evaluate(RandomizedRunner.java:832)
	at app//com.carrotsearch.randomizedtesting.RandomizedRunner$6.evaluate(RandomizedRunner.java:883)
	at app//com.carrotsearch.randomizedtesting.RandomizedRunner$7.evaluate(RandomizedRunner.java:894)
	at app//org.apache.lucene.tests.util.AbstractBeforeAfterRule$1.evaluate(AbstractBeforeAfterRule.java:43)
	at app//com.carrotsearch.randomizedtesting.rules.StatementAdapter.evaluate(StatementAdapter.java:36)
	at app//org.apache.lucene.tests.util.TestRuleStoreClassName$1.evaluate(TestRuleStoreClassName.java:38)
	at app//com.carrotsearch.randomizedtesting.rules.NoShadowingOrOverridesOnMethodsRule$1.evaluate(NoShadowingOrOverridesOnMethodsRule.java:40)
	at app//com.carrotsearch.randomizedtesting.rules.NoShadowingOrOverridesOnMethodsRule$1.evaluate(NoShadowingOrOverridesOnMethodsRule.java:40)
	at app//com.carrotsearch.randomizedtesting.rules.StatementAdapter.evaluate(StatementAdapter.java:36)
	at app//com.carrotsearch.randomizedtesting.rules.StatementAdapter.evaluate(StatementAdapter.java:36)
	at app//org.apache.lucene.tests.util.TestRuleAssertionsRequired$1.evaluate(TestRuleAssertionsRequired.java:53)
	at app//org.apache.lucene.tests.util.AbstractBeforeAfterRule$1.evaluate(AbstractBeforeAfterRule.java:43)
	at app//org.apache.lucene.tests.util.TestRuleMarkFailure$1.evaluate(TestRuleMarkFailure.java:44)
	at app//org.apache.lucene.tests.util.TestRuleIgnoreAfterMaxFailures$1.evaluate(TestRuleIgnoreAfterMaxFailures.java:60)
	at app//org.apache.lucene.tests.util.TestRuleIgnoreTestSuites$1.evaluate(TestRuleIgnoreTestSuites.java:47)
	at app//org.junit.rules.RunRules.evaluate(RunRules.java:20)
	at app//com.carrotsearch.randomizedtesting.rules.StatementAdapter.evaluate(StatementAdapter.java:36)
	at app//com.carrotsearch.randomizedtesting.ThreadLeakControl$StatementRunner.run(ThreadLeakControl.java:368)
	at java.base@17.0.4.1/java.lang.Thread.run(Thread.java:833)
</failure>
  </testcase>
  <testcase name="joinWithAllAliasOnReturnHASH" classname="org.opensearch.sql.legacy.JoinIT" time="0.037">
    <failure message="org.opensearch.client.ResponseException: method [POST], host [http://127.0.0.1:49776], URI [/_plugins/_sql?format=json], status line [HTTP/1.1 400 Bad Request]&#10;{&#10;  &quot;error&quot;: {&#10;    &quot;reason&quot;: &quot;Invalid SQL query&quot;,&#10;    &quot;details&quot;: &quot;Query is unsupported in the new engine&quot;,&#10;    &quot;type&quot;: &quot;SQLFeatureDisabledException&quot;&#10;  },&#10;  &quot;status&quot;: 400&#10;}" type="org.opensearch.client.ResponseException">org.opensearch.client.ResponseException: method [POST], host [http://127.0.0.1:49776], URI [/_plugins/_sql?format=json], status line [HTTP/1.1 400 Bad Request]
{
  &quot;error&quot;: {
    &quot;reason&quot;: &quot;Invalid SQL query&quot;,
    &quot;details&quot;: &quot;Query is unsupported in the new engine&quot;,
    &quot;type&quot;: &quot;SQLFeatureDisabledException&quot;
  },
  &quot;status&quot;: 400
}
	at __randomizedtesting.SeedInfo.seed([B058E8962C1F801C:E4FBE922637B41F1]:0)
	at app//org.opensearch.client.RestClient.convertResponse(RestClient.java:384)
	at app//org.opensearch.client.RestClient.performRequest(RestClient.java:354)
	at app//org.opensearch.client.RestClient.performRequest(RestClient.java:329)
	at app//org.opensearch.sql.legacy.SQLIntegTestCase.executeRequest(SQLIntegTestCase.java:327)
	at app//org.opensearch.sql.legacy.SQLIntegTestCase.executeRequest(SQLIntegTestCase.java:322)
	at app//org.opensearch.sql.legacy.SQLIntegTestCase.executeRequest(SQLIntegTestCase.java:310)
	at app//org.opensearch.sql.legacy.SQLIntegTestCase.executeQuery(SQLIntegTestCase.java:293)
	at app//org.opensearch.sql.legacy.JoinIT.joinWithAllAliasOnReturn(JoinIT.java:707)
	at app//org.opensearch.sql.legacy.JoinIT.joinWithAllAliasOnReturnHASH(JoinIT.java:162)
	at java.base@17.0.4.1/jdk.internal.reflect.NativeMethodAccessorImpl.invoke0(Native Method)
	at java.base@17.0.4.1/jdk.internal.reflect.NativeMethodAccessorImpl.invoke(NativeMethodAccessorImpl.java:77)
	at java.base@17.0.4.1/jdk.internal.reflect.DelegatingMethodAccessorImpl.invoke(DelegatingMethodAccessorImpl.java:43)
	at java.base@17.0.4.1/java.lang.reflect.Method.invoke(Method.java:568)
	at app//com.carrotsearch.randomizedtesting.RandomizedRunner.invoke(RandomizedRunner.java:1750)
	at app//com.carrotsearch.randomizedtesting.RandomizedRunner$8.evaluate(RandomizedRunner.java:938)
	at app//com.carrotsearch.randomizedtesting.RandomizedRunner$9.evaluate(RandomizedRunner.java:974)
	at app//com.carrotsearch.randomizedtesting.RandomizedRunner$10.evaluate(RandomizedRunner.java:988)
	at app//com.carrotsearch.randomizedtesting.rules.StatementAdapter.evaluate(StatementAdapter.java:36)
	at app//org.junit.rules.RunRules.evaluate(RunRules.java:20)
	at app//org.apache.lucene.tests.util.TestRuleSetupTeardownChained$1.evaluate(TestRuleSetupTeardownChained.java:48)
	at app//org.apache.lucene.tests.util.AbstractBeforeAfterRule$1.evaluate(AbstractBeforeAfterRule.java:43)
	at app//org.apache.lucene.tests.util.TestRuleThreadAndTestName$1.evaluate(TestRuleThreadAndTestName.java:45)
	at app//org.apache.lucene.tests.util.TestRuleIgnoreAfterMaxFailures$1.evaluate(TestRuleIgnoreAfterMaxFailures.java:60)
	at app//org.apache.lucene.tests.util.TestRuleMarkFailure$1.evaluate(TestRuleMarkFailure.java:44)
	at app//org.junit.rules.RunRules.evaluate(RunRules.java:20)
	at app//com.carrotsearch.randomizedtesting.rules.StatementAdapter.evaluate(StatementAdapter.java:36)
	at app//com.carrotsearch.randomizedtesting.ThreadLeakControl$StatementRunner.run(ThreadLeakControl.java:368)
	at app//com.carrotsearch.randomizedtesting.ThreadLeakControl.forkTimeoutingTask(ThreadLeakControl.java:817)
	at app//com.carrotsearch.randomizedtesting.ThreadLeakControl$3.evaluate(ThreadLeakControl.java:468)
	at app//com.carrotsearch.randomizedtesting.RandomizedRunner.runSingleTest(RandomizedRunner.java:947)
	at app//com.carrotsearch.randomizedtesting.RandomizedRunner$5.evaluate(RandomizedRunner.java:832)
	at app//com.carrotsearch.randomizedtesting.RandomizedRunner$6.evaluate(RandomizedRunner.java:883)
	at app//com.carrotsearch.randomizedtesting.RandomizedRunner$7.evaluate(RandomizedRunner.java:894)
	at app//org.apache.lucene.tests.util.AbstractBeforeAfterRule$1.evaluate(AbstractBeforeAfterRule.java:43)
	at app//com.carrotsearch.randomizedtesting.rules.StatementAdapter.evaluate(StatementAdapter.java:36)
	at app//org.apache.lucene.tests.util.TestRuleStoreClassName$1.evaluate(TestRuleStoreClassName.java:38)
	at app//com.carrotsearch.randomizedtesting.rules.NoShadowingOrOverridesOnMethodsRule$1.evaluate(NoShadowingOrOverridesOnMethodsRule.java:40)
	at app//com.carrotsearch.randomizedtesting.rules.NoShadowingOrOverridesOnMethodsRule$1.evaluate(NoShadowingOrOverridesOnMethodsRule.java:40)
	at app//com.carrotsearch.randomizedtesting.rules.StatementAdapter.evaluate(StatementAdapter.java:36)
	at app//com.carrotsearch.randomizedtesting.rules.StatementAdapter.evaluate(StatementAdapter.java:36)
	at app//org.apache.lucene.tests.util.TestRuleAssertionsRequired$1.evaluate(TestRuleAssertionsRequired.java:53)
	at app//org.apache.lucene.tests.util.AbstractBeforeAfterRule$1.evaluate(AbstractBeforeAfterRule.java:43)
	at app//org.apache.lucene.tests.util.TestRuleMarkFailure$1.evaluate(TestRuleMarkFailure.java:44)
	at app//org.apache.lucene.tests.util.TestRuleIgnoreAfterMaxFailures$1.evaluate(TestRuleIgnoreAfterMaxFailures.java:60)
	at app//org.apache.lucene.tests.util.TestRuleIgnoreTestSuites$1.evaluate(TestRuleIgnoreTestSuites.java:47)
	at app//org.junit.rules.RunRules.evaluate(RunRules.java:20)
	at app//com.carrotsearch.randomizedtesting.rules.StatementAdapter.evaluate(StatementAdapter.java:36)
	at app//com.carrotsearch.randomizedtesting.ThreadLeakControl$StatementRunner.run(ThreadLeakControl.java:368)
	at java.base@17.0.4.1/java.lang.Thread.run(Thread.java:833)
</failure>
  </testcase>
  <testcase name="joinWithGeoIntersectNL" classname="org.opensearch.sql.legacy.JoinIT" time="0.038">
    <failure message="org.opensearch.client.ResponseException: method [POST], host [http://127.0.0.1:49776], URI [/_plugins/_sql?format=json], status line [HTTP/1.1 400 Bad Request]&#10;{&#10;  &quot;error&quot;: {&#10;    &quot;reason&quot;: &quot;Invalid SQL query&quot;,&#10;    &quot;details&quot;: &quot;Query is unsupported in the new engine&quot;,&#10;    &quot;type&quot;: &quot;SQLFeatureDisabledException&quot;&#10;  },&#10;  &quot;status&quot;: 400&#10;}" type="org.opensearch.client.ResponseException">org.opensearch.client.ResponseException: method [POST], host [http://127.0.0.1:49776], URI [/_plugins/_sql?format=json], status line [HTTP/1.1 400 Bad Request]
{
  &quot;error&quot;: {
    &quot;reason&quot;: &quot;Invalid SQL query&quot;,
    &quot;details&quot;: &quot;Query is unsupported in the new engine&quot;,
    &quot;type&quot;: &quot;SQLFeatureDisabledException&quot;
  },
  &quot;status&quot;: 400
}
	at __randomizedtesting.SeedInfo.seed([B058E8962C1F801C:D563CC9BC53AB22B]:0)
	at app//org.opensearch.client.RestClient.convertResponse(RestClient.java:384)
	at app//org.opensearch.client.RestClient.performRequest(RestClient.java:354)
	at app//org.opensearch.client.RestClient.performRequest(RestClient.java:329)
	at app//org.opensearch.sql.legacy.SQLIntegTestCase.executeRequest(SQLIntegTestCase.java:327)
	at app//org.opensearch.sql.legacy.SQLIntegTestCase.executeRequest(SQLIntegTestCase.java:322)
	at app//org.opensearch.sql.legacy.SQLIntegTestCase.executeRequest(SQLIntegTestCase.java:310)
	at app//org.opensearch.sql.legacy.SQLIntegTestCase.executeQuery(SQLIntegTestCase.java:293)
	at app//org.opensearch.sql.legacy.JoinIT.joinWithGeoIntersectNL(JoinIT.java:288)
	at java.base@17.0.4.1/jdk.internal.reflect.NativeMethodAccessorImpl.invoke0(Native Method)
	at java.base@17.0.4.1/jdk.internal.reflect.NativeMethodAccessorImpl.invoke(NativeMethodAccessorImpl.java:77)
	at java.base@17.0.4.1/jdk.internal.reflect.DelegatingMethodAccessorImpl.invoke(DelegatingMethodAccessorImpl.java:43)
	at java.base@17.0.4.1/java.lang.reflect.Method.invoke(Method.java:568)
	at app//com.carrotsearch.randomizedtesting.RandomizedRunner.invoke(RandomizedRunner.java:1750)
	at app//com.carrotsearch.randomizedtesting.RandomizedRunner$8.evaluate(RandomizedRunner.java:938)
	at app//com.carrotsearch.randomizedtesting.RandomizedRunner$9.evaluate(RandomizedRunner.java:974)
	at app//com.carrotsearch.randomizedtesting.RandomizedRunner$10.evaluate(RandomizedRunner.java:988)
	at app//com.carrotsearch.randomizedtesting.rules.StatementAdapter.evaluate(StatementAdapter.java:36)
	at app//org.junit.rules.RunRules.evaluate(RunRules.java:20)
	at app//org.apache.lucene.tests.util.TestRuleSetupTeardownChained$1.evaluate(TestRuleSetupTeardownChained.java:48)
	at app//org.apache.lucene.tests.util.AbstractBeforeAfterRule$1.evaluate(AbstractBeforeAfterRule.java:43)
	at app//org.apache.lucene.tests.util.TestRuleThreadAndTestName$1.evaluate(TestRuleThreadAndTestName.java:45)
	at app//org.apache.lucene.tests.util.TestRuleIgnoreAfterMaxFailures$1.evaluate(TestRuleIgnoreAfterMaxFailures.java:60)
	at app//org.apache.lucene.tests.util.TestRuleMarkFailure$1.evaluate(TestRuleMarkFailure.java:44)
	at app//org.junit.rules.RunRules.evaluate(RunRules.java:20)
	at app//com.carrotsearch.randomizedtesting.rules.StatementAdapter.evaluate(StatementAdapter.java:36)
	at app//com.carrotsearch.randomizedtesting.ThreadLeakControl$StatementRunner.run(ThreadLeakControl.java:368)
	at app//com.carrotsearch.randomizedtesting.ThreadLeakControl.forkTimeoutingTask(ThreadLeakControl.java:817)
	at app//com.carrotsearch.randomizedtesting.ThreadLeakControl$3.evaluate(ThreadLeakControl.java:468)
	at app//com.carrotsearch.randomizedtesting.RandomizedRunner.runSingleTest(RandomizedRunner.java:947)
	at app//com.carrotsearch.randomizedtesting.RandomizedRunner$5.evaluate(RandomizedRunner.java:832)
	at app//com.carrotsearch.randomizedtesting.RandomizedRunner$6.evaluate(RandomizedRunner.java:883)
	at app//com.carrotsearch.randomizedtesting.RandomizedRunner$7.evaluate(RandomizedRunner.java:894)
	at app//org.apache.lucene.tests.util.AbstractBeforeAfterRule$1.evaluate(AbstractBeforeAfterRule.java:43)
	at app//com.carrotsearch.randomizedtesting.rules.StatementAdapter.evaluate(StatementAdapter.java:36)
	at app//org.apache.lucene.tests.util.TestRuleStoreClassName$1.evaluate(TestRuleStoreClassName.java:38)
	at app//com.carrotsearch.randomizedtesting.rules.NoShadowingOrOverridesOnMethodsRule$1.evaluate(NoShadowingOrOverridesOnMethodsRule.java:40)
	at app//com.carrotsearch.randomizedtesting.rules.NoShadowingOrOverridesOnMethodsRule$1.evaluate(NoShadowingOrOverridesOnMethodsRule.java:40)
	at app//com.carrotsearch.randomizedtesting.rules.StatementAdapter.evaluate(StatementAdapter.java:36)
	at app//com.carrotsearch.randomizedtesting.rules.StatementAdapter.evaluate(StatementAdapter.java:36)
	at app//org.apache.lucene.tests.util.TestRuleAssertionsRequired$1.evaluate(TestRuleAssertionsRequired.java:53)
	at app//org.apache.lucene.tests.util.AbstractBeforeAfterRule$1.evaluate(AbstractBeforeAfterRule.java:43)
	at app//org.apache.lucene.tests.util.TestRuleMarkFailure$1.evaluate(TestRuleMarkFailure.java:44)
	at app//org.apache.lucene.tests.util.TestRuleIgnoreAfterMaxFailures$1.evaluate(TestRuleIgnoreAfterMaxFailures.java:60)
	at app//org.apache.lucene.tests.util.TestRuleIgnoreTestSuites$1.evaluate(TestRuleIgnoreTestSuites.java:47)
	at app//org.junit.rules.RunRules.evaluate(RunRules.java:20)
	at app//com.carrotsearch.randomizedtesting.rules.StatementAdapter.evaluate(StatementAdapter.java:36)
	at app//com.carrotsearch.randomizedtesting.ThreadLeakControl$StatementRunner.run(ThreadLeakControl.java:368)
	at java.base@17.0.4.1/java.lang.Thread.run(Thread.java:833)
</failure>
  </testcase>
  <testcase name="joinWithAllFromSecondTableNL" classname="org.opensearch.sql.legacy.JoinIT" time="0.042">
    <failure message="org.opensearch.client.ResponseException: method [POST], host [http://127.0.0.1:49776], URI [/_plugins/_sql?format=json], status line [HTTP/1.1 400 Bad Request]&#10;{&#10;  &quot;error&quot;: {&#10;    &quot;reason&quot;: &quot;Invalid SQL query&quot;,&#10;    &quot;details&quot;: &quot;Query is unsupported in the new engine&quot;,&#10;    &quot;type&quot;: &quot;SQLFeatureDisabledException&quot;&#10;  },&#10;  &quot;status&quot;: 400&#10;}" type="org.opensearch.client.ResponseException">org.opensearch.client.ResponseException: method [POST], host [http://127.0.0.1:49776], URI [/_plugins/_sql?format=json], status line [HTTP/1.1 400 Bad Request]
{
  &quot;error&quot;: {
    &quot;reason&quot;: &quot;Invalid SQL query&quot;,
    &quot;details&quot;: &quot;Query is unsupported in the new engine&quot;,
    &quot;type&quot;: &quot;SQLFeatureDisabledException&quot;
  },
  &quot;status&quot;: 400
}
	at __randomizedtesting.SeedInfo.seed([B058E8962C1F801C:FA7C1A46F889D83]:0)
	at app//org.opensearch.client.RestClient.convertResponse(RestClient.java:384)
	at app//org.opensearch.client.RestClient.performRequest(RestClient.java:354)
	at app//org.opensearch.client.RestClient.performRequest(RestClient.java:329)
	at app//org.opensearch.sql.legacy.SQLIntegTestCase.executeRequest(SQLIntegTestCase.java:327)
	at app//org.opensearch.sql.legacy.SQLIntegTestCase.executeRequest(SQLIntegTestCase.java:322)
	at app//org.opensearch.sql.legacy.SQLIntegTestCase.executeRequest(SQLIntegTestCase.java:310)
	at app//org.opensearch.sql.legacy.SQLIntegTestCase.executeQuery(SQLIntegTestCase.java:293)
	at app//org.opensearch.sql.legacy.JoinIT.joinWithAllFromSecondTable(JoinIT.java:523)
	at app//org.opensearch.sql.legacy.JoinIT.joinWithAllFromSecondTableNL(JoinIT.java:367)
	at java.base@17.0.4.1/jdk.internal.reflect.NativeMethodAccessorImpl.invoke0(Native Method)
	at java.base@17.0.4.1/jdk.internal.reflect.NativeMethodAccessorImpl.invoke(NativeMethodAccessorImpl.java:77)
	at java.base@17.0.4.1/jdk.internal.reflect.DelegatingMethodAccessorImpl.invoke(DelegatingMethodAccessorImpl.java:43)
	at java.base@17.0.4.1/java.lang.reflect.Method.invoke(Method.java:568)
	at app//com.carrotsearch.randomizedtesting.RandomizedRunner.invoke(RandomizedRunner.java:1750)
	at app//com.carrotsearch.randomizedtesting.RandomizedRunner$8.evaluate(RandomizedRunner.java:938)
	at app//com.carrotsearch.randomizedtesting.RandomizedRunner$9.evaluate(RandomizedRunner.java:974)
	at app//com.carrotsearch.randomizedtesting.RandomizedRunner$10.evaluate(RandomizedRunner.java:988)
	at app//com.carrotsearch.randomizedtesting.rules.StatementAdapter.evaluate(StatementAdapter.java:36)
	at app//org.junit.rules.RunRules.evaluate(RunRules.java:20)
	at app//org.apache.lucene.tests.util.TestRuleSetupTeardownChained$1.evaluate(TestRuleSetupTeardownChained.java:48)
	at app//org.apache.lucene.tests.util.AbstractBeforeAfterRule$1.evaluate(AbstractBeforeAfterRule.java:43)
	at app//org.apache.lucene.tests.util.TestRuleThreadAndTestName$1.evaluate(TestRuleThreadAndTestName.java:45)
	at app//org.apache.lucene.tests.util.TestRuleIgnoreAfterMaxFailures$1.evaluate(TestRuleIgnoreAfterMaxFailures.java:60)
	at app//org.apache.lucene.tests.util.TestRuleMarkFailure$1.evaluate(TestRuleMarkFailure.java:44)
	at app//org.junit.rules.RunRules.evaluate(RunRules.java:20)
	at app//com.carrotsearch.randomizedtesting.rules.StatementAdapter.evaluate(StatementAdapter.java:36)
	at app//com.carrotsearch.randomizedtesting.ThreadLeakControl$StatementRunner.run(ThreadLeakControl.java:368)
	at app//com.carrotsearch.randomizedtesting.ThreadLeakControl.forkTimeoutingTask(ThreadLeakControl.java:817)
	at app//com.carrotsearch.randomizedtesting.ThreadLeakControl$3.evaluate(ThreadLeakControl.java:468)
	at app//com.carrotsearch.randomizedtesting.RandomizedRunner.runSingleTest(RandomizedRunner.java:947)
	at app//com.carrotsearch.randomizedtesting.RandomizedRunner$5.evaluate(RandomizedRunner.java:832)
	at app//com.carrotsearch.randomizedtesting.RandomizedRunner$6.evaluate(RandomizedRunner.java:883)
	at app//com.carrotsearch.randomizedtesting.RandomizedRunner$7.evaluate(RandomizedRunner.java:894)
	at app//org.apache.lucene.tests.util.AbstractBeforeAfterRule$1.evaluate(AbstractBeforeAfterRule.java:43)
	at app//com.carrotsearch.randomizedtesting.rules.StatementAdapter.evaluate(StatementAdapter.java:36)
	at app//org.apache.lucene.tests.util.TestRuleStoreClassName$1.evaluate(TestRuleStoreClassName.java:38)
	at app//com.carrotsearch.randomizedtesting.rules.NoShadowingOrOverridesOnMethodsRule$1.evaluate(NoShadowingOrOverridesOnMethodsRule.java:40)
	at app//com.carrotsearch.randomizedtesting.rules.NoShadowingOrOverridesOnMethodsRule$1.evaluate(NoShadowingOrOverridesOnMethodsRule.java:40)
	at app//com.carrotsearch.randomizedtesting.rules.StatementAdapter.evaluate(StatementAdapter.java:36)
	at app//com.carrotsearch.randomizedtesting.rules.StatementAdapter.evaluate(StatementAdapter.java:36)
	at app//org.apache.lucene.tests.util.TestRuleAssertionsRequired$1.evaluate(TestRuleAssertionsRequired.java:53)
	at app//org.apache.lucene.tests.util.AbstractBeforeAfterRule$1.evaluate(AbstractBeforeAfterRule.java:43)
	at app//org.apache.lucene.tests.util.TestRuleMarkFailure$1.evaluate(TestRuleMarkFailure.java:44)
	at app//org.apache.lucene.tests.util.TestRuleIgnoreAfterMaxFailures$1.evaluate(TestRuleIgnoreAfterMaxFailures.java:60)
	at app//org.apache.lucene.tests.util.TestRuleIgnoreTestSuites$1.evaluate(TestRuleIgnoreTestSuites.java:47)
	at app//org.junit.rules.RunRules.evaluate(RunRules.java:20)
	at app//com.carrotsearch.randomizedtesting.rules.StatementAdapter.evaluate(StatementAdapter.java:36)
	at app//com.carrotsearch.randomizedtesting.ThreadLeakControl$StatementRunner.run(ThreadLeakControl.java:368)
	at java.base@17.0.4.1/java.lang.Thread.run(Thread.java:833)
</failure>
  </testcase>
  <testcase name="joinWithSomeAliasOnReturnHASH" classname="org.opensearch.sql.legacy.JoinIT" time="0.041">
    <failure message="org.opensearch.client.ResponseException: method [POST], host [http://127.0.0.1:49776], URI [/_plugins/_sql?format=json], status line [HTTP/1.1 400 Bad Request]&#10;{&#10;  &quot;error&quot;: {&#10;    &quot;reason&quot;: &quot;Invalid SQL query&quot;,&#10;    &quot;details&quot;: &quot;Query is unsupported in the new engine&quot;,&#10;    &quot;type&quot;: &quot;SQLFeatureDisabledException&quot;&#10;  },&#10;  &quot;status&quot;: 400&#10;}" type="org.opensearch.client.ResponseException">org.opensearch.client.ResponseException: method [POST], host [http://127.0.0.1:49776], URI [/_plugins/_sql?format=json], status line [HTTP/1.1 400 Bad Request]
{
  &quot;error&quot;: {
    &quot;reason&quot;: &quot;Invalid SQL query&quot;,
    &quot;details&quot;: &quot;Query is unsupported in the new engine&quot;,
    &quot;type&quot;: &quot;SQLFeatureDisabledException&quot;
  },
  &quot;status&quot;: 400
}
	at __randomizedtesting.SeedInfo.seed([B058E8962C1F801C:717EAB3A356081A2]:0)
	at app//org.opensearch.client.RestClient.convertResponse(RestClient.java:384)
	at app//org.opensearch.client.RestClient.performRequest(RestClient.java:354)
	at app//org.opensearch.client.RestClient.performRequest(RestClient.java:329)
	at app//org.opensearch.sql.legacy.SQLIntegTestCase.executeRequest(SQLIntegTestCase.java:327)
	at app//org.opensearch.sql.legacy.SQLIntegTestCase.executeRequest(SQLIntegTestCase.java:322)
	at app//org.opensearch.sql.legacy.SQLIntegTestCase.executeRequest(SQLIntegTestCase.java:310)
	at app//org.opensearch.sql.legacy.SQLIntegTestCase.executeQuery(SQLIntegTestCase.java:293)
	at app//org.opensearch.sql.legacy.JoinIT.joinWithSomeAliasOnReturn(JoinIT.java:731)
	at app//org.opensearch.sql.legacy.JoinIT.joinWithSomeAliasOnReturnHASH(JoinIT.java:174)
	at java.base@17.0.4.1/jdk.internal.reflect.NativeMethodAccessorImpl.invoke0(Native Method)
	at java.base@17.0.4.1/jdk.internal.reflect.NativeMethodAccessorImpl.invoke(NativeMethodAccessorImpl.java:77)
	at java.base@17.0.4.1/jdk.internal.reflect.DelegatingMethodAccessorImpl.invoke(DelegatingMethodAccessorImpl.java:43)
	at java.base@17.0.4.1/java.lang.reflect.Method.invoke(Method.java:568)
	at app//com.carrotsearch.randomizedtesting.RandomizedRunner.invoke(RandomizedRunner.java:1750)
	at app//com.carrotsearch.randomizedtesting.RandomizedRunner$8.evaluate(RandomizedRunner.java:938)
	at app//com.carrotsearch.randomizedtesting.RandomizedRunner$9.evaluate(RandomizedRunner.java:974)
	at app//com.carrotsearch.randomizedtesting.RandomizedRunner$10.evaluate(RandomizedRunner.java:988)
	at app//com.carrotsearch.randomizedtesting.rules.StatementAdapter.evaluate(StatementAdapter.java:36)
	at app//org.junit.rules.RunRules.evaluate(RunRules.java:20)
	at app//org.apache.lucene.tests.util.TestRuleSetupTeardownChained$1.evaluate(TestRuleSetupTeardownChained.java:48)
	at app//org.apache.lucene.tests.util.AbstractBeforeAfterRule$1.evaluate(AbstractBeforeAfterRule.java:43)
	at app//org.apache.lucene.tests.util.TestRuleThreadAndTestName$1.evaluate(TestRuleThreadAndTestName.java:45)
	at app//org.apache.lucene.tests.util.TestRuleIgnoreAfterMaxFailures$1.evaluate(TestRuleIgnoreAfterMaxFailures.java:60)
	at app//org.apache.lucene.tests.util.TestRuleMarkFailure$1.evaluate(TestRuleMarkFailure.java:44)
	at app//org.junit.rules.RunRules.evaluate(RunRules.java:20)
	at app//com.carrotsearch.randomizedtesting.rules.StatementAdapter.evaluate(StatementAdapter.java:36)
	at app//com.carrotsearch.randomizedtesting.ThreadLeakControl$StatementRunner.run(ThreadLeakControl.java:368)
	at app//com.carrotsearch.randomizedtesting.ThreadLeakControl.forkTimeoutingTask(ThreadLeakControl.java:817)
	at app//com.carrotsearch.randomizedtesting.ThreadLeakControl$3.evaluate(ThreadLeakControl.java:468)
	at app//com.carrotsearch.randomizedtesting.RandomizedRunner.runSingleTest(RandomizedRunner.java:947)
	at app//com.carrotsearch.randomizedtesting.RandomizedRunner$5.evaluate(RandomizedRunner.java:832)
	at app//com.carrotsearch.randomizedtesting.RandomizedRunner$6.evaluate(RandomizedRunner.java:883)
	at app//com.carrotsearch.randomizedtesting.RandomizedRunner$7.evaluate(RandomizedRunner.java:894)
	at app//org.apache.lucene.tests.util.AbstractBeforeAfterRule$1.evaluate(AbstractBeforeAfterRule.java:43)
	at app//com.carrotsearch.randomizedtesting.rules.StatementAdapter.evaluate(StatementAdapter.java:36)
	at app//org.apache.lucene.tests.util.TestRuleStoreClassName$1.evaluate(TestRuleStoreClassName.java:38)
	at app//com.carrotsearch.randomizedtesting.rules.NoShadowingOrOverridesOnMethodsRule$1.evaluate(NoShadowingOrOverridesOnMethodsRule.java:40)
	at app//com.carrotsearch.randomizedtesting.rules.NoShadowingOrOverridesOnMethodsRule$1.evaluate(NoShadowingOrOverridesOnMethodsRule.java:40)
	at app//com.carrotsearch.randomizedtesting.rules.StatementAdapter.evaluate(StatementAdapter.java:36)
	at app//com.carrotsearch.randomizedtesting.rules.StatementAdapter.evaluate(StatementAdapter.java:36)
	at app//org.apache.lucene.tests.util.TestRuleAssertionsRequired$1.evaluate(TestRuleAssertionsRequired.java:53)
	at app//org.apache.lucene.tests.util.AbstractBeforeAfterRule$1.evaluate(AbstractBeforeAfterRule.java:43)
	at app//org.apache.lucene.tests.util.TestRuleMarkFailure$1.evaluate(TestRuleMarkFailure.java:44)
	at app//org.apache.lucene.tests.util.TestRuleIgnoreAfterMaxFailures$1.evaluate(TestRuleIgnoreAfterMaxFailures.java:60)
	at app//org.apache.lucene.tests.util.TestRuleIgnoreTestSuites$1.evaluate(TestRuleIgnoreTestSuites.java:47)
	at app//org.junit.rules.RunRules.evaluate(RunRules.java:20)
	at app//com.carrotsearch.randomizedtesting.rules.StatementAdapter.evaluate(StatementAdapter.java:36)
	at app//com.carrotsearch.randomizedtesting.ThreadLeakControl$StatementRunner.run(ThreadLeakControl.java:368)
	at java.base@17.0.4.1/java.lang.Thread.run(Thread.java:833)
</failure>
  </testcase>
  <testcase name="leftJoinWithAllFromSecondTableHASH" classname="org.opensearch.sql.legacy.JoinIT" time="0.034">
    <failure message="org.opensearch.client.ResponseException: method [POST], host [http://127.0.0.1:49776], URI [/_plugins/_sql?format=json], status line [HTTP/1.1 400 Bad Request]&#10;{&#10;  &quot;error&quot;: {&#10;    &quot;reason&quot;: &quot;Invalid SQL query&quot;,&#10;    &quot;details&quot;: &quot;Query is unsupported in the new engine&quot;,&#10;    &quot;type&quot;: &quot;SQLFeatureDisabledException&quot;&#10;  },&#10;  &quot;status&quot;: 400&#10;}" type="org.opensearch.client.ResponseException">org.opensearch.client.ResponseException: method [POST], host [http://127.0.0.1:49776], URI [/_plugins/_sql?format=json], status line [HTTP/1.1 400 Bad Request]
{
  &quot;error&quot;: {
    &quot;reason&quot;: &quot;Invalid SQL query&quot;,
    &quot;details&quot;: &quot;Query is unsupported in the new engine&quot;,
    &quot;type&quot;: &quot;SQLFeatureDisabledException&quot;
  },
  &quot;status&quot;: 400
}
	at __randomizedtesting.SeedInfo.seed([B058E8962C1F801C:7D520A5B8253FC01]:0)
	at app//org.opensearch.client.RestClient.convertResponse(RestClient.java:384)
	at app//org.opensearch.client.RestClient.performRequest(RestClient.java:354)
	at app//org.opensearch.client.RestClient.performRequest(RestClient.java:329)
	at app//org.opensearch.sql.legacy.SQLIntegTestCase.executeRequest(SQLIntegTestCase.java:327)
	at app//org.opensearch.sql.legacy.SQLIntegTestCase.executeRequest(SQLIntegTestCase.java:322)
	at app//org.opensearch.sql.legacy.SQLIntegTestCase.executeRequest(SQLIntegTestCase.java:310)
	at app//org.opensearch.sql.legacy.SQLIntegTestCase.executeQuery(SQLIntegTestCase.java:293)
	at app//org.opensearch.sql.legacy.JoinIT.leftJoinWithAllFromSecondTable(JoinIT.java:559)
	at app//org.opensearch.sql.legacy.JoinIT.leftJoinWithAllFromSecondTableHASH(JoinIT.java:385)
	at java.base@17.0.4.1/jdk.internal.reflect.NativeMethodAccessorImpl.invoke0(Native Method)
	at java.base@17.0.4.1/jdk.internal.reflect.NativeMethodAccessorImpl.invoke(NativeMethodAccessorImpl.java:77)
	at java.base@17.0.4.1/jdk.internal.reflect.DelegatingMethodAccessorImpl.invoke(DelegatingMethodAccessorImpl.java:43)
	at java.base@17.0.4.1/java.lang.reflect.Method.invoke(Method.java:568)
	at app//com.carrotsearch.randomizedtesting.RandomizedRunner.invoke(RandomizedRunner.java:1750)
	at app//com.carrotsearch.randomizedtesting.RandomizedRunner$8.evaluate(RandomizedRunner.java:938)
	at app//com.carrotsearch.randomizedtesting.RandomizedRunner$9.evaluate(RandomizedRunner.java:974)
	at app//com.carrotsearch.randomizedtesting.RandomizedRunner$10.evaluate(RandomizedRunner.java:988)
	at app//com.carrotsearch.randomizedtesting.rules.StatementAdapter.evaluate(StatementAdapter.java:36)
	at app//org.junit.rules.RunRules.evaluate(RunRules.java:20)
	at app//org.apache.lucene.tests.util.TestRuleSetupTeardownChained$1.evaluate(TestRuleSetupTeardownChained.java:48)
	at app//org.apache.lucene.tests.util.AbstractBeforeAfterRule$1.evaluate(AbstractBeforeAfterRule.java:43)
	at app//org.apache.lucene.tests.util.TestRuleThreadAndTestName$1.evaluate(TestRuleThreadAndTestName.java:45)
	at app//org.apache.lucene.tests.util.TestRuleIgnoreAfterMaxFailures$1.evaluate(TestRuleIgnoreAfterMaxFailures.java:60)
	at app//org.apache.lucene.tests.util.TestRuleMarkFailure$1.evaluate(TestRuleMarkFailure.java:44)
	at app//org.junit.rules.RunRules.evaluate(RunRules.java:20)
	at app//com.carrotsearch.randomizedtesting.rules.StatementAdapter.evaluate(StatementAdapter.java:36)
	at app//com.carrotsearch.randomizedtesting.ThreadLeakControl$StatementRunner.run(ThreadLeakControl.java:368)
	at app//com.carrotsearch.randomizedtesting.ThreadLeakControl.forkTimeoutingTask(ThreadLeakControl.java:817)
	at app//com.carrotsearch.randomizedtesting.ThreadLeakControl$3.evaluate(ThreadLeakControl.java:468)
	at app//com.carrotsearch.randomizedtesting.RandomizedRunner.runSingleTest(RandomizedRunner.java:947)
	at app//com.carrotsearch.randomizedtesting.RandomizedRunner$5.evaluate(RandomizedRunner.java:832)
	at app//com.carrotsearch.randomizedtesting.RandomizedRunner$6.evaluate(RandomizedRunner.java:883)
	at app//com.carrotsearch.randomizedtesting.RandomizedRunner$7.evaluate(RandomizedRunner.java:894)
	at app//org.apache.lucene.tests.util.AbstractBeforeAfterRule$1.evaluate(AbstractBeforeAfterRule.java:43)
	at app//com.carrotsearch.randomizedtesting.rules.StatementAdapter.evaluate(StatementAdapter.java:36)
	at app//org.apache.lucene.tests.util.TestRuleStoreClassName$1.evaluate(TestRuleStoreClassName.java:38)
	at app//com.carrotsearch.randomizedtesting.rules.NoShadowingOrOverridesOnMethodsRule$1.evaluate(NoShadowingOrOverridesOnMethodsRule.java:40)
	at app//com.carrotsearch.randomizedtesting.rules.NoShadowingOrOverridesOnMethodsRule$1.evaluate(NoShadowingOrOverridesOnMethodsRule.java:40)
	at app//com.carrotsearch.randomizedtesting.rules.StatementAdapter.evaluate(StatementAdapter.java:36)
	at app//com.carrotsearch.randomizedtesting.rules.StatementAdapter.evaluate(StatementAdapter.java:36)
	at app//org.apache.lucene.tests.util.TestRuleAssertionsRequired$1.evaluate(TestRuleAssertionsRequired.java:53)
	at app//org.apache.lucene.tests.util.AbstractBeforeAfterRule$1.evaluate(AbstractBeforeAfterRule.java:43)
	at app//org.apache.lucene.tests.util.TestRuleMarkFailure$1.evaluate(TestRuleMarkFailure.java:44)
	at app//org.apache.lucene.tests.util.TestRuleIgnoreAfterMaxFailures$1.evaluate(TestRuleIgnoreAfterMaxFailures.java:60)
	at app//org.apache.lucene.tests.util.TestRuleIgnoreTestSuites$1.evaluate(TestRuleIgnoreTestSuites.java:47)
	at app//org.junit.rules.RunRules.evaluate(RunRules.java:20)
	at app//com.carrotsearch.randomizedtesting.rules.StatementAdapter.evaluate(StatementAdapter.java:36)
	at app//com.carrotsearch.randomizedtesting.ThreadLeakControl$StatementRunner.run(ThreadLeakControl.java:368)
	at java.base@17.0.4.1/java.lang.Thread.run(Thread.java:833)
</failure>
  </testcase>
  <testcase name="joinWithNoWhereButWithConditionHash" classname="org.opensearch.sql.legacy.JoinIT" time="0.038">
    <failure message="org.opensearch.client.ResponseException: method [POST], host [http://127.0.0.1:49776], URI [/_plugins/_sql?format=json], status line [HTTP/1.1 400 Bad Request]&#10;{&#10;  &quot;error&quot;: {&#10;    &quot;reason&quot;: &quot;Invalid SQL query&quot;,&#10;    &quot;details&quot;: &quot;Query is unsupported in the new engine&quot;,&#10;    &quot;type&quot;: &quot;SQLFeatureDisabledException&quot;&#10;  },&#10;  &quot;status&quot;: 400&#10;}" type="org.opensearch.client.ResponseException">org.opensearch.client.ResponseException: method [POST], host [http://127.0.0.1:49776], URI [/_plugins/_sql?format=json], status line [HTTP/1.1 400 Bad Request]
{
  &quot;error&quot;: {
    &quot;reason&quot;: &quot;Invalid SQL query&quot;,
    &quot;details&quot;: &quot;Query is unsupported in the new engine&quot;,
    &quot;type&quot;: &quot;SQLFeatureDisabledException&quot;
  },
  &quot;status&quot;: 400
}
	at __randomizedtesting.SeedInfo.seed([B058E8962C1F801C:551C3ED48FE2043C]:0)
	at app//org.opensearch.client.RestClient.convertResponse(RestClient.java:384)
	at app//org.opensearch.client.RestClient.performRequest(RestClient.java:354)
	at app//org.opensearch.client.RestClient.performRequest(RestClient.java:329)
	at app//org.opensearch.sql.legacy.SQLIntegTestCase.executeRequest(SQLIntegTestCase.java:327)
	at app//org.opensearch.sql.legacy.SQLIntegTestCase.executeRequest(SQLIntegTestCase.java:322)
	at app//org.opensearch.sql.legacy.SQLIntegTestCase.executeRequest(SQLIntegTestCase.java:310)
	at app//org.opensearch.sql.legacy.SQLIntegTestCase.executeQuery(SQLIntegTestCase.java:293)
	at app//org.opensearch.sql.legacy.JoinIT.joinWithNoWhereButWithCondition(JoinIT.java:617)
	at app//org.opensearch.sql.legacy.JoinIT.joinWithNoWhereButWithConditionHash(JoinIT.java:86)
	at java.base@17.0.4.1/jdk.internal.reflect.NativeMethodAccessorImpl.invoke0(Native Method)
	at java.base@17.0.4.1/jdk.internal.reflect.NativeMethodAccessorImpl.invoke(NativeMethodAccessorImpl.java:77)
	at java.base@17.0.4.1/jdk.internal.reflect.DelegatingMethodAccessorImpl.invoke(DelegatingMethodAccessorImpl.java:43)
	at java.base@17.0.4.1/java.lang.reflect.Method.invoke(Method.java:568)
	at app//com.carrotsearch.randomizedtesting.RandomizedRunner.invoke(RandomizedRunner.java:1750)
	at app//com.carrotsearch.randomizedtesting.RandomizedRunner$8.evaluate(RandomizedRunner.java:938)
	at app//com.carrotsearch.randomizedtesting.RandomizedRunner$9.evaluate(RandomizedRunner.java:974)
	at app//com.carrotsearch.randomizedtesting.RandomizedRunner$10.evaluate(RandomizedRunner.java:988)
	at app//com.carrotsearch.randomizedtesting.rules.StatementAdapter.evaluate(StatementAdapter.java:36)
	at app//org.junit.rules.RunRules.evaluate(RunRules.java:20)
	at app//org.apache.lucene.tests.util.TestRuleSetupTeardownChained$1.evaluate(TestRuleSetupTeardownChained.java:48)
	at app//org.apache.lucene.tests.util.AbstractBeforeAfterRule$1.evaluate(AbstractBeforeAfterRule.java:43)
	at app//org.apache.lucene.tests.util.TestRuleThreadAndTestName$1.evaluate(TestRuleThreadAndTestName.java:45)
	at app//org.apache.lucene.tests.util.TestRuleIgnoreAfterMaxFailures$1.evaluate(TestRuleIgnoreAfterMaxFailures.java:60)
	at app//org.apache.lucene.tests.util.TestRuleMarkFailure$1.evaluate(TestRuleMarkFailure.java:44)
	at app//org.junit.rules.RunRules.evaluate(RunRules.java:20)
	at app//com.carrotsearch.randomizedtesting.rules.StatementAdapter.evaluate(StatementAdapter.java:36)
	at app//com.carrotsearch.randomizedtesting.ThreadLeakControl$StatementRunner.run(ThreadLeakControl.java:368)
	at app//com.carrotsearch.randomizedtesting.ThreadLeakControl.forkTimeoutingTask(ThreadLeakControl.java:817)
	at app//com.carrotsearch.randomizedtesting.ThreadLeakControl$3.evaluate(ThreadLeakControl.java:468)
	at app//com.carrotsearch.randomizedtesting.RandomizedRunner.runSingleTest(RandomizedRunner.java:947)
	at app//com.carrotsearch.randomizedtesting.RandomizedRunner$5.evaluate(RandomizedRunner.java:832)
	at app//com.carrotsearch.randomizedtesting.RandomizedRunner$6.evaluate(RandomizedRunner.java:883)
	at app//com.carrotsearch.randomizedtesting.RandomizedRunner$7.evaluate(RandomizedRunner.java:894)
	at app//org.apache.lucene.tests.util.AbstractBeforeAfterRule$1.evaluate(AbstractBeforeAfterRule.java:43)
	at app//com.carrotsearch.randomizedtesting.rules.StatementAdapter.evaluate(StatementAdapter.java:36)
	at app//org.apache.lucene.tests.util.TestRuleStoreClassName$1.evaluate(TestRuleStoreClassName.java:38)
	at app//com.carrotsearch.randomizedtesting.rules.NoShadowingOrOverridesOnMethodsRule$1.evaluate(NoShadowingOrOverridesOnMethodsRule.java:40)
	at app//com.carrotsearch.randomizedtesting.rules.NoShadowingOrOverridesOnMethodsRule$1.evaluate(NoShadowingOrOverridesOnMethodsRule.java:40)
	at app//com.carrotsearch.randomizedtesting.rules.StatementAdapter.evaluate(StatementAdapter.java:36)
	at app//com.carrotsearch.randomizedtesting.rules.StatementAdapter.evaluate(StatementAdapter.java:36)
	at app//org.apache.lucene.tests.util.TestRuleAssertionsRequired$1.evaluate(TestRuleAssertionsRequired.java:53)
	at app//org.apache.lucene.tests.util.AbstractBeforeAfterRule$1.evaluate(AbstractBeforeAfterRule.java:43)
	at app//org.apache.lucene.tests.util.TestRuleMarkFailure$1.evaluate(TestRuleMarkFailure.java:44)
	at app//org.apache.lucene.tests.util.TestRuleIgnoreAfterMaxFailures$1.evaluate(TestRuleIgnoreAfterMaxFailures.java:60)
	at app//org.apache.lucene.tests.util.TestRuleIgnoreTestSuites$1.evaluate(TestRuleIgnoreTestSuites.java:47)
	at app//org.junit.rules.RunRules.evaluate(RunRules.java:20)
	at app//com.carrotsearch.randomizedtesting.rules.StatementAdapter.evaluate(StatementAdapter.java:36)
	at app//com.carrotsearch.randomizedtesting.ThreadLeakControl$StatementRunner.run(ThreadLeakControl.java:368)
	at java.base@17.0.4.1/java.lang.Thread.run(Thread.java:833)
</failure>
  </testcase>
  <testcase name="joinNoConditionAndNoWhereHASH" classname="org.opensearch.sql.legacy.JoinIT" time="0.039">
    <failure message="org.opensearch.client.ResponseException: method [POST], host [http://127.0.0.1:49776], URI [/_plugins/_sql?format=json], status line [HTTP/1.1 400 Bad Request]&#10;{&#10;  &quot;error&quot;: {&#10;    &quot;reason&quot;: &quot;Invalid SQL query&quot;,&#10;    &quot;details&quot;: &quot;Query is unsupported in the new engine&quot;,&#10;    &quot;type&quot;: &quot;SQLFeatureDisabledException&quot;&#10;  },&#10;  &quot;status&quot;: 400&#10;}" type="org.opensearch.client.ResponseException">org.opensearch.client.ResponseException: method [POST], host [http://127.0.0.1:49776], URI [/_plugins/_sql?format=json], status line [HTTP/1.1 400 Bad Request]
{
  &quot;error&quot;: {
    &quot;reason&quot;: &quot;Invalid SQL query&quot;,
    &quot;details&quot;: &quot;Query is unsupported in the new engine&quot;,
    &quot;type&quot;: &quot;SQLFeatureDisabledException&quot;
  },
  &quot;status&quot;: 400
}
	at __randomizedtesting.SeedInfo.seed([B058E8962C1F801C:5C3FB7B5C482D9C6]:0)
	at app//org.opensearch.client.RestClient.convertResponse(RestClient.java:384)
	at app//org.opensearch.client.RestClient.performRequest(RestClient.java:354)
	at app//org.opensearch.client.RestClient.performRequest(RestClient.java:329)
	at app//org.opensearch.sql.legacy.SQLIntegTestCase.executeRequest(SQLIntegTestCase.java:327)
	at app//org.opensearch.sql.legacy.SQLIntegTestCase.executeRequest(SQLIntegTestCase.java:322)
	at app//org.opensearch.sql.legacy.SQLIntegTestCase.executeRequest(SQLIntegTestCase.java:310)
	at app//org.opensearch.sql.legacy.SQLIntegTestCase.executeQuery(SQLIntegTestCase.java:293)
	at app//org.opensearch.sql.legacy.JoinIT.joinNoConditionAndNoWhere(JoinIT.java:605)
	at app//org.opensearch.sql.legacy.JoinIT.joinNoConditionAndNoWhereHASH(JoinIT.java:126)
	at java.base@17.0.4.1/jdk.internal.reflect.NativeMethodAccessorImpl.invoke0(Native Method)
	at java.base@17.0.4.1/jdk.internal.reflect.NativeMethodAccessorImpl.invoke(NativeMethodAccessorImpl.java:77)
	at java.base@17.0.4.1/jdk.internal.reflect.DelegatingMethodAccessorImpl.invoke(DelegatingMethodAccessorImpl.java:43)
	at java.base@17.0.4.1/java.lang.reflect.Method.invoke(Method.java:568)
	at app//com.carrotsearch.randomizedtesting.RandomizedRunner.invoke(RandomizedRunner.java:1750)
	at app//com.carrotsearch.randomizedtesting.RandomizedRunner$8.evaluate(RandomizedRunner.java:938)
	at app//com.carrotsearch.randomizedtesting.RandomizedRunner$9.evaluate(RandomizedRunner.java:974)
	at app//com.carrotsearch.randomizedtesting.RandomizedRunner$10.evaluate(RandomizedRunner.java:988)
	at app//com.carrotsearch.randomizedtesting.rules.StatementAdapter.evaluate(StatementAdapter.java:36)
	at app//org.junit.rules.RunRules.evaluate(RunRules.java:20)
	at app//org.apache.lucene.tests.util.TestRuleSetupTeardownChained$1.evaluate(TestRuleSetupTeardownChained.java:48)
	at app//org.apache.lucene.tests.util.AbstractBeforeAfterRule$1.evaluate(AbstractBeforeAfterRule.java:43)
	at app//org.apache.lucene.tests.util.TestRuleThreadAndTestName$1.evaluate(TestRuleThreadAndTestName.java:45)
	at app//org.apache.lucene.tests.util.TestRuleIgnoreAfterMaxFailures$1.evaluate(TestRuleIgnoreAfterMaxFailures.java:60)
	at app//org.apache.lucene.tests.util.TestRuleMarkFailure$1.evaluate(TestRuleMarkFailure.java:44)
	at app//org.junit.rules.RunRules.evaluate(RunRules.java:20)
	at app//com.carrotsearch.randomizedtesting.rules.StatementAdapter.evaluate(StatementAdapter.java:36)
	at app//com.carrotsearch.randomizedtesting.ThreadLeakControl$StatementRunner.run(ThreadLeakControl.java:368)
	at app//com.carrotsearch.randomizedtesting.ThreadLeakControl.forkTimeoutingTask(ThreadLeakControl.java:817)
	at app//com.carrotsearch.randomizedtesting.ThreadLeakControl$3.evaluate(ThreadLeakControl.java:468)
	at app//com.carrotsearch.randomizedtesting.RandomizedRunner.runSingleTest(RandomizedRunner.java:947)
	at app//com.carrotsearch.randomizedtesting.RandomizedRunner$5.evaluate(RandomizedRunner.java:832)
	at app//com.carrotsearch.randomizedtesting.RandomizedRunner$6.evaluate(RandomizedRunner.java:883)
	at app//com.carrotsearch.randomizedtesting.RandomizedRunner$7.evaluate(RandomizedRunner.java:894)
	at app//org.apache.lucene.tests.util.AbstractBeforeAfterRule$1.evaluate(AbstractBeforeAfterRule.java:43)
	at app//com.carrotsearch.randomizedtesting.rules.StatementAdapter.evaluate(StatementAdapter.java:36)
	at app//org.apache.lucene.tests.util.TestRuleStoreClassName$1.evaluate(TestRuleStoreClassName.java:38)
	at app//com.carrotsearch.randomizedtesting.rules.NoShadowingOrOverridesOnMethodsRule$1.evaluate(NoShadowingOrOverridesOnMethodsRule.java:40)
	at app//com.carrotsearch.randomizedtesting.rules.NoShadowingOrOverridesOnMethodsRule$1.evaluate(NoShadowingOrOverridesOnMethodsRule.java:40)
	at app//com.carrotsearch.randomizedtesting.rules.StatementAdapter.evaluate(StatementAdapter.java:36)
	at app//com.carrotsearch.randomizedtesting.rules.StatementAdapter.evaluate(StatementAdapter.java:36)
	at app//org.apache.lucene.tests.util.TestRuleAssertionsRequired$1.evaluate(TestRuleAssertionsRequired.java:53)
	at app//org.apache.lucene.tests.util.AbstractBeforeAfterRule$1.evaluate(AbstractBeforeAfterRule.java:43)
	at app//org.apache.lucene.tests.util.TestRuleMarkFailure$1.evaluate(TestRuleMarkFailure.java:44)
	at app//org.apache.lucene.tests.util.TestRuleIgnoreAfterMaxFailures$1.evaluate(TestRuleIgnoreAfterMaxFailures.java:60)
	at app//org.apache.lucene.tests.util.TestRuleIgnoreTestSuites$1.evaluate(TestRuleIgnoreTestSuites.java:47)
	at app//org.junit.rules.RunRules.evaluate(RunRules.java:20)
	at app//com.carrotsearch.randomizedtesting.rules.StatementAdapter.evaluate(StatementAdapter.java:36)
	at app//com.carrotsearch.randomizedtesting.ThreadLeakControl$StatementRunner.run(ThreadLeakControl.java:368)
	at java.base@17.0.4.1/java.lang.Thread.run(Thread.java:833)
</failure>
  </testcase>
  <testcase name="joinWithNestedFieldsOnReturnHASH" classname="org.opensearch.sql.legacy.JoinIT" time="0.04">
    <failure message="org.opensearch.client.ResponseException: method [POST], host [http://127.0.0.1:49776], URI [/_plugins/_sql?format=json], status line [HTTP/1.1 400 Bad Request]&#10;{&#10;  &quot;error&quot;: {&#10;    &quot;reason&quot;: &quot;Invalid SQL query&quot;,&#10;    &quot;details&quot;: &quot;Query is unsupported in the new engine&quot;,&#10;    &quot;type&quot;: &quot;SQLFeatureDisabledException&quot;&#10;  },&#10;  &quot;status&quot;: 400&#10;}" type="org.opensearch.client.ResponseException">org.opensearch.client.ResponseException: method [POST], host [http://127.0.0.1:49776], URI [/_plugins/_sql?format=json], status line [HTTP/1.1 400 Bad Request]
{
  &quot;error&quot;: {
    &quot;reason&quot;: &quot;Invalid SQL query&quot;,
    &quot;details&quot;: &quot;Query is unsupported in the new engine&quot;,
    &quot;type&quot;: &quot;SQLFeatureDisabledException&quot;
  },
  &quot;status&quot;: 400
}
	at __randomizedtesting.SeedInfo.seed([B058E8962C1F801C:DA97347CB766DFA8]:0)
	at app//org.opensearch.client.RestClient.convertResponse(RestClient.java:384)
	at app//org.opensearch.client.RestClient.performRequest(RestClient.java:354)
	at app//org.opensearch.client.RestClient.performRequest(RestClient.java:329)
	at app//org.opensearch.sql.legacy.SQLIntegTestCase.executeRequest(SQLIntegTestCase.java:327)
	at app//org.opensearch.sql.legacy.SQLIntegTestCase.executeRequest(SQLIntegTestCase.java:322)
	at app//org.opensearch.sql.legacy.SQLIntegTestCase.executeRequest(SQLIntegTestCase.java:310)
	at app//org.opensearch.sql.legacy.SQLIntegTestCase.executeQuery(SQLIntegTestCase.java:293)
	at app//org.opensearch.sql.legacy.JoinIT.joinWithNestedFieldsOnReturn(JoinIT.java:683)
	at app//org.opensearch.sql.legacy.JoinIT.joinWithNestedFieldsOnReturnHASH(JoinIT.java:150)
	at java.base@17.0.4.1/jdk.internal.reflect.NativeMethodAccessorImpl.invoke0(Native Method)
	at java.base@17.0.4.1/jdk.internal.reflect.NativeMethodAccessorImpl.invoke(NativeMethodAccessorImpl.java:77)
	at java.base@17.0.4.1/jdk.internal.reflect.DelegatingMethodAccessorImpl.invoke(DelegatingMethodAccessorImpl.java:43)
	at java.base@17.0.4.1/java.lang.reflect.Method.invoke(Method.java:568)
	at app//com.carrotsearch.randomizedtesting.RandomizedRunner.invoke(RandomizedRunner.java:1750)
	at app//com.carrotsearch.randomizedtesting.RandomizedRunner$8.evaluate(RandomizedRunner.java:938)
	at app//com.carrotsearch.randomizedtesting.RandomizedRunner$9.evaluate(RandomizedRunner.java:974)
	at app//com.carrotsearch.randomizedtesting.RandomizedRunner$10.evaluate(RandomizedRunner.java:988)
	at app//com.carrotsearch.randomizedtesting.rules.StatementAdapter.evaluate(StatementAdapter.java:36)
	at app//org.junit.rules.RunRules.evaluate(RunRules.java:20)
	at app//org.apache.lucene.tests.util.TestRuleSetupTeardownChained$1.evaluate(TestRuleSetupTeardownChained.java:48)
	at app//org.apache.lucene.tests.util.AbstractBeforeAfterRule$1.evaluate(AbstractBeforeAfterRule.java:43)
	at app//org.apache.lucene.tests.util.TestRuleThreadAndTestName$1.evaluate(TestRuleThreadAndTestName.java:45)
	at app//org.apache.lucene.tests.util.TestRuleIgnoreAfterMaxFailures$1.evaluate(TestRuleIgnoreAfterMaxFailures.java:60)
	at app//org.apache.lucene.tests.util.TestRuleMarkFailure$1.evaluate(TestRuleMarkFailure.java:44)
	at app//org.junit.rules.RunRules.evaluate(RunRules.java:20)
	at app//com.carrotsearch.randomizedtesting.rules.StatementAdapter.evaluate(StatementAdapter.java:36)
	at app//com.carrotsearch.randomizedtesting.ThreadLeakControl$StatementRunner.run(ThreadLeakControl.java:368)
	at app//com.carrotsearch.randomizedtesting.ThreadLeakControl.forkTimeoutingTask(ThreadLeakControl.java:817)
	at app//com.carrotsearch.randomizedtesting.ThreadLeakControl$3.evaluate(ThreadLeakControl.java:468)
	at app//com.carrotsearch.randomizedtesting.RandomizedRunner.runSingleTest(RandomizedRunner.java:947)
	at app//com.carrotsearch.randomizedtesting.RandomizedRunner$5.evaluate(RandomizedRunner.java:832)
	at app//com.carrotsearch.randomizedtesting.RandomizedRunner$6.evaluate(RandomizedRunner.java:883)
	at app//com.carrotsearch.randomizedtesting.RandomizedRunner$7.evaluate(RandomizedRunner.java:894)
	at app//org.apache.lucene.tests.util.AbstractBeforeAfterRule$1.evaluate(AbstractBeforeAfterRule.java:43)
	at app//com.carrotsearch.randomizedtesting.rules.StatementAdapter.evaluate(StatementAdapter.java:36)
	at app//org.apache.lucene.tests.util.TestRuleStoreClassName$1.evaluate(TestRuleStoreClassName.java:38)
	at app//com.carrotsearch.randomizedtesting.rules.NoShadowingOrOverridesOnMethodsRule$1.evaluate(NoShadowingOrOverridesOnMethodsRule.java:40)
	at app//com.carrotsearch.randomizedtesting.rules.NoShadowingOrOverridesOnMethodsRule$1.evaluate(NoShadowingOrOverridesOnMethodsRule.java:40)
	at app//com.carrotsearch.randomizedtesting.rules.StatementAdapter.evaluate(StatementAdapter.java:36)
	at app//com.carrotsearch.randomizedtesting.rules.StatementAdapter.evaluate(StatementAdapter.java:36)
	at app//org.apache.lucene.tests.util.TestRuleAssertionsRequired$1.evaluate(TestRuleAssertionsRequired.java:53)
	at app//org.apache.lucene.tests.util.AbstractBeforeAfterRule$1.evaluate(AbstractBeforeAfterRule.java:43)
	at app//org.apache.lucene.tests.util.TestRuleMarkFailure$1.evaluate(TestRuleMarkFailure.java:44)
	at app//org.apache.lucene.tests.util.TestRuleIgnoreAfterMaxFailures$1.evaluate(TestRuleIgnoreAfterMaxFailures.java:60)
	at app//org.apache.lucene.tests.util.TestRuleIgnoreTestSuites$1.evaluate(TestRuleIgnoreTestSuites.java:47)
	at app//org.junit.rules.RunRules.evaluate(RunRules.java:20)
	at app//com.carrotsearch.randomizedtesting.rules.StatementAdapter.evaluate(StatementAdapter.java:36)
	at app//com.carrotsearch.randomizedtesting.ThreadLeakControl$StatementRunner.run(ThreadLeakControl.java:368)
	at java.base@17.0.4.1/java.lang.Thread.run(Thread.java:833)
</failure>
  </testcase>
  <testcase name="joinWithOrHASH" classname="org.opensearch.sql.legacy.JoinIT" time="0.034">
    <failure message="org.opensearch.client.ResponseException: method [POST], host [http://127.0.0.1:49776], URI [/_plugins/_sql?format=json], status line [HTTP/1.1 400 Bad Request]&#10;{&#10;  &quot;error&quot;: {&#10;    &quot;reason&quot;: &quot;Invalid SQL query&quot;,&#10;    &quot;details&quot;: &quot;Query is unsupported in the new engine&quot;,&#10;    &quot;type&quot;: &quot;SQLFeatureDisabledException&quot;&#10;  },&#10;  &quot;status&quot;: 400&#10;}" type="org.opensearch.client.ResponseException">org.opensearch.client.ResponseException: method [POST], host [http://127.0.0.1:49776], URI [/_plugins/_sql?format=json], status line [HTTP/1.1 400 Bad Request]
{
  &quot;error&quot;: {
    &quot;reason&quot;: &quot;Invalid SQL query&quot;,
    &quot;details&quot;: &quot;Query is unsupported in the new engine&quot;,
    &quot;type&quot;: &quot;SQLFeatureDisabledException&quot;
  },
  &quot;status&quot;: 400
}
	at __randomizedtesting.SeedInfo.seed([B058E8962C1F801C:959BF884B23A2245]:0)
	at app//org.opensearch.client.RestClient.convertResponse(RestClient.java:384)
	at app//org.opensearch.client.RestClient.performRequest(RestClient.java:354)
	at app//org.opensearch.client.RestClient.performRequest(RestClient.java:329)
	at app//org.opensearch.sql.legacy.SQLIntegTestCase.executeRequest(SQLIntegTestCase.java:327)
	at app//org.opensearch.sql.legacy.SQLIntegTestCase.executeRequest(SQLIntegTestCase.java:322)
	at app//org.opensearch.sql.legacy.SQLIntegTestCase.executeRequest(SQLIntegTestCase.java:310)
	at app//org.opensearch.sql.legacy.SQLIntegTestCase.executeQuery(SQLIntegTestCase.java:293)
	at app//org.opensearch.sql.legacy.JoinIT.joinWithOr(JoinIT.java:876)
	at app//org.opensearch.sql.legacy.JoinIT.joinWithOrHASH(JoinIT.java:317)
	at java.base@17.0.4.1/jdk.internal.reflect.NativeMethodAccessorImpl.invoke0(Native Method)
	at java.base@17.0.4.1/jdk.internal.reflect.NativeMethodAccessorImpl.invoke(NativeMethodAccessorImpl.java:77)
	at java.base@17.0.4.1/jdk.internal.reflect.DelegatingMethodAccessorImpl.invoke(DelegatingMethodAccessorImpl.java:43)
	at java.base@17.0.4.1/java.lang.reflect.Method.invoke(Method.java:568)
	at app//com.carrotsearch.randomizedtesting.RandomizedRunner.invoke(RandomizedRunner.java:1750)
	at app//com.carrotsearch.randomizedtesting.RandomizedRunner$8.evaluate(RandomizedRunner.java:938)
	at app//com.carrotsearch.randomizedtesting.RandomizedRunner$9.evaluate(RandomizedRunner.java:974)
	at app//com.carrotsearch.randomizedtesting.RandomizedRunner$10.evaluate(RandomizedRunner.java:988)
	at app//com.carrotsearch.randomizedtesting.rules.StatementAdapter.evaluate(StatementAdapter.java:36)
	at app//org.junit.rules.RunRules.evaluate(RunRules.java:20)
	at app//org.apache.lucene.tests.util.TestRuleSetupTeardownChained$1.evaluate(TestRuleSetupTeardownChained.java:48)
	at app//org.apache.lucene.tests.util.AbstractBeforeAfterRule$1.evaluate(AbstractBeforeAfterRule.java:43)
	at app//org.apache.lucene.tests.util.TestRuleThreadAndTestName$1.evaluate(TestRuleThreadAndTestName.java:45)
	at app//org.apache.lucene.tests.util.TestRuleIgnoreAfterMaxFailures$1.evaluate(TestRuleIgnoreAfterMaxFailures.java:60)
	at app//org.apache.lucene.tests.util.TestRuleMarkFailure$1.evaluate(TestRuleMarkFailure.java:44)
	at app//org.junit.rules.RunRules.evaluate(RunRules.java:20)
	at app//com.carrotsearch.randomizedtesting.rules.StatementAdapter.evaluate(StatementAdapter.java:36)
	at app//com.carrotsearch.randomizedtesting.ThreadLeakControl$StatementRunner.run(ThreadLeakControl.java:368)
	at app//com.carrotsearch.randomizedtesting.ThreadLeakControl.forkTimeoutingTask(ThreadLeakControl.java:817)
	at app//com.carrotsearch.randomizedtesting.ThreadLeakControl$3.evaluate(ThreadLeakControl.java:468)
	at app//com.carrotsearch.randomizedtesting.RandomizedRunner.runSingleTest(RandomizedRunner.java:947)
	at app//com.carrotsearch.randomizedtesting.RandomizedRunner$5.evaluate(RandomizedRunner.java:832)
	at app//com.carrotsearch.randomizedtesting.RandomizedRunner$6.evaluate(RandomizedRunner.java:883)
	at app//com.carrotsearch.randomizedtesting.RandomizedRunner$7.evaluate(RandomizedRunner.java:894)
	at app//org.apache.lucene.tests.util.AbstractBeforeAfterRule$1.evaluate(AbstractBeforeAfterRule.java:43)
	at app//com.carrotsearch.randomizedtesting.rules.StatementAdapter.evaluate(StatementAdapter.java:36)
	at app//org.apache.lucene.tests.util.TestRuleStoreClassName$1.evaluate(TestRuleStoreClassName.java:38)
	at app//com.carrotsearch.randomizedtesting.rules.NoShadowingOrOverridesOnMethodsRule$1.evaluate(NoShadowingOrOverridesOnMethodsRule.java:40)
	at app//com.carrotsearch.randomizedtesting.rules.NoShadowingOrOverridesOnMethodsRule$1.evaluate(NoShadowingOrOverridesOnMethodsRule.java:40)
	at app//com.carrotsearch.randomizedtesting.rules.StatementAdapter.evaluate(StatementAdapter.java:36)
	at app//com.carrotsearch.randomizedtesting.rules.StatementAdapter.evaluate(StatementAdapter.java:36)
	at app//org.apache.lucene.tests.util.TestRuleAssertionsRequired$1.evaluate(TestRuleAssertionsRequired.java:53)
	at app//org.apache.lucene.tests.util.AbstractBeforeAfterRule$1.evaluate(AbstractBeforeAfterRule.java:43)
	at app//org.apache.lucene.tests.util.TestRuleMarkFailure$1.evaluate(TestRuleMarkFailure.java:44)
	at app//org.apache.lucene.tests.util.TestRuleIgnoreAfterMaxFailures$1.evaluate(TestRuleIgnoreAfterMaxFailures.java:60)
	at app//org.apache.lucene.tests.util.TestRuleIgnoreTestSuites$1.evaluate(TestRuleIgnoreTestSuites.java:47)
	at app//org.junit.rules.RunRules.evaluate(RunRules.java:20)
	at app//com.carrotsearch.randomizedtesting.rules.StatementAdapter.evaluate(StatementAdapter.java:36)
	at app//com.carrotsearch.randomizedtesting.ThreadLeakControl$StatementRunner.run(ThreadLeakControl.java:368)
	at java.base@17.0.4.1/java.lang.Thread.run(Thread.java:833)
</failure>
  </testcase>
  <testcase name="leftJoinWithAllFromSecondTableNL" classname="org.opensearch.sql.legacy.JoinIT" time="0.063">
    <failure message="org.opensearch.client.ResponseException: method [POST], host [http://127.0.0.1:49776], URI [/_plugins/_sql?format=json], status line [HTTP/1.1 400 Bad Request]&#10;{&#10;  &quot;error&quot;: {&#10;    &quot;reason&quot;: &quot;Invalid SQL query&quot;,&#10;    &quot;details&quot;: &quot;Query is unsupported in the new engine&quot;,&#10;    &quot;type&quot;: &quot;SQLFeatureDisabledException&quot;&#10;  },&#10;  &quot;status&quot;: 400&#10;}" type="org.opensearch.client.ResponseException">org.opensearch.client.ResponseException: method [POST], host [http://127.0.0.1:49776], URI [/_plugins/_sql?format=json], status line [HTTP/1.1 400 Bad Request]
{
  &quot;error&quot;: {
    &quot;reason&quot;: &quot;Invalid SQL query&quot;,
    &quot;details&quot;: &quot;Query is unsupported in the new engine&quot;,
    &quot;type&quot;: &quot;SQLFeatureDisabledException&quot;
  },
  &quot;status&quot;: 400
}
	at __randomizedtesting.SeedInfo.seed([B058E8962C1F801C:A2BA1E31B3FE7EE7]:0)
	at app//org.opensearch.client.RestClient.convertResponse(RestClient.java:384)
	at app//org.opensearch.client.RestClient.performRequest(RestClient.java:354)
	at app//org.opensearch.client.RestClient.performRequest(RestClient.java:329)
	at app//org.opensearch.sql.legacy.SQLIntegTestCase.executeRequest(SQLIntegTestCase.java:327)
	at app//org.opensearch.sql.legacy.SQLIntegTestCase.executeRequest(SQLIntegTestCase.java:322)
	at app//org.opensearch.sql.legacy.SQLIntegTestCase.executeRequest(SQLIntegTestCase.java:310)
	at app//org.opensearch.sql.legacy.SQLIntegTestCase.executeQuery(SQLIntegTestCase.java:293)
	at app//org.opensearch.sql.legacy.JoinIT.leftJoinWithAllFromSecondTable(JoinIT.java:559)
	at app//org.opensearch.sql.legacy.JoinIT.leftJoinWithAllFromSecondTableNL(JoinIT.java:391)
	at java.base@17.0.4.1/jdk.internal.reflect.NativeMethodAccessorImpl.invoke0(Native Method)
	at java.base@17.0.4.1/jdk.internal.reflect.NativeMethodAccessorImpl.invoke(NativeMethodAccessorImpl.java:77)
	at java.base@17.0.4.1/jdk.internal.reflect.DelegatingMethodAccessorImpl.invoke(DelegatingMethodAccessorImpl.java:43)
	at java.base@17.0.4.1/java.lang.reflect.Method.invoke(Method.java:568)
	at app//com.carrotsearch.randomizedtesting.RandomizedRunner.invoke(RandomizedRunner.java:1750)
	at app//com.carrotsearch.randomizedtesting.RandomizedRunner$8.evaluate(RandomizedRunner.java:938)
	at app//com.carrotsearch.randomizedtesting.RandomizedRunner$9.evaluate(RandomizedRunner.java:974)
	at app//com.carrotsearch.randomizedtesting.RandomizedRunner$10.evaluate(RandomizedRunner.java:988)
	at app//com.carrotsearch.randomizedtesting.rules.StatementAdapter.evaluate(StatementAdapter.java:36)
	at app//org.junit.rules.RunRules.evaluate(RunRules.java:20)
	at app//org.apache.lucene.tests.util.TestRuleSetupTeardownChained$1.evaluate(TestRuleSetupTeardownChained.java:48)
	at app//org.apache.lucene.tests.util.AbstractBeforeAfterRule$1.evaluate(AbstractBeforeAfterRule.java:43)
	at app//org.apache.lucene.tests.util.TestRuleThreadAndTestName$1.evaluate(TestRuleThreadAndTestName.java:45)
	at app//org.apache.lucene.tests.util.TestRuleIgnoreAfterMaxFailures$1.evaluate(TestRuleIgnoreAfterMaxFailures.java:60)
	at app//org.apache.lucene.tests.util.TestRuleMarkFailure$1.evaluate(TestRuleMarkFailure.java:44)
	at app//org.junit.rules.RunRules.evaluate(RunRules.java:20)
	at app//com.carrotsearch.randomizedtesting.rules.StatementAdapter.evaluate(StatementAdapter.java:36)
	at app//com.carrotsearch.randomizedtesting.ThreadLeakControl$StatementRunner.run(ThreadLeakControl.java:368)
	at app//com.carrotsearch.randomizedtesting.ThreadLeakControl.forkTimeoutingTask(ThreadLeakControl.java:817)
	at app//com.carrotsearch.randomizedtesting.ThreadLeakControl$3.evaluate(ThreadLeakControl.java:468)
	at app//com.carrotsearch.randomizedtesting.RandomizedRunner.runSingleTest(RandomizedRunner.java:947)
	at app//com.carrotsearch.randomizedtesting.RandomizedRunner$5.evaluate(RandomizedRunner.java:832)
	at app//com.carrotsearch.randomizedtesting.RandomizedRunner$6.evaluate(RandomizedRunner.java:883)
	at app//com.carrotsearch.randomizedtesting.RandomizedRunner$7.evaluate(RandomizedRunner.java:894)
	at app//org.apache.lucene.tests.util.AbstractBeforeAfterRule$1.evaluate(AbstractBeforeAfterRule.java:43)
	at app//com.carrotsearch.randomizedtesting.rules.StatementAdapter.evaluate(StatementAdapter.java:36)
	at app//org.apache.lucene.tests.util.TestRuleStoreClassName$1.evaluate(TestRuleStoreClassName.java:38)
	at app//com.carrotsearch.randomizedtesting.rules.NoShadowingOrOverridesOnMethodsRule$1.evaluate(NoShadowingOrOverridesOnMethodsRule.java:40)
	at app//com.carrotsearch.randomizedtesting.rules.NoShadowingOrOverridesOnMethodsRule$1.evaluate(NoShadowingOrOverridesOnMethodsRule.java:40)
	at app//com.carrotsearch.randomizedtesting.rules.StatementAdapter.evaluate(StatementAdapter.java:36)
	at app//com.carrotsearch.randomizedtesting.rules.StatementAdapter.evaluate(StatementAdapter.java:36)
	at app//org.apache.lucene.tests.util.TestRuleAssertionsRequired$1.evaluate(TestRuleAssertionsRequired.java:53)
	at app//org.apache.lucene.tests.util.AbstractBeforeAfterRule$1.evaluate(AbstractBeforeAfterRule.java:43)
	at app//org.apache.lucene.tests.util.TestRuleMarkFailure$1.evaluate(TestRuleMarkFailure.java:44)
	at app//org.apache.lucene.tests.util.TestRuleIgnoreAfterMaxFailures$1.evaluate(TestRuleIgnoreAfterMaxFailures.java:60)
	at app//org.apache.lucene.tests.util.TestRuleIgnoreTestSuites$1.evaluate(TestRuleIgnoreTestSuites.java:47)
	at app//org.junit.rules.RunRules.evaluate(RunRules.java:20)
	at app//com.carrotsearch.randomizedtesting.rules.StatementAdapter.evaluate(StatementAdapter.java:36)
	at app//com.carrotsearch.randomizedtesting.ThreadLeakControl$StatementRunner.run(ThreadLeakControl.java:368)
	at java.base@17.0.4.1/java.lang.Thread.run(Thread.java:833)
</failure>
  </testcase>
  <testcase name="innerJoinNLWithNullInCondition1" classname="org.opensearch.sql.legacy.JoinIT" time="0.032">
    <failure message="org.opensearch.client.ResponseException: method [POST], host [http://127.0.0.1:49776], URI [/_plugins/_sql?format=json], status line [HTTP/1.1 400 Bad Request]&#10;{&#10;  &quot;error&quot;: {&#10;    &quot;reason&quot;: &quot;Invalid SQL query&quot;,&#10;    &quot;details&quot;: &quot;Query is unsupported in the new engine&quot;,&#10;    &quot;type&quot;: &quot;SQLFeatureDisabledException&quot;&#10;  },&#10;  &quot;status&quot;: 400&#10;}" type="org.opensearch.client.ResponseException">org.opensearch.client.ResponseException: method [POST], host [http://127.0.0.1:49776], URI [/_plugins/_sql?format=json], status line [HTTP/1.1 400 Bad Request]
{
  &quot;error&quot;: {
    &quot;reason&quot;: &quot;Invalid SQL query&quot;,
    &quot;details&quot;: &quot;Query is unsupported in the new engine&quot;,
    &quot;type&quot;: &quot;SQLFeatureDisabledException&quot;
  },
  &quot;status&quot;: 400
}
	at __randomizedtesting.SeedInfo.seed([B058E8962C1F801C:41CBEC9503682E46]:0)
	at app//org.opensearch.client.RestClient.convertResponse(RestClient.java:384)
	at app//org.opensearch.client.RestClient.performRequest(RestClient.java:354)
	at app//org.opensearch.client.RestClient.performRequest(RestClient.java:329)
	at app//org.opensearch.sql.legacy.SQLIntegTestCase.executeRequest(SQLIntegTestCase.java:327)
	at app//org.opensearch.sql.legacy.SQLIntegTestCase.executeRequest(SQLIntegTestCase.java:322)
	at app//org.opensearch.sql.legacy.SQLIntegTestCase.executeRequest(SQLIntegTestCase.java:310)
	at app//org.opensearch.sql.legacy.SQLIntegTestCase.executeQuery(SQLIntegTestCase.java:293)
	at app//org.opensearch.sql.legacy.JoinIT.joinWithNullInCondition(JoinIT.java:945)
	at app//org.opensearch.sql.legacy.JoinIT.innerJoinNLWithNullInCondition1(JoinIT.java:501)
	at java.base@17.0.4.1/jdk.internal.reflect.NativeMethodAccessorImpl.invoke0(Native Method)
	at java.base@17.0.4.1/jdk.internal.reflect.NativeMethodAccessorImpl.invoke(NativeMethodAccessorImpl.java:77)
	at java.base@17.0.4.1/jdk.internal.reflect.DelegatingMethodAccessorImpl.invoke(DelegatingMethodAccessorImpl.java:43)
	at java.base@17.0.4.1/java.lang.reflect.Method.invoke(Method.java:568)
	at app//com.carrotsearch.randomizedtesting.RandomizedRunner.invoke(RandomizedRunner.java:1750)
	at app//com.carrotsearch.randomizedtesting.RandomizedRunner$8.evaluate(RandomizedRunner.java:938)
	at app//com.carrotsearch.randomizedtesting.RandomizedRunner$9.evaluate(RandomizedRunner.java:974)
	at app//com.carrotsearch.randomizedtesting.RandomizedRunner$10.evaluate(RandomizedRunner.java:988)
	at app//com.carrotsearch.randomizedtesting.rules.StatementAdapter.evaluate(StatementAdapter.java:36)
	at app//org.junit.rules.RunRules.evaluate(RunRules.java:20)
	at app//org.apache.lucene.tests.util.TestRuleSetupTeardownChained$1.evaluate(TestRuleSetupTeardownChained.java:48)
	at app//org.apache.lucene.tests.util.AbstractBeforeAfterRule$1.evaluate(AbstractBeforeAfterRule.java:43)
	at app//org.apache.lucene.tests.util.TestRuleThreadAndTestName$1.evaluate(TestRuleThreadAndTestName.java:45)
	at app//org.apache.lucene.tests.util.TestRuleIgnoreAfterMaxFailures$1.evaluate(TestRuleIgnoreAfterMaxFailures.java:60)
	at app//org.apache.lucene.tests.util.TestRuleMarkFailure$1.evaluate(TestRuleMarkFailure.java:44)
	at app//org.junit.rules.RunRules.evaluate(RunRules.java:20)
	at app//com.carrotsearch.randomizedtesting.rules.StatementAdapter.evaluate(StatementAdapter.java:36)
	at app//com.carrotsearch.randomizedtesting.ThreadLeakControl$StatementRunner.run(ThreadLeakControl.java:368)
	at app//com.carrotsearch.randomizedtesting.ThreadLeakControl.forkTimeoutingTask(ThreadLeakControl.java:817)
	at app//com.carrotsearch.randomizedtesting.ThreadLeakControl$3.evaluate(ThreadLeakControl.java:468)
	at app//com.carrotsearch.randomizedtesting.RandomizedRunner.runSingleTest(RandomizedRunner.java:947)
	at app//com.carrotsearch.randomizedtesting.RandomizedRunner$5.evaluate(RandomizedRunner.java:832)
	at app//com.carrotsearch.randomizedtesting.RandomizedRunner$6.evaluate(RandomizedRunner.java:883)
	at app//com.carrotsearch.randomizedtesting.RandomizedRunner$7.evaluate(RandomizedRunner.java:894)
	at app//org.apache.lucene.tests.util.AbstractBeforeAfterRule$1.evaluate(AbstractBeforeAfterRule.java:43)
	at app//com.carrotsearch.randomizedtesting.rules.StatementAdapter.evaluate(StatementAdapter.java:36)
	at app//org.apache.lucene.tests.util.TestRuleStoreClassName$1.evaluate(TestRuleStoreClassName.java:38)
	at app//com.carrotsearch.randomizedtesting.rules.NoShadowingOrOverridesOnMethodsRule$1.evaluate(NoShadowingOrOverridesOnMethodsRule.java:40)
	at app//com.carrotsearch.randomizedtesting.rules.NoShadowingOrOverridesOnMethodsRule$1.evaluate(NoShadowingOrOverridesOnMethodsRule.java:40)
	at app//com.carrotsearch.randomizedtesting.rules.StatementAdapter.evaluate(StatementAdapter.java:36)
	at app//com.carrotsearch.randomizedtesting.rules.StatementAdapter.evaluate(StatementAdapter.java:36)
	at app//org.apache.lucene.tests.util.TestRuleAssertionsRequired$1.evaluate(TestRuleAssertionsRequired.java:53)
	at app//org.apache.lucene.tests.util.AbstractBeforeAfterRule$1.evaluate(AbstractBeforeAfterRule.java:43)
	at app//org.apache.lucene.tests.util.TestRuleMarkFailure$1.evaluate(TestRuleMarkFailure.java:44)
	at app//org.apache.lucene.tests.util.TestRuleIgnoreAfterMaxFailures$1.evaluate(TestRuleIgnoreAfterMaxFailures.java:60)
	at app//org.apache.lucene.tests.util.TestRuleIgnoreTestSuites$1.evaluate(TestRuleIgnoreTestSuites.java:47)
	at app//org.junit.rules.RunRules.evaluate(RunRules.java:20)
	at app//com.carrotsearch.randomizedtesting.rules.StatementAdapter.evaluate(StatementAdapter.java:36)
	at app//com.carrotsearch.randomizedtesting.ThreadLeakControl$StatementRunner.run(ThreadLeakControl.java:368)
	at java.base@17.0.4.1/java.lang.Thread.run(Thread.java:833)
</failure>
  </testcase>
  <testcase name="innerJoinNLWithNullInCondition3" classname="org.opensearch.sql.legacy.JoinIT" time="0.03">
    <failure message="org.opensearch.client.ResponseException: method [POST], host [http://127.0.0.1:49776], URI [/_plugins/_sql?format=json], status line [HTTP/1.1 400 Bad Request]&#10;{&#10;  &quot;error&quot;: {&#10;    &quot;reason&quot;: &quot;Invalid SQL query&quot;,&#10;    &quot;details&quot;: &quot;Query is unsupported in the new engine&quot;,&#10;    &quot;type&quot;: &quot;SQLFeatureDisabledException&quot;&#10;  },&#10;  &quot;status&quot;: 400&#10;}" type="org.opensearch.client.ResponseException">org.opensearch.client.ResponseException: method [POST], host [http://127.0.0.1:49776], URI [/_plugins/_sql?format=json], status line [HTTP/1.1 400 Bad Request]
{
  &quot;error&quot;: {
    &quot;reason&quot;: &quot;Invalid SQL query&quot;,
    &quot;details&quot;: &quot;Query is unsupported in the new engine&quot;,
    &quot;type&quot;: &quot;SQLFeatureDisabledException&quot;
  },
  &quot;status&quot;: 400
}
	at __randomizedtesting.SeedInfo.seed([B058E8962C1F801C:CAE0D6BCB50461CC]:0)
	at app//org.opensearch.client.RestClient.convertResponse(RestClient.java:384)
	at app//org.opensearch.client.RestClient.performRequest(RestClient.java:354)
	at app//org.opensearch.client.RestClient.performRequest(RestClient.java:329)
	at app//org.opensearch.sql.legacy.SQLIntegTestCase.executeRequest(SQLIntegTestCase.java:327)
	at app//org.opensearch.sql.legacy.SQLIntegTestCase.executeRequest(SQLIntegTestCase.java:322)
	at app//org.opensearch.sql.legacy.SQLIntegTestCase.executeRequest(SQLIntegTestCase.java:310)
	at app//org.opensearch.sql.legacy.SQLIntegTestCase.executeQuery(SQLIntegTestCase.java:293)
	at app//org.opensearch.sql.legacy.JoinIT.joinWithNullInCondition(JoinIT.java:945)
	at app//org.opensearch.sql.legacy.JoinIT.innerJoinNLWithNullInCondition3(JoinIT.java:513)
	at java.base@17.0.4.1/jdk.internal.reflect.NativeMethodAccessorImpl.invoke0(Native Method)
	at java.base@17.0.4.1/jdk.internal.reflect.NativeMethodAccessorImpl.invoke(NativeMethodAccessorImpl.java:77)
	at java.base@17.0.4.1/jdk.internal.reflect.DelegatingMethodAccessorImpl.invoke(DelegatingMethodAccessorImpl.java:43)
	at java.base@17.0.4.1/java.lang.reflect.Method.invoke(Method.java:568)
	at app//com.carrotsearch.randomizedtesting.RandomizedRunner.invoke(RandomizedRunner.java:1750)
	at app//com.carrotsearch.randomizedtesting.RandomizedRunner$8.evaluate(RandomizedRunner.java:938)
	at app//com.carrotsearch.randomizedtesting.RandomizedRunner$9.evaluate(RandomizedRunner.java:974)
	at app//com.carrotsearch.randomizedtesting.RandomizedRunner$10.evaluate(RandomizedRunner.java:988)
	at app//com.carrotsearch.randomizedtesting.rules.StatementAdapter.evaluate(StatementAdapter.java:36)
	at app//org.junit.rules.RunRules.evaluate(RunRules.java:20)
	at app//org.apache.lucene.tests.util.TestRuleSetupTeardownChained$1.evaluate(TestRuleSetupTeardownChained.java:48)
	at app//org.apache.lucene.tests.util.AbstractBeforeAfterRule$1.evaluate(AbstractBeforeAfterRule.java:43)
	at app//org.apache.lucene.tests.util.TestRuleThreadAndTestName$1.evaluate(TestRuleThreadAndTestName.java:45)
	at app//org.apache.lucene.tests.util.TestRuleIgnoreAfterMaxFailures$1.evaluate(TestRuleIgnoreAfterMaxFailures.java:60)
	at app//org.apache.lucene.tests.util.TestRuleMarkFailure$1.evaluate(TestRuleMarkFailure.java:44)
	at app//org.junit.rules.RunRules.evaluate(RunRules.java:20)
	at app//com.carrotsearch.randomizedtesting.rules.StatementAdapter.evaluate(StatementAdapter.java:36)
	at app//com.carrotsearch.randomizedtesting.ThreadLeakControl$StatementRunner.run(ThreadLeakControl.java:368)
	at app//com.carrotsearch.randomizedtesting.ThreadLeakControl.forkTimeoutingTask(ThreadLeakControl.java:817)
	at app//com.carrotsearch.randomizedtesting.ThreadLeakControl$3.evaluate(ThreadLeakControl.java:468)
	at app//com.carrotsearch.randomizedtesting.RandomizedRunner.runSingleTest(RandomizedRunner.java:947)
	at app//com.carrotsearch.randomizedtesting.RandomizedRunner$5.evaluate(RandomizedRunner.java:832)
	at app//com.carrotsearch.randomizedtesting.RandomizedRunner$6.evaluate(RandomizedRunner.java:883)
	at app//com.carrotsearch.randomizedtesting.RandomizedRunner$7.evaluate(RandomizedRunner.java:894)
	at app//org.apache.lucene.tests.util.AbstractBeforeAfterRule$1.evaluate(AbstractBeforeAfterRule.java:43)
	at app//com.carrotsearch.randomizedtesting.rules.StatementAdapter.evaluate(StatementAdapter.java:36)
	at app//org.apache.lucene.tests.util.TestRuleStoreClassName$1.evaluate(TestRuleStoreClassName.java:38)
	at app//com.carrotsearch.randomizedtesting.rules.NoShadowingOrOverridesOnMethodsRule$1.evaluate(NoShadowingOrOverridesOnMethodsRule.java:40)
	at app//com.carrotsearch.randomizedtesting.rules.NoShadowingOrOverridesOnMethodsRule$1.evaluate(NoShadowingOrOverridesOnMethodsRule.java:40)
	at app//com.carrotsearch.randomizedtesting.rules.StatementAdapter.evaluate(StatementAdapter.java:36)
	at app//com.carrotsearch.randomizedtesting.rules.StatementAdapter.evaluate(StatementAdapter.java:36)
	at app//org.apache.lucene.tests.util.TestRuleAssertionsRequired$1.evaluate(TestRuleAssertionsRequired.java:53)
	at app//org.apache.lucene.tests.util.AbstractBeforeAfterRule$1.evaluate(AbstractBeforeAfterRule.java:43)
	at app//org.apache.lucene.tests.util.TestRuleMarkFailure$1.evaluate(TestRuleMarkFailure.java:44)
	at app//org.apache.lucene.tests.util.TestRuleIgnoreAfterMaxFailures$1.evaluate(TestRuleIgnoreAfterMaxFailures.java:60)
	at app//org.apache.lucene.tests.util.TestRuleIgnoreTestSuites$1.evaluate(TestRuleIgnoreTestSuites.java:47)
	at app//org.junit.rules.RunRules.evaluate(RunRules.java:20)
	at app//com.carrotsearch.randomizedtesting.rules.StatementAdapter.evaluate(StatementAdapter.java:36)
	at app//com.carrotsearch.randomizedtesting.ThreadLeakControl$StatementRunner.run(ThreadLeakControl.java:368)
	at java.base@17.0.4.1/java.lang.Thread.run(Thread.java:833)
</failure>
  </testcase>
  <testcase name="joinNoConditionAndNoWhereWithTotalLimitNL" classname="org.opensearch.sql.legacy.JoinIT" time="0.044">
    <failure message="org.opensearch.client.ResponseException: method [POST], host [http://127.0.0.1:49776], URI [/_plugins/_sql?format=json], status line [HTTP/1.1 400 Bad Request]&#10;{&#10;  &quot;error&quot;: {&#10;    &quot;reason&quot;: &quot;Invalid SQL query&quot;,&#10;    &quot;details&quot;: &quot;Query is unsupported in the new engine&quot;,&#10;    &quot;type&quot;: &quot;SQLFeatureDisabledException&quot;&#10;  },&#10;  &quot;status&quot;: 400&#10;}" type="org.opensearch.client.ResponseException">org.opensearch.client.ResponseException: method [POST], host [http://127.0.0.1:49776], URI [/_plugins/_sql?format=json], status line [HTTP/1.1 400 Bad Request]
{
  &quot;error&quot;: {
    &quot;reason&quot;: &quot;Invalid SQL query&quot;,
    &quot;details&quot;: &quot;Query is unsupported in the new engine&quot;,
    &quot;type&quot;: &quot;SQLFeatureDisabledException&quot;
  },
  &quot;status&quot;: 400
}
	at __randomizedtesting.SeedInfo.seed([B058E8962C1F801C:DCC1707D7886A647]:0)
	at app//org.opensearch.client.RestClient.convertResponse(RestClient.java:384)
	at app//org.opensearch.client.RestClient.performRequest(RestClient.java:354)
	at app//org.opensearch.client.RestClient.performRequest(RestClient.java:329)
	at app//org.opensearch.sql.legacy.SQLIntegTestCase.executeRequest(SQLIntegTestCase.java:327)
	at app//org.opensearch.sql.legacy.SQLIntegTestCase.executeRequest(SQLIntegTestCase.java:322)
	at app//org.opensearch.sql.legacy.SQLIntegTestCase.executeRequest(SQLIntegTestCase.java:310)
	at app//org.opensearch.sql.legacy.SQLIntegTestCase.executeQuery(SQLIntegTestCase.java:293)
	at app//org.opensearch.sql.legacy.JoinIT.joinNoConditionAndNoWhereWithTotalLimit(JoinIT.java:669)
	at app//org.opensearch.sql.legacy.JoinIT.joinNoConditionAndNoWhereWithTotalLimitNL(JoinIT.java:144)
	at java.base@17.0.4.1/jdk.internal.reflect.NativeMethodAccessorImpl.invoke0(Native Method)
	at java.base@17.0.4.1/jdk.internal.reflect.NativeMethodAccessorImpl.invoke(NativeMethodAccessorImpl.java:77)
	at java.base@17.0.4.1/jdk.internal.reflect.DelegatingMethodAccessorImpl.invoke(DelegatingMethodAccessorImpl.java:43)
	at java.base@17.0.4.1/java.lang.reflect.Method.invoke(Method.java:568)
	at app//com.carrotsearch.randomizedtesting.RandomizedRunner.invoke(RandomizedRunner.java:1750)
	at app//com.carrotsearch.randomizedtesting.RandomizedRunner$8.evaluate(RandomizedRunner.java:938)
	at app//com.carrotsearch.randomizedtesting.RandomizedRunner$9.evaluate(RandomizedRunner.java:974)
	at app//com.carrotsearch.randomizedtesting.RandomizedRunner$10.evaluate(RandomizedRunner.java:988)
	at app//com.carrotsearch.randomizedtesting.rules.StatementAdapter.evaluate(StatementAdapter.java:36)
	at app//org.junit.rules.RunRules.evaluate(RunRules.java:20)
	at app//org.apache.lucene.tests.util.TestRuleSetupTeardownChained$1.evaluate(TestRuleSetupTeardownChained.java:48)
	at app//org.apache.lucene.tests.util.AbstractBeforeAfterRule$1.evaluate(AbstractBeforeAfterRule.java:43)
	at app//org.apache.lucene.tests.util.TestRuleThreadAndTestName$1.evaluate(TestRuleThreadAndTestName.java:45)
	at app//org.apache.lucene.tests.util.TestRuleIgnoreAfterMaxFailures$1.evaluate(TestRuleIgnoreAfterMaxFailures.java:60)
	at app//org.apache.lucene.tests.util.TestRuleMarkFailure$1.evaluate(TestRuleMarkFailure.java:44)
	at app//org.junit.rules.RunRules.evaluate(RunRules.java:20)
	at app//com.carrotsearch.randomizedtesting.rules.StatementAdapter.evaluate(StatementAdapter.java:36)
	at app//com.carrotsearch.randomizedtesting.ThreadLeakControl$StatementRunner.run(ThreadLeakControl.java:368)
	at app//com.carrotsearch.randomizedtesting.ThreadLeakControl.forkTimeoutingTask(ThreadLeakControl.java:817)
	at app//com.carrotsearch.randomizedtesting.ThreadLeakControl$3.evaluate(ThreadLeakControl.java:468)
	at app//com.carrotsearch.randomizedtesting.RandomizedRunner.runSingleTest(RandomizedRunner.java:947)
	at app//com.carrotsearch.randomizedtesting.RandomizedRunner$5.evaluate(RandomizedRunner.java:832)
	at app//com.carrotsearch.randomizedtesting.RandomizedRunner$6.evaluate(RandomizedRunner.java:883)
	at app//com.carrotsearch.randomizedtesting.RandomizedRunner$7.evaluate(RandomizedRunner.java:894)
	at app//org.apache.lucene.tests.util.AbstractBeforeAfterRule$1.evaluate(AbstractBeforeAfterRule.java:43)
	at app//com.carrotsearch.randomizedtesting.rules.StatementAdapter.evaluate(StatementAdapter.java:36)
	at app//org.apache.lucene.tests.util.TestRuleStoreClassName$1.evaluate(TestRuleStoreClassName.java:38)
	at app//com.carrotsearch.randomizedtesting.rules.NoShadowingOrOverridesOnMethodsRule$1.evaluate(NoShadowingOrOverridesOnMethodsRule.java:40)
	at app//com.carrotsearch.randomizedtesting.rules.NoShadowingOrOverridesOnMethodsRule$1.evaluate(NoShadowingOrOverridesOnMethodsRule.java:40)
	at app//com.carrotsearch.randomizedtesting.rules.StatementAdapter.evaluate(StatementAdapter.java:36)
	at app//com.carrotsearch.randomizedtesting.rules.StatementAdapter.evaluate(StatementAdapter.java:36)
	at app//org.apache.lucene.tests.util.TestRuleAssertionsRequired$1.evaluate(TestRuleAssertionsRequired.java:53)
	at app//org.apache.lucene.tests.util.AbstractBeforeAfterRule$1.evaluate(AbstractBeforeAfterRule.java:43)
	at app//org.apache.lucene.tests.util.TestRuleMarkFailure$1.evaluate(TestRuleMarkFailure.java:44)
	at app//org.apache.lucene.tests.util.TestRuleIgnoreAfterMaxFailures$1.evaluate(TestRuleIgnoreAfterMaxFailures.java:60)
	at app//org.apache.lucene.tests.util.TestRuleIgnoreTestSuites$1.evaluate(TestRuleIgnoreTestSuites.java:47)
	at app//org.junit.rules.RunRules.evaluate(RunRules.java:20)
	at app//com.carrotsearch.randomizedtesting.rules.StatementAdapter.evaluate(StatementAdapter.java:36)
	at app//com.carrotsearch.randomizedtesting.ThreadLeakControl$StatementRunner.run(ThreadLeakControl.java:368)
	at java.base@17.0.4.1/java.lang.Thread.run(Thread.java:833)
</failure>
  </testcase>
  <testcase name="joinWithNestedFieldsOnComparisonAndOnReturnNL" classname="org.opensearch.sql.legacy.JoinIT" time="0.036">
    <failure message="org.opensearch.client.ResponseException: method [POST], host [http://127.0.0.1:49776], URI [/_plugins/_sql?format=json], status line [HTTP/1.1 400 Bad Request]&#10;{&#10;  &quot;error&quot;: {&#10;    &quot;reason&quot;: &quot;Invalid SQL query&quot;,&#10;    &quot;details&quot;: &quot;Query is unsupported in the new engine&quot;,&#10;    &quot;type&quot;: &quot;SQLFeatureDisabledException&quot;&#10;  },&#10;  &quot;status&quot;: 400&#10;}" type="org.opensearch.client.ResponseException">org.opensearch.client.ResponseException: method [POST], host [http://127.0.0.1:49776], URI [/_plugins/_sql?format=json], status line [HTTP/1.1 400 Bad Request]
{
  &quot;error&quot;: {
    &quot;reason&quot;: &quot;Invalid SQL query&quot;,
    &quot;details&quot;: &quot;Query is unsupported in the new engine&quot;,
    &quot;type&quot;: &quot;SQLFeatureDisabledException&quot;
  },
  &quot;status&quot;: 400
}
	at __randomizedtesting.SeedInfo.seed([B058E8962C1F801C:BA2774DAF34EF27F]:0)
	at app//org.opensearch.client.RestClient.convertResponse(RestClient.java:384)
	at app//org.opensearch.client.RestClient.performRequest(RestClient.java:354)
	at app//org.opensearch.client.RestClient.performRequest(RestClient.java:329)
	at app//org.opensearch.sql.legacy.SQLIntegTestCase.executeRequest(SQLIntegTestCase.java:327)
	at app//org.opensearch.sql.legacy.SQLIntegTestCase.executeRequest(SQLIntegTestCase.java:322)
	at app//org.opensearch.sql.legacy.SQLIntegTestCase.executeRequest(SQLIntegTestCase.java:310)
	at app//org.opensearch.sql.legacy.SQLIntegTestCase.executeQuery(SQLIntegTestCase.java:293)
	at app//org.opensearch.sql.legacy.JoinIT.joinWithNestedFieldsOnComparisonAndOnReturn(JoinIT.java:757)
	at app//org.opensearch.sql.legacy.JoinIT.joinWithNestedFieldsOnComparisonAndOnReturnNL(JoinIT.java:192)
	at java.base@17.0.4.1/jdk.internal.reflect.NativeMethodAccessorImpl.invoke0(Native Method)
	at java.base@17.0.4.1/jdk.internal.reflect.NativeMethodAccessorImpl.invoke(NativeMethodAccessorImpl.java:77)
	at java.base@17.0.4.1/jdk.internal.reflect.DelegatingMethodAccessorImpl.invoke(DelegatingMethodAccessorImpl.java:43)
	at java.base@17.0.4.1/java.lang.reflect.Method.invoke(Method.java:568)
	at app//com.carrotsearch.randomizedtesting.RandomizedRunner.invoke(RandomizedRunner.java:1750)
	at app//com.carrotsearch.randomizedtesting.RandomizedRunner$8.evaluate(RandomizedRunner.java:938)
	at app//com.carrotsearch.randomizedtesting.RandomizedRunner$9.evaluate(RandomizedRunner.java:974)
	at app//com.carrotsearch.randomizedtesting.RandomizedRunner$10.evaluate(RandomizedRunner.java:988)
	at app//com.carrotsearch.randomizedtesting.rules.StatementAdapter.evaluate(StatementAdapter.java:36)
	at app//org.junit.rules.RunRules.evaluate(RunRules.java:20)
	at app//org.apache.lucene.tests.util.TestRuleSetupTeardownChained$1.evaluate(TestRuleSetupTeardownChained.java:48)
	at app//org.apache.lucene.tests.util.AbstractBeforeAfterRule$1.evaluate(AbstractBeforeAfterRule.java:43)
	at app//org.apache.lucene.tests.util.TestRuleThreadAndTestName$1.evaluate(TestRuleThreadAndTestName.java:45)
	at app//org.apache.lucene.tests.util.TestRuleIgnoreAfterMaxFailures$1.evaluate(TestRuleIgnoreAfterMaxFailures.java:60)
	at app//org.apache.lucene.tests.util.TestRuleMarkFailure$1.evaluate(TestRuleMarkFailure.java:44)
	at app//org.junit.rules.RunRules.evaluate(RunRules.java:20)
	at app//com.carrotsearch.randomizedtesting.rules.StatementAdapter.evaluate(StatementAdapter.java:36)
	at app//com.carrotsearch.randomizedtesting.ThreadLeakControl$StatementRunner.run(ThreadLeakControl.java:368)
	at app//com.carrotsearch.randomizedtesting.ThreadLeakControl.forkTimeoutingTask(ThreadLeakControl.java:817)
	at app//com.carrotsearch.randomizedtesting.ThreadLeakControl$3.evaluate(ThreadLeakControl.java:468)
	at app//com.carrotsearch.randomizedtesting.RandomizedRunner.runSingleTest(RandomizedRunner.java:947)
	at app//com.carrotsearch.randomizedtesting.RandomizedRunner$5.evaluate(RandomizedRunner.java:832)
	at app//com.carrotsearch.randomizedtesting.RandomizedRunner$6.evaluate(RandomizedRunner.java:883)
	at app//com.carrotsearch.randomizedtesting.RandomizedRunner$7.evaluate(RandomizedRunner.java:894)
	at app//org.apache.lucene.tests.util.AbstractBeforeAfterRule$1.evaluate(AbstractBeforeAfterRule.java:43)
	at app//com.carrotsearch.randomizedtesting.rules.StatementAdapter.evaluate(StatementAdapter.java:36)
	at app//org.apache.lucene.tests.util.TestRuleStoreClassName$1.evaluate(TestRuleStoreClassName.java:38)
	at app//com.carrotsearch.randomizedtesting.rules.NoShadowingOrOverridesOnMethodsRule$1.evaluate(NoShadowingOrOverridesOnMethodsRule.java:40)
	at app//com.carrotsearch.randomizedtesting.rules.NoShadowingOrOverridesOnMethodsRule$1.evaluate(NoShadowingOrOverridesOnMethodsRule.java:40)
	at app//com.carrotsearch.randomizedtesting.rules.StatementAdapter.evaluate(StatementAdapter.java:36)
	at app//com.carrotsearch.randomizedtesting.rules.StatementAdapter.evaluate(StatementAdapter.java:36)
	at app//org.apache.lucene.tests.util.TestRuleAssertionsRequired$1.evaluate(TestRuleAssertionsRequired.java:53)
	at app//org.apache.lucene.tests.util.AbstractBeforeAfterRule$1.evaluate(AbstractBeforeAfterRule.java:43)
	at app//org.apache.lucene.tests.util.TestRuleMarkFailure$1.evaluate(TestRuleMarkFailure.java:44)
	at app//org.apache.lucene.tests.util.TestRuleIgnoreAfterMaxFailures$1.evaluate(TestRuleIgnoreAfterMaxFailures.java:60)
	at app//org.apache.lucene.tests.util.TestRuleIgnoreTestSuites$1.evaluate(TestRuleIgnoreTestSuites.java:47)
	at app//org.junit.rules.RunRules.evaluate(RunRules.java:20)
	at app//com.carrotsearch.randomizedtesting.rules.StatementAdapter.evaluate(StatementAdapter.java:36)
	at app//com.carrotsearch.randomizedtesting.ThreadLeakControl$StatementRunner.run(ThreadLeakControl.java:368)
	at java.base@17.0.4.1/java.lang.Thread.run(Thread.java:833)
</failure>
  </testcase>
  <testcase name="testLeftJoinWithLimitNL" classname="org.opensearch.sql.legacy.JoinIT" time="0.037">
    <failure message="org.opensearch.client.ResponseException: method [POST], host [http://127.0.0.1:49776], URI [/_plugins/_sql?format=json], status line [HTTP/1.1 400 Bad Request]&#10;{&#10;  &quot;error&quot;: {&#10;    &quot;reason&quot;: &quot;Invalid SQL query&quot;,&#10;    &quot;details&quot;: &quot;Query is unsupported in the new engine&quot;,&#10;    &quot;type&quot;: &quot;SQLFeatureDisabledException&quot;&#10;  },&#10;  &quot;status&quot;: 400&#10;}" type="org.opensearch.client.ResponseException">org.opensearch.client.ResponseException: method [POST], host [http://127.0.0.1:49776], URI [/_plugins/_sql?format=json], status line [HTTP/1.1 400 Bad Request]
{
  &quot;error&quot;: {
    &quot;reason&quot;: &quot;Invalid SQL query&quot;,
    &quot;details&quot;: &quot;Query is unsupported in the new engine&quot;,
    &quot;type&quot;: &quot;SQLFeatureDisabledException&quot;
  },
  &quot;status&quot;: 400
}
	at __randomizedtesting.SeedInfo.seed([B058E8962C1F801C:9ECD06A7573F5B6D]:0)
	at app//org.opensearch.client.RestClient.convertResponse(RestClient.java:384)
	at app//org.opensearch.client.RestClient.performRequest(RestClient.java:354)
	at app//org.opensearch.client.RestClient.performRequest(RestClient.java:329)
	at app//org.opensearch.sql.legacy.SQLIntegTestCase.executeRequest(SQLIntegTestCase.java:327)
	at app//org.opensearch.sql.legacy.SQLIntegTestCase.executeRequest(SQLIntegTestCase.java:322)
	at app//org.opensearch.sql.legacy.SQLIntegTestCase.executeRequest(SQLIntegTestCase.java:310)
	at app//org.opensearch.sql.legacy.SQLIntegTestCase.executeQuery(SQLIntegTestCase.java:293)
	at app//org.opensearch.sql.legacy.JoinIT.testLeftJoinWithLimit(JoinIT.java:863)
	at app//org.opensearch.sql.legacy.JoinIT.testLeftJoinWithLimitNL(JoinIT.java:266)
	at java.base@17.0.4.1/jdk.internal.reflect.NativeMethodAccessorImpl.invoke0(Native Method)
	at java.base@17.0.4.1/jdk.internal.reflect.NativeMethodAccessorImpl.invoke(NativeMethodAccessorImpl.java:77)
	at java.base@17.0.4.1/jdk.internal.reflect.DelegatingMethodAccessorImpl.invoke(DelegatingMethodAccessorImpl.java:43)
	at java.base@17.0.4.1/java.lang.reflect.Method.invoke(Method.java:568)
	at app//com.carrotsearch.randomizedtesting.RandomizedRunner.invoke(RandomizedRunner.java:1750)
	at app//com.carrotsearch.randomizedtesting.RandomizedRunner$8.evaluate(RandomizedRunner.java:938)
	at app//com.carrotsearch.randomizedtesting.RandomizedRunner$9.evaluate(RandomizedRunner.java:974)
	at app//com.carrotsearch.randomizedtesting.RandomizedRunner$10.evaluate(RandomizedRunner.java:988)
	at app//com.carrotsearch.randomizedtesting.rules.StatementAdapter.evaluate(StatementAdapter.java:36)
	at app//org.junit.rules.RunRules.evaluate(RunRules.java:20)
	at app//org.apache.lucene.tests.util.TestRuleSetupTeardownChained$1.evaluate(TestRuleSetupTeardownChained.java:48)
	at app//org.apache.lucene.tests.util.AbstractBeforeAfterRule$1.evaluate(AbstractBeforeAfterRule.java:43)
	at app//org.apache.lucene.tests.util.TestRuleThreadAndTestName$1.evaluate(TestRuleThreadAndTestName.java:45)
	at app//org.apache.lucene.tests.util.TestRuleIgnoreAfterMaxFailures$1.evaluate(TestRuleIgnoreAfterMaxFailures.java:60)
	at app//org.apache.lucene.tests.util.TestRuleMarkFailure$1.evaluate(TestRuleMarkFailure.java:44)
	at app//org.junit.rules.RunRules.evaluate(RunRules.java:20)
	at app//com.carrotsearch.randomizedtesting.rules.StatementAdapter.evaluate(StatementAdapter.java:36)
	at app//com.carrotsearch.randomizedtesting.ThreadLeakControl$StatementRunner.run(ThreadLeakControl.java:368)
	at app//com.carrotsearch.randomizedtesting.ThreadLeakControl.forkTimeoutingTask(ThreadLeakControl.java:817)
	at app//com.carrotsearch.randomizedtesting.ThreadLeakControl$3.evaluate(ThreadLeakControl.java:468)
	at app//com.carrotsearch.randomizedtesting.RandomizedRunner.runSingleTest(RandomizedRunner.java:947)
	at app//com.carrotsearch.randomizedtesting.RandomizedRunner$5.evaluate(RandomizedRunner.java:832)
	at app//com.carrotsearch.randomizedtesting.RandomizedRunner$6.evaluate(RandomizedRunner.java:883)
	at app//com.carrotsearch.randomizedtesting.RandomizedRunner$7.evaluate(RandomizedRunner.java:894)
	at app//org.apache.lucene.tests.util.AbstractBeforeAfterRule$1.evaluate(AbstractBeforeAfterRule.java:43)
	at app//com.carrotsearch.randomizedtesting.rules.StatementAdapter.evaluate(StatementAdapter.java:36)
	at app//org.apache.lucene.tests.util.TestRuleStoreClassName$1.evaluate(TestRuleStoreClassName.java:38)
	at app//com.carrotsearch.randomizedtesting.rules.NoShadowingOrOverridesOnMethodsRule$1.evaluate(NoShadowingOrOverridesOnMethodsRule.java:40)
	at app//com.carrotsearch.randomizedtesting.rules.NoShadowingOrOverridesOnMethodsRule$1.evaluate(NoShadowingOrOverridesOnMethodsRule.java:40)
	at app//com.carrotsearch.randomizedtesting.rules.StatementAdapter.evaluate(StatementAdapter.java:36)
	at app//com.carrotsearch.randomizedtesting.rules.StatementAdapter.evaluate(StatementAdapter.java:36)
	at app//org.apache.lucene.tests.util.TestRuleAssertionsRequired$1.evaluate(TestRuleAssertionsRequired.java:53)
	at app//org.apache.lucene.tests.util.AbstractBeforeAfterRule$1.evaluate(AbstractBeforeAfterRule.java:43)
	at app//org.apache.lucene.tests.util.TestRuleMarkFailure$1.evaluate(TestRuleMarkFailure.java:44)
	at app//org.apache.lucene.tests.util.TestRuleIgnoreAfterMaxFailures$1.evaluate(TestRuleIgnoreAfterMaxFailures.java:60)
	at app//org.apache.lucene.tests.util.TestRuleIgnoreTestSuites$1.evaluate(TestRuleIgnoreTestSuites.java:47)
	at app//org.junit.rules.RunRules.evaluate(RunRules.java:20)
	at app//com.carrotsearch.randomizedtesting.rules.StatementAdapter.evaluate(StatementAdapter.java:36)
	at app//com.carrotsearch.randomizedtesting.ThreadLeakControl$StatementRunner.run(ThreadLeakControl.java:368)
	at java.base@17.0.4.1/java.lang.Thread.run(Thread.java:833)
</failure>
  </testcase>
  <testcase name="joinWithAllFromSecondTableHASH" classname="org.opensearch.sql.legacy.JoinIT" time="0.042">
    <failure message="org.opensearch.client.ResponseException: method [POST], host [http://127.0.0.1:49776], URI [/_plugins/_sql?format=json], status line [HTTP/1.1 400 Bad Request]&#10;{&#10;  &quot;error&quot;: {&#10;    &quot;reason&quot;: &quot;Invalid SQL query&quot;,&#10;    &quot;details&quot;: &quot;Query is unsupported in the new engine&quot;,&#10;    &quot;type&quot;: &quot;SQLFeatureDisabledException&quot;&#10;  },&#10;  &quot;status&quot;: 400&#10;}" type="org.opensearch.client.ResponseException">org.opensearch.client.ResponseException: method [POST], host [http://127.0.0.1:49776], URI [/_plugins/_sql?format=json], status line [HTTP/1.1 400 Bad Request]
{
  &quot;error&quot;: {
    &quot;reason&quot;: &quot;Invalid SQL query&quot;,
    &quot;details&quot;: &quot;Query is unsupported in the new engine&quot;,
    &quot;type&quot;: &quot;SQLFeatureDisabledException&quot;
  },
  &quot;status&quot;: 400
}
	at __randomizedtesting.SeedInfo.seed([B058E8962C1F801C:E60D663D41933EF0]:0)
	at app//org.opensearch.client.RestClient.convertResponse(RestClient.java:384)
	at app//org.opensearch.client.RestClient.performRequest(RestClient.java:354)
	at app//org.opensearch.client.RestClient.performRequest(RestClient.java:329)
	at app//org.opensearch.sql.legacy.SQLIntegTestCase.executeRequest(SQLIntegTestCase.java:327)
	at app//org.opensearch.sql.legacy.SQLIntegTestCase.executeRequest(SQLIntegTestCase.java:322)
	at app//org.opensearch.sql.legacy.SQLIntegTestCase.executeRequest(SQLIntegTestCase.java:310)
	at app//org.opensearch.sql.legacy.SQLIntegTestCase.executeQuery(SQLIntegTestCase.java:293)
	at app//org.opensearch.sql.legacy.JoinIT.joinWithAllFromSecondTable(JoinIT.java:523)
	at app//org.opensearch.sql.legacy.JoinIT.joinWithAllFromSecondTableHASH(JoinIT.java:361)
	at java.base@17.0.4.1/jdk.internal.reflect.NativeMethodAccessorImpl.invoke0(Native Method)
	at java.base@17.0.4.1/jdk.internal.reflect.NativeMethodAccessorImpl.invoke(NativeMethodAccessorImpl.java:77)
	at java.base@17.0.4.1/jdk.internal.reflect.DelegatingMethodAccessorImpl.invoke(DelegatingMethodAccessorImpl.java:43)
	at java.base@17.0.4.1/java.lang.reflect.Method.invoke(Method.java:568)
	at app//com.carrotsearch.randomizedtesting.RandomizedRunner.invoke(RandomizedRunner.java:1750)
	at app//com.carrotsearch.randomizedtesting.RandomizedRunner$8.evaluate(RandomizedRunner.java:938)
	at app//com.carrotsearch.randomizedtesting.RandomizedRunner$9.evaluate(RandomizedRunner.java:974)
	at app//com.carrotsearch.randomizedtesting.RandomizedRunner$10.evaluate(RandomizedRunner.java:988)
	at app//com.carrotsearch.randomizedtesting.rules.StatementAdapter.evaluate(StatementAdapter.java:36)
	at app//org.junit.rules.RunRules.evaluate(RunRules.java:20)
	at app//org.apache.lucene.tests.util.TestRuleSetupTeardownChained$1.evaluate(TestRuleSetupTeardownChained.java:48)
	at app//org.apache.lucene.tests.util.AbstractBeforeAfterRule$1.evaluate(AbstractBeforeAfterRule.java:43)
	at app//org.apache.lucene.tests.util.TestRuleThreadAndTestName$1.evaluate(TestRuleThreadAndTestName.java:45)
	at app//org.apache.lucene.tests.util.TestRuleIgnoreAfterMaxFailures$1.evaluate(TestRuleIgnoreAfterMaxFailures.java:60)
	at app//org.apache.lucene.tests.util.TestRuleMarkFailure$1.evaluate(TestRuleMarkFailure.java:44)
	at app//org.junit.rules.RunRules.evaluate(RunRules.java:20)
	at app//com.carrotsearch.randomizedtesting.rules.StatementAdapter.evaluate(StatementAdapter.java:36)
	at app//com.carrotsearch.randomizedtesting.ThreadLeakControl$StatementRunner.run(ThreadLeakControl.java:368)
	at app//com.carrotsearch.randomizedtesting.ThreadLeakControl.forkTimeoutingTask(ThreadLeakControl.java:817)
	at app//com.carrotsearch.randomizedtesting.ThreadLeakControl$3.evaluate(ThreadLeakControl.java:468)
	at app//com.carrotsearch.randomizedtesting.RandomizedRunner.runSingleTest(RandomizedRunner.java:947)
	at app//com.carrotsearch.randomizedtesting.RandomizedRunner$5.evaluate(RandomizedRunner.java:832)
	at app//com.carrotsearch.randomizedtesting.RandomizedRunner$6.evaluate(RandomizedRunner.java:883)
	at app//com.carrotsearch.randomizedtesting.RandomizedRunner$7.evaluate(RandomizedRunner.java:894)
	at app//org.apache.lucene.tests.util.AbstractBeforeAfterRule$1.evaluate(AbstractBeforeAfterRule.java:43)
	at app//com.carrotsearch.randomizedtesting.rules.StatementAdapter.evaluate(StatementAdapter.java:36)
	at app//org.apache.lucene.tests.util.TestRuleStoreClassName$1.evaluate(TestRuleStoreClassName.java:38)
	at app//com.carrotsearch.randomizedtesting.rules.NoShadowingOrOverridesOnMethodsRule$1.evaluate(NoShadowingOrOverridesOnMethodsRule.java:40)
	at app//com.carrotsearch.randomizedtesting.rules.NoShadowingOrOverridesOnMethodsRule$1.evaluate(NoShadowingOrOverridesOnMethodsRule.java:40)
	at app//com.carrotsearch.randomizedtesting.rules.StatementAdapter.evaluate(StatementAdapter.java:36)
	at app//com.carrotsearch.randomizedtesting.rules.StatementAdapter.evaluate(StatementAdapter.java:36)
	at app//org.apache.lucene.tests.util.TestRuleAssertionsRequired$1.evaluate(TestRuleAssertionsRequired.java:53)
	at app//org.apache.lucene.tests.util.AbstractBeforeAfterRule$1.evaluate(AbstractBeforeAfterRule.java:43)
	at app//org.apache.lucene.tests.util.TestRuleMarkFailure$1.evaluate(TestRuleMarkFailure.java:44)
	at app//org.apache.lucene.tests.util.TestRuleIgnoreAfterMaxFailures$1.evaluate(TestRuleIgnoreAfterMaxFailures.java:60)
	at app//org.apache.lucene.tests.util.TestRuleIgnoreTestSuites$1.evaluate(TestRuleIgnoreTestSuites.java:47)
	at app//org.junit.rules.RunRules.evaluate(RunRules.java:20)
	at app//com.carrotsearch.randomizedtesting.rules.StatementAdapter.evaluate(StatementAdapter.java:36)
	at app//com.carrotsearch.randomizedtesting.ThreadLeakControl$StatementRunner.run(ThreadLeakControl.java:368)
	at java.base@17.0.4.1/java.lang.Thread.run(Thread.java:833)
</failure>
  </testcase>
  <testcase name="joinWithNoWhereButWithConditionNL" classname="org.opensearch.sql.legacy.JoinIT" time="0.039">
    <failure message="org.opensearch.client.ResponseException: method [POST], host [http://127.0.0.1:49776], URI [/_plugins/_sql?format=json], status line [HTTP/1.1 400 Bad Request]&#10;{&#10;  &quot;error&quot;: {&#10;    &quot;reason&quot;: &quot;Invalid SQL query&quot;,&#10;    &quot;details&quot;: &quot;Query is unsupported in the new engine&quot;,&#10;    &quot;type&quot;: &quot;SQLFeatureDisabledException&quot;&#10;  },&#10;  &quot;status&quot;: 400&#10;}" type="org.opensearch.client.ResponseException">org.opensearch.client.ResponseException: method [POST], host [http://127.0.0.1:49776], URI [/_plugins/_sql?format=json], status line [HTTP/1.1 400 Bad Request]
{
  &quot;error&quot;: {
    &quot;reason&quot;: &quot;Invalid SQL query&quot;,
    &quot;details&quot;: &quot;Query is unsupported in the new engine&quot;,
    &quot;type&quot;: &quot;SQLFeatureDisabledException&quot;
  },
  &quot;status&quot;: 400
}
	at __randomizedtesting.SeedInfo.seed([B058E8962C1F801C:90E4CE550A59CB5E]:0)
	at app//org.opensearch.client.RestClient.convertResponse(RestClient.java:384)
	at app//org.opensearch.client.RestClient.performRequest(RestClient.java:354)
	at app//org.opensearch.client.RestClient.performRequest(RestClient.java:329)
	at app//org.opensearch.sql.legacy.SQLIntegTestCase.executeRequest(SQLIntegTestCase.java:327)
	at app//org.opensearch.sql.legacy.SQLIntegTestCase.executeRequest(SQLIntegTestCase.java:322)
	at app//org.opensearch.sql.legacy.SQLIntegTestCase.executeRequest(SQLIntegTestCase.java:310)
	at app//org.opensearch.sql.legacy.SQLIntegTestCase.executeQuery(SQLIntegTestCase.java:293)
	at app//org.opensearch.sql.legacy.JoinIT.joinWithNoWhereButWithCondition(JoinIT.java:617)
	at app//org.opensearch.sql.legacy.JoinIT.joinWithNoWhereButWithConditionNL(JoinIT.java:92)
	at java.base@17.0.4.1/jdk.internal.reflect.NativeMethodAccessorImpl.invoke0(Native Method)
	at java.base@17.0.4.1/jdk.internal.reflect.NativeMethodAccessorImpl.invoke(NativeMethodAccessorImpl.java:77)
	at java.base@17.0.4.1/jdk.internal.reflect.DelegatingMethodAccessorImpl.invoke(DelegatingMethodAccessorImpl.java:43)
	at java.base@17.0.4.1/java.lang.reflect.Method.invoke(Method.java:568)
	at app//com.carrotsearch.randomizedtesting.RandomizedRunner.invoke(RandomizedRunner.java:1750)
	at app//com.carrotsearch.randomizedtesting.RandomizedRunner$8.evaluate(RandomizedRunner.java:938)
	at app//com.carrotsearch.randomizedtesting.RandomizedRunner$9.evaluate(RandomizedRunner.java:974)
	at app//com.carrotsearch.randomizedtesting.RandomizedRunner$10.evaluate(RandomizedRunner.java:988)
	at app//com.carrotsearch.randomizedtesting.rules.StatementAdapter.evaluate(StatementAdapter.java:36)
	at app//org.junit.rules.RunRules.evaluate(RunRules.java:20)
	at app//org.apache.lucene.tests.util.TestRuleSetupTeardownChained$1.evaluate(TestRuleSetupTeardownChained.java:48)
	at app//org.apache.lucene.tests.util.AbstractBeforeAfterRule$1.evaluate(AbstractBeforeAfterRule.java:43)
	at app//org.apache.lucene.tests.util.TestRuleThreadAndTestName$1.evaluate(TestRuleThreadAndTestName.java:45)
	at app//org.apache.lucene.tests.util.TestRuleIgnoreAfterMaxFailures$1.evaluate(TestRuleIgnoreAfterMaxFailures.java:60)
	at app//org.apache.lucene.tests.util.TestRuleMarkFailure$1.evaluate(TestRuleMarkFailure.java:44)
	at app//org.junit.rules.RunRules.evaluate(RunRules.java:20)
	at app//com.carrotsearch.randomizedtesting.rules.StatementAdapter.evaluate(StatementAdapter.java:36)
	at app//com.carrotsearch.randomizedtesting.ThreadLeakControl$StatementRunner.run(ThreadLeakControl.java:368)
	at app//com.carrotsearch.randomizedtesting.ThreadLeakControl.forkTimeoutingTask(ThreadLeakControl.java:817)
	at app//com.carrotsearch.randomizedtesting.ThreadLeakControl$3.evaluate(ThreadLeakControl.java:468)
	at app//com.carrotsearch.randomizedtesting.RandomizedRunner.runSingleTest(RandomizedRunner.java:947)
	at app//com.carrotsearch.randomizedtesting.RandomizedRunner$5.evaluate(RandomizedRunner.java:832)
	at app//com.carrotsearch.randomizedtesting.RandomizedRunner$6.evaluate(RandomizedRunner.java:883)
	at app//com.carrotsearch.randomizedtesting.RandomizedRunner$7.evaluate(RandomizedRunner.java:894)
	at app//org.apache.lucene.tests.util.AbstractBeforeAfterRule$1.evaluate(AbstractBeforeAfterRule.java:43)
	at app//com.carrotsearch.randomizedtesting.rules.StatementAdapter.evaluate(StatementAdapter.java:36)
	at app//org.apache.lucene.tests.util.TestRuleStoreClassName$1.evaluate(TestRuleStoreClassName.java:38)
	at app//com.carrotsearch.randomizedtesting.rules.NoShadowingOrOverridesOnMethodsRule$1.evaluate(NoShadowingOrOverridesOnMethodsRule.java:40)
	at app//com.carrotsearch.randomizedtesting.rules.NoShadowingOrOverridesOnMethodsRule$1.evaluate(NoShadowingOrOverridesOnMethodsRule.java:40)
	at app//com.carrotsearch.randomizedtesting.rules.StatementAdapter.evaluate(StatementAdapter.java:36)
	at app//com.carrotsearch.randomizedtesting.rules.StatementAdapter.evaluate(StatementAdapter.java:36)
	at app//org.apache.lucene.tests.util.TestRuleAssertionsRequired$1.evaluate(TestRuleAssertionsRequired.java:53)
	at app//org.apache.lucene.tests.util.AbstractBeforeAfterRule$1.evaluate(AbstractBeforeAfterRule.java:43)
	at app//org.apache.lucene.tests.util.TestRuleMarkFailure$1.evaluate(TestRuleMarkFailure.java:44)
	at app//org.apache.lucene.tests.util.TestRuleIgnoreAfterMaxFailures$1.evaluate(TestRuleIgnoreAfterMaxFailures.java:60)
	at app//org.apache.lucene.tests.util.TestRuleIgnoreTestSuites$1.evaluate(TestRuleIgnoreTestSuites.java:47)
	at app//org.junit.rules.RunRules.evaluate(RunRules.java:20)
	at app//com.carrotsearch.randomizedtesting.rules.StatementAdapter.evaluate(StatementAdapter.java:36)
	at app//com.carrotsearch.randomizedtesting.ThreadLeakControl$StatementRunner.run(ThreadLeakControl.java:368)
	at java.base@17.0.4.1/java.lang.Thread.run(Thread.java:833)
</failure>
  </testcase>
  <testcase name="hintLimits_firstLimitSecondNullNL" classname="org.opensearch.sql.legacy.JoinIT" time="0.043">
    <failure message="org.opensearch.client.ResponseException: method [POST], host [http://127.0.0.1:49776], URI [/_plugins/_sql?format=json], status line [HTTP/1.1 400 Bad Request]&#10;{&#10;  &quot;error&quot;: {&#10;    &quot;reason&quot;: &quot;Invalid SQL query&quot;,&#10;    &quot;details&quot;: &quot;Query is unsupported in the new engine&quot;,&#10;    &quot;type&quot;: &quot;SQLFeatureDisabledException&quot;&#10;  },&#10;  &quot;status&quot;: 400&#10;}" type="org.opensearch.client.ResponseException">org.opensearch.client.ResponseException: method [POST], host [http://127.0.0.1:49776], URI [/_plugins/_sql?format=json], status line [HTTP/1.1 400 Bad Request]
{
  &quot;error&quot;: {
    &quot;reason&quot;: &quot;Invalid SQL query&quot;,
    &quot;details&quot;: &quot;Query is unsupported in the new engine&quot;,
    &quot;type&quot;: &quot;SQLFeatureDisabledException&quot;
  },
  &quot;status&quot;: 400
}
	at __randomizedtesting.SeedInfo.seed([B058E8962C1F801C:5D9B5348FF85F956]:0)
	at app//org.opensearch.client.RestClient.convertResponse(RestClient.java:384)
	at app//org.opensearch.client.RestClient.performRequest(RestClient.java:354)
	at app//org.opensearch.client.RestClient.performRequest(RestClient.java:329)
	at app//org.opensearch.sql.legacy.SQLIntegTestCase.executeRequest(SQLIntegTestCase.java:327)
	at app//org.opensearch.sql.legacy.SQLIntegTestCase.executeRequest(SQLIntegTestCase.java:322)
	at app//org.opensearch.sql.legacy.SQLIntegTestCase.executeRequest(SQLIntegTestCase.java:310)
	at app//org.opensearch.sql.legacy.SQLIntegTestCase.executeQuery(SQLIntegTestCase.java:293)
	at app//org.opensearch.sql.legacy.JoinIT.hintLimits_firstLimitSecondNull(JoinIT.java:813)
	at app//org.opensearch.sql.legacy.JoinIT.hintLimits_firstLimitSecondNullNL(JoinIT.java:216)
	at java.base@17.0.4.1/jdk.internal.reflect.NativeMethodAccessorImpl.invoke0(Native Method)
	at java.base@17.0.4.1/jdk.internal.reflect.NativeMethodAccessorImpl.invoke(NativeMethodAccessorImpl.java:77)
	at java.base@17.0.4.1/jdk.internal.reflect.DelegatingMethodAccessorImpl.invoke(DelegatingMethodAccessorImpl.java:43)
	at java.base@17.0.4.1/java.lang.reflect.Method.invoke(Method.java:568)
	at app//com.carrotsearch.randomizedtesting.RandomizedRunner.invoke(RandomizedRunner.java:1750)
	at app//com.carrotsearch.randomizedtesting.RandomizedRunner$8.evaluate(RandomizedRunner.java:938)
	at app//com.carrotsearch.randomizedtesting.RandomizedRunner$9.evaluate(RandomizedRunner.java:974)
	at app//com.carrotsearch.randomizedtesting.RandomizedRunner$10.evaluate(RandomizedRunner.java:988)
	at app//com.carrotsearch.randomizedtesting.rules.StatementAdapter.evaluate(StatementAdapter.java:36)
	at app//org.junit.rules.RunRules.evaluate(RunRules.java:20)
	at app//org.apache.lucene.tests.util.TestRuleSetupTeardownChained$1.evaluate(TestRuleSetupTeardownChained.java:48)
	at app//org.apache.lucene.tests.util.AbstractBeforeAfterRule$1.evaluate(AbstractBeforeAfterRule.java:43)
	at app//org.apache.lucene.tests.util.TestRuleThreadAndTestName$1.evaluate(TestRuleThreadAndTestName.java:45)
	at app//org.apache.lucene.tests.util.TestRuleIgnoreAfterMaxFailures$1.evaluate(TestRuleIgnoreAfterMaxFailures.java:60)
	at app//org.apache.lucene.tests.util.TestRuleMarkFailure$1.evaluate(TestRuleMarkFailure.java:44)
	at app//org.junit.rules.RunRules.evaluate(RunRules.java:20)
	at app//com.carrotsearch.randomizedtesting.rules.StatementAdapter.evaluate(StatementAdapter.java:36)
	at app//com.carrotsearch.randomizedtesting.ThreadLeakControl$StatementRunner.run(ThreadLeakControl.java:368)
	at app//com.carrotsearch.randomizedtesting.ThreadLeakControl.forkTimeoutingTask(ThreadLeakControl.java:817)
	at app//com.carrotsearch.randomizedtesting.ThreadLeakControl$3.evaluate(ThreadLeakControl.java:468)
	at app//com.carrotsearch.randomizedtesting.RandomizedRunner.runSingleTest(RandomizedRunner.java:947)
	at app//com.carrotsearch.randomizedtesting.RandomizedRunner$5.evaluate(RandomizedRunner.java:832)
	at app//com.carrotsearch.randomizedtesting.RandomizedRunner$6.evaluate(RandomizedRunner.java:883)
	at app//com.carrotsearch.randomizedtesting.RandomizedRunner$7.evaluate(RandomizedRunner.java:894)
	at app//org.apache.lucene.tests.util.AbstractBeforeAfterRule$1.evaluate(AbstractBeforeAfterRule.java:43)
	at app//com.carrotsearch.randomizedtesting.rules.StatementAdapter.evaluate(StatementAdapter.java:36)
	at app//org.apache.lucene.tests.util.TestRuleStoreClassName$1.evaluate(TestRuleStoreClassName.java:38)
	at app//com.carrotsearch.randomizedtesting.rules.NoShadowingOrOverridesOnMethodsRule$1.evaluate(NoShadowingOrOverridesOnMethodsRule.java:40)
	at app//com.carrotsearch.randomizedtesting.rules.NoShadowingOrOverridesOnMethodsRule$1.evaluate(NoShadowingOrOverridesOnMethodsRule.java:40)
	at app//com.carrotsearch.randomizedtesting.rules.StatementAdapter.evaluate(StatementAdapter.java:36)
	at app//com.carrotsearch.randomizedtesting.rules.StatementAdapter.evaluate(StatementAdapter.java:36)
	at app//org.apache.lucene.tests.util.TestRuleAssertionsRequired$1.evaluate(TestRuleAssertionsRequired.java:53)
	at app//org.apache.lucene.tests.util.AbstractBeforeAfterRule$1.evaluate(AbstractBeforeAfterRule.java:43)
	at app//org.apache.lucene.tests.util.TestRuleMarkFailure$1.evaluate(TestRuleMarkFailure.java:44)
	at app//org.apache.lucene.tests.util.TestRuleIgnoreAfterMaxFailures$1.evaluate(TestRuleIgnoreAfterMaxFailures.java:60)
	at app//org.apache.lucene.tests.util.TestRuleIgnoreTestSuites$1.evaluate(TestRuleIgnoreTestSuites.java:47)
	at app//org.junit.rules.RunRules.evaluate(RunRules.java:20)
	at app//com.carrotsearch.randomizedtesting.rules.StatementAdapter.evaluate(StatementAdapter.java:36)
	at app//com.carrotsearch.randomizedtesting.ThreadLeakControl$StatementRunner.run(ThreadLeakControl.java:368)
	at java.base@17.0.4.1/java.lang.Thread.run(Thread.java:833)
</failure>
  </testcase>
  <testcase name="hintLimits_firstLimitSecondLimitHASH" classname="org.opensearch.sql.legacy.JoinIT" time="0.042">
    <failure message="org.opensearch.client.ResponseException: method [POST], host [http://127.0.0.1:49776], URI [/_plugins/_sql?format=json], status line [HTTP/1.1 400 Bad Request]&#10;{&#10;  &quot;error&quot;: {&#10;    &quot;reason&quot;: &quot;Invalid SQL query&quot;,&#10;    &quot;details&quot;: &quot;Query is unsupported in the new engine&quot;,&#10;    &quot;type&quot;: &quot;SQLFeatureDisabledException&quot;&#10;  },&#10;  &quot;status&quot;: 400&#10;}" type="org.opensearch.client.ResponseException">org.opensearch.client.ResponseException: method [POST], host [http://127.0.0.1:49776], URI [/_plugins/_sql?format=json], status line [HTTP/1.1 400 Bad Request]
{
  &quot;error&quot;: {
    &quot;reason&quot;: &quot;Invalid SQL query&quot;,
    &quot;details&quot;: &quot;Query is unsupported in the new engine&quot;,
    &quot;type&quot;: &quot;SQLFeatureDisabledException&quot;
  },
  &quot;status&quot;: 400
}
	at __randomizedtesting.SeedInfo.seed([B058E8962C1F801C:D9170237001C380C]:0)
	at app//org.opensearch.client.RestClient.convertResponse(RestClient.java:384)
	at app//org.opensearch.client.RestClient.performRequest(RestClient.java:354)
	at app//org.opensearch.client.RestClient.performRequest(RestClient.java:329)
	at app//org.opensearch.sql.legacy.SQLIntegTestCase.executeRequest(SQLIntegTestCase.java:327)
	at app//org.opensearch.sql.legacy.SQLIntegTestCase.executeRequest(SQLIntegTestCase.java:322)
	at app//org.opensearch.sql.legacy.SQLIntegTestCase.executeRequest(SQLIntegTestCase.java:310)
	at app//org.opensearch.sql.legacy.SQLIntegTestCase.executeQuery(SQLIntegTestCase.java:293)
	at app//org.opensearch.sql.legacy.JoinIT.hintLimits_firstLimitSecondLimit(JoinIT.java:825)
	at app//org.opensearch.sql.legacy.JoinIT.hintLimits_firstLimitSecondLimitHASH(JoinIT.java:222)
	at java.base@17.0.4.1/jdk.internal.reflect.NativeMethodAccessorImpl.invoke0(Native Method)
	at java.base@17.0.4.1/jdk.internal.reflect.NativeMethodAccessorImpl.invoke(NativeMethodAccessorImpl.java:77)
	at java.base@17.0.4.1/jdk.internal.reflect.DelegatingMethodAccessorImpl.invoke(DelegatingMethodAccessorImpl.java:43)
	at java.base@17.0.4.1/java.lang.reflect.Method.invoke(Method.java:568)
	at app//com.carrotsearch.randomizedtesting.RandomizedRunner.invoke(RandomizedRunner.java:1750)
	at app//com.carrotsearch.randomizedtesting.RandomizedRunner$8.evaluate(RandomizedRunner.java:938)
	at app//com.carrotsearch.randomizedtesting.RandomizedRunner$9.evaluate(RandomizedRunner.java:974)
	at app//com.carrotsearch.randomizedtesting.RandomizedRunner$10.evaluate(RandomizedRunner.java:988)
	at app//com.carrotsearch.randomizedtesting.rules.StatementAdapter.evaluate(StatementAdapter.java:36)
	at app//org.junit.rules.RunRules.evaluate(RunRules.java:20)
	at app//org.apache.lucene.tests.util.TestRuleSetupTeardownChained$1.evaluate(TestRuleSetupTeardownChained.java:48)
	at app//org.apache.lucene.tests.util.AbstractBeforeAfterRule$1.evaluate(AbstractBeforeAfterRule.java:43)
	at app//org.apache.lucene.tests.util.TestRuleThreadAndTestName$1.evaluate(TestRuleThreadAndTestName.java:45)
	at app//org.apache.lucene.tests.util.TestRuleIgnoreAfterMaxFailures$1.evaluate(TestRuleIgnoreAfterMaxFailures.java:60)
	at app//org.apache.lucene.tests.util.TestRuleMarkFailure$1.evaluate(TestRuleMarkFailure.java:44)
	at app//org.junit.rules.RunRules.evaluate(RunRules.java:20)
	at app//com.carrotsearch.randomizedtesting.rules.StatementAdapter.evaluate(StatementAdapter.java:36)
	at app//com.carrotsearch.randomizedtesting.ThreadLeakControl$StatementRunner.run(ThreadLeakControl.java:368)
	at app//com.carrotsearch.randomizedtesting.ThreadLeakControl.forkTimeoutingTask(ThreadLeakControl.java:817)
	at app//com.carrotsearch.randomizedtesting.ThreadLeakControl$3.evaluate(ThreadLeakControl.java:468)
	at app//com.carrotsearch.randomizedtesting.RandomizedRunner.runSingleTest(RandomizedRunner.java:947)
	at app//com.carrotsearch.randomizedtesting.RandomizedRunner$5.evaluate(RandomizedRunner.java:832)
	at app//com.carrotsearch.randomizedtesting.RandomizedRunner$6.evaluate(RandomizedRunner.java:883)
	at app//com.carrotsearch.randomizedtesting.RandomizedRunner$7.evaluate(RandomizedRunner.java:894)
	at app//org.apache.lucene.tests.util.AbstractBeforeAfterRule$1.evaluate(AbstractBeforeAfterRule.java:43)
	at app//com.carrotsearch.randomizedtesting.rules.StatementAdapter.evaluate(StatementAdapter.java:36)
	at app//org.apache.lucene.tests.util.TestRuleStoreClassName$1.evaluate(TestRuleStoreClassName.java:38)
	at app//com.carrotsearch.randomizedtesting.rules.NoShadowingOrOverridesOnMethodsRule$1.evaluate(NoShadowingOrOverridesOnMethodsRule.java:40)
	at app//com.carrotsearch.randomizedtesting.rules.NoShadowingOrOverridesOnMethodsRule$1.evaluate(NoShadowingOrOverridesOnMethodsRule.java:40)
	at app//com.carrotsearch.randomizedtesting.rules.StatementAdapter.evaluate(StatementAdapter.java:36)
	at app//com.carrotsearch.randomizedtesting.rules.StatementAdapter.evaluate(StatementAdapter.java:36)
	at app//org.apache.lucene.tests.util.TestRuleAssertionsRequired$1.evaluate(TestRuleAssertionsRequired.java:53)
	at app//org.apache.lucene.tests.util.AbstractBeforeAfterRule$1.evaluate(AbstractBeforeAfterRule.java:43)
	at app//org.apache.lucene.tests.util.TestRuleMarkFailure$1.evaluate(TestRuleMarkFailure.java:44)
	at app//org.apache.lucene.tests.util.TestRuleIgnoreAfterMaxFailures$1.evaluate(TestRuleIgnoreAfterMaxFailures.java:60)
	at app//org.apache.lucene.tests.util.TestRuleIgnoreTestSuites$1.evaluate(TestRuleIgnoreTestSuites.java:47)
	at app//org.junit.rules.RunRules.evaluate(RunRules.java:20)
	at app//com.carrotsearch.randomizedtesting.rules.StatementAdapter.evaluate(StatementAdapter.java:36)
	at app//com.carrotsearch.randomizedtesting.ThreadLeakControl$StatementRunner.run(ThreadLeakControl.java:368)
	at java.base@17.0.4.1/java.lang.Thread.run(Thread.java:833)
</failure>
  </testcase>
  <testcase name="joinWithSomeAliasOnReturnNL" classname="org.opensearch.sql.legacy.JoinIT" time="0.032">
    <failure message="org.opensearch.client.ResponseException: method [POST], host [http://127.0.0.1:49776], URI [/_plugins/_sql?format=json], status line [HTTP/1.1 400 Bad Request]&#10;{&#10;  &quot;error&quot;: {&#10;    &quot;reason&quot;: &quot;Invalid SQL query&quot;,&#10;    &quot;details&quot;: &quot;Query is unsupported in the new engine&quot;,&#10;    &quot;type&quot;: &quot;SQLFeatureDisabledException&quot;&#10;  },&#10;  &quot;status&quot;: 400&#10;}" type="org.opensearch.client.ResponseException">org.opensearch.client.ResponseException: method [POST], host [http://127.0.0.1:49776], URI [/_plugins/_sql?format=json], status line [HTTP/1.1 400 Bad Request]
{
  &quot;error&quot;: {
    &quot;reason&quot;: &quot;Invalid SQL query&quot;,
    &quot;details&quot;: &quot;Query is unsupported in the new engine&quot;,
    &quot;type&quot;: &quot;SQLFeatureDisabledException&quot;
  },
  &quot;status&quot;: 400
}
	at __randomizedtesting.SeedInfo.seed([B058E8962C1F801C:10125843B91967CB]:0)
	at app//org.opensearch.client.RestClient.convertResponse(RestClient.java:384)
	at app//org.opensearch.client.RestClient.performRequest(RestClient.java:354)
	at app//org.opensearch.client.RestClient.performRequest(RestClient.java:329)
	at app//org.opensearch.sql.legacy.SQLIntegTestCase.executeRequest(SQLIntegTestCase.java:327)
	at app//org.opensearch.sql.legacy.SQLIntegTestCase.executeRequest(SQLIntegTestCase.java:322)
	at app//org.opensearch.sql.legacy.SQLIntegTestCase.executeRequest(SQLIntegTestCase.java:310)
	at app//org.opensearch.sql.legacy.SQLIntegTestCase.executeQuery(SQLIntegTestCase.java:293)
	at app//org.opensearch.sql.legacy.JoinIT.joinWithSomeAliasOnReturn(JoinIT.java:731)
	at app//org.opensearch.sql.legacy.JoinIT.joinWithSomeAliasOnReturnNL(JoinIT.java:180)
	at java.base@17.0.4.1/jdk.internal.reflect.NativeMethodAccessorImpl.invoke0(Native Method)
	at java.base@17.0.4.1/jdk.internal.reflect.NativeMethodAccessorImpl.invoke(NativeMethodAccessorImpl.java:77)
	at java.base@17.0.4.1/jdk.internal.reflect.DelegatingMethodAccessorImpl.invoke(DelegatingMethodAccessorImpl.java:43)
	at java.base@17.0.4.1/java.lang.reflect.Method.invoke(Method.java:568)
	at app//com.carrotsearch.randomizedtesting.RandomizedRunner.invoke(RandomizedRunner.java:1750)
	at app//com.carrotsearch.randomizedtesting.RandomizedRunner$8.evaluate(RandomizedRunner.java:938)
	at app//com.carrotsearch.randomizedtesting.RandomizedRunner$9.evaluate(RandomizedRunner.java:974)
	at app//com.carrotsearch.randomizedtesting.RandomizedRunner$10.evaluate(RandomizedRunner.java:988)
	at app//com.carrotsearch.randomizedtesting.rules.StatementAdapter.evaluate(StatementAdapter.java:36)
	at app//org.junit.rules.RunRules.evaluate(RunRules.java:20)
	at app//org.apache.lucene.tests.util.TestRuleSetupTeardownChained$1.evaluate(TestRuleSetupTeardownChained.java:48)
	at app//org.apache.lucene.tests.util.AbstractBeforeAfterRule$1.evaluate(AbstractBeforeAfterRule.java:43)
	at app//org.apache.lucene.tests.util.TestRuleThreadAndTestName$1.evaluate(TestRuleThreadAndTestName.java:45)
	at app//org.apache.lucene.tests.util.TestRuleIgnoreAfterMaxFailures$1.evaluate(TestRuleIgnoreAfterMaxFailures.java:60)
	at app//org.apache.lucene.tests.util.TestRuleMarkFailure$1.evaluate(TestRuleMarkFailure.java:44)
	at app//org.junit.rules.RunRules.evaluate(RunRules.java:20)
	at app//com.carrotsearch.randomizedtesting.rules.StatementAdapter.evaluate(StatementAdapter.java:36)
	at app//com.carrotsearch.randomizedtesting.ThreadLeakControl$StatementRunner.run(ThreadLeakControl.java:368)
	at app//com.carrotsearch.randomizedtesting.ThreadLeakControl.forkTimeoutingTask(ThreadLeakControl.java:817)
	at app//com.carrotsearch.randomizedtesting.ThreadLeakControl$3.evaluate(ThreadLeakControl.java:468)
	at app//com.carrotsearch.randomizedtesting.RandomizedRunner.runSingleTest(RandomizedRunner.java:947)
	at app//com.carrotsearch.randomizedtesting.RandomizedRunner$5.evaluate(RandomizedRunner.java:832)
	at app//com.carrotsearch.randomizedtesting.RandomizedRunner$6.evaluate(RandomizedRunner.java:883)
	at app//com.carrotsearch.randomizedtesting.RandomizedRunner$7.evaluate(RandomizedRunner.java:894)
	at app//org.apache.lucene.tests.util.AbstractBeforeAfterRule$1.evaluate(AbstractBeforeAfterRule.java:43)
	at app//com.carrotsearch.randomizedtesting.rules.StatementAdapter.evaluate(StatementAdapter.java:36)
	at app//org.apache.lucene.tests.util.TestRuleStoreClassName$1.evaluate(TestRuleStoreClassName.java:38)
	at app//com.carrotsearch.randomizedtesting.rules.NoShadowingOrOverridesOnMethodsRule$1.evaluate(NoShadowingOrOverridesOnMethodsRule.java:40)
	at app//com.carrotsearch.randomizedtesting.rules.NoShadowingOrOverridesOnMethodsRule$1.evaluate(NoShadowingOrOverridesOnMethodsRule.java:40)
	at app//com.carrotsearch.randomizedtesting.rules.StatementAdapter.evaluate(StatementAdapter.java:36)
	at app//com.carrotsearch.randomizedtesting.rules.StatementAdapter.evaluate(StatementAdapter.java:36)
	at app//org.apache.lucene.tests.util.TestRuleAssertionsRequired$1.evaluate(TestRuleAssertionsRequired.java:53)
	at app//org.apache.lucene.tests.util.AbstractBeforeAfterRule$1.evaluate(AbstractBeforeAfterRule.java:43)
	at app//org.apache.lucene.tests.util.TestRuleMarkFailure$1.evaluate(TestRuleMarkFailure.java:44)
	at app//org.apache.lucene.tests.util.TestRuleIgnoreAfterMaxFailures$1.evaluate(TestRuleIgnoreAfterMaxFailures.java:60)
	at app//org.apache.lucene.tests.util.TestRuleIgnoreTestSuites$1.evaluate(TestRuleIgnoreTestSuites.java:47)
	at app//org.junit.rules.RunRules.evaluate(RunRules.java:20)
	at app//com.carrotsearch.randomizedtesting.rules.StatementAdapter.evaluate(StatementAdapter.java:36)
	at app//com.carrotsearch.randomizedtesting.ThreadLeakControl$StatementRunner.run(ThreadLeakControl.java:368)
	at java.base@17.0.4.1/java.lang.Thread.run(Thread.java:833)
</failure>
  </testcase>
  <testcase name="joinWithOrderbyFirstTableNL" classname="org.opensearch.sql.legacy.JoinIT" time="0.03">
    <failure message="org.opensearch.client.ResponseException: method [POST], host [http://127.0.0.1:49776], URI [/_plugins/_sql?format=json], status line [HTTP/1.1 400 Bad Request]&#10;{&#10;  &quot;error&quot;: {&#10;    &quot;reason&quot;: &quot;Invalid SQL query&quot;,&#10;    &quot;details&quot;: &quot;Query is unsupported in the new engine&quot;,&#10;    &quot;type&quot;: &quot;SQLFeatureDisabledException&quot;&#10;  },&#10;  &quot;status&quot;: 400&#10;}" type="org.opensearch.client.ResponseException">org.opensearch.client.ResponseException: method [POST], host [http://127.0.0.1:49776], URI [/_plugins/_sql?format=json], status line [HTTP/1.1 400 Bad Request]
{
  &quot;error&quot;: {
    &quot;reason&quot;: &quot;Invalid SQL query&quot;,
    &quot;details&quot;: &quot;Query is unsupported in the new engine&quot;,
    &quot;type&quot;: &quot;SQLFeatureDisabledException&quot;
  },
  &quot;status&quot;: 400
}
	at __randomizedtesting.SeedInfo.seed([B058E8962C1F801C:F74E6E410F5D0BB3]:0)
	at app//org.opensearch.client.RestClient.convertResponse(RestClient.java:384)
	at app//org.opensearch.client.RestClient.performRequest(RestClient.java:354)
	at app//org.opensearch.client.RestClient.performRequest(RestClient.java:329)
	at app//org.opensearch.sql.legacy.SQLIntegTestCase.executeRequest(SQLIntegTestCase.java:327)
	at app//org.opensearch.sql.legacy.SQLIntegTestCase.executeRequest(SQLIntegTestCase.java:322)
	at app//org.opensearch.sql.legacy.SQLIntegTestCase.executeRequest(SQLIntegTestCase.java:310)
	at app//org.opensearch.sql.legacy.SQLIntegTestCase.executeQuery(SQLIntegTestCase.java:293)
	at app//org.opensearch.sql.legacy.JoinIT.joinWithOrderFirstTable(JoinIT.java:904)
	at app//org.opensearch.sql.legacy.JoinIT.joinWithOrderbyFirstTableNL(JoinIT.java:355)
	at java.base@17.0.4.1/jdk.internal.reflect.NativeMethodAccessorImpl.invoke0(Native Method)
	at java.base@17.0.4.1/jdk.internal.reflect.NativeMethodAccessorImpl.invoke(NativeMethodAccessorImpl.java:77)
	at java.base@17.0.4.1/jdk.internal.reflect.DelegatingMethodAccessorImpl.invoke(DelegatingMethodAccessorImpl.java:43)
	at java.base@17.0.4.1/java.lang.reflect.Method.invoke(Method.java:568)
	at app//com.carrotsearch.randomizedtesting.RandomizedRunner.invoke(RandomizedRunner.java:1750)
	at app//com.carrotsearch.randomizedtesting.RandomizedRunner$8.evaluate(RandomizedRunner.java:938)
	at app//com.carrotsearch.randomizedtesting.RandomizedRunner$9.evaluate(RandomizedRunner.java:974)
	at app//com.carrotsearch.randomizedtesting.RandomizedRunner$10.evaluate(RandomizedRunner.java:988)
	at app//com.carrotsearch.randomizedtesting.rules.StatementAdapter.evaluate(StatementAdapter.java:36)
	at app//org.junit.rules.RunRules.evaluate(RunRules.java:20)
	at app//org.apache.lucene.tests.util.TestRuleSetupTeardownChained$1.evaluate(TestRuleSetupTeardownChained.java:48)
	at app//org.apache.lucene.tests.util.AbstractBeforeAfterRule$1.evaluate(AbstractBeforeAfterRule.java:43)
	at app//org.apache.lucene.tests.util.TestRuleThreadAndTestName$1.evaluate(TestRuleThreadAndTestName.java:45)
	at app//org.apache.lucene.tests.util.TestRuleIgnoreAfterMaxFailures$1.evaluate(TestRuleIgnoreAfterMaxFailures.java:60)
	at app//org.apache.lucene.tests.util.TestRuleMarkFailure$1.evaluate(TestRuleMarkFailure.java:44)
	at app//org.junit.rules.RunRules.evaluate(RunRules.java:20)
	at app//com.carrotsearch.randomizedtesting.rules.StatementAdapter.evaluate(StatementAdapter.java:36)
	at app//com.carrotsearch.randomizedtesting.ThreadLeakControl$StatementRunner.run(ThreadLeakControl.java:368)
	at app//com.carrotsearch.randomizedtesting.ThreadLeakControl.forkTimeoutingTask(ThreadLeakControl.java:817)
	at app//com.carrotsearch.randomizedtesting.ThreadLeakControl$3.evaluate(ThreadLeakControl.java:468)
	at app//com.carrotsearch.randomizedtesting.RandomizedRunner.runSingleTest(RandomizedRunner.java:947)
	at app//com.carrotsearch.randomizedtesting.RandomizedRunner$5.evaluate(RandomizedRunner.java:832)
	at app//com.carrotsearch.randomizedtesting.RandomizedRunner$6.evaluate(RandomizedRunner.java:883)
	at app//com.carrotsearch.randomizedtesting.RandomizedRunner$7.evaluate(RandomizedRunner.java:894)
	at app//org.apache.lucene.tests.util.AbstractBeforeAfterRule$1.evaluate(AbstractBeforeAfterRule.java:43)
	at app//com.carrotsearch.randomizedtesting.rules.StatementAdapter.evaluate(StatementAdapter.java:36)
	at app//org.apache.lucene.tests.util.TestRuleStoreClassName$1.evaluate(TestRuleStoreClassName.java:38)
	at app//com.carrotsearch.randomizedtesting.rules.NoShadowingOrOverridesOnMethodsRule$1.evaluate(NoShadowingOrOverridesOnMethodsRule.java:40)
	at app//com.carrotsearch.randomizedtesting.rules.NoShadowingOrOverridesOnMethodsRule$1.evaluate(NoShadowingOrOverridesOnMethodsRule.java:40)
	at app//com.carrotsearch.randomizedtesting.rules.StatementAdapter.evaluate(StatementAdapter.java:36)
	at app//com.carrotsearch.randomizedtesting.rules.StatementAdapter.evaluate(StatementAdapter.java:36)
	at app//org.apache.lucene.tests.util.TestRuleAssertionsRequired$1.evaluate(TestRuleAssertionsRequired.java:53)
	at app//org.apache.lucene.tests.util.AbstractBeforeAfterRule$1.evaluate(AbstractBeforeAfterRule.java:43)
	at app//org.apache.lucene.tests.util.TestRuleMarkFailure$1.evaluate(TestRuleMarkFailure.java:44)
	at app//org.apache.lucene.tests.util.TestRuleIgnoreAfterMaxFailures$1.evaluate(TestRuleIgnoreAfterMaxFailures.java:60)
	at app//org.apache.lucene.tests.util.TestRuleIgnoreTestSuites$1.evaluate(TestRuleIgnoreTestSuites.java:47)
	at app//org.junit.rules.RunRules.evaluate(RunRules.java:20)
	at app//com.carrotsearch.randomizedtesting.rules.StatementAdapter.evaluate(StatementAdapter.java:36)
	at app//com.carrotsearch.randomizedtesting.ThreadLeakControl$StatementRunner.run(ThreadLeakControl.java:368)
	at java.base@17.0.4.1/java.lang.Thread.run(Thread.java:833)
</failure>
  </testcase>
  <testcase name="hintLimits_firstLimitSecondLimitOnlyOneHASH" classname="org.opensearch.sql.legacy.JoinIT" time="0.0">
    <skipped/>
  </testcase>
  <testcase name="joinParseCheckSelectedFieldsSplitNL" classname="org.opensearch.sql.legacy.JoinIT" time="0.04">
    <failure message="org.opensearch.client.ResponseException: method [POST], host [http://127.0.0.1:49776], URI [/_plugins/_sql?format=json], status line [HTTP/1.1 400 Bad Request]&#10;{&#10;  &quot;error&quot;: {&#10;    &quot;reason&quot;: &quot;Invalid SQL query&quot;,&#10;    &quot;details&quot;: &quot;Query is unsupported in the new engine&quot;,&#10;    &quot;type&quot;: &quot;SQLFeatureDisabledException&quot;&#10;  },&#10;  &quot;status&quot;: 400&#10;}" type="org.opensearch.client.ResponseException">org.opensearch.client.ResponseException: method [POST], host [http://127.0.0.1:49776], URI [/_plugins/_sql?format=json], status line [HTTP/1.1 400 Bad Request]
{
  &quot;error&quot;: {
    &quot;reason&quot;: &quot;Invalid SQL query&quot;,
    &quot;details&quot;: &quot;Query is unsupported in the new engine&quot;,
    &quot;type&quot;: &quot;SQLFeatureDisabledException&quot;
  },
  &quot;status&quot;: 400
}
	at __randomizedtesting.SeedInfo.seed([B058E8962C1F801C:9FD74D3BBE74F891]:0)
	at app//org.opensearch.client.RestClient.convertResponse(RestClient.java:384)
	at app//org.opensearch.client.RestClient.performRequest(RestClient.java:354)
	at app//org.opensearch.client.RestClient.performRequest(RestClient.java:329)
	at app//org.opensearch.sql.legacy.SQLIntegTestCase.executeRequest(SQLIntegTestCase.java:327)
	at app//org.opensearch.sql.legacy.SQLIntegTestCase.executeRequest(SQLIntegTestCase.java:322)
	at app//org.opensearch.sql.legacy.SQLIntegTestCase.executeRequest(SQLIntegTestCase.java:310)
	at app//org.opensearch.sql.legacy.SQLIntegTestCase.executeQuery(SQLIntegTestCase.java:293)
	at app//org.opensearch.sql.legacy.JoinIT.joinParseCheckSelectedFieldsSplit(JoinIT.java:581)
	at app//org.opensearch.sql.legacy.JoinIT.joinParseCheckSelectedFieldsSplitNL(JoinIT.java:59)
	at java.base@17.0.4.1/jdk.internal.reflect.NativeMethodAccessorImpl.invoke0(Native Method)
	at java.base@17.0.4.1/jdk.internal.reflect.NativeMethodAccessorImpl.invoke(NativeMethodAccessorImpl.java:77)
	at java.base@17.0.4.1/jdk.internal.reflect.DelegatingMethodAccessorImpl.invoke(DelegatingMethodAccessorImpl.java:43)
	at java.base@17.0.4.1/java.lang.reflect.Method.invoke(Method.java:568)
	at app//com.carrotsearch.randomizedtesting.RandomizedRunner.invoke(RandomizedRunner.java:1750)
	at app//com.carrotsearch.randomizedtesting.RandomizedRunner$8.evaluate(RandomizedRunner.java:938)
	at app//com.carrotsearch.randomizedtesting.RandomizedRunner$9.evaluate(RandomizedRunner.java:974)
	at app//com.carrotsearch.randomizedtesting.RandomizedRunner$10.evaluate(RandomizedRunner.java:988)
	at app//com.carrotsearch.randomizedtesting.rules.StatementAdapter.evaluate(StatementAdapter.java:36)
	at app//org.junit.rules.RunRules.evaluate(RunRules.java:20)
	at app//org.apache.lucene.tests.util.TestRuleSetupTeardownChained$1.evaluate(TestRuleSetupTeardownChained.java:48)
	at app//org.apache.lucene.tests.util.AbstractBeforeAfterRule$1.evaluate(AbstractBeforeAfterRule.java:43)
	at app//org.apache.lucene.tests.util.TestRuleThreadAndTestName$1.evaluate(TestRuleThreadAndTestName.java:45)
	at app//org.apache.lucene.tests.util.TestRuleIgnoreAfterMaxFailures$1.evaluate(TestRuleIgnoreAfterMaxFailures.java:60)
	at app//org.apache.lucene.tests.util.TestRuleMarkFailure$1.evaluate(TestRuleMarkFailure.java:44)
	at app//org.junit.rules.RunRules.evaluate(RunRules.java:20)
	at app//com.carrotsearch.randomizedtesting.rules.StatementAdapter.evaluate(StatementAdapter.java:36)
	at app//com.carrotsearch.randomizedtesting.ThreadLeakControl$StatementRunner.run(ThreadLeakControl.java:368)
	at app//com.carrotsearch.randomizedtesting.ThreadLeakControl.forkTimeoutingTask(ThreadLeakControl.java:817)
	at app//com.carrotsearch.randomizedtesting.ThreadLeakControl$3.evaluate(ThreadLeakControl.java:468)
	at app//com.carrotsearch.randomizedtesting.RandomizedRunner.runSingleTest(RandomizedRunner.java:947)
	at app//com.carrotsearch.randomizedtesting.RandomizedRunner$5.evaluate(RandomizedRunner.java:832)
	at app//com.carrotsearch.randomizedtesting.RandomizedRunner$6.evaluate(RandomizedRunner.java:883)
	at app//com.carrotsearch.randomizedtesting.RandomizedRunner$7.evaluate(RandomizedRunner.java:894)
	at app//org.apache.lucene.tests.util.AbstractBeforeAfterRule$1.evaluate(AbstractBeforeAfterRule.java:43)
	at app//com.carrotsearch.randomizedtesting.rules.StatementAdapter.evaluate(StatementAdapter.java:36)
	at app//org.apache.lucene.tests.util.TestRuleStoreClassName$1.evaluate(TestRuleStoreClassName.java:38)
	at app//com.carrotsearch.randomizedtesting.rules.NoShadowingOrOverridesOnMethodsRule$1.evaluate(NoShadowingOrOverridesOnMethodsRule.java:40)
	at app//com.carrotsearch.randomizedtesting.rules.NoShadowingOrOverridesOnMethodsRule$1.evaluate(NoShadowingOrOverridesOnMethodsRule.java:40)
	at app//com.carrotsearch.randomizedtesting.rules.StatementAdapter.evaluate(StatementAdapter.java:36)
	at app//com.carrotsearch.randomizedtesting.rules.StatementAdapter.evaluate(StatementAdapter.java:36)
	at app//org.apache.lucene.tests.util.TestRuleAssertionsRequired$1.evaluate(TestRuleAssertionsRequired.java:53)
	at app//org.apache.lucene.tests.util.AbstractBeforeAfterRule$1.evaluate(AbstractBeforeAfterRule.java:43)
	at app//org.apache.lucene.tests.util.TestRuleMarkFailure$1.evaluate(TestRuleMarkFailure.java:44)
	at app//org.apache.lucene.tests.util.TestRuleIgnoreAfterMaxFailures$1.evaluate(TestRuleIgnoreAfterMaxFailures.java:60)
	at app//org.apache.lucene.tests.util.TestRuleIgnoreTestSuites$1.evaluate(TestRuleIgnoreTestSuites.java:47)
	at app//org.junit.rules.RunRules.evaluate(RunRules.java:20)
	at app//com.carrotsearch.randomizedtesting.rules.StatementAdapter.evaluate(StatementAdapter.java:36)
	at app//com.carrotsearch.randomizedtesting.ThreadLeakControl$StatementRunner.run(ThreadLeakControl.java:368)
	at java.base@17.0.4.1/java.lang.Thread.run(Thread.java:833)
</failure>
  </testcase>
  <testcase name="testLeftJoinNL" classname="org.opensearch.sql.legacy.JoinIT" time="0.057">
    <failure message="org.opensearch.client.ResponseException: method [POST], host [http://127.0.0.1:49776], URI [/_plugins/_sql?format=json], status line [HTTP/1.1 400 Bad Request]&#10;{&#10;  &quot;error&quot;: {&#10;    &quot;reason&quot;: &quot;Invalid SQL query&quot;,&#10;    &quot;details&quot;: &quot;Query is unsupported in the new engine&quot;,&#10;    &quot;type&quot;: &quot;SQLFeatureDisabledException&quot;&#10;  },&#10;  &quot;status&quot;: 400&#10;}" type="org.opensearch.client.ResponseException">org.opensearch.client.ResponseException: method [POST], host [http://127.0.0.1:49776], URI [/_plugins/_sql?format=json], status line [HTTP/1.1 400 Bad Request]
{
  &quot;error&quot;: {
    &quot;reason&quot;: &quot;Invalid SQL query&quot;,
    &quot;details&quot;: &quot;Query is unsupported in the new engine&quot;,
    &quot;type&quot;: &quot;SQLFeatureDisabledException&quot;
  },
  &quot;status&quot;: 400
}
	at __randomizedtesting.SeedInfo.seed([B058E8962C1F801C:E74037EE0A857AF0]:0)
	at app//org.opensearch.client.RestClient.convertResponse(RestClient.java:384)
	at app//org.opensearch.client.RestClient.performRequest(RestClient.java:354)
	at app//org.opensearch.client.RestClient.performRequest(RestClient.java:329)
	at app//org.opensearch.sql.legacy.SQLIntegTestCase.executeRequest(SQLIntegTestCase.java:327)
	at app//org.opensearch.sql.legacy.SQLIntegTestCase.executeRequest(SQLIntegTestCase.java:322)
	at app//org.opensearch.sql.legacy.SQLIntegTestCase.executeRequest(SQLIntegTestCase.java:310)
	at app//org.opensearch.sql.legacy.SQLIntegTestCase.executeQuery(SQLIntegTestCase.java:293)
	at app//org.opensearch.sql.legacy.JoinIT.testLeftJoin(JoinIT.java:781)
	at app//org.opensearch.sql.legacy.JoinIT.testLeftJoinNL(JoinIT.java:204)
	at java.base@17.0.4.1/jdk.internal.reflect.NativeMethodAccessorImpl.invoke0(Native Method)
	at java.base@17.0.4.1/jdk.internal.reflect.NativeMethodAccessorImpl.invoke(NativeMethodAccessorImpl.java:77)
	at java.base@17.0.4.1/jdk.internal.reflect.DelegatingMethodAccessorImpl.invoke(DelegatingMethodAccessorImpl.java:43)
	at java.base@17.0.4.1/java.lang.reflect.Method.invoke(Method.java:568)
	at app//com.carrotsearch.randomizedtesting.RandomizedRunner.invoke(RandomizedRunner.java:1750)
	at app//com.carrotsearch.randomizedtesting.RandomizedRunner$8.evaluate(RandomizedRunner.java:938)
	at app//com.carrotsearch.randomizedtesting.RandomizedRunner$9.evaluate(RandomizedRunner.java:974)
	at app//com.carrotsearch.randomizedtesting.RandomizedRunner$10.evaluate(RandomizedRunner.java:988)
	at app//com.carrotsearch.randomizedtesting.rules.StatementAdapter.evaluate(StatementAdapter.java:36)
	at app//org.junit.rules.RunRules.evaluate(RunRules.java:20)
	at app//org.apache.lucene.tests.util.TestRuleSetupTeardownChained$1.evaluate(TestRuleSetupTeardownChained.java:48)
	at app//org.apache.lucene.tests.util.AbstractBeforeAfterRule$1.evaluate(AbstractBeforeAfterRule.java:43)
	at app//org.apache.lucene.tests.util.TestRuleThreadAndTestName$1.evaluate(TestRuleThreadAndTestName.java:45)
	at app//org.apache.lucene.tests.util.TestRuleIgnoreAfterMaxFailures$1.evaluate(TestRuleIgnoreAfterMaxFailures.java:60)
	at app//org.apache.lucene.tests.util.TestRuleMarkFailure$1.evaluate(TestRuleMarkFailure.java:44)
	at app//org.junit.rules.RunRules.evaluate(RunRules.java:20)
	at app//com.carrotsearch.randomizedtesting.rules.StatementAdapter.evaluate(StatementAdapter.java:36)
	at app//com.carrotsearch.randomizedtesting.ThreadLeakControl$StatementRunner.run(ThreadLeakControl.java:368)
	at app//com.carrotsearch.randomizedtesting.ThreadLeakControl.forkTimeoutingTask(ThreadLeakControl.java:817)
	at app//com.carrotsearch.randomizedtesting.ThreadLeakControl$3.evaluate(ThreadLeakControl.java:468)
	at app//com.carrotsearch.randomizedtesting.RandomizedRunner.runSingleTest(RandomizedRunner.java:947)
	at app//com.carrotsearch.randomizedtesting.RandomizedRunner$5.evaluate(RandomizedRunner.java:832)
	at app//com.carrotsearch.randomizedtesting.RandomizedRunner$6.evaluate(RandomizedRunner.java:883)
	at app//com.carrotsearch.randomizedtesting.RandomizedRunner$7.evaluate(RandomizedRunner.java:894)
	at app//org.apache.lucene.tests.util.AbstractBeforeAfterRule$1.evaluate(AbstractBeforeAfterRule.java:43)
	at app//com.carrotsearch.randomizedtesting.rules.StatementAdapter.evaluate(StatementAdapter.java:36)
	at app//org.apache.lucene.tests.util.TestRuleStoreClassName$1.evaluate(TestRuleStoreClassName.java:38)
	at app//com.carrotsearch.randomizedtesting.rules.NoShadowingOrOverridesOnMethodsRule$1.evaluate(NoShadowingOrOverridesOnMethodsRule.java:40)
	at app//com.carrotsearch.randomizedtesting.rules.NoShadowingOrOverridesOnMethodsRule$1.evaluate(NoShadowingOrOverridesOnMethodsRule.java:40)
	at app//com.carrotsearch.randomizedtesting.rules.StatementAdapter.evaluate(StatementAdapter.java:36)
	at app//com.carrotsearch.randomizedtesting.rules.StatementAdapter.evaluate(StatementAdapter.java:36)
	at app//org.apache.lucene.tests.util.TestRuleAssertionsRequired$1.evaluate(TestRuleAssertionsRequired.java:53)
	at app//org.apache.lucene.tests.util.AbstractBeforeAfterRule$1.evaluate(AbstractBeforeAfterRule.java:43)
	at app//org.apache.lucene.tests.util.TestRuleMarkFailure$1.evaluate(TestRuleMarkFailure.java:44)
	at app//org.apache.lucene.tests.util.TestRuleIgnoreAfterMaxFailures$1.evaluate(TestRuleIgnoreAfterMaxFailures.java:60)
	at app//org.apache.lucene.tests.util.TestRuleIgnoreTestSuites$1.evaluate(TestRuleIgnoreTestSuites.java:47)
	at app//org.junit.rules.RunRules.evaluate(RunRules.java:20)
	at app//com.carrotsearch.randomizedtesting.rules.StatementAdapter.evaluate(StatementAdapter.java:36)
	at app//com.carrotsearch.randomizedtesting.ThreadLeakControl$StatementRunner.run(ThreadLeakControl.java:368)
	at java.base@17.0.4.1/java.lang.Thread.run(Thread.java:833)
</failure>
  </testcase>
  <testcase name="joinWithAllAliasOnReturnNL" classname="org.opensearch.sql.legacy.JoinIT" time="0.032">
    <failure message="org.opensearch.client.ResponseException: method [POST], host [http://127.0.0.1:49776], URI [/_plugins/_sql?format=json], status line [HTTP/1.1 400 Bad Request]&#10;{&#10;  &quot;error&quot;: {&#10;    &quot;reason&quot;: &quot;Invalid SQL query&quot;,&#10;    &quot;details&quot;: &quot;Query is unsupported in the new engine&quot;,&#10;    &quot;type&quot;: &quot;SQLFeatureDisabledException&quot;&#10;  },&#10;  &quot;status&quot;: 400&#10;}" type="org.opensearch.client.ResponseException">org.opensearch.client.ResponseException: method [POST], host [http://127.0.0.1:49776], URI [/_plugins/_sql?format=json], status line [HTTP/1.1 400 Bad Request]
{
  &quot;error&quot;: {
    &quot;reason&quot;: &quot;Invalid SQL query&quot;,
    &quot;details&quot;: &quot;Query is unsupported in the new engine&quot;,
    &quot;type&quot;: &quot;SQLFeatureDisabledException&quot;
  },
  &quot;status&quot;: 400
}
	at __randomizedtesting.SeedInfo.seed([B058E8962C1F801C:2E0A91AE30FB80EE]:0)
	at app//org.opensearch.client.RestClient.convertResponse(RestClient.java:384)
	at app//org.opensearch.client.RestClient.performRequest(RestClient.java:354)
	at app//org.opensearch.client.RestClient.performRequest(RestClient.java:329)
	at app//org.opensearch.sql.legacy.SQLIntegTestCase.executeRequest(SQLIntegTestCase.java:327)
	at app//org.opensearch.sql.legacy.SQLIntegTestCase.executeRequest(SQLIntegTestCase.java:322)
	at app//org.opensearch.sql.legacy.SQLIntegTestCase.executeRequest(SQLIntegTestCase.java:310)
	at app//org.opensearch.sql.legacy.SQLIntegTestCase.executeQuery(SQLIntegTestCase.java:293)
	at app//org.opensearch.sql.legacy.JoinIT.joinWithAllAliasOnReturn(JoinIT.java:707)
	at app//org.opensearch.sql.legacy.JoinIT.joinWithAllAliasOnReturnNL(JoinIT.java:168)
	at java.base@17.0.4.1/jdk.internal.reflect.NativeMethodAccessorImpl.invoke0(Native Method)
	at java.base@17.0.4.1/jdk.internal.reflect.NativeMethodAccessorImpl.invoke(NativeMethodAccessorImpl.java:77)
	at java.base@17.0.4.1/jdk.internal.reflect.DelegatingMethodAccessorImpl.invoke(DelegatingMethodAccessorImpl.java:43)
	at java.base@17.0.4.1/java.lang.reflect.Method.invoke(Method.java:568)
	at app//com.carrotsearch.randomizedtesting.RandomizedRunner.invoke(RandomizedRunner.java:1750)
	at app//com.carrotsearch.randomizedtesting.RandomizedRunner$8.evaluate(RandomizedRunner.java:938)
	at app//com.carrotsearch.randomizedtesting.RandomizedRunner$9.evaluate(RandomizedRunner.java:974)
	at app//com.carrotsearch.randomizedtesting.RandomizedRunner$10.evaluate(RandomizedRunner.java:988)
	at app//com.carrotsearch.randomizedtesting.rules.StatementAdapter.evaluate(StatementAdapter.java:36)
	at app//org.junit.rules.RunRules.evaluate(RunRules.java:20)
	at app//org.apache.lucene.tests.util.TestRuleSetupTeardownChained$1.evaluate(TestRuleSetupTeardownChained.java:48)
	at app//org.apache.lucene.tests.util.AbstractBeforeAfterRule$1.evaluate(AbstractBeforeAfterRule.java:43)
	at app//org.apache.lucene.tests.util.TestRuleThreadAndTestName$1.evaluate(TestRuleThreadAndTestName.java:45)
	at app//org.apache.lucene.tests.util.TestRuleIgnoreAfterMaxFailures$1.evaluate(TestRuleIgnoreAfterMaxFailures.java:60)
	at app//org.apache.lucene.tests.util.TestRuleMarkFailure$1.evaluate(TestRuleMarkFailure.java:44)
	at app//org.junit.rules.RunRules.evaluate(RunRules.java:20)
	at app//com.carrotsearch.randomizedtesting.rules.StatementAdapter.evaluate(StatementAdapter.java:36)
	at app//com.carrotsearch.randomizedtesting.ThreadLeakControl$StatementRunner.run(ThreadLeakControl.java:368)
	at app//com.carrotsearch.randomizedtesting.ThreadLeakControl.forkTimeoutingTask(ThreadLeakControl.java:817)
	at app//com.carrotsearch.randomizedtesting.ThreadLeakControl$3.evaluate(ThreadLeakControl.java:468)
	at app//com.carrotsearch.randomizedtesting.RandomizedRunner.runSingleTest(RandomizedRunner.java:947)
	at app//com.carrotsearch.randomizedtesting.RandomizedRunner$5.evaluate(RandomizedRunner.java:832)
	at app//com.carrotsearch.randomizedtesting.RandomizedRunner$6.evaluate(RandomizedRunner.java:883)
	at app//com.carrotsearch.randomizedtesting.RandomizedRunner$7.evaluate(RandomizedRunner.java:894)
	at app//org.apache.lucene.tests.util.AbstractBeforeAfterRule$1.evaluate(AbstractBeforeAfterRule.java:43)
	at app//com.carrotsearch.randomizedtesting.rules.StatementAdapter.evaluate(StatementAdapter.java:36)
	at app//org.apache.lucene.tests.util.TestRuleStoreClassName$1.evaluate(TestRuleStoreClassName.java:38)
	at app//com.carrotsearch.randomizedtesting.rules.NoShadowingOrOverridesOnMethodsRule$1.evaluate(NoShadowingOrOverridesOnMethodsRule.java:40)
	at app//com.carrotsearch.randomizedtesting.rules.NoShadowingOrOverridesOnMethodsRule$1.evaluate(NoShadowingOrOverridesOnMethodsRule.java:40)
	at app//com.carrotsearch.randomizedtesting.rules.StatementAdapter.evaluate(StatementAdapter.java:36)
	at app//com.carrotsearch.randomizedtesting.rules.StatementAdapter.evaluate(StatementAdapter.java:36)
	at app//org.apache.lucene.tests.util.TestRuleAssertionsRequired$1.evaluate(TestRuleAssertionsRequired.java:53)
	at app//org.apache.lucene.tests.util.AbstractBeforeAfterRule$1.evaluate(AbstractBeforeAfterRule.java:43)
	at app//org.apache.lucene.tests.util.TestRuleMarkFailure$1.evaluate(TestRuleMarkFailure.java:44)
	at app//org.apache.lucene.tests.util.TestRuleIgnoreAfterMaxFailures$1.evaluate(TestRuleIgnoreAfterMaxFailures.java:60)
	at app//org.apache.lucene.tests.util.TestRuleIgnoreTestSuites$1.evaluate(TestRuleIgnoreTestSuites.java:47)
	at app//org.junit.rules.RunRules.evaluate(RunRules.java:20)
	at app//com.carrotsearch.randomizedtesting.rules.StatementAdapter.evaluate(StatementAdapter.java:36)
	at app//com.carrotsearch.randomizedtesting.ThreadLeakControl$StatementRunner.run(ThreadLeakControl.java:368)
	at java.base@17.0.4.1/java.lang.Thread.run(Thread.java:833)
</failure>
  </testcase>
  <testcase name="hintMultiSearchCanRunFewTimesNL" classname="org.opensearch.sql.legacy.JoinIT" time="0.035">
    <failure message="org.opensearch.client.ResponseException: method [POST], host [http://127.0.0.1:49776], URI [/_plugins/_sql?format=json], status line [HTTP/1.1 400 Bad Request]&#10;{&#10;  &quot;error&quot;: {&#10;    &quot;reason&quot;: &quot;Invalid SQL query&quot;,&#10;    &quot;details&quot;: &quot;Query is unsupported in the new engine&quot;,&#10;    &quot;type&quot;: &quot;SQLFeatureDisabledException&quot;&#10;  },&#10;  &quot;status&quot;: 400&#10;}" type="org.opensearch.client.ResponseException">org.opensearch.client.ResponseException: method [POST], host [http://127.0.0.1:49776], URI [/_plugins/_sql?format=json], status line [HTTP/1.1 400 Bad Request]
{
  &quot;error&quot;: {
    &quot;reason&quot;: &quot;Invalid SQL query&quot;,
    &quot;details&quot;: &quot;Query is unsupported in the new engine&quot;,
    &quot;type&quot;: &quot;SQLFeatureDisabledException&quot;
  },
  &quot;status&quot;: 400
}
	at __randomizedtesting.SeedInfo.seed([B058E8962C1F801C:5C0B868D8F3E602B]:0)
	at app//org.opensearch.client.RestClient.convertResponse(RestClient.java:384)
	at app//org.opensearch.client.RestClient.performRequest(RestClient.java:354)
	at app//org.opensearch.client.RestClient.performRequest(RestClient.java:329)
	at app//org.opensearch.sql.legacy.SQLIntegTestCase.executeRequest(SQLIntegTestCase.java:327)
	at app//org.opensearch.sql.legacy.SQLIntegTestCase.executeRequest(SQLIntegTestCase.java:322)
	at app//org.opensearch.sql.legacy.SQLIntegTestCase.executeRequest(SQLIntegTestCase.java:310)
	at app//org.opensearch.sql.legacy.SQLIntegTestCase.executeQuery(SQLIntegTestCase.java:293)
	at app//org.opensearch.sql.legacy.JoinIT.hintMultiSearchCanRunFewTimesNL(JoinIT.java:276)
	at java.base@17.0.4.1/jdk.internal.reflect.NativeMethodAccessorImpl.invoke0(Native Method)
	at java.base@17.0.4.1/jdk.internal.reflect.NativeMethodAccessorImpl.invoke(NativeMethodAccessorImpl.java:77)
	at java.base@17.0.4.1/jdk.internal.reflect.DelegatingMethodAccessorImpl.invoke(DelegatingMethodAccessorImpl.java:43)
	at java.base@17.0.4.1/java.lang.reflect.Method.invoke(Method.java:568)
	at app//com.carrotsearch.randomizedtesting.RandomizedRunner.invoke(RandomizedRunner.java:1750)
	at app//com.carrotsearch.randomizedtesting.RandomizedRunner$8.evaluate(RandomizedRunner.java:938)
	at app//com.carrotsearch.randomizedtesting.RandomizedRunner$9.evaluate(RandomizedRunner.java:974)
	at app//com.carrotsearch.randomizedtesting.RandomizedRunner$10.evaluate(RandomizedRunner.java:988)
	at app//com.carrotsearch.randomizedtesting.rules.StatementAdapter.evaluate(StatementAdapter.java:36)
	at app//org.junit.rules.RunRules.evaluate(RunRules.java:20)
	at app//org.apache.lucene.tests.util.TestRuleSetupTeardownChained$1.evaluate(TestRuleSetupTeardownChained.java:48)
	at app//org.apache.lucene.tests.util.AbstractBeforeAfterRule$1.evaluate(AbstractBeforeAfterRule.java:43)
	at app//org.apache.lucene.tests.util.TestRuleThreadAndTestName$1.evaluate(TestRuleThreadAndTestName.java:45)
	at app//org.apache.lucene.tests.util.TestRuleIgnoreAfterMaxFailures$1.evaluate(TestRuleIgnoreAfterMaxFailures.java:60)
	at app//org.apache.lucene.tests.util.TestRuleMarkFailure$1.evaluate(TestRuleMarkFailure.java:44)
	at app//org.junit.rules.RunRules.evaluate(RunRules.java:20)
	at app//com.carrotsearch.randomizedtesting.rules.StatementAdapter.evaluate(StatementAdapter.java:36)
	at app//com.carrotsearch.randomizedtesting.ThreadLeakControl$StatementRunner.run(ThreadLeakControl.java:368)
	at app//com.carrotsearch.randomizedtesting.ThreadLeakControl.forkTimeoutingTask(ThreadLeakControl.java:817)
	at app//com.carrotsearch.randomizedtesting.ThreadLeakControl$3.evaluate(ThreadLeakControl.java:468)
	at app//com.carrotsearch.randomizedtesting.RandomizedRunner.runSingleTest(RandomizedRunner.java:947)
	at app//com.carrotsearch.randomizedtesting.RandomizedRunner$5.evaluate(RandomizedRunner.java:832)
	at app//com.carrotsearch.randomizedtesting.RandomizedRunner$6.evaluate(RandomizedRunner.java:883)
	at app//com.carrotsearch.randomizedtesting.RandomizedRunner$7.evaluate(RandomizedRunner.java:894)
	at app//org.apache.lucene.tests.util.AbstractBeforeAfterRule$1.evaluate(AbstractBeforeAfterRule.java:43)
	at app//com.carrotsearch.randomizedtesting.rules.StatementAdapter.evaluate(StatementAdapter.java:36)
	at app//org.apache.lucene.tests.util.TestRuleStoreClassName$1.evaluate(TestRuleStoreClassName.java:38)
	at app//com.carrotsearch.randomizedtesting.rules.NoShadowingOrOverridesOnMethodsRule$1.evaluate(NoShadowingOrOverridesOnMethodsRule.java:40)
	at app//com.carrotsearch.randomizedtesting.rules.NoShadowingOrOverridesOnMethodsRule$1.evaluate(NoShadowingOrOverridesOnMethodsRule.java:40)
	at app//com.carrotsearch.randomizedtesting.rules.StatementAdapter.evaluate(StatementAdapter.java:36)
	at app//com.carrotsearch.randomizedtesting.rules.StatementAdapter.evaluate(StatementAdapter.java:36)
	at app//org.apache.lucene.tests.util.TestRuleAssertionsRequired$1.evaluate(TestRuleAssertionsRequired.java:53)
	at app//org.apache.lucene.tests.util.AbstractBeforeAfterRule$1.evaluate(AbstractBeforeAfterRule.java:43)
	at app//org.apache.lucene.tests.util.TestRuleMarkFailure$1.evaluate(TestRuleMarkFailure.java:44)
	at app//org.apache.lucene.tests.util.TestRuleIgnoreAfterMaxFailures$1.evaluate(TestRuleIgnoreAfterMaxFailures.java:60)
	at app//org.apache.lucene.tests.util.TestRuleIgnoreTestSuites$1.evaluate(TestRuleIgnoreTestSuites.java:47)
	at app//org.junit.rules.RunRules.evaluate(RunRules.java:20)
	at app//com.carrotsearch.randomizedtesting.rules.StatementAdapter.evaluate(StatementAdapter.java:36)
	at app//com.carrotsearch.randomizedtesting.ThreadLeakControl$StatementRunner.run(ThreadLeakControl.java:368)
	at java.base@17.0.4.1/java.lang.Thread.run(Thread.java:833)
</failure>
  </testcase>
  <testcase name="joinWithNestedFieldsOnReturnNL" classname="org.opensearch.sql.legacy.JoinIT" time="0.042">
    <failure message="org.opensearch.client.ResponseException: method [POST], host [http://127.0.0.1:49776], URI [/_plugins/_sql?format=json], status line [HTTP/1.1 400 Bad Request]&#10;{&#10;  &quot;error&quot;: {&#10;    &quot;reason&quot;: &quot;Invalid SQL query&quot;,&#10;    &quot;details&quot;: &quot;Query is unsupported in the new engine&quot;,&#10;    &quot;type&quot;: &quot;SQLFeatureDisabledException&quot;&#10;  },&#10;  &quot;status&quot;: 400&#10;}" type="org.opensearch.client.ResponseException">org.opensearch.client.ResponseException: method [POST], host [http://127.0.0.1:49776], URI [/_plugins/_sql?format=json], status line [HTTP/1.1 400 Bad Request]
{
  &quot;error&quot;: {
    &quot;reason&quot;: &quot;Invalid SQL query&quot;,
    &quot;details&quot;: &quot;Query is unsupported in the new engine&quot;,
    &quot;type&quot;: &quot;SQLFeatureDisabledException&quot;
  },
  &quot;status&quot;: 400
}
	at __randomizedtesting.SeedInfo.seed([B058E8962C1F801C:BDC07118D1249CD5]:0)
	at app//org.opensearch.client.RestClient.convertResponse(RestClient.java:384)
	at app//org.opensearch.client.RestClient.performRequest(RestClient.java:354)
	at app//org.opensearch.client.RestClient.performRequest(RestClient.java:329)
	at app//org.opensearch.sql.legacy.SQLIntegTestCase.executeRequest(SQLIntegTestCase.java:327)
	at app//org.opensearch.sql.legacy.SQLIntegTestCase.executeRequest(SQLIntegTestCase.java:322)
	at app//org.opensearch.sql.legacy.SQLIntegTestCase.executeRequest(SQLIntegTestCase.java:310)
	at app//org.opensearch.sql.legacy.SQLIntegTestCase.executeQuery(SQLIntegTestCase.java:293)
	at app//org.opensearch.sql.legacy.JoinIT.joinWithNestedFieldsOnReturn(JoinIT.java:683)
	at app//org.opensearch.sql.legacy.JoinIT.joinWithNestedFieldsOnReturnNL(JoinIT.java:156)
	at java.base@17.0.4.1/jdk.internal.reflect.NativeMethodAccessorImpl.invoke0(Native Method)
	at java.base@17.0.4.1/jdk.internal.reflect.NativeMethodAccessorImpl.invoke(NativeMethodAccessorImpl.java:77)
	at java.base@17.0.4.1/jdk.internal.reflect.DelegatingMethodAccessorImpl.invoke(DelegatingMethodAccessorImpl.java:43)
	at java.base@17.0.4.1/java.lang.reflect.Method.invoke(Method.java:568)
	at app//com.carrotsearch.randomizedtesting.RandomizedRunner.invoke(RandomizedRunner.java:1750)
	at app//com.carrotsearch.randomizedtesting.RandomizedRunner$8.evaluate(RandomizedRunner.java:938)
	at app//com.carrotsearch.randomizedtesting.RandomizedRunner$9.evaluate(RandomizedRunner.java:974)
	at app//com.carrotsearch.randomizedtesting.RandomizedRunner$10.evaluate(RandomizedRunner.java:988)
	at app//com.carrotsearch.randomizedtesting.rules.StatementAdapter.evaluate(StatementAdapter.java:36)
	at app//org.junit.rules.RunRules.evaluate(RunRules.java:20)
	at app//org.apache.lucene.tests.util.TestRuleSetupTeardownChained$1.evaluate(TestRuleSetupTeardownChained.java:48)
	at app//org.apache.lucene.tests.util.AbstractBeforeAfterRule$1.evaluate(AbstractBeforeAfterRule.java:43)
	at app//org.apache.lucene.tests.util.TestRuleThreadAndTestName$1.evaluate(TestRuleThreadAndTestName.java:45)
	at app//org.apache.lucene.tests.util.TestRuleIgnoreAfterMaxFailures$1.evaluate(TestRuleIgnoreAfterMaxFailures.java:60)
	at app//org.apache.lucene.tests.util.TestRuleMarkFailure$1.evaluate(TestRuleMarkFailure.java:44)
	at app//org.junit.rules.RunRules.evaluate(RunRules.java:20)
	at app//com.carrotsearch.randomizedtesting.rules.StatementAdapter.evaluate(StatementAdapter.java:36)
	at app//com.carrotsearch.randomizedtesting.ThreadLeakControl$StatementRunner.run(ThreadLeakControl.java:368)
	at app//com.carrotsearch.randomizedtesting.ThreadLeakControl.forkTimeoutingTask(ThreadLeakControl.java:817)
	at app//com.carrotsearch.randomizedtesting.ThreadLeakControl$3.evaluate(ThreadLeakControl.java:468)
	at app//com.carrotsearch.randomizedtesting.RandomizedRunner.runSingleTest(RandomizedRunner.java:947)
	at app//com.carrotsearch.randomizedtesting.RandomizedRunner$5.evaluate(RandomizedRunner.java:832)
	at app//com.carrotsearch.randomizedtesting.RandomizedRunner$6.evaluate(RandomizedRunner.java:883)
	at app//com.carrotsearch.randomizedtesting.RandomizedRunner$7.evaluate(RandomizedRunner.java:894)
	at app//org.apache.lucene.tests.util.AbstractBeforeAfterRule$1.evaluate(AbstractBeforeAfterRule.java:43)
	at app//com.carrotsearch.randomizedtesting.rules.StatementAdapter.evaluate(StatementAdapter.java:36)
	at app//org.apache.lucene.tests.util.TestRuleStoreClassName$1.evaluate(TestRuleStoreClassName.java:38)
	at app//com.carrotsearch.randomizedtesting.rules.NoShadowingOrOverridesOnMethodsRule$1.evaluate(NoShadowingOrOverridesOnMethodsRule.java:40)
	at app//com.carrotsearch.randomizedtesting.rules.NoShadowingOrOverridesOnMethodsRule$1.evaluate(NoShadowingOrOverridesOnMethodsRule.java:40)
	at app//com.carrotsearch.randomizedtesting.rules.StatementAdapter.evaluate(StatementAdapter.java:36)
	at app//com.carrotsearch.randomizedtesting.rules.StatementAdapter.evaluate(StatementAdapter.java:36)
	at app//org.apache.lucene.tests.util.TestRuleAssertionsRequired$1.evaluate(TestRuleAssertionsRequired.java:53)
	at app//org.apache.lucene.tests.util.AbstractBeforeAfterRule$1.evaluate(AbstractBeforeAfterRule.java:43)
	at app//org.apache.lucene.tests.util.TestRuleMarkFailure$1.evaluate(TestRuleMarkFailure.java:44)
	at app//org.apache.lucene.tests.util.TestRuleIgnoreAfterMaxFailures$1.evaluate(TestRuleIgnoreAfterMaxFailures.java:60)
	at app//org.apache.lucene.tests.util.TestRuleIgnoreTestSuites$1.evaluate(TestRuleIgnoreTestSuites.java:47)
	at app//org.junit.rules.RunRules.evaluate(RunRules.java:20)
	at app//com.carrotsearch.randomizedtesting.rules.StatementAdapter.evaluate(StatementAdapter.java:36)
	at app//com.carrotsearch.randomizedtesting.ThreadLeakControl$StatementRunner.run(ThreadLeakControl.java:368)
	at java.base@17.0.4.1/java.lang.Thread.run(Thread.java:833)
</failure>
  </testcase>
  <testcase name="hintLimits_firstLimitSecondLimitOnlyOneNL" classname="org.opensearch.sql.legacy.JoinIT" time="0.0">
    <skipped/>
  </testcase>
  <testcase name="joinNoConditionButWithWhereNL" classname="org.opensearch.sql.legacy.JoinIT" time="0.034">
    <failure message="org.opensearch.client.ResponseException: method [POST], host [http://127.0.0.1:49776], URI [/_plugins/_sql?format=json], status line [HTTP/1.1 400 Bad Request]&#10;{&#10;  &quot;error&quot;: {&#10;    &quot;reason&quot;: &quot;Invalid SQL query&quot;,&#10;    &quot;details&quot;: &quot;Query is unsupported in the new engine&quot;,&#10;    &quot;type&quot;: &quot;SQLFeatureDisabledException&quot;&#10;  },&#10;  &quot;status&quot;: 400&#10;}" type="org.opensearch.client.ResponseException">org.opensearch.client.ResponseException: method [POST], host [http://127.0.0.1:49776], URI [/_plugins/_sql?format=json], status line [HTTP/1.1 400 Bad Request]
{
  &quot;error&quot;: {
    &quot;reason&quot;: &quot;Invalid SQL query&quot;,
    &quot;details&quot;: &quot;Query is unsupported in the new engine&quot;,
    &quot;type&quot;: &quot;SQLFeatureDisabledException&quot;
  },
  &quot;status&quot;: 400
}
	at __randomizedtesting.SeedInfo.seed([B058E8962C1F801C:4E3DD01585960FFA]:0)
	at app//org.opensearch.client.RestClient.convertResponse(RestClient.java:384)
	at app//org.opensearch.client.RestClient.performRequest(RestClient.java:354)
	at app//org.opensearch.client.RestClient.performRequest(RestClient.java:329)
	at app//org.opensearch.sql.legacy.SQLIntegTestCase.executeRequest(SQLIntegTestCase.java:327)
	at app//org.opensearch.sql.legacy.SQLIntegTestCase.executeRequest(SQLIntegTestCase.java:322)
	at app//org.opensearch.sql.legacy.SQLIntegTestCase.executeRequest(SQLIntegTestCase.java:310)
	at app//org.opensearch.sql.legacy.SQLIntegTestCase.executeQuery(SQLIntegTestCase.java:293)
	at app//org.opensearch.sql.legacy.JoinIT.joinNoConditionButWithWhere(JoinIT.java:592)
	at app//org.opensearch.sql.legacy.JoinIT.joinNoConditionButWithWhereNL(JoinIT.java:120)
	at java.base@17.0.4.1/jdk.internal.reflect.NativeMethodAccessorImpl.invoke0(Native Method)
	at java.base@17.0.4.1/jdk.internal.reflect.NativeMethodAccessorImpl.invoke(NativeMethodAccessorImpl.java:77)
	at java.base@17.0.4.1/jdk.internal.reflect.DelegatingMethodAccessorImpl.invoke(DelegatingMethodAccessorImpl.java:43)
	at java.base@17.0.4.1/java.lang.reflect.Method.invoke(Method.java:568)
	at app//com.carrotsearch.randomizedtesting.RandomizedRunner.invoke(RandomizedRunner.java:1750)
	at app//com.carrotsearch.randomizedtesting.RandomizedRunner$8.evaluate(RandomizedRunner.java:938)
	at app//com.carrotsearch.randomizedtesting.RandomizedRunner$9.evaluate(RandomizedRunner.java:974)
	at app//com.carrotsearch.randomizedtesting.RandomizedRunner$10.evaluate(RandomizedRunner.java:988)
	at app//com.carrotsearch.randomizedtesting.rules.StatementAdapter.evaluate(StatementAdapter.java:36)
	at app//org.junit.rules.RunRules.evaluate(RunRules.java:20)
	at app//org.apache.lucene.tests.util.TestRuleSetupTeardownChained$1.evaluate(TestRuleSetupTeardownChained.java:48)
	at app//org.apache.lucene.tests.util.AbstractBeforeAfterRule$1.evaluate(AbstractBeforeAfterRule.java:43)
	at app//org.apache.lucene.tests.util.TestRuleThreadAndTestName$1.evaluate(TestRuleThreadAndTestName.java:45)
	at app//org.apache.lucene.tests.util.TestRuleIgnoreAfterMaxFailures$1.evaluate(TestRuleIgnoreAfterMaxFailures.java:60)
	at app//org.apache.lucene.tests.util.TestRuleMarkFailure$1.evaluate(TestRuleMarkFailure.java:44)
	at app//org.junit.rules.RunRules.evaluate(RunRules.java:20)
	at app//com.carrotsearch.randomizedtesting.rules.StatementAdapter.evaluate(StatementAdapter.java:36)
	at app//com.carrotsearch.randomizedtesting.ThreadLeakControl$StatementRunner.run(ThreadLeakControl.java:368)
	at app//com.carrotsearch.randomizedtesting.ThreadLeakControl.forkTimeoutingTask(ThreadLeakControl.java:817)
	at app//com.carrotsearch.randomizedtesting.ThreadLeakControl$3.evaluate(ThreadLeakControl.java:468)
	at app//com.carrotsearch.randomizedtesting.RandomizedRunner.runSingleTest(RandomizedRunner.java:947)
	at app//com.carrotsearch.randomizedtesting.RandomizedRunner$5.evaluate(RandomizedRunner.java:832)
	at app//com.carrotsearch.randomizedtesting.RandomizedRunner$6.evaluate(RandomizedRunner.java:883)
	at app//com.carrotsearch.randomizedtesting.RandomizedRunner$7.evaluate(RandomizedRunner.java:894)
	at app//org.apache.lucene.tests.util.AbstractBeforeAfterRule$1.evaluate(AbstractBeforeAfterRule.java:43)
	at app//com.carrotsearch.randomizedtesting.rules.StatementAdapter.evaluate(StatementAdapter.java:36)
	at app//org.apache.lucene.tests.util.TestRuleStoreClassName$1.evaluate(TestRuleStoreClassName.java:38)
	at app//com.carrotsearch.randomizedtesting.rules.NoShadowingOrOverridesOnMethodsRule$1.evaluate(NoShadowingOrOverridesOnMethodsRule.java:40)
	at app//com.carrotsearch.randomizedtesting.rules.NoShadowingOrOverridesOnMethodsRule$1.evaluate(NoShadowingOrOverridesOnMethodsRule.java:40)
	at app//com.carrotsearch.randomizedtesting.rules.StatementAdapter.evaluate(StatementAdapter.java:36)
	at app//com.carrotsearch.randomizedtesting.rules.StatementAdapter.evaluate(StatementAdapter.java:36)
	at app//org.apache.lucene.tests.util.TestRuleAssertionsRequired$1.evaluate(TestRuleAssertionsRequired.java:53)
	at app//org.apache.lucene.tests.util.AbstractBeforeAfterRule$1.evaluate(AbstractBeforeAfterRule.java:43)
	at app//org.apache.lucene.tests.util.TestRuleMarkFailure$1.evaluate(TestRuleMarkFailure.java:44)
	at app//org.apache.lucene.tests.util.TestRuleIgnoreAfterMaxFailures$1.evaluate(TestRuleIgnoreAfterMaxFailures.java:60)
	at app//org.apache.lucene.tests.util.TestRuleIgnoreTestSuites$1.evaluate(TestRuleIgnoreTestSuites.java:47)
	at app//org.junit.rules.RunRules.evaluate(RunRules.java:20)
	at app//com.carrotsearch.randomizedtesting.rules.StatementAdapter.evaluate(StatementAdapter.java:36)
	at app//com.carrotsearch.randomizedtesting.ThreadLeakControl$StatementRunner.run(ThreadLeakControl.java:368)
	at java.base@17.0.4.1/java.lang.Thread.run(Thread.java:833)
</failure>
  </testcase>
  <testcase name="joinParseWithHintsCheckSelectedFieldsSplitHASH" classname="org.opensearch.sql.legacy.JoinIT" time="0.031">
    <failure message="org.opensearch.client.ResponseException: method [POST], host [http://127.0.0.1:49776], URI [/_plugins/_sql?format=json], status line [HTTP/1.1 400 Bad Request]&#10;{&#10;  &quot;error&quot;: {&#10;    &quot;reason&quot;: &quot;Invalid SQL query&quot;,&#10;    &quot;details&quot;: &quot;Query is unsupported in the new engine&quot;,&#10;    &quot;type&quot;: &quot;SQLFeatureDisabledException&quot;&#10;  },&#10;  &quot;status&quot;: 400&#10;}" type="org.opensearch.client.ResponseException">org.opensearch.client.ResponseException: method [POST], host [http://127.0.0.1:49776], URI [/_plugins/_sql?format=json], status line [HTTP/1.1 400 Bad Request]
{
  &quot;error&quot;: {
    &quot;reason&quot;: &quot;Invalid SQL query&quot;,
    &quot;details&quot;: &quot;Query is unsupported in the new engine&quot;,
    &quot;type&quot;: &quot;SQLFeatureDisabledException&quot;
  },
  &quot;status&quot;: 400
}
	at __randomizedtesting.SeedInfo.seed([B058E8962C1F801C:52D84C5128450012]:0)
	at app//org.opensearch.client.RestClient.convertResponse(RestClient.java:384)
	at app//org.opensearch.client.RestClient.performRequest(RestClient.java:354)
	at app//org.opensearch.client.RestClient.performRequest(RestClient.java:329)
	at app//org.opensearch.sql.legacy.SQLIntegTestCase.executeRequest(SQLIntegTestCase.java:327)
	at app//org.opensearch.sql.legacy.SQLIntegTestCase.executeRequest(SQLIntegTestCase.java:322)
	at app//org.opensearch.sql.legacy.SQLIntegTestCase.executeRequest(SQLIntegTestCase.java:310)
	at app//org.opensearch.sql.legacy.SQLIntegTestCase.executeQuery(SQLIntegTestCase.java:293)
	at app//org.opensearch.sql.legacy.JoinIT.joinParseWithHintsCheckSelectedFieldsSplitHASH(JoinIT.java:70)
	at java.base@17.0.4.1/jdk.internal.reflect.NativeMethodAccessorImpl.invoke0(Native Method)
	at java.base@17.0.4.1/jdk.internal.reflect.NativeMethodAccessorImpl.invoke(NativeMethodAccessorImpl.java:77)
	at java.base@17.0.4.1/jdk.internal.reflect.DelegatingMethodAccessorImpl.invoke(DelegatingMethodAccessorImpl.java:43)
	at java.base@17.0.4.1/java.lang.reflect.Method.invoke(Method.java:568)
	at app//com.carrotsearch.randomizedtesting.RandomizedRunner.invoke(RandomizedRunner.java:1750)
	at app//com.carrotsearch.randomizedtesting.RandomizedRunner$8.evaluate(RandomizedRunner.java:938)
	at app//com.carrotsearch.randomizedtesting.RandomizedRunner$9.evaluate(RandomizedRunner.java:974)
	at app//com.carrotsearch.randomizedtesting.RandomizedRunner$10.evaluate(RandomizedRunner.java:988)
	at app//com.carrotsearch.randomizedtesting.rules.StatementAdapter.evaluate(StatementAdapter.java:36)
	at app//org.junit.rules.RunRules.evaluate(RunRules.java:20)
	at app//org.apache.lucene.tests.util.TestRuleSetupTeardownChained$1.evaluate(TestRuleSetupTeardownChained.java:48)
	at app//org.apache.lucene.tests.util.AbstractBeforeAfterRule$1.evaluate(AbstractBeforeAfterRule.java:43)
	at app//org.apache.lucene.tests.util.TestRuleThreadAndTestName$1.evaluate(TestRuleThreadAndTestName.java:45)
	at app//org.apache.lucene.tests.util.TestRuleIgnoreAfterMaxFailures$1.evaluate(TestRuleIgnoreAfterMaxFailures.java:60)
	at app//org.apache.lucene.tests.util.TestRuleMarkFailure$1.evaluate(TestRuleMarkFailure.java:44)
	at app//org.junit.rules.RunRules.evaluate(RunRules.java:20)
	at app//com.carrotsearch.randomizedtesting.rules.StatementAdapter.evaluate(StatementAdapter.java:36)
	at app//com.carrotsearch.randomizedtesting.ThreadLeakControl$StatementRunner.run(ThreadLeakControl.java:368)
	at app//com.carrotsearch.randomizedtesting.ThreadLeakControl.forkTimeoutingTask(ThreadLeakControl.java:817)
	at app//com.carrotsearch.randomizedtesting.ThreadLeakControl$3.evaluate(ThreadLeakControl.java:468)
	at app//com.carrotsearch.randomizedtesting.RandomizedRunner.runSingleTest(RandomizedRunner.java:947)
	at app//com.carrotsearch.randomizedtesting.RandomizedRunner$5.evaluate(RandomizedRunner.java:832)
	at app//com.carrotsearch.randomizedtesting.RandomizedRunner$6.evaluate(RandomizedRunner.java:883)
	at app//com.carrotsearch.randomizedtesting.RandomizedRunner$7.evaluate(RandomizedRunner.java:894)
	at app//org.apache.lucene.tests.util.AbstractBeforeAfterRule$1.evaluate(AbstractBeforeAfterRule.java:43)
	at app//com.carrotsearch.randomizedtesting.rules.StatementAdapter.evaluate(StatementAdapter.java:36)
	at app//org.apache.lucene.tests.util.TestRuleStoreClassName$1.evaluate(TestRuleStoreClassName.java:38)
	at app//com.carrotsearch.randomizedtesting.rules.NoShadowingOrOverridesOnMethodsRule$1.evaluate(NoShadowingOrOverridesOnMethodsRule.java:40)
	at app//com.carrotsearch.randomizedtesting.rules.NoShadowingOrOverridesOnMethodsRule$1.evaluate(NoShadowingOrOverridesOnMethodsRule.java:40)
	at app//com.carrotsearch.randomizedtesting.rules.StatementAdapter.evaluate(StatementAdapter.java:36)
	at app//com.carrotsearch.randomizedtesting.rules.StatementAdapter.evaluate(StatementAdapter.java:36)
	at app//org.apache.lucene.tests.util.TestRuleAssertionsRequired$1.evaluate(TestRuleAssertionsRequired.java:53)
	at app//org.apache.lucene.tests.util.AbstractBeforeAfterRule$1.evaluate(AbstractBeforeAfterRule.java:43)
	at app//org.apache.lucene.tests.util.TestRuleMarkFailure$1.evaluate(TestRuleMarkFailure.java:44)
	at app//org.apache.lucene.tests.util.TestRuleIgnoreAfterMaxFailures$1.evaluate(TestRuleIgnoreAfterMaxFailures.java:60)
	at app//org.apache.lucene.tests.util.TestRuleIgnoreTestSuites$1.evaluate(TestRuleIgnoreTestSuites.java:47)
	at app//org.junit.rules.RunRules.evaluate(RunRules.java:20)
	at app//com.carrotsearch.randomizedtesting.rules.StatementAdapter.evaluate(StatementAdapter.java:36)
	at app//com.carrotsearch.randomizedtesting.ThreadLeakControl$StatementRunner.run(ThreadLeakControl.java:368)
	at java.base@17.0.4.1/java.lang.Thread.run(Thread.java:833)
</failure>
  </testcase>
  <testcase name="testLeftJoinHASH" classname="org.opensearch.sql.legacy.JoinIT" time="0.033">
    <failure message="org.opensearch.client.ResponseException: method [POST], host [http://127.0.0.1:49776], URI [/_plugins/_sql?format=json], status line [HTTP/1.1 400 Bad Request]&#10;{&#10;  &quot;error&quot;: {&#10;    &quot;reason&quot;: &quot;Invalid SQL query&quot;,&#10;    &quot;details&quot;: &quot;Query is unsupported in the new engine&quot;,&#10;    &quot;type&quot;: &quot;SQLFeatureDisabledException&quot;&#10;  },&#10;  &quot;status&quot;: 400&#10;}" type="org.opensearch.client.ResponseException">org.opensearch.client.ResponseException: method [POST], host [http://127.0.0.1:49776], URI [/_plugins/_sql?format=json], status line [HTTP/1.1 400 Bad Request]
{
  &quot;error&quot;: {
    &quot;reason&quot;: &quot;Invalid SQL query&quot;,
    &quot;details&quot;: &quot;Query is unsupported in the new engine&quot;,
    &quot;type&quot;: &quot;SQLFeatureDisabledException&quot;
  },
  &quot;status&quot;: 400
}
	at __randomizedtesting.SeedInfo.seed([B058E8962C1F801C:4536AB01E643A084]:0)
	at app//org.opensearch.client.RestClient.convertResponse(RestClient.java:384)
	at app//org.opensearch.client.RestClient.performRequest(RestClient.java:354)
	at app//org.opensearch.client.RestClient.performRequest(RestClient.java:329)
	at app//org.opensearch.sql.legacy.SQLIntegTestCase.executeRequest(SQLIntegTestCase.java:327)
	at app//org.opensearch.sql.legacy.SQLIntegTestCase.executeRequest(SQLIntegTestCase.java:322)
	at app//org.opensearch.sql.legacy.SQLIntegTestCase.executeRequest(SQLIntegTestCase.java:310)
	at app//org.opensearch.sql.legacy.SQLIntegTestCase.executeQuery(SQLIntegTestCase.java:293)
	at app//org.opensearch.sql.legacy.JoinIT.testLeftJoin(JoinIT.java:781)
	at app//org.opensearch.sql.legacy.JoinIT.testLeftJoinHASH(JoinIT.java:198)
	at java.base@17.0.4.1/jdk.internal.reflect.NativeMethodAccessorImpl.invoke0(Native Method)
	at java.base@17.0.4.1/jdk.internal.reflect.NativeMethodAccessorImpl.invoke(NativeMethodAccessorImpl.java:77)
	at java.base@17.0.4.1/jdk.internal.reflect.DelegatingMethodAccessorImpl.invoke(DelegatingMethodAccessorImpl.java:43)
	at java.base@17.0.4.1/java.lang.reflect.Method.invoke(Method.java:568)
	at app//com.carrotsearch.randomizedtesting.RandomizedRunner.invoke(RandomizedRunner.java:1750)
	at app//com.carrotsearch.randomizedtesting.RandomizedRunner$8.evaluate(RandomizedRunner.java:938)
	at app//com.carrotsearch.randomizedtesting.RandomizedRunner$9.evaluate(RandomizedRunner.java:974)
	at app//com.carrotsearch.randomizedtesting.RandomizedRunner$10.evaluate(RandomizedRunner.java:988)
	at app//com.carrotsearch.randomizedtesting.rules.StatementAdapter.evaluate(StatementAdapter.java:36)
	at app//org.junit.rules.RunRules.evaluate(RunRules.java:20)
	at app//org.apache.lucene.tests.util.TestRuleSetupTeardownChained$1.evaluate(TestRuleSetupTeardownChained.java:48)
	at app//org.apache.lucene.tests.util.AbstractBeforeAfterRule$1.evaluate(AbstractBeforeAfterRule.java:43)
	at app//org.apache.lucene.tests.util.TestRuleThreadAndTestName$1.evaluate(TestRuleThreadAndTestName.java:45)
	at app//org.apache.lucene.tests.util.TestRuleIgnoreAfterMaxFailures$1.evaluate(TestRuleIgnoreAfterMaxFailures.java:60)
	at app//org.apache.lucene.tests.util.TestRuleMarkFailure$1.evaluate(TestRuleMarkFailure.java:44)
	at app//org.junit.rules.RunRules.evaluate(RunRules.java:20)
	at app//com.carrotsearch.randomizedtesting.rules.StatementAdapter.evaluate(StatementAdapter.java:36)
	at app//com.carrotsearch.randomizedtesting.ThreadLeakControl$StatementRunner.run(ThreadLeakControl.java:368)
	at app//com.carrotsearch.randomizedtesting.ThreadLeakControl.forkTimeoutingTask(ThreadLeakControl.java:817)
	at app//com.carrotsearch.randomizedtesting.ThreadLeakControl$3.evaluate(ThreadLeakControl.java:468)
	at app//com.carrotsearch.randomizedtesting.RandomizedRunner.runSingleTest(RandomizedRunner.java:947)
	at app//com.carrotsearch.randomizedtesting.RandomizedRunner$5.evaluate(RandomizedRunner.java:832)
	at app//com.carrotsearch.randomizedtesting.RandomizedRunner$6.evaluate(RandomizedRunner.java:883)
	at app//com.carrotsearch.randomizedtesting.RandomizedRunner$7.evaluate(RandomizedRunner.java:894)
	at app//org.apache.lucene.tests.util.AbstractBeforeAfterRule$1.evaluate(AbstractBeforeAfterRule.java:43)
	at app//com.carrotsearch.randomizedtesting.rules.StatementAdapter.evaluate(StatementAdapter.java:36)
	at app//org.apache.lucene.tests.util.TestRuleStoreClassName$1.evaluate(TestRuleStoreClassName.java:38)
	at app//com.carrotsearch.randomizedtesting.rules.NoShadowingOrOverridesOnMethodsRule$1.evaluate(NoShadowingOrOverridesOnMethodsRule.java:40)
	at app//com.carrotsearch.randomizedtesting.rules.NoShadowingOrOverridesOnMethodsRule$1.evaluate(NoShadowingOrOverridesOnMethodsRule.java:40)
	at app//com.carrotsearch.randomizedtesting.rules.StatementAdapter.evaluate(StatementAdapter.java:36)
	at app//com.carrotsearch.randomizedtesting.rules.StatementAdapter.evaluate(StatementAdapter.java:36)
	at app//org.apache.lucene.tests.util.TestRuleAssertionsRequired$1.evaluate(TestRuleAssertionsRequired.java:53)
	at app//org.apache.lucene.tests.util.AbstractBeforeAfterRule$1.evaluate(AbstractBeforeAfterRule.java:43)
	at app//org.apache.lucene.tests.util.TestRuleMarkFailure$1.evaluate(TestRuleMarkFailure.java:44)
	at app//org.apache.lucene.tests.util.TestRuleIgnoreAfterMaxFailures$1.evaluate(TestRuleIgnoreAfterMaxFailures.java:60)
	at app//org.apache.lucene.tests.util.TestRuleIgnoreTestSuites$1.evaluate(TestRuleIgnoreTestSuites.java:47)
	at app//org.junit.rules.RunRules.evaluate(RunRules.java:20)
	at app//com.carrotsearch.randomizedtesting.rules.StatementAdapter.evaluate(StatementAdapter.java:36)
	at app//com.carrotsearch.randomizedtesting.ThreadLeakControl$StatementRunner.run(ThreadLeakControl.java:368)
	at java.base@17.0.4.1/java.lang.Thread.run(Thread.java:833)
</failure>
  </testcase>
  <testcase name="joinNoConditionAndNoWhereNL" classname="org.opensearch.sql.legacy.JoinIT" time="0.031">
    <failure message="org.opensearch.client.ResponseException: method [POST], host [http://127.0.0.1:49776], URI [/_plugins/_sql?format=json], status line [HTTP/1.1 400 Bad Request]&#10;{&#10;  &quot;error&quot;: {&#10;    &quot;reason&quot;: &quot;Invalid SQL query&quot;,&#10;    &quot;details&quot;: &quot;Query is unsupported in the new engine&quot;,&#10;    &quot;type&quot;: &quot;SQLFeatureDisabledException&quot;&#10;  },&#10;  &quot;status&quot;: 400&#10;}" type="org.opensearch.client.ResponseException">org.opensearch.client.ResponseException: method [POST], host [http://127.0.0.1:49776], URI [/_plugins/_sql?format=json], status line [HTTP/1.1 400 Bad Request]
{
  &quot;error&quot;: {
    &quot;reason&quot;: &quot;Invalid SQL query&quot;,
    &quot;details&quot;: &quot;Query is unsupported in the new engine&quot;,
    &quot;type&quot;: &quot;SQLFeatureDisabledException&quot;
  },
  &quot;status&quot;: 400
}
	at __randomizedtesting.SeedInfo.seed([B058E8962C1F801C:82991A50751A07F3]:0)
	at app//org.opensearch.client.RestClient.convertResponse(RestClient.java:384)
	at app//org.opensearch.client.RestClient.performRequest(RestClient.java:354)
	at app//org.opensearch.client.RestClient.performRequest(RestClient.java:329)
	at app//org.opensearch.sql.legacy.SQLIntegTestCase.executeRequest(SQLIntegTestCase.java:327)
	at app//org.opensearch.sql.legacy.SQLIntegTestCase.executeRequest(SQLIntegTestCase.java:322)
	at app//org.opensearch.sql.legacy.SQLIntegTestCase.executeRequest(SQLIntegTestCase.java:310)
	at app//org.opensearch.sql.legacy.SQLIntegTestCase.executeQuery(SQLIntegTestCase.java:293)
	at app//org.opensearch.sql.legacy.JoinIT.joinNoConditionAndNoWhere(JoinIT.java:605)
	at app//org.opensearch.sql.legacy.JoinIT.joinNoConditionAndNoWhereNL(JoinIT.java:132)
	at java.base@17.0.4.1/jdk.internal.reflect.NativeMethodAccessorImpl.invoke0(Native Method)
	at java.base@17.0.4.1/jdk.internal.reflect.NativeMethodAccessorImpl.invoke(NativeMethodAccessorImpl.java:77)
	at java.base@17.0.4.1/jdk.internal.reflect.DelegatingMethodAccessorImpl.invoke(DelegatingMethodAccessorImpl.java:43)
	at java.base@17.0.4.1/java.lang.reflect.Method.invoke(Method.java:568)
	at app//com.carrotsearch.randomizedtesting.RandomizedRunner.invoke(RandomizedRunner.java:1750)
	at app//com.carrotsearch.randomizedtesting.RandomizedRunner$8.evaluate(RandomizedRunner.java:938)
	at app//com.carrotsearch.randomizedtesting.RandomizedRunner$9.evaluate(RandomizedRunner.java:974)
	at app//com.carrotsearch.randomizedtesting.RandomizedRunner$10.evaluate(RandomizedRunner.java:988)
	at app//com.carrotsearch.randomizedtesting.rules.StatementAdapter.evaluate(StatementAdapter.java:36)
	at app//org.junit.rules.RunRules.evaluate(RunRules.java:20)
	at app//org.apache.lucene.tests.util.TestRuleSetupTeardownChained$1.evaluate(TestRuleSetupTeardownChained.java:48)
	at app//org.apache.lucene.tests.util.AbstractBeforeAfterRule$1.evaluate(AbstractBeforeAfterRule.java:43)
	at app//org.apache.lucene.tests.util.TestRuleThreadAndTestName$1.evaluate(TestRuleThreadAndTestName.java:45)
	at app//org.apache.lucene.tests.util.TestRuleIgnoreAfterMaxFailures$1.evaluate(TestRuleIgnoreAfterMaxFailures.java:60)
	at app//org.apache.lucene.tests.util.TestRuleMarkFailure$1.evaluate(TestRuleMarkFailure.java:44)
	at app//org.junit.rules.RunRules.evaluate(RunRules.java:20)
	at app//com.carrotsearch.randomizedtesting.rules.StatementAdapter.evaluate(StatementAdapter.java:36)
	at app//com.carrotsearch.randomizedtesting.ThreadLeakControl$StatementRunner.run(ThreadLeakControl.java:368)
	at app//com.carrotsearch.randomizedtesting.ThreadLeakControl.forkTimeoutingTask(ThreadLeakControl.java:817)
	at app//com.carrotsearch.randomizedtesting.ThreadLeakControl$3.evaluate(ThreadLeakControl.java:468)
	at app//com.carrotsearch.randomizedtesting.RandomizedRunner.runSingleTest(RandomizedRunner.java:947)
	at app//com.carrotsearch.randomizedtesting.RandomizedRunner$5.evaluate(RandomizedRunner.java:832)
	at app//com.carrotsearch.randomizedtesting.RandomizedRunner$6.evaluate(RandomizedRunner.java:883)
	at app//com.carrotsearch.randomizedtesting.RandomizedRunner$7.evaluate(RandomizedRunner.java:894)
	at app//org.apache.lucene.tests.util.AbstractBeforeAfterRule$1.evaluate(AbstractBeforeAfterRule.java:43)
	at app//com.carrotsearch.randomizedtesting.rules.StatementAdapter.evaluate(StatementAdapter.java:36)
	at app//org.apache.lucene.tests.util.TestRuleStoreClassName$1.evaluate(TestRuleStoreClassName.java:38)
	at app//com.carrotsearch.randomizedtesting.rules.NoShadowingOrOverridesOnMethodsRule$1.evaluate(NoShadowingOrOverridesOnMethodsRule.java:40)
	at app//com.carrotsearch.randomizedtesting.rules.NoShadowingOrOverridesOnMethodsRule$1.evaluate(NoShadowingOrOverridesOnMethodsRule.java:40)
	at app//com.carrotsearch.randomizedtesting.rules.StatementAdapter.evaluate(StatementAdapter.java:36)
	at app//com.carrotsearch.randomizedtesting.rules.StatementAdapter.evaluate(StatementAdapter.java:36)
	at app//org.apache.lucene.tests.util.TestRuleAssertionsRequired$1.evaluate(TestRuleAssertionsRequired.java:53)
	at app//org.apache.lucene.tests.util.AbstractBeforeAfterRule$1.evaluate(AbstractBeforeAfterRule.java:43)
	at app//org.apache.lucene.tests.util.TestRuleMarkFailure$1.evaluate(TestRuleMarkFailure.java:44)
	at app//org.apache.lucene.tests.util.TestRuleIgnoreAfterMaxFailures$1.evaluate(TestRuleIgnoreAfterMaxFailures.java:60)
	at app//org.apache.lucene.tests.util.TestRuleIgnoreTestSuites$1.evaluate(TestRuleIgnoreTestSuites.java:47)
	at app//org.junit.rules.RunRules.evaluate(RunRules.java:20)
	at app//com.carrotsearch.randomizedtesting.rules.StatementAdapter.evaluate(StatementAdapter.java:36)
	at app//com.carrotsearch.randomizedtesting.ThreadLeakControl$StatementRunner.run(ThreadLeakControl.java:368)
	at java.base@17.0.4.1/java.lang.Thread.run(Thread.java:833)
</failure>
  </testcase>
  <testcase name="innerJoinNLWithNullInCondition" classname="org.opensearch.sql.legacy.JoinIT" time="0.03">
    <failure message="org.opensearch.client.ResponseException: method [POST], host [http://127.0.0.1:49776], URI [/_plugins/_sql?format=json], status line [HTTP/1.1 400 Bad Request]&#10;{&#10;  &quot;error&quot;: {&#10;    &quot;reason&quot;: &quot;Invalid SQL query&quot;,&#10;    &quot;details&quot;: &quot;Query is unsupported in the new engine&quot;,&#10;    &quot;type&quot;: &quot;SQLFeatureDisabledException&quot;&#10;  },&#10;  &quot;status&quot;: 400&#10;}" type="org.opensearch.client.ResponseException">org.opensearch.client.ResponseException: method [POST], host [http://127.0.0.1:49776], URI [/_plugins/_sql?format=json], status line [HTTP/1.1 400 Bad Request]
{
  &quot;error&quot;: {
    &quot;reason&quot;: &quot;Invalid SQL query&quot;,
    &quot;details&quot;: &quot;Query is unsupported in the new engine&quot;,
    &quot;type&quot;: &quot;SQLFeatureDisabledException&quot;
  },
  &quot;status&quot;: 400
}
	at __randomizedtesting.SeedInfo.seed([B058E8962C1F801C:7AAD5C195C0B823B]:0)
	at app//org.opensearch.client.RestClient.convertResponse(RestClient.java:384)
	at app//org.opensearch.client.RestClient.performRequest(RestClient.java:354)
	at app//org.opensearch.client.RestClient.performRequest(RestClient.java:329)
	at app//org.opensearch.sql.legacy.SQLIntegTestCase.executeRequest(SQLIntegTestCase.java:327)
	at app//org.opensearch.sql.legacy.SQLIntegTestCase.executeRequest(SQLIntegTestCase.java:322)
	at app//org.opensearch.sql.legacy.SQLIntegTestCase.executeRequest(SQLIntegTestCase.java:310)
	at app//org.opensearch.sql.legacy.SQLIntegTestCase.executeQuery(SQLIntegTestCase.java:293)
	at app//org.opensearch.sql.legacy.JoinIT.joinWithNullInCondition(JoinIT.java:945)
	at app//org.opensearch.sql.legacy.JoinIT.innerJoinNLWithNullInCondition(JoinIT.java:495)
	at java.base@17.0.4.1/jdk.internal.reflect.NativeMethodAccessorImpl.invoke0(Native Method)
	at java.base@17.0.4.1/jdk.internal.reflect.NativeMethodAccessorImpl.invoke(NativeMethodAccessorImpl.java:77)
	at java.base@17.0.4.1/jdk.internal.reflect.DelegatingMethodAccessorImpl.invoke(DelegatingMethodAccessorImpl.java:43)
	at java.base@17.0.4.1/java.lang.reflect.Method.invoke(Method.java:568)
	at app//com.carrotsearch.randomizedtesting.RandomizedRunner.invoke(RandomizedRunner.java:1750)
	at app//com.carrotsearch.randomizedtesting.RandomizedRunner$8.evaluate(RandomizedRunner.java:938)
	at app//com.carrotsearch.randomizedtesting.RandomizedRunner$9.evaluate(RandomizedRunner.java:974)
	at app//com.carrotsearch.randomizedtesting.RandomizedRunner$10.evaluate(RandomizedRunner.java:988)
	at app//com.carrotsearch.randomizedtesting.rules.StatementAdapter.evaluate(StatementAdapter.java:36)
	at app//org.junit.rules.RunRules.evaluate(RunRules.java:20)
	at app//org.apache.lucene.tests.util.TestRuleSetupTeardownChained$1.evaluate(TestRuleSetupTeardownChained.java:48)
	at app//org.apache.lucene.tests.util.AbstractBeforeAfterRule$1.evaluate(AbstractBeforeAfterRule.java:43)
	at app//org.apache.lucene.tests.util.TestRuleThreadAndTestName$1.evaluate(TestRuleThreadAndTestName.java:45)
	at app//org.apache.lucene.tests.util.TestRuleIgnoreAfterMaxFailures$1.evaluate(TestRuleIgnoreAfterMaxFailures.java:60)
	at app//org.apache.lucene.tests.util.TestRuleMarkFailure$1.evaluate(TestRuleMarkFailure.java:44)
	at app//org.junit.rules.RunRules.evaluate(RunRules.java:20)
	at app//com.carrotsearch.randomizedtesting.rules.StatementAdapter.evaluate(StatementAdapter.java:36)
	at app//com.carrotsearch.randomizedtesting.ThreadLeakControl$StatementRunner.run(ThreadLeakControl.java:368)
	at app//com.carrotsearch.randomizedtesting.ThreadLeakControl.forkTimeoutingTask(ThreadLeakControl.java:817)
	at app//com.carrotsearch.randomizedtesting.ThreadLeakControl$3.evaluate(ThreadLeakControl.java:468)
	at app//com.carrotsearch.randomizedtesting.RandomizedRunner.runSingleTest(RandomizedRunner.java:947)
	at app//com.carrotsearch.randomizedtesting.RandomizedRunner$5.evaluate(RandomizedRunner.java:832)
	at app//com.carrotsearch.randomizedtesting.RandomizedRunner$6.evaluate(RandomizedRunner.java:883)
	at app//com.carrotsearch.randomizedtesting.RandomizedRunner$7.evaluate(RandomizedRunner.java:894)
	at app//org.apache.lucene.tests.util.AbstractBeforeAfterRule$1.evaluate(AbstractBeforeAfterRule.java:43)
	at app//com.carrotsearch.randomizedtesting.rules.StatementAdapter.evaluate(StatementAdapter.java:36)
	at app//org.apache.lucene.tests.util.TestRuleStoreClassName$1.evaluate(TestRuleStoreClassName.java:38)
	at app//com.carrotsearch.randomizedtesting.rules.NoShadowingOrOverridesOnMethodsRule$1.evaluate(NoShadowingOrOverridesOnMethodsRule.java:40)
	at app//com.carrotsearch.randomizedtesting.rules.NoShadowingOrOverridesOnMethodsRule$1.evaluate(NoShadowingOrOverridesOnMethodsRule.java:40)
	at app//com.carrotsearch.randomizedtesting.rules.StatementAdapter.evaluate(StatementAdapter.java:36)
	at app//com.carrotsearch.randomizedtesting.rules.StatementAdapter.evaluate(StatementAdapter.java:36)
	at app//org.apache.lucene.tests.util.TestRuleAssertionsRequired$1.evaluate(TestRuleAssertionsRequired.java:53)
	at app//org.apache.lucene.tests.util.AbstractBeforeAfterRule$1.evaluate(AbstractBeforeAfterRule.java:43)
	at app//org.apache.lucene.tests.util.TestRuleMarkFailure$1.evaluate(TestRuleMarkFailure.java:44)
	at app//org.apache.lucene.tests.util.TestRuleIgnoreAfterMaxFailures$1.evaluate(TestRuleIgnoreAfterMaxFailures.java:60)
	at app//org.apache.lucene.tests.util.TestRuleIgnoreTestSuites$1.evaluate(TestRuleIgnoreTestSuites.java:47)
	at app//org.junit.rules.RunRules.evaluate(RunRules.java:20)
	at app//com.carrotsearch.randomizedtesting.rules.StatementAdapter.evaluate(StatementAdapter.java:36)
	at app//com.carrotsearch.randomizedtesting.ThreadLeakControl$StatementRunner.run(ThreadLeakControl.java:368)
	at java.base@17.0.4.1/java.lang.Thread.run(Thread.java:833)
</failure>
  </testcase>
  <testcase name="leftJoinNLWithNullInCondition3" classname="org.opensearch.sql.legacy.JoinIT" time="0.029">
    <failure message="org.opensearch.client.ResponseException: method [POST], host [http://127.0.0.1:49776], URI [/_plugins/_sql?format=json], status line [HTTP/1.1 400 Bad Request]&#10;{&#10;  &quot;error&quot;: {&#10;    &quot;reason&quot;: &quot;Invalid SQL query&quot;,&#10;    &quot;details&quot;: &quot;Query is unsupported in the new engine&quot;,&#10;    &quot;type&quot;: &quot;SQLFeatureDisabledException&quot;&#10;  },&#10;  &quot;status&quot;: 400&#10;}" type="org.opensearch.client.ResponseException">org.opensearch.client.ResponseException: method [POST], host [http://127.0.0.1:49776], URI [/_plugins/_sql?format=json], status line [HTTP/1.1 400 Bad Request]
{
  &quot;error&quot;: {
    &quot;reason&quot;: &quot;Invalid SQL query&quot;,
    &quot;details&quot;: &quot;Query is unsupported in the new engine&quot;,
    &quot;type&quot;: &quot;SQLFeatureDisabledException&quot;
  },
  &quot;status&quot;: 400
}
	at __randomizedtesting.SeedInfo.seed([B058E8962C1F801C:A43EC568A96C2249]:0)
	at app//org.opensearch.client.RestClient.convertResponse(RestClient.java:384)
	at app//org.opensearch.client.RestClient.performRequest(RestClient.java:354)
	at app//org.opensearch.client.RestClient.performRequest(RestClient.java:329)
	at app//org.opensearch.sql.legacy.SQLIntegTestCase.executeRequest(SQLIntegTestCase.java:327)
	at app//org.opensearch.sql.legacy.SQLIntegTestCase.executeRequest(SQLIntegTestCase.java:322)
	at app//org.opensearch.sql.legacy.SQLIntegTestCase.executeRequest(SQLIntegTestCase.java:310)
	at app//org.opensearch.sql.legacy.SQLIntegTestCase.executeQuery(SQLIntegTestCase.java:293)
	at app//org.opensearch.sql.legacy.JoinIT.joinWithNullInCondition(JoinIT.java:945)
	at app//org.opensearch.sql.legacy.JoinIT.leftJoinNLWithNullInCondition3(JoinIT.java:489)
	at java.base@17.0.4.1/jdk.internal.reflect.NativeMethodAccessorImpl.invoke0(Native Method)
	at java.base@17.0.4.1/jdk.internal.reflect.NativeMethodAccessorImpl.invoke(NativeMethodAccessorImpl.java:77)
	at java.base@17.0.4.1/jdk.internal.reflect.DelegatingMethodAccessorImpl.invoke(DelegatingMethodAccessorImpl.java:43)
	at java.base@17.0.4.1/java.lang.reflect.Method.invoke(Method.java:568)
	at app//com.carrotsearch.randomizedtesting.RandomizedRunner.invoke(RandomizedRunner.java:1750)
	at app//com.carrotsearch.randomizedtesting.RandomizedRunner$8.evaluate(RandomizedRunner.java:938)
	at app//com.carrotsearch.randomizedtesting.RandomizedRunner$9.evaluate(RandomizedRunner.java:974)
	at app//com.carrotsearch.randomizedtesting.RandomizedRunner$10.evaluate(RandomizedRunner.java:988)
	at app//com.carrotsearch.randomizedtesting.rules.StatementAdapter.evaluate(StatementAdapter.java:36)
	at app//org.junit.rules.RunRules.evaluate(RunRules.java:20)
	at app//org.apache.lucene.tests.util.TestRuleSetupTeardownChained$1.evaluate(TestRuleSetupTeardownChained.java:48)
	at app//org.apache.lucene.tests.util.AbstractBeforeAfterRule$1.evaluate(AbstractBeforeAfterRule.java:43)
	at app//org.apache.lucene.tests.util.TestRuleThreadAndTestName$1.evaluate(TestRuleThreadAndTestName.java:45)
	at app//org.apache.lucene.tests.util.TestRuleIgnoreAfterMaxFailures$1.evaluate(TestRuleIgnoreAfterMaxFailures.java:60)
	at app//org.apache.lucene.tests.util.TestRuleMarkFailure$1.evaluate(TestRuleMarkFailure.java:44)
	at app//org.junit.rules.RunRules.evaluate(RunRules.java:20)
	at app//com.carrotsearch.randomizedtesting.rules.StatementAdapter.evaluate(StatementAdapter.java:36)
	at app//com.carrotsearch.randomizedtesting.ThreadLeakControl$StatementRunner.run(ThreadLeakControl.java:368)
	at app//com.carrotsearch.randomizedtesting.ThreadLeakControl.forkTimeoutingTask(ThreadLeakControl.java:817)
	at app//com.carrotsearch.randomizedtesting.ThreadLeakControl$3.evaluate(ThreadLeakControl.java:468)
	at app//com.carrotsearch.randomizedtesting.RandomizedRunner.runSingleTest(RandomizedRunner.java:947)
	at app//com.carrotsearch.randomizedtesting.RandomizedRunner$5.evaluate(RandomizedRunner.java:832)
	at app//com.carrotsearch.randomizedtesting.RandomizedRunner$6.evaluate(RandomizedRunner.java:883)
	at app//com.carrotsearch.randomizedtesting.RandomizedRunner$7.evaluate(RandomizedRunner.java:894)
	at app//org.apache.lucene.tests.util.AbstractBeforeAfterRule$1.evaluate(AbstractBeforeAfterRule.java:43)
	at app//com.carrotsearch.randomizedtesting.rules.StatementAdapter.evaluate(StatementAdapter.java:36)
	at app//org.apache.lucene.tests.util.TestRuleStoreClassName$1.evaluate(TestRuleStoreClassName.java:38)
	at app//com.carrotsearch.randomizedtesting.rules.NoShadowingOrOverridesOnMethodsRule$1.evaluate(NoShadowingOrOverridesOnMethodsRule.java:40)
	at app//com.carrotsearch.randomizedtesting.rules.NoShadowingOrOverridesOnMethodsRule$1.evaluate(NoShadowingOrOverridesOnMethodsRule.java:40)
	at app//com.carrotsearch.randomizedtesting.rules.StatementAdapter.evaluate(StatementAdapter.java:36)
	at app//com.carrotsearch.randomizedtesting.rules.StatementAdapter.evaluate(StatementAdapter.java:36)
	at app//org.apache.lucene.tests.util.TestRuleAssertionsRequired$1.evaluate(TestRuleAssertionsRequired.java:53)
	at app//org.apache.lucene.tests.util.AbstractBeforeAfterRule$1.evaluate(AbstractBeforeAfterRule.java:43)
	at app//org.apache.lucene.tests.util.TestRuleMarkFailure$1.evaluate(TestRuleMarkFailure.java:44)
	at app//org.apache.lucene.tests.util.TestRuleIgnoreAfterMaxFailures$1.evaluate(TestRuleIgnoreAfterMaxFailures.java:60)
	at app//org.apache.lucene.tests.util.TestRuleIgnoreTestSuites$1.evaluate(TestRuleIgnoreTestSuites.java:47)
	at app//org.junit.rules.RunRules.evaluate(RunRules.java:20)
	at app//com.carrotsearch.randomizedtesting.rules.StatementAdapter.evaluate(StatementAdapter.java:36)
	at app//com.carrotsearch.randomizedtesting.ThreadLeakControl$StatementRunner.run(ThreadLeakControl.java:368)
	at java.base@17.0.4.1/java.lang.Thread.run(Thread.java:833)
</failure>
  </testcase>
  <testcase name="testLeftJoinWithLimitHASH" classname="org.opensearch.sql.legacy.JoinIT" time="0.027">
    <failure message="org.opensearch.client.ResponseException: method [POST], host [http://127.0.0.1:49776], URI [/_plugins/_sql?format=json], status line [HTTP/1.1 400 Bad Request]&#10;{&#10;  &quot;error&quot;: {&#10;    &quot;reason&quot;: &quot;Invalid SQL query&quot;,&#10;    &quot;details&quot;: &quot;Query is unsupported in the new engine&quot;,&#10;    &quot;type&quot;: &quot;SQLFeatureDisabledException&quot;&#10;  },&#10;  &quot;status&quot;: 400&#10;}" type="org.opensearch.client.ResponseException">org.opensearch.client.ResponseException: method [POST], host [http://127.0.0.1:49776], URI [/_plugins/_sql?format=json], status line [HTTP/1.1 400 Bad Request]
{
  &quot;error&quot;: {
    &quot;reason&quot;: &quot;Invalid SQL query&quot;,
    &quot;details&quot;: &quot;Query is unsupported in the new engine&quot;,
    &quot;type&quot;: &quot;SQLFeatureDisabledException&quot;
  },
  &quot;status&quot;: 400
}
	at __randomizedtesting.SeedInfo.seed([B058E8962C1F801C:576C0BF3CA37FEF0]:0)
	at app//org.opensearch.client.RestClient.convertResponse(RestClient.java:384)
	at app//org.opensearch.client.RestClient.performRequest(RestClient.java:354)
	at app//org.opensearch.client.RestClient.performRequest(RestClient.java:329)
	at app//org.opensearch.sql.legacy.SQLIntegTestCase.executeRequest(SQLIntegTestCase.java:327)
	at app//org.opensearch.sql.legacy.SQLIntegTestCase.executeRequest(SQLIntegTestCase.java:322)
	at app//org.opensearch.sql.legacy.SQLIntegTestCase.executeRequest(SQLIntegTestCase.java:310)
	at app//org.opensearch.sql.legacy.SQLIntegTestCase.executeQuery(SQLIntegTestCase.java:293)
	at app//org.opensearch.sql.legacy.JoinIT.testLeftJoinWithLimit(JoinIT.java:863)
	at app//org.opensearch.sql.legacy.JoinIT.testLeftJoinWithLimitHASH(JoinIT.java:260)
	at java.base@17.0.4.1/jdk.internal.reflect.NativeMethodAccessorImpl.invoke0(Native Method)
	at java.base@17.0.4.1/jdk.internal.reflect.NativeMethodAccessorImpl.invoke(NativeMethodAccessorImpl.java:77)
	at java.base@17.0.4.1/jdk.internal.reflect.DelegatingMethodAccessorImpl.invoke(DelegatingMethodAccessorImpl.java:43)
	at java.base@17.0.4.1/java.lang.reflect.Method.invoke(Method.java:568)
	at app//com.carrotsearch.randomizedtesting.RandomizedRunner.invoke(RandomizedRunner.java:1750)
	at app//com.carrotsearch.randomizedtesting.RandomizedRunner$8.evaluate(RandomizedRunner.java:938)
	at app//com.carrotsearch.randomizedtesting.RandomizedRunner$9.evaluate(RandomizedRunner.java:974)
	at app//com.carrotsearch.randomizedtesting.RandomizedRunner$10.evaluate(RandomizedRunner.java:988)
	at app//com.carrotsearch.randomizedtesting.rules.StatementAdapter.evaluate(StatementAdapter.java:36)
	at app//org.junit.rules.RunRules.evaluate(RunRules.java:20)
	at app//org.apache.lucene.tests.util.TestRuleSetupTeardownChained$1.evaluate(TestRuleSetupTeardownChained.java:48)
	at app//org.apache.lucene.tests.util.AbstractBeforeAfterRule$1.evaluate(AbstractBeforeAfterRule.java:43)
	at app//org.apache.lucene.tests.util.TestRuleThreadAndTestName$1.evaluate(TestRuleThreadAndTestName.java:45)
	at app//org.apache.lucene.tests.util.TestRuleIgnoreAfterMaxFailures$1.evaluate(TestRuleIgnoreAfterMaxFailures.java:60)
	at app//org.apache.lucene.tests.util.TestRuleMarkFailure$1.evaluate(TestRuleMarkFailure.java:44)
	at app//org.junit.rules.RunRules.evaluate(RunRules.java:20)
	at app//com.carrotsearch.randomizedtesting.rules.StatementAdapter.evaluate(StatementAdapter.java:36)
	at app//com.carrotsearch.randomizedtesting.ThreadLeakControl$StatementRunner.run(ThreadLeakControl.java:368)
	at app//com.carrotsearch.randomizedtesting.ThreadLeakControl.forkTimeoutingTask(ThreadLeakControl.java:817)
	at app//com.carrotsearch.randomizedtesting.ThreadLeakControl$3.evaluate(ThreadLeakControl.java:468)
	at app//com.carrotsearch.randomizedtesting.RandomizedRunner.runSingleTest(RandomizedRunner.java:947)
	at app//com.carrotsearch.randomizedtesting.RandomizedRunner$5.evaluate(RandomizedRunner.java:832)
	at app//com.carrotsearch.randomizedtesting.RandomizedRunner$6.evaluate(RandomizedRunner.java:883)
	at app//com.carrotsearch.randomizedtesting.RandomizedRunner$7.evaluate(RandomizedRunner.java:894)
	at app//org.apache.lucene.tests.util.AbstractBeforeAfterRule$1.evaluate(AbstractBeforeAfterRule.java:43)
	at app//com.carrotsearch.randomizedtesting.rules.StatementAdapter.evaluate(StatementAdapter.java:36)
	at app//org.apache.lucene.tests.util.TestRuleStoreClassName$1.evaluate(TestRuleStoreClassName.java:38)
	at app//com.carrotsearch.randomizedtesting.rules.NoShadowingOrOverridesOnMethodsRule$1.evaluate(NoShadowingOrOverridesOnMethodsRule.java:40)
	at app//com.carrotsearch.randomizedtesting.rules.NoShadowingOrOverridesOnMethodsRule$1.evaluate(NoShadowingOrOverridesOnMethodsRule.java:40)
	at app//com.carrotsearch.randomizedtesting.rules.StatementAdapter.evaluate(StatementAdapter.java:36)
	at app//com.carrotsearch.randomizedtesting.rules.StatementAdapter.evaluate(StatementAdapter.java:36)
	at app//org.apache.lucene.tests.util.TestRuleAssertionsRequired$1.evaluate(TestRuleAssertionsRequired.java:53)
	at app//org.apache.lucene.tests.util.AbstractBeforeAfterRule$1.evaluate(AbstractBeforeAfterRule.java:43)
	at app//org.apache.lucene.tests.util.TestRuleMarkFailure$1.evaluate(TestRuleMarkFailure.java:44)
	at app//org.apache.lucene.tests.util.TestRuleIgnoreAfterMaxFailures$1.evaluate(TestRuleIgnoreAfterMaxFailures.java:60)
	at app//org.apache.lucene.tests.util.TestRuleIgnoreTestSuites$1.evaluate(TestRuleIgnoreTestSuites.java:47)
	at app//org.junit.rules.RunRules.evaluate(RunRules.java:20)
	at app//com.carrotsearch.randomizedtesting.rules.StatementAdapter.evaluate(StatementAdapter.java:36)
	at app//com.carrotsearch.randomizedtesting.ThreadLeakControl$StatementRunner.run(ThreadLeakControl.java:368)
	at java.base@17.0.4.1/java.lang.Thread.run(Thread.java:833)
</failure>
  </testcase>
  <testcase name="leftJoinNLWithNullInCondition1" classname="org.opensearch.sql.legacy.JoinIT" time="0.029">
    <failure message="org.opensearch.client.ResponseException: method [POST], host [http://127.0.0.1:49776], URI [/_plugins/_sql?format=json], status line [HTTP/1.1 400 Bad Request]&#10;{&#10;  &quot;error&quot;: {&#10;    &quot;reason&quot;: &quot;Invalid SQL query&quot;,&#10;    &quot;details&quot;: &quot;Query is unsupported in the new engine&quot;,&#10;    &quot;type&quot;: &quot;SQLFeatureDisabledException&quot;&#10;  },&#10;  &quot;status&quot;: 400&#10;}" type="org.opensearch.client.ResponseException">org.opensearch.client.ResponseException: method [POST], host [http://127.0.0.1:49776], URI [/_plugins/_sql?format=json], status line [HTTP/1.1 400 Bad Request]
{
  &quot;error&quot;: {
    &quot;reason&quot;: &quot;Invalid SQL query&quot;,
    &quot;details&quot;: &quot;Query is unsupported in the new engine&quot;,
    &quot;type&quot;: &quot;SQLFeatureDisabledException&quot;
  },
  &quot;status&quot;: 400
}
	at __randomizedtesting.SeedInfo.seed([B058E8962C1F801C:28EABFB71F22B5E4]:0)
	at app//org.opensearch.client.RestClient.convertResponse(RestClient.java:384)
	at app//org.opensearch.client.RestClient.performRequest(RestClient.java:354)
	at app//org.opensearch.client.RestClient.performRequest(RestClient.java:329)
	at app//org.opensearch.sql.legacy.SQLIntegTestCase.executeRequest(SQLIntegTestCase.java:327)
	at app//org.opensearch.sql.legacy.SQLIntegTestCase.executeRequest(SQLIntegTestCase.java:322)
	at app//org.opensearch.sql.legacy.SQLIntegTestCase.executeRequest(SQLIntegTestCase.java:310)
	at app//org.opensearch.sql.legacy.SQLIntegTestCase.executeQuery(SQLIntegTestCase.java:293)
	at app//org.opensearch.sql.legacy.JoinIT.joinWithNullInCondition(JoinIT.java:945)
	at app//org.opensearch.sql.legacy.JoinIT.leftJoinNLWithNullInCondition1(JoinIT.java:477)
	at java.base@17.0.4.1/jdk.internal.reflect.NativeMethodAccessorImpl.invoke0(Native Method)
	at java.base@17.0.4.1/jdk.internal.reflect.NativeMethodAccessorImpl.invoke(NativeMethodAccessorImpl.java:77)
	at java.base@17.0.4.1/jdk.internal.reflect.DelegatingMethodAccessorImpl.invoke(DelegatingMethodAccessorImpl.java:43)
	at java.base@17.0.4.1/java.lang.reflect.Method.invoke(Method.java:568)
	at app//com.carrotsearch.randomizedtesting.RandomizedRunner.invoke(RandomizedRunner.java:1750)
	at app//com.carrotsearch.randomizedtesting.RandomizedRunner$8.evaluate(RandomizedRunner.java:938)
	at app//com.carrotsearch.randomizedtesting.RandomizedRunner$9.evaluate(RandomizedRunner.java:974)
	at app//com.carrotsearch.randomizedtesting.RandomizedRunner$10.evaluate(RandomizedRunner.java:988)
	at app//com.carrotsearch.randomizedtesting.rules.StatementAdapter.evaluate(StatementAdapter.java:36)
	at app//org.junit.rules.RunRules.evaluate(RunRules.java:20)
	at app//org.apache.lucene.tests.util.TestRuleSetupTeardownChained$1.evaluate(TestRuleSetupTeardownChained.java:48)
	at app//org.apache.lucene.tests.util.AbstractBeforeAfterRule$1.evaluate(AbstractBeforeAfterRule.java:43)
	at app//org.apache.lucene.tests.util.TestRuleThreadAndTestName$1.evaluate(TestRuleThreadAndTestName.java:45)
	at app//org.apache.lucene.tests.util.TestRuleIgnoreAfterMaxFailures$1.evaluate(TestRuleIgnoreAfterMaxFailures.java:60)
	at app//org.apache.lucene.tests.util.TestRuleMarkFailure$1.evaluate(TestRuleMarkFailure.java:44)
	at app//org.junit.rules.RunRules.evaluate(RunRules.java:20)
	at app//com.carrotsearch.randomizedtesting.rules.StatementAdapter.evaluate(StatementAdapter.java:36)
	at app//com.carrotsearch.randomizedtesting.ThreadLeakControl$StatementRunner.run(ThreadLeakControl.java:368)
	at app//com.carrotsearch.randomizedtesting.ThreadLeakControl.forkTimeoutingTask(ThreadLeakControl.java:817)
	at app//com.carrotsearch.randomizedtesting.ThreadLeakControl$3.evaluate(ThreadLeakControl.java:468)
	at app//com.carrotsearch.randomizedtesting.RandomizedRunner.runSingleTest(RandomizedRunner.java:947)
	at app//com.carrotsearch.randomizedtesting.RandomizedRunner$5.evaluate(RandomizedRunner.java:832)
	at app//com.carrotsearch.randomizedtesting.RandomizedRunner$6.evaluate(RandomizedRunner.java:883)
	at app//com.carrotsearch.randomizedtesting.RandomizedRunner$7.evaluate(RandomizedRunner.java:894)
	at app//org.apache.lucene.tests.util.AbstractBeforeAfterRule$1.evaluate(AbstractBeforeAfterRule.java:43)
	at app//com.carrotsearch.randomizedtesting.rules.StatementAdapter.evaluate(StatementAdapter.java:36)
	at app//org.apache.lucene.tests.util.TestRuleStoreClassName$1.evaluate(TestRuleStoreClassName.java:38)
	at app//com.carrotsearch.randomizedtesting.rules.NoShadowingOrOverridesOnMethodsRule$1.evaluate(NoShadowingOrOverridesOnMethodsRule.java:40)
	at app//com.carrotsearch.randomizedtesting.rules.NoShadowingOrOverridesOnMethodsRule$1.evaluate(NoShadowingOrOverridesOnMethodsRule.java:40)
	at app//com.carrotsearch.randomizedtesting.rules.StatementAdapter.evaluate(StatementAdapter.java:36)
	at app//com.carrotsearch.randomizedtesting.rules.StatementAdapter.evaluate(StatementAdapter.java:36)
	at app//org.apache.lucene.tests.util.TestRuleAssertionsRequired$1.evaluate(TestRuleAssertionsRequired.java:53)
	at app//org.apache.lucene.tests.util.AbstractBeforeAfterRule$1.evaluate(AbstractBeforeAfterRule.java:43)
	at app//org.apache.lucene.tests.util.TestRuleMarkFailure$1.evaluate(TestRuleMarkFailure.java:44)
	at app//org.apache.lucene.tests.util.TestRuleIgnoreAfterMaxFailures$1.evaluate(TestRuleIgnoreAfterMaxFailures.java:60)
	at app//org.apache.lucene.tests.util.TestRuleIgnoreTestSuites$1.evaluate(TestRuleIgnoreTestSuites.java:47)
	at app//org.junit.rules.RunRules.evaluate(RunRules.java:20)
	at app//com.carrotsearch.randomizedtesting.rules.StatementAdapter.evaluate(StatementAdapter.java:36)
	at app//com.carrotsearch.randomizedtesting.ThreadLeakControl$StatementRunner.run(ThreadLeakControl.java:368)
	at java.base@17.0.4.1/java.lang.Thread.run(Thread.java:833)
</failure>
  </testcase>
  <testcase name="joinWithOrWithTermsFilterOpt" classname="org.opensearch.sql.legacy.JoinIT" time="0.0">
    <skipped/>
  </testcase>
  <testcase name="joinWithOrderbyFirstTableHASH" classname="org.opensearch.sql.legacy.JoinIT" time="0.054">
    <failure message="org.opensearch.client.ResponseException: method [POST], host [http://127.0.0.1:49776], URI [/_plugins/_sql?format=json], status line [HTTP/1.1 400 Bad Request]&#10;{&#10;  &quot;error&quot;: {&#10;    &quot;reason&quot;: &quot;Invalid SQL query&quot;,&#10;    &quot;details&quot;: &quot;Query is unsupported in the new engine&quot;,&#10;    &quot;type&quot;: &quot;SQLFeatureDisabledException&quot;&#10;  },&#10;  &quot;status&quot;: 400&#10;}" type="org.opensearch.client.ResponseException">org.opensearch.client.ResponseException: method [POST], host [http://127.0.0.1:49776], URI [/_plugins/_sql?format=json], status line [HTTP/1.1 400 Bad Request]
{
  &quot;error&quot;: {
    &quot;reason&quot;: &quot;Invalid SQL query&quot;,
    &quot;details&quot;: &quot;Query is unsupported in the new engine&quot;,
    &quot;type&quot;: &quot;SQLFeatureDisabledException&quot;
  },
  &quot;status&quot;: 400
}
	at __randomizedtesting.SeedInfo.seed([B058E8962C1F801C:6316EECD96C6AB70]:0)
	at app//org.opensearch.client.RestClient.convertResponse(RestClient.java:384)
	at app//org.opensearch.client.RestClient.performRequest(RestClient.java:354)
	at app//org.opensearch.client.RestClient.performRequest(RestClient.java:329)
	at app//org.opensearch.sql.legacy.SQLIntegTestCase.executeRequest(SQLIntegTestCase.java:327)
	at app//org.opensearch.sql.legacy.SQLIntegTestCase.executeRequest(SQLIntegTestCase.java:322)
	at app//org.opensearch.sql.legacy.SQLIntegTestCase.executeRequest(SQLIntegTestCase.java:310)
	at app//org.opensearch.sql.legacy.SQLIntegTestCase.executeQuery(SQLIntegTestCase.java:293)
	at app//org.opensearch.sql.legacy.JoinIT.joinWithOrderFirstTable(JoinIT.java:904)
	at app//org.opensearch.sql.legacy.JoinIT.joinWithOrderbyFirstTableHASH(JoinIT.java:349)
	at java.base@17.0.4.1/jdk.internal.reflect.NativeMethodAccessorImpl.invoke0(Native Method)
	at java.base@17.0.4.1/jdk.internal.reflect.NativeMethodAccessorImpl.invoke(NativeMethodAccessorImpl.java:77)
	at java.base@17.0.4.1/jdk.internal.reflect.DelegatingMethodAccessorImpl.invoke(DelegatingMethodAccessorImpl.java:43)
	at java.base@17.0.4.1/java.lang.reflect.Method.invoke(Method.java:568)
	at app//com.carrotsearch.randomizedtesting.RandomizedRunner.invoke(RandomizedRunner.java:1750)
	at app//com.carrotsearch.randomizedtesting.RandomizedRunner$8.evaluate(RandomizedRunner.java:938)
	at app//com.carrotsearch.randomizedtesting.RandomizedRunner$9.evaluate(RandomizedRunner.java:974)
	at app//com.carrotsearch.randomizedtesting.RandomizedRunner$10.evaluate(RandomizedRunner.java:988)
	at app//com.carrotsearch.randomizedtesting.rules.StatementAdapter.evaluate(StatementAdapter.java:36)
	at app//org.junit.rules.RunRules.evaluate(RunRules.java:20)
	at app//org.apache.lucene.tests.util.TestRuleSetupTeardownChained$1.evaluate(TestRuleSetupTeardownChained.java:48)
	at app//org.apache.lucene.tests.util.AbstractBeforeAfterRule$1.evaluate(AbstractBeforeAfterRule.java:43)
	at app//org.apache.lucene.tests.util.TestRuleThreadAndTestName$1.evaluate(TestRuleThreadAndTestName.java:45)
	at app//org.apache.lucene.tests.util.TestRuleIgnoreAfterMaxFailures$1.evaluate(TestRuleIgnoreAfterMaxFailures.java:60)
	at app//org.apache.lucene.tests.util.TestRuleMarkFailure$1.evaluate(TestRuleMarkFailure.java:44)
	at app//org.junit.rules.RunRules.evaluate(RunRules.java:20)
	at app//com.carrotsearch.randomizedtesting.rules.StatementAdapter.evaluate(StatementAdapter.java:36)
	at app//com.carrotsearch.randomizedtesting.ThreadLeakControl$StatementRunner.run(ThreadLeakControl.java:368)
	at app//com.carrotsearch.randomizedtesting.ThreadLeakControl.forkTimeoutingTask(ThreadLeakControl.java:817)
	at app//com.carrotsearch.randomizedtesting.ThreadLeakControl$3.evaluate(ThreadLeakControl.java:468)
	at app//com.carrotsearch.randomizedtesting.RandomizedRunner.runSingleTest(RandomizedRunner.java:947)
	at app//com.carrotsearch.randomizedtesting.RandomizedRunner$5.evaluate(RandomizedRunner.java:832)
	at app//com.carrotsearch.randomizedtesting.RandomizedRunner$6.evaluate(RandomizedRunner.java:883)
	at app//com.carrotsearch.randomizedtesting.RandomizedRunner$7.evaluate(RandomizedRunner.java:894)
	at app//org.apache.lucene.tests.util.AbstractBeforeAfterRule$1.evaluate(AbstractBeforeAfterRule.java:43)
	at app//com.carrotsearch.randomizedtesting.rules.StatementAdapter.evaluate(StatementAdapter.java:36)
	at app//org.apache.lucene.tests.util.TestRuleStoreClassName$1.evaluate(TestRuleStoreClassName.java:38)
	at app//com.carrotsearch.randomizedtesting.rules.NoShadowingOrOverridesOnMethodsRule$1.evaluate(NoShadowingOrOverridesOnMethodsRule.java:40)
	at app//com.carrotsearch.randomizedtesting.rules.NoShadowingOrOverridesOnMethodsRule$1.evaluate(NoShadowingOrOverridesOnMethodsRule.java:40)
	at app//com.carrotsearch.randomizedtesting.rules.StatementAdapter.evaluate(StatementAdapter.java:36)
	at app//com.carrotsearch.randomizedtesting.rules.StatementAdapter.evaluate(StatementAdapter.java:36)
	at app//org.apache.lucene.tests.util.TestRuleAssertionsRequired$1.evaluate(TestRuleAssertionsRequired.java:53)
	at app//org.apache.lucene.tests.util.AbstractBeforeAfterRule$1.evaluate(AbstractBeforeAfterRule.java:43)
	at app//org.apache.lucene.tests.util.TestRuleMarkFailure$1.evaluate(TestRuleMarkFailure.java:44)
	at app//org.apache.lucene.tests.util.TestRuleIgnoreAfterMaxFailures$1.evaluate(TestRuleIgnoreAfterMaxFailures.java:60)
	at app//org.apache.lucene.tests.util.TestRuleIgnoreTestSuites$1.evaluate(TestRuleIgnoreTestSuites.java:47)
	at app//org.junit.rules.RunRules.evaluate(RunRules.java:20)
	at app//com.carrotsearch.randomizedtesting.rules.StatementAdapter.evaluate(StatementAdapter.java:36)
	at app//com.carrotsearch.randomizedtesting.ThreadLeakControl$StatementRunner.run(ThreadLeakControl.java:368)
	at java.base@17.0.4.1/java.lang.Thread.run(Thread.java:833)
</failure>
  </testcase>
  <testcase name="hintLimits_firstNullSecondLimitNL" classname="org.opensearch.sql.legacy.JoinIT" time="0.036">
    <failure message="org.opensearch.client.ResponseException: method [POST], host [http://127.0.0.1:49776], URI [/_plugins/_sql?format=json], status line [HTTP/1.1 400 Bad Request]&#10;{&#10;  &quot;error&quot;: {&#10;    &quot;reason&quot;: &quot;Invalid SQL query&quot;,&#10;    &quot;details&quot;: &quot;Query is unsupported in the new engine&quot;,&#10;    &quot;type&quot;: &quot;SQLFeatureDisabledException&quot;&#10;  },&#10;  &quot;status&quot;: 400&#10;}" type="org.opensearch.client.ResponseException">org.opensearch.client.ResponseException: method [POST], host [http://127.0.0.1:49776], URI [/_plugins/_sql?format=json], status line [HTTP/1.1 400 Bad Request]
{
  &quot;error&quot;: {
    &quot;reason&quot;: &quot;Invalid SQL query&quot;,
    &quot;details&quot;: &quot;Query is unsupported in the new engine&quot;,
    &quot;type&quot;: &quot;SQLFeatureDisabledException&quot;
  },
  &quot;status&quot;: 400
}
	at __randomizedtesting.SeedInfo.seed([B058E8962C1F801C:D7333CD590BC58D8]:0)
	at app//org.opensearch.client.RestClient.convertResponse(RestClient.java:384)
	at app//org.opensearch.client.RestClient.performRequest(RestClient.java:354)
	at app//org.opensearch.client.RestClient.performRequest(RestClient.java:329)
	at app//org.opensearch.sql.legacy.SQLIntegTestCase.executeRequest(SQLIntegTestCase.java:327)
	at app//org.opensearch.sql.legacy.SQLIntegTestCase.executeRequest(SQLIntegTestCase.java:322)
	at app//org.opensearch.sql.legacy.SQLIntegTestCase.executeRequest(SQLIntegTestCase.java:310)
	at app//org.opensearch.sql.legacy.SQLIntegTestCase.executeQuery(SQLIntegTestCase.java:293)
	at app//org.opensearch.sql.legacy.JoinIT.hintLimits_firstNullSecondLimit(JoinIT.java:850)
	at app//org.opensearch.sql.legacy.JoinIT.hintLimits_firstNullSecondLimitNL(JoinIT.java:254)
	at java.base@17.0.4.1/jdk.internal.reflect.NativeMethodAccessorImpl.invoke0(Native Method)
	at java.base@17.0.4.1/jdk.internal.reflect.NativeMethodAccessorImpl.invoke(NativeMethodAccessorImpl.java:77)
	at java.base@17.0.4.1/jdk.internal.reflect.DelegatingMethodAccessorImpl.invoke(DelegatingMethodAccessorImpl.java:43)
	at java.base@17.0.4.1/java.lang.reflect.Method.invoke(Method.java:568)
	at app//com.carrotsearch.randomizedtesting.RandomizedRunner.invoke(RandomizedRunner.java:1750)
	at app//com.carrotsearch.randomizedtesting.RandomizedRunner$8.evaluate(RandomizedRunner.java:938)
	at app//com.carrotsearch.randomizedtesting.RandomizedRunner$9.evaluate(RandomizedRunner.java:974)
	at app//com.carrotsearch.randomizedtesting.RandomizedRunner$10.evaluate(RandomizedRunner.java:988)
	at app//com.carrotsearch.randomizedtesting.rules.StatementAdapter.evaluate(StatementAdapter.java:36)
	at app//org.junit.rules.RunRules.evaluate(RunRules.java:20)
	at app//org.apache.lucene.tests.util.TestRuleSetupTeardownChained$1.evaluate(TestRuleSetupTeardownChained.java:48)
	at app//org.apache.lucene.tests.util.AbstractBeforeAfterRule$1.evaluate(AbstractBeforeAfterRule.java:43)
	at app//org.apache.lucene.tests.util.TestRuleThreadAndTestName$1.evaluate(TestRuleThreadAndTestName.java:45)
	at app//org.apache.lucene.tests.util.TestRuleIgnoreAfterMaxFailures$1.evaluate(TestRuleIgnoreAfterMaxFailures.java:60)
	at app//org.apache.lucene.tests.util.TestRuleMarkFailure$1.evaluate(TestRuleMarkFailure.java:44)
	at app//org.junit.rules.RunRules.evaluate(RunRules.java:20)
	at app//com.carrotsearch.randomizedtesting.rules.StatementAdapter.evaluate(StatementAdapter.java:36)
	at app//com.carrotsearch.randomizedtesting.ThreadLeakControl$StatementRunner.run(ThreadLeakControl.java:368)
	at app//com.carrotsearch.randomizedtesting.ThreadLeakControl.forkTimeoutingTask(ThreadLeakControl.java:817)
	at app//com.carrotsearch.randomizedtesting.ThreadLeakControl$3.evaluate(ThreadLeakControl.java:468)
	at app//com.carrotsearch.randomizedtesting.RandomizedRunner.runSingleTest(RandomizedRunner.java:947)
	at app//com.carrotsearch.randomizedtesting.RandomizedRunner$5.evaluate(RandomizedRunner.java:832)
	at app//com.carrotsearch.randomizedtesting.RandomizedRunner$6.evaluate(RandomizedRunner.java:883)
	at app//com.carrotsearch.randomizedtesting.RandomizedRunner$7.evaluate(RandomizedRunner.java:894)
	at app//org.apache.lucene.tests.util.AbstractBeforeAfterRule$1.evaluate(AbstractBeforeAfterRule.java:43)
	at app//com.carrotsearch.randomizedtesting.rules.StatementAdapter.evaluate(StatementAdapter.java:36)
	at app//org.apache.lucene.tests.util.TestRuleStoreClassName$1.evaluate(TestRuleStoreClassName.java:38)
	at app//com.carrotsearch.randomizedtesting.rules.NoShadowingOrOverridesOnMethodsRule$1.evaluate(NoShadowingOrOverridesOnMethodsRule.java:40)
	at app//com.carrotsearch.randomizedtesting.rules.NoShadowingOrOverridesOnMethodsRule$1.evaluate(NoShadowingOrOverridesOnMethodsRule.java:40)
	at app//com.carrotsearch.randomizedtesting.rules.StatementAdapter.evaluate(StatementAdapter.java:36)
	at app//com.carrotsearch.randomizedtesting.rules.StatementAdapter.evaluate(StatementAdapter.java:36)
	at app//org.apache.lucene.tests.util.TestRuleAssertionsRequired$1.evaluate(TestRuleAssertionsRequired.java:53)
	at app//org.apache.lucene.tests.util.AbstractBeforeAfterRule$1.evaluate(AbstractBeforeAfterRule.java:43)
	at app//org.apache.lucene.tests.util.TestRuleMarkFailure$1.evaluate(TestRuleMarkFailure.java:44)
	at app//org.apache.lucene.tests.util.TestRuleIgnoreAfterMaxFailures$1.evaluate(TestRuleIgnoreAfterMaxFailures.java:60)
	at app//org.apache.lucene.tests.util.TestRuleIgnoreTestSuites$1.evaluate(TestRuleIgnoreTestSuites.java:47)
	at app//org.junit.rules.RunRules.evaluate(RunRules.java:20)
	at app//com.carrotsearch.randomizedtesting.rules.StatementAdapter.evaluate(StatementAdapter.java:36)
	at app//com.carrotsearch.randomizedtesting.ThreadLeakControl$StatementRunner.run(ThreadLeakControl.java:368)
	at java.base@17.0.4.1/java.lang.Thread.run(Thread.java:833)
</failure>
  </testcase>
  <testcase name="joinWithStarHASH" classname="org.opensearch.sql.legacy.JoinIT" time="0.029">
    <failure message="org.opensearch.client.ResponseException: method [POST], host [http://127.0.0.1:49776], URI [/_plugins/_sql?format=json], status line [HTTP/1.1 400 Bad Request]&#10;{&#10;  &quot;error&quot;: {&#10;    &quot;reason&quot;: &quot;Invalid SQL query&quot;,&#10;    &quot;details&quot;: &quot;Query is unsupported in the new engine&quot;,&#10;    &quot;type&quot;: &quot;SQLFeatureDisabledException&quot;&#10;  },&#10;  &quot;status&quot;: 400&#10;}" type="org.opensearch.client.ResponseException">org.opensearch.client.ResponseException: method [POST], host [http://127.0.0.1:49776], URI [/_plugins/_sql?format=json], status line [HTTP/1.1 400 Bad Request]
{
  &quot;error&quot;: {
    &quot;reason&quot;: &quot;Invalid SQL query&quot;,
    &quot;details&quot;: &quot;Query is unsupported in the new engine&quot;,
    &quot;type&quot;: &quot;SQLFeatureDisabledException&quot;
  },
  &quot;status&quot;: 400
}
	at __randomizedtesting.SeedInfo.seed([B058E8962C1F801C:3BBA8F2582D9F0F9]:0)
	at app//org.opensearch.client.RestClient.convertResponse(RestClient.java:384)
	at app//org.opensearch.client.RestClient.performRequest(RestClient.java:354)
	at app//org.opensearch.client.RestClient.performRequest(RestClient.java:329)
	at app//org.opensearch.sql.legacy.SQLIntegTestCase.executeRequest(SQLIntegTestCase.java:327)
	at app//org.opensearch.sql.legacy.SQLIntegTestCase.executeRequest(SQLIntegTestCase.java:322)
	at app//org.opensearch.sql.legacy.SQLIntegTestCase.executeRequest(SQLIntegTestCase.java:310)
	at app//org.opensearch.sql.legacy.SQLIntegTestCase.executeQuery(SQLIntegTestCase.java:293)
	at app//org.opensearch.sql.legacy.JoinIT.joinWithStarHASH(JoinIT.java:101)
	at java.base@17.0.4.1/jdk.internal.reflect.NativeMethodAccessorImpl.invoke0(Native Method)
	at java.base@17.0.4.1/jdk.internal.reflect.NativeMethodAccessorImpl.invoke(NativeMethodAccessorImpl.java:77)
	at java.base@17.0.4.1/jdk.internal.reflect.DelegatingMethodAccessorImpl.invoke(DelegatingMethodAccessorImpl.java:43)
	at java.base@17.0.4.1/java.lang.reflect.Method.invoke(Method.java:568)
	at app//com.carrotsearch.randomizedtesting.RandomizedRunner.invoke(RandomizedRunner.java:1750)
	at app//com.carrotsearch.randomizedtesting.RandomizedRunner$8.evaluate(RandomizedRunner.java:938)
	at app//com.carrotsearch.randomizedtesting.RandomizedRunner$9.evaluate(RandomizedRunner.java:974)
	at app//com.carrotsearch.randomizedtesting.RandomizedRunner$10.evaluate(RandomizedRunner.java:988)
	at app//com.carrotsearch.randomizedtesting.rules.StatementAdapter.evaluate(StatementAdapter.java:36)
	at app//org.junit.rules.RunRules.evaluate(RunRules.java:20)
	at app//org.apache.lucene.tests.util.TestRuleSetupTeardownChained$1.evaluate(TestRuleSetupTeardownChained.java:48)
	at app//org.apache.lucene.tests.util.AbstractBeforeAfterRule$1.evaluate(AbstractBeforeAfterRule.java:43)
	at app//org.apache.lucene.tests.util.TestRuleThreadAndTestName$1.evaluate(TestRuleThreadAndTestName.java:45)
	at app//org.apache.lucene.tests.util.TestRuleIgnoreAfterMaxFailures$1.evaluate(TestRuleIgnoreAfterMaxFailures.java:60)
	at app//org.apache.lucene.tests.util.TestRuleMarkFailure$1.evaluate(TestRuleMarkFailure.java:44)
	at app//org.junit.rules.RunRules.evaluate(RunRules.java:20)
	at app//com.carrotsearch.randomizedtesting.rules.StatementAdapter.evaluate(StatementAdapter.java:36)
	at app//com.carrotsearch.randomizedtesting.ThreadLeakControl$StatementRunner.run(ThreadLeakControl.java:368)
	at app//com.carrotsearch.randomizedtesting.ThreadLeakControl.forkTimeoutingTask(ThreadLeakControl.java:817)
	at app//com.carrotsearch.randomizedtesting.ThreadLeakControl$3.evaluate(ThreadLeakControl.java:468)
	at app//com.carrotsearch.randomizedtesting.RandomizedRunner.runSingleTest(RandomizedRunner.java:947)
	at app//com.carrotsearch.randomizedtesting.RandomizedRunner$5.evaluate(RandomizedRunner.java:832)
	at app//com.carrotsearch.randomizedtesting.RandomizedRunner$6.evaluate(RandomizedRunner.java:883)
	at app//com.carrotsearch.randomizedtesting.RandomizedRunner$7.evaluate(RandomizedRunner.java:894)
	at app//org.apache.lucene.tests.util.AbstractBeforeAfterRule$1.evaluate(AbstractBeforeAfterRule.java:43)
	at app//com.carrotsearch.randomizedtesting.rules.StatementAdapter.evaluate(StatementAdapter.java:36)
	at app//org.apache.lucene.tests.util.TestRuleStoreClassName$1.evaluate(TestRuleStoreClassName.java:38)
	at app//com.carrotsearch.randomizedtesting.rules.NoShadowingOrOverridesOnMethodsRule$1.evaluate(NoShadowingOrOverridesOnMethodsRule.java:40)
	at app//com.carrotsearch.randomizedtesting.rules.NoShadowingOrOverridesOnMethodsRule$1.evaluate(NoShadowingOrOverridesOnMethodsRule.java:40)
	at app//com.carrotsearch.randomizedtesting.rules.StatementAdapter.evaluate(StatementAdapter.java:36)
	at app//com.carrotsearch.randomizedtesting.rules.StatementAdapter.evaluate(StatementAdapter.java:36)
	at app//org.apache.lucene.tests.util.TestRuleAssertionsRequired$1.evaluate(TestRuleAssertionsRequired.java:53)
	at app//org.apache.lucene.tests.util.AbstractBeforeAfterRule$1.evaluate(AbstractBeforeAfterRule.java:43)
	at app//org.apache.lucene.tests.util.TestRuleMarkFailure$1.evaluate(TestRuleMarkFailure.java:44)
	at app//org.apache.lucene.tests.util.TestRuleIgnoreAfterMaxFailures$1.evaluate(TestRuleIgnoreAfterMaxFailures.java:60)
	at app//org.apache.lucene.tests.util.TestRuleIgnoreTestSuites$1.evaluate(TestRuleIgnoreTestSuites.java:47)
	at app//org.junit.rules.RunRules.evaluate(RunRules.java:20)
	at app//com.carrotsearch.randomizedtesting.rules.StatementAdapter.evaluate(StatementAdapter.java:36)
	at app//com.carrotsearch.randomizedtesting.ThreadLeakControl$StatementRunner.run(ThreadLeakControl.java:368)
	at java.base@17.0.4.1/java.lang.Thread.run(Thread.java:833)
</failure>
  </testcase>
  <testcase name="leftJoinNLWithNullInCondition2" classname="org.opensearch.sql.legacy.JoinIT" time="0.032">
    <failure message="org.opensearch.client.ResponseException: method [POST], host [http://127.0.0.1:49776], URI [/_plugins/_sql?format=json], status line [HTTP/1.1 400 Bad Request]&#10;{&#10;  &quot;error&quot;: {&#10;    &quot;reason&quot;: &quot;Invalid SQL query&quot;,&#10;    &quot;details&quot;: &quot;Query is unsupported in the new engine&quot;,&#10;    &quot;type&quot;: &quot;SQLFeatureDisabledException&quot;&#10;  },&#10;  &quot;status&quot;: 400&#10;}" type="org.opensearch.client.ResponseException">org.opensearch.client.ResponseException: method [POST], host [http://127.0.0.1:49776], URI [/_plugins/_sql?format=json], status line [HTTP/1.1 400 Bad Request]
{
  &quot;error&quot;: {
    &quot;reason&quot;: &quot;Invalid SQL query&quot;,
    &quot;details&quot;: &quot;Query is unsupported in the new engine&quot;,
    &quot;type&quot;: &quot;SQLFeatureDisabledException&quot;
  },
  &quot;status&quot;: 400
}
	at __randomizedtesting.SeedInfo.seed([B058E8962C1F801C:D530A2ED18CD29E4]:0)
	at app//org.opensearch.client.RestClient.convertResponse(RestClient.java:384)
	at app//org.opensearch.client.RestClient.performRequest(RestClient.java:354)
	at app//org.opensearch.client.RestClient.performRequest(RestClient.java:329)
	at app//org.opensearch.sql.legacy.SQLIntegTestCase.executeRequest(SQLIntegTestCase.java:327)
	at app//org.opensearch.sql.legacy.SQLIntegTestCase.executeRequest(SQLIntegTestCase.java:322)
	at app//org.opensearch.sql.legacy.SQLIntegTestCase.executeRequest(SQLIntegTestCase.java:310)
	at app//org.opensearch.sql.legacy.SQLIntegTestCase.executeQuery(SQLIntegTestCase.java:293)
	at app//org.opensearch.sql.legacy.JoinIT.joinWithNullInCondition(JoinIT.java:945)
	at app//org.opensearch.sql.legacy.JoinIT.leftJoinNLWithNullInCondition2(JoinIT.java:483)
	at java.base@17.0.4.1/jdk.internal.reflect.NativeMethodAccessorImpl.invoke0(Native Method)
	at java.base@17.0.4.1/jdk.internal.reflect.NativeMethodAccessorImpl.invoke(NativeMethodAccessorImpl.java:77)
	at java.base@17.0.4.1/jdk.internal.reflect.DelegatingMethodAccessorImpl.invoke(DelegatingMethodAccessorImpl.java:43)
	at java.base@17.0.4.1/java.lang.reflect.Method.invoke(Method.java:568)
	at app//com.carrotsearch.randomizedtesting.RandomizedRunner.invoke(RandomizedRunner.java:1750)
	at app//com.carrotsearch.randomizedtesting.RandomizedRunner$8.evaluate(RandomizedRunner.java:938)
	at app//com.carrotsearch.randomizedtesting.RandomizedRunner$9.evaluate(RandomizedRunner.java:974)
	at app//com.carrotsearch.randomizedtesting.RandomizedRunner$10.evaluate(RandomizedRunner.java:988)
	at app//com.carrotsearch.randomizedtesting.rules.StatementAdapter.evaluate(StatementAdapter.java:36)
	at app//org.junit.rules.RunRules.evaluate(RunRules.java:20)
	at app//org.apache.lucene.tests.util.TestRuleSetupTeardownChained$1.evaluate(TestRuleSetupTeardownChained.java:48)
	at app//org.apache.lucene.tests.util.AbstractBeforeAfterRule$1.evaluate(AbstractBeforeAfterRule.java:43)
	at app//org.apache.lucene.tests.util.TestRuleThreadAndTestName$1.evaluate(TestRuleThreadAndTestName.java:45)
	at app//org.apache.lucene.tests.util.TestRuleIgnoreAfterMaxFailures$1.evaluate(TestRuleIgnoreAfterMaxFailures.java:60)
	at app//org.apache.lucene.tests.util.TestRuleMarkFailure$1.evaluate(TestRuleMarkFailure.java:44)
	at app//org.junit.rules.RunRules.evaluate(RunRules.java:20)
	at app//com.carrotsearch.randomizedtesting.rules.StatementAdapter.evaluate(StatementAdapter.java:36)
	at app//com.carrotsearch.randomizedtesting.ThreadLeakControl$StatementRunner.run(ThreadLeakControl.java:368)
	at app//com.carrotsearch.randomizedtesting.ThreadLeakControl.forkTimeoutingTask(ThreadLeakControl.java:817)
	at app//com.carrotsearch.randomizedtesting.ThreadLeakControl$3.evaluate(ThreadLeakControl.java:468)
	at app//com.carrotsearch.randomizedtesting.RandomizedRunner.runSingleTest(RandomizedRunner.java:947)
	at app//com.carrotsearch.randomizedtesting.RandomizedRunner$5.evaluate(RandomizedRunner.java:832)
	at app//com.carrotsearch.randomizedtesting.RandomizedRunner$6.evaluate(RandomizedRunner.java:883)
	at app//com.carrotsearch.randomizedtesting.RandomizedRunner$7.evaluate(RandomizedRunner.java:894)
	at app//org.apache.lucene.tests.util.AbstractBeforeAfterRule$1.evaluate(AbstractBeforeAfterRule.java:43)
	at app//com.carrotsearch.randomizedtesting.rules.StatementAdapter.evaluate(StatementAdapter.java:36)
	at app//org.apache.lucene.tests.util.TestRuleStoreClassName$1.evaluate(TestRuleStoreClassName.java:38)
	at app//com.carrotsearch.randomizedtesting.rules.NoShadowingOrOverridesOnMethodsRule$1.evaluate(NoShadowingOrOverridesOnMethodsRule.java:40)
	at app//com.carrotsearch.randomizedtesting.rules.NoShadowingOrOverridesOnMethodsRule$1.evaluate(NoShadowingOrOverridesOnMethodsRule.java:40)
	at app//com.carrotsearch.randomizedtesting.rules.StatementAdapter.evaluate(StatementAdapter.java:36)
	at app//com.carrotsearch.randomizedtesting.rules.StatementAdapter.evaluate(StatementAdapter.java:36)
	at app//org.apache.lucene.tests.util.TestRuleAssertionsRequired$1.evaluate(TestRuleAssertionsRequired.java:53)
	at app//org.apache.lucene.tests.util.AbstractBeforeAfterRule$1.evaluate(AbstractBeforeAfterRule.java:43)
	at app//org.apache.lucene.tests.util.TestRuleMarkFailure$1.evaluate(TestRuleMarkFailure.java:44)
	at app//org.apache.lucene.tests.util.TestRuleIgnoreAfterMaxFailures$1.evaluate(TestRuleIgnoreAfterMaxFailures.java:60)
	at app//org.apache.lucene.tests.util.TestRuleIgnoreTestSuites$1.evaluate(TestRuleIgnoreTestSuites.java:47)
	at app//org.junit.rules.RunRules.evaluate(RunRules.java:20)
	at app//com.carrotsearch.randomizedtesting.rules.StatementAdapter.evaluate(StatementAdapter.java:36)
	at app//com.carrotsearch.randomizedtesting.ThreadLeakControl$StatementRunner.run(ThreadLeakControl.java:368)
	at java.base@17.0.4.1/java.lang.Thread.run(Thread.java:833)
</failure>
  </testcase>
  <testcase name="leftJoinNLWithNullInCondition" classname="org.opensearch.sql.legacy.JoinIT" time="0.03">
    <failure message="org.opensearch.client.ResponseException: method [POST], host [http://127.0.0.1:49776], URI [/_plugins/_sql?format=json], status line [HTTP/1.1 400 Bad Request]&#10;{&#10;  &quot;error&quot;: {&#10;    &quot;reason&quot;: &quot;Invalid SQL query&quot;,&#10;    &quot;details&quot;: &quot;Query is unsupported in the new engine&quot;,&#10;    &quot;type&quot;: &quot;SQLFeatureDisabledException&quot;&#10;  },&#10;  &quot;status&quot;: 400&#10;}" type="org.opensearch.client.ResponseException">org.opensearch.client.ResponseException: method [POST], host [http://127.0.0.1:49776], URI [/_plugins/_sql?format=json], status line [HTTP/1.1 400 Bad Request]
{
  &quot;error&quot;: {
    &quot;reason&quot;: &quot;Invalid SQL query&quot;,
    &quot;details&quot;: &quot;Query is unsupported in the new engine&quot;,
    &quot;type&quot;: &quot;SQLFeatureDisabledException&quot;
  },
  &quot;status&quot;: 400
}
	at __randomizedtesting.SeedInfo.seed([B058E8962C1F801C:407AAB59131A2C3F]:0)
	at app//org.opensearch.client.RestClient.convertResponse(RestClient.java:384)
	at app//org.opensearch.client.RestClient.performRequest(RestClient.java:354)
	at app//org.opensearch.client.RestClient.performRequest(RestClient.java:329)
	at app//org.opensearch.sql.legacy.SQLIntegTestCase.executeRequest(SQLIntegTestCase.java:327)
	at app//org.opensearch.sql.legacy.SQLIntegTestCase.executeRequest(SQLIntegTestCase.java:322)
	at app//org.opensearch.sql.legacy.SQLIntegTestCase.executeRequest(SQLIntegTestCase.java:310)
	at app//org.opensearch.sql.legacy.SQLIntegTestCase.executeQuery(SQLIntegTestCase.java:293)
	at app//org.opensearch.sql.legacy.JoinIT.joinWithNullInCondition(JoinIT.java:945)
	at app//org.opensearch.sql.legacy.JoinIT.leftJoinNLWithNullInCondition(JoinIT.java:471)
	at java.base@17.0.4.1/jdk.internal.reflect.NativeMethodAccessorImpl.invoke0(Native Method)
	at java.base@17.0.4.1/jdk.internal.reflect.NativeMethodAccessorImpl.invoke(NativeMethodAccessorImpl.java:77)
	at java.base@17.0.4.1/jdk.internal.reflect.DelegatingMethodAccessorImpl.invoke(DelegatingMethodAccessorImpl.java:43)
	at java.base@17.0.4.1/java.lang.reflect.Method.invoke(Method.java:568)
	at app//com.carrotsearch.randomizedtesting.RandomizedRunner.invoke(RandomizedRunner.java:1750)
	at app//com.carrotsearch.randomizedtesting.RandomizedRunner$8.evaluate(RandomizedRunner.java:938)
	at app//com.carrotsearch.randomizedtesting.RandomizedRunner$9.evaluate(RandomizedRunner.java:974)
	at app//com.carrotsearch.randomizedtesting.RandomizedRunner$10.evaluate(RandomizedRunner.java:988)
	at app//com.carrotsearch.randomizedtesting.rules.StatementAdapter.evaluate(StatementAdapter.java:36)
	at app//org.junit.rules.RunRules.evaluate(RunRules.java:20)
	at app//org.apache.lucene.tests.util.TestRuleSetupTeardownChained$1.evaluate(TestRuleSetupTeardownChained.java:48)
	at app//org.apache.lucene.tests.util.AbstractBeforeAfterRule$1.evaluate(AbstractBeforeAfterRule.java:43)
	at app//org.apache.lucene.tests.util.TestRuleThreadAndTestName$1.evaluate(TestRuleThreadAndTestName.java:45)
	at app//org.apache.lucene.tests.util.TestRuleIgnoreAfterMaxFailures$1.evaluate(TestRuleIgnoreAfterMaxFailures.java:60)
	at app//org.apache.lucene.tests.util.TestRuleMarkFailure$1.evaluate(TestRuleMarkFailure.java:44)
	at app//org.junit.rules.RunRules.evaluate(RunRules.java:20)
	at app//com.carrotsearch.randomizedtesting.rules.StatementAdapter.evaluate(StatementAdapter.java:36)
	at app//com.carrotsearch.randomizedtesting.ThreadLeakControl$StatementRunner.run(ThreadLeakControl.java:368)
	at app//com.carrotsearch.randomizedtesting.ThreadLeakControl.forkTimeoutingTask(ThreadLeakControl.java:817)
	at app//com.carrotsearch.randomizedtesting.ThreadLeakControl$3.evaluate(ThreadLeakControl.java:468)
	at app//com.carrotsearch.randomizedtesting.RandomizedRunner.runSingleTest(RandomizedRunner.java:947)
	at app//com.carrotsearch.randomizedtesting.RandomizedRunner$5.evaluate(RandomizedRunner.java:832)
	at app//com.carrotsearch.randomizedtesting.RandomizedRunner$6.evaluate(RandomizedRunner.java:883)
	at app//com.carrotsearch.randomizedtesting.RandomizedRunner$7.evaluate(RandomizedRunner.java:894)
	at app//org.apache.lucene.tests.util.AbstractBeforeAfterRule$1.evaluate(AbstractBeforeAfterRule.java:43)
	at app//com.carrotsearch.randomizedtesting.rules.StatementAdapter.evaluate(StatementAdapter.java:36)
	at app//org.apache.lucene.tests.util.TestRuleStoreClassName$1.evaluate(TestRuleStoreClassName.java:38)
	at app//com.carrotsearch.randomizedtesting.rules.NoShadowingOrOverridesOnMethodsRule$1.evaluate(NoShadowingOrOverridesOnMethodsRule.java:40)
	at app//com.carrotsearch.randomizedtesting.rules.NoShadowingOrOverridesOnMethodsRule$1.evaluate(NoShadowingOrOverridesOnMethodsRule.java:40)
	at app//com.carrotsearch.randomizedtesting.rules.StatementAdapter.evaluate(StatementAdapter.java:36)
	at app//com.carrotsearch.randomizedtesting.rules.StatementAdapter.evaluate(StatementAdapter.java:36)
	at app//org.apache.lucene.tests.util.TestRuleAssertionsRequired$1.evaluate(TestRuleAssertionsRequired.java:53)
	at app//org.apache.lucene.tests.util.AbstractBeforeAfterRule$1.evaluate(AbstractBeforeAfterRule.java:43)
	at app//org.apache.lucene.tests.util.TestRuleMarkFailure$1.evaluate(TestRuleMarkFailure.java:44)
	at app//org.apache.lucene.tests.util.TestRuleIgnoreAfterMaxFailures$1.evaluate(TestRuleIgnoreAfterMaxFailures.java:60)
	at app//org.apache.lucene.tests.util.TestRuleIgnoreTestSuites$1.evaluate(TestRuleIgnoreTestSuites.java:47)
	at app//org.junit.rules.RunRules.evaluate(RunRules.java:20)
	at app//com.carrotsearch.randomizedtesting.rules.StatementAdapter.evaluate(StatementAdapter.java:36)
	at app//com.carrotsearch.randomizedtesting.ThreadLeakControl$StatementRunner.run(ThreadLeakControl.java:368)
	at java.base@17.0.4.1/java.lang.Thread.run(Thread.java:833)
</failure>
  </testcase>
  <testcase name="joinParseCheckSelectedFieldsSplitHASH" classname="org.opensearch.sql.legacy.JoinIT" time="0.03">
    <failure message="org.opensearch.client.ResponseException: method [POST], host [http://127.0.0.1:49776], URI [/_plugins/_sql?format=json], status line [HTTP/1.1 400 Bad Request]&#10;{&#10;  &quot;error&quot;: {&#10;    &quot;reason&quot;: &quot;Invalid SQL query&quot;,&#10;    &quot;details&quot;: &quot;Query is unsupported in the new engine&quot;,&#10;    &quot;type&quot;: &quot;SQLFeatureDisabledException&quot;&#10;  },&#10;  &quot;status&quot;: 400&#10;}" type="org.opensearch.client.ResponseException">org.opensearch.client.ResponseException: method [POST], host [http://127.0.0.1:49776], URI [/_plugins/_sql?format=json], status line [HTTP/1.1 400 Bad Request]
{
  &quot;error&quot;: {
    &quot;reason&quot;: &quot;Invalid SQL query&quot;,
    &quot;details&quot;: &quot;Query is unsupported in the new engine&quot;,
    &quot;type&quot;: &quot;SQLFeatureDisabledException&quot;
  },
  &quot;status&quot;: 400
}
	at __randomizedtesting.SeedInfo.seed([B058E8962C1F801C:C7D9D1EFDA2DB4CE]:0)
	at app//org.opensearch.client.RestClient.convertResponse(RestClient.java:384)
	at app//org.opensearch.client.RestClient.performRequest(RestClient.java:354)
	at app//org.opensearch.client.RestClient.performRequest(RestClient.java:329)
	at app//org.opensearch.sql.legacy.SQLIntegTestCase.executeRequest(SQLIntegTestCase.java:327)
	at app//org.opensearch.sql.legacy.SQLIntegTestCase.executeRequest(SQLIntegTestCase.java:322)
	at app//org.opensearch.sql.legacy.SQLIntegTestCase.executeRequest(SQLIntegTestCase.java:310)
	at app//org.opensearch.sql.legacy.SQLIntegTestCase.executeQuery(SQLIntegTestCase.java:293)
	at app//org.opensearch.sql.legacy.JoinIT.joinParseCheckSelectedFieldsSplit(JoinIT.java:581)
	at app//org.opensearch.sql.legacy.JoinIT.joinParseCheckSelectedFieldsSplitHASH(JoinIT.java:54)
	at java.base@17.0.4.1/jdk.internal.reflect.NativeMethodAccessorImpl.invoke0(Native Method)
	at java.base@17.0.4.1/jdk.internal.reflect.NativeMethodAccessorImpl.invoke(NativeMethodAccessorImpl.java:77)
	at java.base@17.0.4.1/jdk.internal.reflect.DelegatingMethodAccessorImpl.invoke(DelegatingMethodAccessorImpl.java:43)
	at java.base@17.0.4.1/java.lang.reflect.Method.invoke(Method.java:568)
	at app//com.carrotsearch.randomizedtesting.RandomizedRunner.invoke(RandomizedRunner.java:1750)
	at app//com.carrotsearch.randomizedtesting.RandomizedRunner$8.evaluate(RandomizedRunner.java:938)
	at app//com.carrotsearch.randomizedtesting.RandomizedRunner$9.evaluate(RandomizedRunner.java:974)
	at app//com.carrotsearch.randomizedtesting.RandomizedRunner$10.evaluate(RandomizedRunner.java:988)
	at app//com.carrotsearch.randomizedtesting.rules.StatementAdapter.evaluate(StatementAdapter.java:36)
	at app//org.junit.rules.RunRules.evaluate(RunRules.java:20)
	at app//org.apache.lucene.tests.util.TestRuleSetupTeardownChained$1.evaluate(TestRuleSetupTeardownChained.java:48)
	at app//org.apache.lucene.tests.util.AbstractBeforeAfterRule$1.evaluate(AbstractBeforeAfterRule.java:43)
	at app//org.apache.lucene.tests.util.TestRuleThreadAndTestName$1.evaluate(TestRuleThreadAndTestName.java:45)
	at app//org.apache.lucene.tests.util.TestRuleIgnoreAfterMaxFailures$1.evaluate(TestRuleIgnoreAfterMaxFailures.java:60)
	at app//org.apache.lucene.tests.util.TestRuleMarkFailure$1.evaluate(TestRuleMarkFailure.java:44)
	at app//org.junit.rules.RunRules.evaluate(RunRules.java:20)
	at app//com.carrotsearch.randomizedtesting.rules.StatementAdapter.evaluate(StatementAdapter.java:36)
	at app//com.carrotsearch.randomizedtesting.ThreadLeakControl$StatementRunner.run(ThreadLeakControl.java:368)
	at app//com.carrotsearch.randomizedtesting.ThreadLeakControl.forkTimeoutingTask(ThreadLeakControl.java:817)
	at app//com.carrotsearch.randomizedtesting.ThreadLeakControl$3.evaluate(ThreadLeakControl.java:468)
	at app//com.carrotsearch.randomizedtesting.RandomizedRunner.runSingleTest(RandomizedRunner.java:947)
	at app//com.carrotsearch.randomizedtesting.RandomizedRunner$5.evaluate(RandomizedRunner.java:832)
	at app//com.carrotsearch.randomizedtesting.RandomizedRunner$6.evaluate(RandomizedRunner.java:883)
	at app//com.carrotsearch.randomizedtesting.RandomizedRunner$7.evaluate(RandomizedRunner.java:894)
	at app//org.apache.lucene.tests.util.AbstractBeforeAfterRule$1.evaluate(AbstractBeforeAfterRule.java:43)
	at app//com.carrotsearch.randomizedtesting.rules.StatementAdapter.evaluate(StatementAdapter.java:36)
	at app//org.apache.lucene.tests.util.TestRuleStoreClassName$1.evaluate(TestRuleStoreClassName.java:38)
	at app//com.carrotsearch.randomizedtesting.rules.NoShadowingOrOverridesOnMethodsRule$1.evaluate(NoShadowingOrOverridesOnMethodsRule.java:40)
	at app//com.carrotsearch.randomizedtesting.rules.NoShadowingOrOverridesOnMethodsRule$1.evaluate(NoShadowingOrOverridesOnMethodsRule.java:40)
	at app//com.carrotsearch.randomizedtesting.rules.StatementAdapter.evaluate(StatementAdapter.java:36)
	at app//com.carrotsearch.randomizedtesting.rules.StatementAdapter.evaluate(StatementAdapter.java:36)
	at app//org.apache.lucene.tests.util.TestRuleAssertionsRequired$1.evaluate(TestRuleAssertionsRequired.java:53)
	at app//org.apache.lucene.tests.util.AbstractBeforeAfterRule$1.evaluate(AbstractBeforeAfterRule.java:43)
	at app//org.apache.lucene.tests.util.TestRuleMarkFailure$1.evaluate(TestRuleMarkFailure.java:44)
	at app//org.apache.lucene.tests.util.TestRuleIgnoreAfterMaxFailures$1.evaluate(TestRuleIgnoreAfterMaxFailures.java:60)
	at app//org.apache.lucene.tests.util.TestRuleIgnoreTestSuites$1.evaluate(TestRuleIgnoreTestSuites.java:47)
	at app//org.junit.rules.RunRules.evaluate(RunRules.java:20)
	at app//com.carrotsearch.randomizedtesting.rules.StatementAdapter.evaluate(StatementAdapter.java:36)
	at app//com.carrotsearch.randomizedtesting.ThreadLeakControl$StatementRunner.run(ThreadLeakControl.java:368)
	at java.base@17.0.4.1/java.lang.Thread.run(Thread.java:833)
</failure>
  </testcase>
  <testcase name="hintLimits_firstLimitSecondNullHASH" classname="org.opensearch.sql.legacy.JoinIT" time="0.036">
    <failure message="org.opensearch.client.ResponseException: method [POST], host [http://127.0.0.1:49776], URI [/_plugins/_sql?format=json], status line [HTTP/1.1 400 Bad Request]&#10;{&#10;  &quot;error&quot;: {&#10;    &quot;reason&quot;: &quot;Invalid SQL query&quot;,&#10;    &quot;details&quot;: &quot;Query is unsupported in the new engine&quot;,&#10;    &quot;type&quot;: &quot;SQLFeatureDisabledException&quot;&#10;  },&#10;  &quot;status&quot;: 400&#10;}" type="org.opensearch.client.ResponseException">org.opensearch.client.ResponseException: method [POST], host [http://127.0.0.1:49776], URI [/_plugins/_sql?format=json], status line [HTTP/1.1 400 Bad Request]
{
  &quot;error&quot;: {
    &quot;reason&quot;: &quot;Invalid SQL query&quot;,
    &quot;details&quot;: &quot;Query is unsupported in the new engine&quot;,
    &quot;type&quot;: &quot;SQLFeatureDisabledException&quot;
  },
  &quot;status&quot;: 400
}
	at __randomizedtesting.SeedInfo.seed([B058E8962C1F801C:58947D85FE3D3D89]:0)
	at app//org.opensearch.client.RestClient.convertResponse(RestClient.java:384)
	at app//org.opensearch.client.RestClient.performRequest(RestClient.java:354)
	at app//org.opensearch.client.RestClient.performRequest(RestClient.java:329)
	at app//org.opensearch.sql.legacy.SQLIntegTestCase.executeRequest(SQLIntegTestCase.java:327)
	at app//org.opensearch.sql.legacy.SQLIntegTestCase.executeRequest(SQLIntegTestCase.java:322)
	at app//org.opensearch.sql.legacy.SQLIntegTestCase.executeRequest(SQLIntegTestCase.java:310)
	at app//org.opensearch.sql.legacy.SQLIntegTestCase.executeQuery(SQLIntegTestCase.java:293)
	at app//org.opensearch.sql.legacy.JoinIT.hintLimits_firstLimitSecondNull(JoinIT.java:813)
	at app//org.opensearch.sql.legacy.JoinIT.hintLimits_firstLimitSecondNullHASH(JoinIT.java:210)
	at java.base@17.0.4.1/jdk.internal.reflect.NativeMethodAccessorImpl.invoke0(Native Method)
	at java.base@17.0.4.1/jdk.internal.reflect.NativeMethodAccessorImpl.invoke(NativeMethodAccessorImpl.java:77)
	at java.base@17.0.4.1/jdk.internal.reflect.DelegatingMethodAccessorImpl.invoke(DelegatingMethodAccessorImpl.java:43)
	at java.base@17.0.4.1/java.lang.reflect.Method.invoke(Method.java:568)
	at app//com.carrotsearch.randomizedtesting.RandomizedRunner.invoke(RandomizedRunner.java:1750)
	at app//com.carrotsearch.randomizedtesting.RandomizedRunner$8.evaluate(RandomizedRunner.java:938)
	at app//com.carrotsearch.randomizedtesting.RandomizedRunner$9.evaluate(RandomizedRunner.java:974)
	at app//com.carrotsearch.randomizedtesting.RandomizedRunner$10.evaluate(RandomizedRunner.java:988)
	at app//com.carrotsearch.randomizedtesting.rules.StatementAdapter.evaluate(StatementAdapter.java:36)
	at app//org.junit.rules.RunRules.evaluate(RunRules.java:20)
	at app//org.apache.lucene.tests.util.TestRuleSetupTeardownChained$1.evaluate(TestRuleSetupTeardownChained.java:48)
	at app//org.apache.lucene.tests.util.AbstractBeforeAfterRule$1.evaluate(AbstractBeforeAfterRule.java:43)
	at app//org.apache.lucene.tests.util.TestRuleThreadAndTestName$1.evaluate(TestRuleThreadAndTestName.java:45)
	at app//org.apache.lucene.tests.util.TestRuleIgnoreAfterMaxFailures$1.evaluate(TestRuleIgnoreAfterMaxFailures.java:60)
	at app//org.apache.lucene.tests.util.TestRuleMarkFailure$1.evaluate(TestRuleMarkFailure.java:44)
	at app//org.junit.rules.RunRules.evaluate(RunRules.java:20)
	at app//com.carrotsearch.randomizedtesting.rules.StatementAdapter.evaluate(StatementAdapter.java:36)
	at app//com.carrotsearch.randomizedtesting.ThreadLeakControl$StatementRunner.run(ThreadLeakControl.java:368)
	at app//com.carrotsearch.randomizedtesting.ThreadLeakControl.forkTimeoutingTask(ThreadLeakControl.java:817)
	at app//com.carrotsearch.randomizedtesting.ThreadLeakControl$3.evaluate(ThreadLeakControl.java:468)
	at app//com.carrotsearch.randomizedtesting.RandomizedRunner.runSingleTest(RandomizedRunner.java:947)
	at app//com.carrotsearch.randomizedtesting.RandomizedRunner$5.evaluate(RandomizedRunner.java:832)
	at app//com.carrotsearch.randomizedtesting.RandomizedRunner$6.evaluate(RandomizedRunner.java:883)
	at app//com.carrotsearch.randomizedtesting.RandomizedRunner$7.evaluate(RandomizedRunner.java:894)
	at app//org.apache.lucene.tests.util.AbstractBeforeAfterRule$1.evaluate(AbstractBeforeAfterRule.java:43)
	at app//com.carrotsearch.randomizedtesting.rules.StatementAdapter.evaluate(StatementAdapter.java:36)
	at app//org.apache.lucene.tests.util.TestRuleStoreClassName$1.evaluate(TestRuleStoreClassName.java:38)
	at app//com.carrotsearch.randomizedtesting.rules.NoShadowingOrOverridesOnMethodsRule$1.evaluate(NoShadowingOrOverridesOnMethodsRule.java:40)
	at app//com.carrotsearch.randomizedtesting.rules.NoShadowingOrOverridesOnMethodsRule$1.evaluate(NoShadowingOrOverridesOnMethodsRule.java:40)
	at app//com.carrotsearch.randomizedtesting.rules.StatementAdapter.evaluate(StatementAdapter.java:36)
	at app//com.carrotsearch.randomizedtesting.rules.StatementAdapter.evaluate(StatementAdapter.java:36)
	at app//org.apache.lucene.tests.util.TestRuleAssertionsRequired$1.evaluate(TestRuleAssertionsRequired.java:53)
	at app//org.apache.lucene.tests.util.AbstractBeforeAfterRule$1.evaluate(AbstractBeforeAfterRule.java:43)
	at app//org.apache.lucene.tests.util.TestRuleMarkFailure$1.evaluate(TestRuleMarkFailure.java:44)
	at app//org.apache.lucene.tests.util.TestRuleIgnoreAfterMaxFailures$1.evaluate(TestRuleIgnoreAfterMaxFailures.java:60)
	at app//org.apache.lucene.tests.util.TestRuleIgnoreTestSuites$1.evaluate(TestRuleIgnoreTestSuites.java:47)
	at app//org.junit.rules.RunRules.evaluate(RunRules.java:20)
	at app//com.carrotsearch.randomizedtesting.rules.StatementAdapter.evaluate(StatementAdapter.java:36)
	at app//com.carrotsearch.randomizedtesting.ThreadLeakControl$StatementRunner.run(ThreadLeakControl.java:368)
	at java.base@17.0.4.1/java.lang.Thread.run(Thread.java:833)
</failure>
  </testcase>
  <testcase name="joinWithInQuery" classname="org.opensearch.sql.legacy.JoinIT" time="0.0">
    <skipped/>
  </testcase>
  <testcase name="joinWithNestedFieldsOnComparisonAndOnReturnHASH" classname="org.opensearch.sql.legacy.JoinIT" time="0.032">
    <failure message="org.opensearch.client.ResponseException: method [POST], host [http://127.0.0.1:49776], URI [/_plugins/_sql?format=json], status line [HTTP/1.1 400 Bad Request]&#10;{&#10;  &quot;error&quot;: {&#10;    &quot;reason&quot;: &quot;Invalid SQL query&quot;,&#10;    &quot;details&quot;: &quot;Query is unsupported in the new engine&quot;,&#10;    &quot;type&quot;: &quot;SQLFeatureDisabledException&quot;&#10;  },&#10;  &quot;status&quot;: 400&#10;}" type="org.opensearch.client.ResponseException">org.opensearch.client.ResponseException: method [POST], host [http://127.0.0.1:49776], URI [/_plugins/_sql?format=json], status line [HTTP/1.1 400 Bad Request]
{
  &quot;error&quot;: {
    &quot;reason&quot;: &quot;Invalid SQL query&quot;,
    &quot;details&quot;: &quot;Query is unsupported in the new engine&quot;,
    &quot;type&quot;: &quot;SQLFeatureDisabledException&quot;
  },
  &quot;status&quot;: 400
}
	at __randomizedtesting.SeedInfo.seed([B058E8962C1F801C:B65AE00DABE56FAF]:0)
	at app//org.opensearch.client.RestClient.convertResponse(RestClient.java:384)
	at app//org.opensearch.client.RestClient.performRequest(RestClient.java:354)
	at app//org.opensearch.client.RestClient.performRequest(RestClient.java:329)
	at app//org.opensearch.sql.legacy.SQLIntegTestCase.executeRequest(SQLIntegTestCase.java:327)
	at app//org.opensearch.sql.legacy.SQLIntegTestCase.executeRequest(SQLIntegTestCase.java:322)
	at app//org.opensearch.sql.legacy.SQLIntegTestCase.executeRequest(SQLIntegTestCase.java:310)
	at app//org.opensearch.sql.legacy.SQLIntegTestCase.executeQuery(SQLIntegTestCase.java:293)
	at app//org.opensearch.sql.legacy.JoinIT.joinWithNestedFieldsOnComparisonAndOnReturn(JoinIT.java:757)
	at app//org.opensearch.sql.legacy.JoinIT.joinWithNestedFieldsOnComparisonAndOnReturnHASH(JoinIT.java:186)
	at java.base@17.0.4.1/jdk.internal.reflect.NativeMethodAccessorImpl.invoke0(Native Method)
	at java.base@17.0.4.1/jdk.internal.reflect.NativeMethodAccessorImpl.invoke(NativeMethodAccessorImpl.java:77)
	at java.base@17.0.4.1/jdk.internal.reflect.DelegatingMethodAccessorImpl.invoke(DelegatingMethodAccessorImpl.java:43)
	at java.base@17.0.4.1/java.lang.reflect.Method.invoke(Method.java:568)
	at app//com.carrotsearch.randomizedtesting.RandomizedRunner.invoke(RandomizedRunner.java:1750)
	at app//com.carrotsearch.randomizedtesting.RandomizedRunner$8.evaluate(RandomizedRunner.java:938)
	at app//com.carrotsearch.randomizedtesting.RandomizedRunner$9.evaluate(RandomizedRunner.java:974)
	at app//com.carrotsearch.randomizedtesting.RandomizedRunner$10.evaluate(RandomizedRunner.java:988)
	at app//com.carrotsearch.randomizedtesting.rules.StatementAdapter.evaluate(StatementAdapter.java:36)
	at app//org.junit.rules.RunRules.evaluate(RunRules.java:20)
	at app//org.apache.lucene.tests.util.TestRuleSetupTeardownChained$1.evaluate(TestRuleSetupTeardownChained.java:48)
	at app//org.apache.lucene.tests.util.AbstractBeforeAfterRule$1.evaluate(AbstractBeforeAfterRule.java:43)
	at app//org.apache.lucene.tests.util.TestRuleThreadAndTestName$1.evaluate(TestRuleThreadAndTestName.java:45)
	at app//org.apache.lucene.tests.util.TestRuleIgnoreAfterMaxFailures$1.evaluate(TestRuleIgnoreAfterMaxFailures.java:60)
	at app//org.apache.lucene.tests.util.TestRuleMarkFailure$1.evaluate(TestRuleMarkFailure.java:44)
	at app//org.junit.rules.RunRules.evaluate(RunRules.java:20)
	at app//com.carrotsearch.randomizedtesting.rules.StatementAdapter.evaluate(StatementAdapter.java:36)
	at app//com.carrotsearch.randomizedtesting.ThreadLeakControl$StatementRunner.run(ThreadLeakControl.java:368)
	at app//com.carrotsearch.randomizedtesting.ThreadLeakControl.forkTimeoutingTask(ThreadLeakControl.java:817)
	at app//com.carrotsearch.randomizedtesting.ThreadLeakControl$3.evaluate(ThreadLeakControl.java:468)
	at app//com.carrotsearch.randomizedtesting.RandomizedRunner.runSingleTest(RandomizedRunner.java:947)
	at app//com.carrotsearch.randomizedtesting.RandomizedRunner$5.evaluate(RandomizedRunner.java:832)
	at app//com.carrotsearch.randomizedtesting.RandomizedRunner$6.evaluate(RandomizedRunner.java:883)
	at app//com.carrotsearch.randomizedtesting.RandomizedRunner$7.evaluate(RandomizedRunner.java:894)
	at app//org.apache.lucene.tests.util.AbstractBeforeAfterRule$1.evaluate(AbstractBeforeAfterRule.java:43)
	at app//com.carrotsearch.randomizedtesting.rules.StatementAdapter.evaluate(StatementAdapter.java:36)
	at app//org.apache.lucene.tests.util.TestRuleStoreClassName$1.evaluate(TestRuleStoreClassName.java:38)
	at app//com.carrotsearch.randomizedtesting.rules.NoShadowingOrOverridesOnMethodsRule$1.evaluate(NoShadowingOrOverridesOnMethodsRule.java:40)
	at app//com.carrotsearch.randomizedtesting.rules.NoShadowingOrOverridesOnMethodsRule$1.evaluate(NoShadowingOrOverridesOnMethodsRule.java:40)
	at app//com.carrotsearch.randomizedtesting.rules.StatementAdapter.evaluate(StatementAdapter.java:36)
	at app//com.carrotsearch.randomizedtesting.rules.StatementAdapter.evaluate(StatementAdapter.java:36)
	at app//org.apache.lucene.tests.util.TestRuleAssertionsRequired$1.evaluate(TestRuleAssertionsRequired.java:53)
	at app//org.apache.lucene.tests.util.AbstractBeforeAfterRule$1.evaluate(AbstractBeforeAfterRule.java:43)
	at app//org.apache.lucene.tests.util.TestRuleMarkFailure$1.evaluate(TestRuleMarkFailure.java:44)
	at app//org.apache.lucene.tests.util.TestRuleIgnoreAfterMaxFailures$1.evaluate(TestRuleIgnoreAfterMaxFailures.java:60)
	at app//org.apache.lucene.tests.util.TestRuleIgnoreTestSuites$1.evaluate(TestRuleIgnoreTestSuites.java:47)
	at app//org.junit.rules.RunRules.evaluate(RunRules.java:20)
	at app//com.carrotsearch.randomizedtesting.rules.StatementAdapter.evaluate(StatementAdapter.java:36)
	at app//com.carrotsearch.randomizedtesting.ThreadLeakControl$StatementRunner.run(ThreadLeakControl.java:368)
	at java.base@17.0.4.1/java.lang.Thread.run(Thread.java:833)
</failure>
  </testcase>
  <testcase name="joinWithOrNL" classname="org.opensearch.sql.legacy.JoinIT" time="0.041">
    <failure message="org.opensearch.client.ResponseException: method [POST], host [http://127.0.0.1:49776], URI [/_plugins/_sql?format=json], status line [HTTP/1.1 400 Bad Request]&#10;{&#10;  &quot;error&quot;: {&#10;    &quot;reason&quot;: &quot;Invalid SQL query&quot;,&#10;    &quot;details&quot;: &quot;Query is unsupported in the new engine&quot;,&#10;    &quot;type&quot;: &quot;SQLFeatureDisabledException&quot;&#10;  },&#10;  &quot;status&quot;: 400&#10;}" type="org.opensearch.client.ResponseException">org.opensearch.client.ResponseException: method [POST], host [http://127.0.0.1:49776], URI [/_plugins/_sql?format=json], status line [HTTP/1.1 400 Bad Request]
{
  &quot;error&quot;: {
    &quot;reason&quot;: &quot;Invalid SQL query&quot;,
    &quot;details&quot;: &quot;Query is unsupported in the new engine&quot;,
    &quot;type&quot;: &quot;SQLFeatureDisabledException&quot;
  },
  &quot;status&quot;: 400
}
	at __randomizedtesting.SeedInfo.seed([B058E8962C1F801C:DBE46C90F23B292A]:0)
	at app//org.opensearch.client.RestClient.convertResponse(RestClient.java:384)
	at app//org.opensearch.client.RestClient.performRequest(RestClient.java:354)
	at app//org.opensearch.client.RestClient.performRequest(RestClient.java:329)
	at app//org.opensearch.sql.legacy.SQLIntegTestCase.executeRequest(SQLIntegTestCase.java:327)
	at app//org.opensearch.sql.legacy.SQLIntegTestCase.executeRequest(SQLIntegTestCase.java:322)
	at app//org.opensearch.sql.legacy.SQLIntegTestCase.executeRequest(SQLIntegTestCase.java:310)
	at app//org.opensearch.sql.legacy.SQLIntegTestCase.executeQuery(SQLIntegTestCase.java:293)
	at app//org.opensearch.sql.legacy.JoinIT.joinWithOr(JoinIT.java:876)
	at app//org.opensearch.sql.legacy.JoinIT.joinWithOrNL(JoinIT.java:323)
	at java.base@17.0.4.1/jdk.internal.reflect.NativeMethodAccessorImpl.invoke0(Native Method)
	at java.base@17.0.4.1/jdk.internal.reflect.NativeMethodAccessorImpl.invoke(NativeMethodAccessorImpl.java:77)
	at java.base@17.0.4.1/jdk.internal.reflect.DelegatingMethodAccessorImpl.invoke(DelegatingMethodAccessorImpl.java:43)
	at java.base@17.0.4.1/java.lang.reflect.Method.invoke(Method.java:568)
	at app//com.carrotsearch.randomizedtesting.RandomizedRunner.invoke(RandomizedRunner.java:1750)
	at app//com.carrotsearch.randomizedtesting.RandomizedRunner$8.evaluate(RandomizedRunner.java:938)
	at app//com.carrotsearch.randomizedtesting.RandomizedRunner$9.evaluate(RandomizedRunner.java:974)
	at app//com.carrotsearch.randomizedtesting.RandomizedRunner$10.evaluate(RandomizedRunner.java:988)
	at app//com.carrotsearch.randomizedtesting.rules.StatementAdapter.evaluate(StatementAdapter.java:36)
	at app//org.junit.rules.RunRules.evaluate(RunRules.java:20)
	at app//org.apache.lucene.tests.util.TestRuleSetupTeardownChained$1.evaluate(TestRuleSetupTeardownChained.java:48)
	at app//org.apache.lucene.tests.util.AbstractBeforeAfterRule$1.evaluate(AbstractBeforeAfterRule.java:43)
	at app//org.apache.lucene.tests.util.TestRuleThreadAndTestName$1.evaluate(TestRuleThreadAndTestName.java:45)
	at app//org.apache.lucene.tests.util.TestRuleIgnoreAfterMaxFailures$1.evaluate(TestRuleIgnoreAfterMaxFailures.java:60)
	at app//org.apache.lucene.tests.util.TestRuleMarkFailure$1.evaluate(TestRuleMarkFailure.java:44)
	at app//org.junit.rules.RunRules.evaluate(RunRules.java:20)
	at app//com.carrotsearch.randomizedtesting.rules.StatementAdapter.evaluate(StatementAdapter.java:36)
	at app//com.carrotsearch.randomizedtesting.ThreadLeakControl$StatementRunner.run(ThreadLeakControl.java:368)
	at app//com.carrotsearch.randomizedtesting.ThreadLeakControl.forkTimeoutingTask(ThreadLeakControl.java:817)
	at app//com.carrotsearch.randomizedtesting.ThreadLeakControl$3.evaluate(ThreadLeakControl.java:468)
	at app//com.carrotsearch.randomizedtesting.RandomizedRunner.runSingleTest(RandomizedRunner.java:947)
	at app//com.carrotsearch.randomizedtesting.RandomizedRunner$5.evaluate(RandomizedRunner.java:832)
	at app//com.carrotsearch.randomizedtesting.RandomizedRunner$6.evaluate(RandomizedRunner.java:883)
	at app//com.carrotsearch.randomizedtesting.RandomizedRunner$7.evaluate(RandomizedRunner.java:894)
	at app//org.apache.lucene.tests.util.AbstractBeforeAfterRule$1.evaluate(AbstractBeforeAfterRule.java:43)
	at app//com.carrotsearch.randomizedtesting.rules.StatementAdapter.evaluate(StatementAdapter.java:36)
	at app//org.apache.lucene.tests.util.TestRuleStoreClassName$1.evaluate(TestRuleStoreClassName.java:38)
	at app//com.carrotsearch.randomizedtesting.rules.NoShadowingOrOverridesOnMethodsRule$1.evaluate(NoShadowingOrOverridesOnMethodsRule.java:40)
	at app//com.carrotsearch.randomizedtesting.rules.NoShadowingOrOverridesOnMethodsRule$1.evaluate(NoShadowingOrOverridesOnMethodsRule.java:40)
	at app//com.carrotsearch.randomizedtesting.rules.StatementAdapter.evaluate(StatementAdapter.java:36)
	at app//com.carrotsearch.randomizedtesting.rules.StatementAdapter.evaluate(StatementAdapter.java:36)
	at app//org.apache.lucene.tests.util.TestRuleAssertionsRequired$1.evaluate(TestRuleAssertionsRequired.java:53)
	at app//org.apache.lucene.tests.util.AbstractBeforeAfterRule$1.evaluate(AbstractBeforeAfterRule.java:43)
	at app//org.apache.lucene.tests.util.TestRuleMarkFailure$1.evaluate(TestRuleMarkFailure.java:44)
	at app//org.apache.lucene.tests.util.TestRuleIgnoreAfterMaxFailures$1.evaluate(TestRuleIgnoreAfterMaxFailures.java:60)
	at app//org.apache.lucene.tests.util.TestRuleIgnoreTestSuites$1.evaluate(TestRuleIgnoreTestSuites.java:47)
	at app//org.junit.rules.RunRules.evaluate(RunRules.java:20)
	at app//com.carrotsearch.randomizedtesting.rules.StatementAdapter.evaluate(StatementAdapter.java:36)
	at app//com.carrotsearch.randomizedtesting.ThreadLeakControl$StatementRunner.run(ThreadLeakControl.java:368)
	at java.base@17.0.4.1/java.lang.Thread.run(Thread.java:833)
</failure>
  </testcase>
  <testcase name="innerJoinNLWithNullInCondition2" classname="org.opensearch.sql.legacy.JoinIT" time="0.048">
    <failure message="org.opensearch.client.ResponseException: method [POST], host [http://127.0.0.1:49776], URI [/_plugins/_sql?format=json], status line [HTTP/1.1 400 Bad Request]&#10;{&#10;  &quot;error&quot;: {&#10;    &quot;reason&quot;: &quot;Invalid SQL query&quot;,&#10;    &quot;details&quot;: &quot;Query is unsupported in the new engine&quot;,&#10;    &quot;type&quot;: &quot;SQLFeatureDisabledException&quot;&#10;  },&#10;  &quot;status&quot;: 400&#10;}" type="org.opensearch.client.ResponseException">org.opensearch.client.ResponseException: method [POST], host [http://127.0.0.1:49776], URI [/_plugins/_sql?format=json], status line [HTTP/1.1 400 Bad Request]
{
  &quot;error&quot;: {
    &quot;reason&quot;: &quot;Invalid SQL query&quot;,
    &quot;details&quot;: &quot;Query is unsupported in the new engine&quot;,
    &quot;type&quot;: &quot;SQLFeatureDisabledException&quot;
  },
  &quot;status&quot;: 400
}
	at __randomizedtesting.SeedInfo.seed([B058E8962C1F801C:DD892462F6E1B22E]:0)
	at app//org.opensearch.client.RestClient.convertResponse(RestClient.java:384)
	at app//org.opensearch.client.RestClient.performRequest(RestClient.java:354)
	at app//org.opensearch.client.RestClient.performRequest(RestClient.java:329)
	at app//org.opensearch.sql.legacy.SQLIntegTestCase.executeRequest(SQLIntegTestCase.java:327)
	at app//org.opensearch.sql.legacy.SQLIntegTestCase.executeRequest(SQLIntegTestCase.java:322)
	at app//org.opensearch.sql.legacy.SQLIntegTestCase.executeRequest(SQLIntegTestCase.java:310)
	at app//org.opensearch.sql.legacy.SQLIntegTestCase.executeQuery(SQLIntegTestCase.java:293)
	at app//org.opensearch.sql.legacy.JoinIT.joinWithNullInCondition(JoinIT.java:945)
	at app//org.opensearch.sql.legacy.JoinIT.innerJoinNLWithNullInCondition2(JoinIT.java:507)
	at java.base@17.0.4.1/jdk.internal.reflect.NativeMethodAccessorImpl.invoke0(Native Method)
	at java.base@17.0.4.1/jdk.internal.reflect.NativeMethodAccessorImpl.invoke(NativeMethodAccessorImpl.java:77)
	at java.base@17.0.4.1/jdk.internal.reflect.DelegatingMethodAccessorImpl.invoke(DelegatingMethodAccessorImpl.java:43)
	at java.base@17.0.4.1/java.lang.reflect.Method.invoke(Method.java:568)
	at app//com.carrotsearch.randomizedtesting.RandomizedRunner.invoke(RandomizedRunner.java:1750)
	at app//com.carrotsearch.randomizedtesting.RandomizedRunner$8.evaluate(RandomizedRunner.java:938)
	at app//com.carrotsearch.randomizedtesting.RandomizedRunner$9.evaluate(RandomizedRunner.java:974)
	at app//com.carrotsearch.randomizedtesting.RandomizedRunner$10.evaluate(RandomizedRunner.java:988)
	at app//com.carrotsearch.randomizedtesting.rules.StatementAdapter.evaluate(StatementAdapter.java:36)
	at app//org.junit.rules.RunRules.evaluate(RunRules.java:20)
	at app//org.apache.lucene.tests.util.TestRuleSetupTeardownChained$1.evaluate(TestRuleSetupTeardownChained.java:48)
	at app//org.apache.lucene.tests.util.AbstractBeforeAfterRule$1.evaluate(AbstractBeforeAfterRule.java:43)
	at app//org.apache.lucene.tests.util.TestRuleThreadAndTestName$1.evaluate(TestRuleThreadAndTestName.java:45)
	at app//org.apache.lucene.tests.util.TestRuleIgnoreAfterMaxFailures$1.evaluate(TestRuleIgnoreAfterMaxFailures.java:60)
	at app//org.apache.lucene.tests.util.TestRuleMarkFailure$1.evaluate(TestRuleMarkFailure.java:44)
	at app//org.junit.rules.RunRules.evaluate(RunRules.java:20)
	at app//com.carrotsearch.randomizedtesting.rules.StatementAdapter.evaluate(StatementAdapter.java:36)
	at app//com.carrotsearch.randomizedtesting.ThreadLeakControl$StatementRunner.run(ThreadLeakControl.java:368)
	at app//com.carrotsearch.randomizedtesting.ThreadLeakControl.forkTimeoutingTask(ThreadLeakControl.java:817)
	at app//com.carrotsearch.randomizedtesting.ThreadLeakControl$3.evaluate(ThreadLeakControl.java:468)
	at app//com.carrotsearch.randomizedtesting.RandomizedRunner.runSingleTest(RandomizedRunner.java:947)
	at app//com.carrotsearch.randomizedtesting.RandomizedRunner$5.evaluate(RandomizedRunner.java:832)
	at app//com.carrotsearch.randomizedtesting.RandomizedRunner$6.evaluate(RandomizedRunner.java:883)
	at app//com.carrotsearch.randomizedtesting.RandomizedRunner$7.evaluate(RandomizedRunner.java:894)
	at app//org.apache.lucene.tests.util.AbstractBeforeAfterRule$1.evaluate(AbstractBeforeAfterRule.java:43)
	at app//com.carrotsearch.randomizedtesting.rules.StatementAdapter.evaluate(StatementAdapter.java:36)
	at app//org.apache.lucene.tests.util.TestRuleStoreClassName$1.evaluate(TestRuleStoreClassName.java:38)
	at app//com.carrotsearch.randomizedtesting.rules.NoShadowingOrOverridesOnMethodsRule$1.evaluate(NoShadowingOrOverridesOnMethodsRule.java:40)
	at app//com.carrotsearch.randomizedtesting.rules.NoShadowingOrOverridesOnMethodsRule$1.evaluate(NoShadowingOrOverridesOnMethodsRule.java:40)
	at app//com.carrotsearch.randomizedtesting.rules.StatementAdapter.evaluate(StatementAdapter.java:36)
	at app//com.carrotsearch.randomizedtesting.rules.StatementAdapter.evaluate(StatementAdapter.java:36)
	at app//org.apache.lucene.tests.util.TestRuleAssertionsRequired$1.evaluate(TestRuleAssertionsRequired.java:53)
	at app//org.apache.lucene.tests.util.AbstractBeforeAfterRule$1.evaluate(AbstractBeforeAfterRule.java:43)
	at app//org.apache.lucene.tests.util.TestRuleMarkFailure$1.evaluate(TestRuleMarkFailure.java:44)
	at app//org.apache.lucene.tests.util.TestRuleIgnoreAfterMaxFailures$1.evaluate(TestRuleIgnoreAfterMaxFailures.java:60)
	at app//org.apache.lucene.tests.util.TestRuleIgnoreTestSuites$1.evaluate(TestRuleIgnoreTestSuites.java:47)
	at app//org.junit.rules.RunRules.evaluate(RunRules.java:20)
	at app//com.carrotsearch.randomizedtesting.rules.StatementAdapter.evaluate(StatementAdapter.java:36)
	at app//com.carrotsearch.randomizedtesting.ThreadLeakControl$StatementRunner.run(ThreadLeakControl.java:368)
	at java.base@17.0.4.1/java.lang.Thread.run(Thread.java:833)
</failure>
  </testcase>
  <testcase name="joinParseCheckSelectedFieldsSplitNLConditionOrderGT" classname="org.opensearch.sql.legacy.JoinIT" time="0.035">
    <failure message="org.opensearch.client.ResponseException: method [POST], host [http://127.0.0.1:49776], URI [/_plugins/_sql?format=json], status line [HTTP/1.1 400 Bad Request]&#10;{&#10;  &quot;error&quot;: {&#10;    &quot;reason&quot;: &quot;Invalid SQL query&quot;,&#10;    &quot;details&quot;: &quot;Query is unsupported in the new engine&quot;,&#10;    &quot;type&quot;: &quot;SQLFeatureDisabledException&quot;&#10;  },&#10;  &quot;status&quot;: 400&#10;}" type="org.opensearch.client.ResponseException">org.opensearch.client.ResponseException: method [POST], host [http://127.0.0.1:49776], URI [/_plugins/_sql?format=json], status line [HTTP/1.1 400 Bad Request]
{
  &quot;error&quot;: {
    &quot;reason&quot;: &quot;Invalid SQL query&quot;,
    &quot;details&quot;: &quot;Query is unsupported in the new engine&quot;,
    &quot;type&quot;: &quot;SQLFeatureDisabledException&quot;
  },
  &quot;status&quot;: 400
}
	at __randomizedtesting.SeedInfo.seed([B058E8962C1F801C:CBED379B7B1BFEB2]:0)
	at app//org.opensearch.client.RestClient.convertResponse(RestClient.java:384)
	at app//org.opensearch.client.RestClient.performRequest(RestClient.java:354)
	at app//org.opensearch.client.RestClient.performRequest(RestClient.java:329)
	at app//org.opensearch.sql.legacy.SQLIntegTestCase.executeRequest(SQLIntegTestCase.java:327)
	at app//org.opensearch.sql.legacy.SQLIntegTestCase.executeRequest(SQLIntegTestCase.java:322)
	at app//org.opensearch.sql.legacy.SQLIntegTestCase.executeRequest(SQLIntegTestCase.java:310)
	at app//org.opensearch.sql.legacy.SQLIntegTestCase.executeQuery(SQLIntegTestCase.java:293)
	at app//org.opensearch.sql.legacy.JoinIT.joinParseCheckSelectedFieldsSplitNLConditionOrderGT(JoinIT.java:431)
	at java.base@17.0.4.1/jdk.internal.reflect.NativeMethodAccessorImpl.invoke0(Native Method)
	at java.base@17.0.4.1/jdk.internal.reflect.NativeMethodAccessorImpl.invoke(NativeMethodAccessorImpl.java:77)
	at java.base@17.0.4.1/jdk.internal.reflect.DelegatingMethodAccessorImpl.invoke(DelegatingMethodAccessorImpl.java:43)
	at java.base@17.0.4.1/java.lang.reflect.Method.invoke(Method.java:568)
	at app//com.carrotsearch.randomizedtesting.RandomizedRunner.invoke(RandomizedRunner.java:1750)
	at app//com.carrotsearch.randomizedtesting.RandomizedRunner$8.evaluate(RandomizedRunner.java:938)
	at app//com.carrotsearch.randomizedtesting.RandomizedRunner$9.evaluate(RandomizedRunner.java:974)
	at app//com.carrotsearch.randomizedtesting.RandomizedRunner$10.evaluate(RandomizedRunner.java:988)
	at app//com.carrotsearch.randomizedtesting.rules.StatementAdapter.evaluate(StatementAdapter.java:36)
	at app//org.junit.rules.RunRules.evaluate(RunRules.java:20)
	at app//org.apache.lucene.tests.util.TestRuleSetupTeardownChained$1.evaluate(TestRuleSetupTeardownChained.java:48)
	at app//org.apache.lucene.tests.util.AbstractBeforeAfterRule$1.evaluate(AbstractBeforeAfterRule.java:43)
	at app//org.apache.lucene.tests.util.TestRuleThreadAndTestName$1.evaluate(TestRuleThreadAndTestName.java:45)
	at app//org.apache.lucene.tests.util.TestRuleIgnoreAfterMaxFailures$1.evaluate(TestRuleIgnoreAfterMaxFailures.java:60)
	at app//org.apache.lucene.tests.util.TestRuleMarkFailure$1.evaluate(TestRuleMarkFailure.java:44)
	at app//org.junit.rules.RunRules.evaluate(RunRules.java:20)
	at app//com.carrotsearch.randomizedtesting.rules.StatementAdapter.evaluate(StatementAdapter.java:36)
	at app//com.carrotsearch.randomizedtesting.ThreadLeakControl$StatementRunner.run(ThreadLeakControl.java:368)
	at app//com.carrotsearch.randomizedtesting.ThreadLeakControl.forkTimeoutingTask(ThreadLeakControl.java:817)
	at app//com.carrotsearch.randomizedtesting.ThreadLeakControl$3.evaluate(ThreadLeakControl.java:468)
	at app//com.carrotsearch.randomizedtesting.RandomizedRunner.runSingleTest(RandomizedRunner.java:947)
	at app//com.carrotsearch.randomizedtesting.RandomizedRunner$5.evaluate(RandomizedRunner.java:832)
	at app//com.carrotsearch.randomizedtesting.RandomizedRunner$6.evaluate(RandomizedRunner.java:883)
	at app//com.carrotsearch.randomizedtesting.RandomizedRunner$7.evaluate(RandomizedRunner.java:894)
	at app//org.apache.lucene.tests.util.AbstractBeforeAfterRule$1.evaluate(AbstractBeforeAfterRule.java:43)
	at app//com.carrotsearch.randomizedtesting.rules.StatementAdapter.evaluate(StatementAdapter.java:36)
	at app//org.apache.lucene.tests.util.TestRuleStoreClassName$1.evaluate(TestRuleStoreClassName.java:38)
	at app//com.carrotsearch.randomizedtesting.rules.NoShadowingOrOverridesOnMethodsRule$1.evaluate(NoShadowingOrOverridesOnMethodsRule.java:40)
	at app//com.carrotsearch.randomizedtesting.rules.NoShadowingOrOverridesOnMethodsRule$1.evaluate(NoShadowingOrOverridesOnMethodsRule.java:40)
	at app//com.carrotsearch.randomizedtesting.rules.StatementAdapter.evaluate(StatementAdapter.java:36)
	at app//com.carrotsearch.randomizedtesting.rules.StatementAdapter.evaluate(StatementAdapter.java:36)
	at app//org.apache.lucene.tests.util.TestRuleAssertionsRequired$1.evaluate(TestRuleAssertionsRequired.java:53)
	at app//org.apache.lucene.tests.util.AbstractBeforeAfterRule$1.evaluate(AbstractBeforeAfterRule.java:43)
	at app//org.apache.lucene.tests.util.TestRuleMarkFailure$1.evaluate(TestRuleMarkFailure.java:44)
	at app//org.apache.lucene.tests.util.TestRuleIgnoreAfterMaxFailures$1.evaluate(TestRuleIgnoreAfterMaxFailures.java:60)
	at app//org.apache.lucene.tests.util.TestRuleIgnoreTestSuites$1.evaluate(TestRuleIgnoreTestSuites.java:47)
	at app//org.junit.rules.RunRules.evaluate(RunRules.java:20)
	at app//com.carrotsearch.randomizedtesting.rules.StatementAdapter.evaluate(StatementAdapter.java:36)
	at app//com.carrotsearch.randomizedtesting.ThreadLeakControl$StatementRunner.run(ThreadLeakControl.java:368)
	at java.base@17.0.4.1/java.lang.Thread.run(Thread.java:833)
</failure>
  </testcase>
  <testcase name="hintLimits_firstLimitSecondLimitNL" classname="org.opensearch.sql.legacy.JoinIT" time="0.031">
    <failure message="org.opensearch.client.ResponseException: method [POST], host [http://127.0.0.1:49776], URI [/_plugins/_sql?format=json], status line [HTTP/1.1 400 Bad Request]&#10;{&#10;  &quot;error&quot;: {&#10;    &quot;reason&quot;: &quot;Invalid SQL query&quot;,&#10;    &quot;details&quot;: &quot;Query is unsupported in the new engine&quot;,&#10;    &quot;type&quot;: &quot;SQLFeatureDisabledException&quot;&#10;  },&#10;  &quot;status&quot;: 400&#10;}" type="org.opensearch.client.ResponseException">org.opensearch.client.ResponseException: method [POST], host [http://127.0.0.1:49776], URI [/_plugins/_sql?format=json], status line [HTTP/1.1 400 Bad Request]
{
  &quot;error&quot;: {
    &quot;reason&quot;: &quot;Invalid SQL query&quot;,
    &quot;details&quot;: &quot;Query is unsupported in the new engine&quot;,
    &quot;type&quot;: &quot;SQLFeatureDisabledException&quot;
  },
  &quot;status&quot;: 400
}
	at __randomizedtesting.SeedInfo.seed([B058E8962C1F801C:A1DCE856F84A60BC]:0)
	at app//org.opensearch.client.RestClient.convertResponse(RestClient.java:384)
	at app//org.opensearch.client.RestClient.performRequest(RestClient.java:354)
	at app//org.opensearch.client.RestClient.performRequest(RestClient.java:329)
	at app//org.opensearch.sql.legacy.SQLIntegTestCase.executeRequest(SQLIntegTestCase.java:327)
	at app//org.opensearch.sql.legacy.SQLIntegTestCase.executeRequest(SQLIntegTestCase.java:322)
	at app//org.opensearch.sql.legacy.SQLIntegTestCase.executeRequest(SQLIntegTestCase.java:310)
	at app//org.opensearch.sql.legacy.SQLIntegTestCase.executeQuery(SQLIntegTestCase.java:293)
	at app//org.opensearch.sql.legacy.JoinIT.hintLimits_firstLimitSecondLimit(JoinIT.java:825)
	at app//org.opensearch.sql.legacy.JoinIT.hintLimits_firstLimitSecondLimitNL(JoinIT.java:228)
	at java.base@17.0.4.1/jdk.internal.reflect.NativeMethodAccessorImpl.invoke0(Native Method)
	at java.base@17.0.4.1/jdk.internal.reflect.NativeMethodAccessorImpl.invoke(NativeMethodAccessorImpl.java:77)
	at java.base@17.0.4.1/jdk.internal.reflect.DelegatingMethodAccessorImpl.invoke(DelegatingMethodAccessorImpl.java:43)
	at java.base@17.0.4.1/java.lang.reflect.Method.invoke(Method.java:568)
	at app//com.carrotsearch.randomizedtesting.RandomizedRunner.invoke(RandomizedRunner.java:1750)
	at app//com.carrotsearch.randomizedtesting.RandomizedRunner$8.evaluate(RandomizedRunner.java:938)
	at app//com.carrotsearch.randomizedtesting.RandomizedRunner$9.evaluate(RandomizedRunner.java:974)
	at app//com.carrotsearch.randomizedtesting.RandomizedRunner$10.evaluate(RandomizedRunner.java:988)
	at app//com.carrotsearch.randomizedtesting.rules.StatementAdapter.evaluate(StatementAdapter.java:36)
	at app//org.junit.rules.RunRules.evaluate(RunRules.java:20)
	at app//org.apache.lucene.tests.util.TestRuleSetupTeardownChained$1.evaluate(TestRuleSetupTeardownChained.java:48)
	at app//org.apache.lucene.tests.util.AbstractBeforeAfterRule$1.evaluate(AbstractBeforeAfterRule.java:43)
	at app//org.apache.lucene.tests.util.TestRuleThreadAndTestName$1.evaluate(TestRuleThreadAndTestName.java:45)
	at app//org.apache.lucene.tests.util.TestRuleIgnoreAfterMaxFailures$1.evaluate(TestRuleIgnoreAfterMaxFailures.java:60)
	at app//org.apache.lucene.tests.util.TestRuleMarkFailure$1.evaluate(TestRuleMarkFailure.java:44)
	at app//org.junit.rules.RunRules.evaluate(RunRules.java:20)
	at app//com.carrotsearch.randomizedtesting.rules.StatementAdapter.evaluate(StatementAdapter.java:36)
	at app//com.carrotsearch.randomizedtesting.ThreadLeakControl$StatementRunner.run(ThreadLeakControl.java:368)
	at app//com.carrotsearch.randomizedtesting.ThreadLeakControl.forkTimeoutingTask(ThreadLeakControl.java:817)
	at app//com.carrotsearch.randomizedtesting.ThreadLeakControl$3.evaluate(ThreadLeakControl.java:468)
	at app//com.carrotsearch.randomizedtesting.RandomizedRunner.runSingleTest(RandomizedRunner.java:947)
	at app//com.carrotsearch.randomizedtesting.RandomizedRunner$5.evaluate(RandomizedRunner.java:832)
	at app//com.carrotsearch.randomizedtesting.RandomizedRunner$6.evaluate(RandomizedRunner.java:883)
	at app//com.carrotsearch.randomizedtesting.RandomizedRunner$7.evaluate(RandomizedRunner.java:894)
	at app//org.apache.lucene.tests.util.AbstractBeforeAfterRule$1.evaluate(AbstractBeforeAfterRule.java:43)
	at app//com.carrotsearch.randomizedtesting.rules.StatementAdapter.evaluate(StatementAdapter.java:36)
	at app//org.apache.lucene.tests.util.TestRuleStoreClassName$1.evaluate(TestRuleStoreClassName.java:38)
	at app//com.carrotsearch.randomizedtesting.rules.NoShadowingOrOverridesOnMethodsRule$1.evaluate(NoShadowingOrOverridesOnMethodsRule.java:40)
	at app//com.carrotsearch.randomizedtesting.rules.NoShadowingOrOverridesOnMethodsRule$1.evaluate(NoShadowingOrOverridesOnMethodsRule.java:40)
	at app//com.carrotsearch.randomizedtesting.rules.StatementAdapter.evaluate(StatementAdapter.java:36)
	at app//com.carrotsearch.randomizedtesting.rules.StatementAdapter.evaluate(StatementAdapter.java:36)
	at app//org.apache.lucene.tests.util.TestRuleAssertionsRequired$1.evaluate(TestRuleAssertionsRequired.java:53)
	at app//org.apache.lucene.tests.util.AbstractBeforeAfterRule$1.evaluate(AbstractBeforeAfterRule.java:43)
	at app//org.apache.lucene.tests.util.TestRuleMarkFailure$1.evaluate(TestRuleMarkFailure.java:44)
	at app//org.apache.lucene.tests.util.TestRuleIgnoreAfterMaxFailures$1.evaluate(TestRuleIgnoreAfterMaxFailures.java:60)
	at app//org.apache.lucene.tests.util.TestRuleIgnoreTestSuites$1.evaluate(TestRuleIgnoreTestSuites.java:47)
	at app//org.junit.rules.RunRules.evaluate(RunRules.java:20)
	at app//com.carrotsearch.randomizedtesting.rules.StatementAdapter.evaluate(StatementAdapter.java:36)
	at app//com.carrotsearch.randomizedtesting.ThreadLeakControl$StatementRunner.run(ThreadLeakControl.java:368)
	at java.base@17.0.4.1/java.lang.Thread.run(Thread.java:833)
</failure>
  </testcase>
  <testcase name="joinNoConditionAndNoWhereWithTotalLimitHASH" classname="org.opensearch.sql.legacy.JoinIT" time="0.03">
    <failure message="org.opensearch.client.ResponseException: method [POST], host [http://127.0.0.1:49776], URI [/_plugins/_sql?format=json], status line [HTTP/1.1 400 Bad Request]&#10;{&#10;  &quot;error&quot;: {&#10;    &quot;reason&quot;: &quot;Invalid SQL query&quot;,&#10;    &quot;details&quot;: &quot;Query is unsupported in the new engine&quot;,&#10;    &quot;type&quot;: &quot;SQLFeatureDisabledException&quot;&#10;  },&#10;  &quot;status&quot;: 400&#10;}" type="org.opensearch.client.ResponseException">org.opensearch.client.ResponseException: method [POST], host [http://127.0.0.1:49776], URI [/_plugins/_sql?format=json], status line [HTTP/1.1 400 Bad Request]
{
  &quot;error&quot;: {
    &quot;reason&quot;: &quot;Invalid SQL query&quot;,
    &quot;details&quot;: &quot;Query is unsupported in the new engine&quot;,
    &quot;type&quot;: &quot;SQLFeatureDisabledException&quot;
  },
  &quot;status&quot;: 400
}
	at __randomizedtesting.SeedInfo.seed([B058E8962C1F801C:13AEA215CDAD831F]:0)
	at app//org.opensearch.client.RestClient.convertResponse(RestClient.java:384)
	at app//org.opensearch.client.RestClient.performRequest(RestClient.java:354)
	at app//org.opensearch.client.RestClient.performRequest(RestClient.java:329)
	at app//org.opensearch.sql.legacy.SQLIntegTestCase.executeRequest(SQLIntegTestCase.java:327)
	at app//org.opensearch.sql.legacy.SQLIntegTestCase.executeRequest(SQLIntegTestCase.java:322)
	at app//org.opensearch.sql.legacy.SQLIntegTestCase.executeRequest(SQLIntegTestCase.java:310)
	at app//org.opensearch.sql.legacy.SQLIntegTestCase.executeQuery(SQLIntegTestCase.java:293)
	at app//org.opensearch.sql.legacy.JoinIT.joinNoConditionAndNoWhereWithTotalLimit(JoinIT.java:669)
	at app//org.opensearch.sql.legacy.JoinIT.joinNoConditionAndNoWhereWithTotalLimitHASH(JoinIT.java:138)
	at java.base@17.0.4.1/jdk.internal.reflect.NativeMethodAccessorImpl.invoke0(Native Method)
	at java.base@17.0.4.1/jdk.internal.reflect.NativeMethodAccessorImpl.invoke(NativeMethodAccessorImpl.java:77)
	at java.base@17.0.4.1/jdk.internal.reflect.DelegatingMethodAccessorImpl.invoke(DelegatingMethodAccessorImpl.java:43)
	at java.base@17.0.4.1/java.lang.reflect.Method.invoke(Method.java:568)
	at app//com.carrotsearch.randomizedtesting.RandomizedRunner.invoke(RandomizedRunner.java:1750)
	at app//com.carrotsearch.randomizedtesting.RandomizedRunner$8.evaluate(RandomizedRunner.java:938)
	at app//com.carrotsearch.randomizedtesting.RandomizedRunner$9.evaluate(RandomizedRunner.java:974)
	at app//com.carrotsearch.randomizedtesting.RandomizedRunner$10.evaluate(RandomizedRunner.java:988)
	at app//com.carrotsearch.randomizedtesting.rules.StatementAdapter.evaluate(StatementAdapter.java:36)
	at app//org.junit.rules.RunRules.evaluate(RunRules.java:20)
	at app//org.apache.lucene.tests.util.TestRuleSetupTeardownChained$1.evaluate(TestRuleSetupTeardownChained.java:48)
	at app//org.apache.lucene.tests.util.AbstractBeforeAfterRule$1.evaluate(AbstractBeforeAfterRule.java:43)
	at app//org.apache.lucene.tests.util.TestRuleThreadAndTestName$1.evaluate(TestRuleThreadAndTestName.java:45)
	at app//org.apache.lucene.tests.util.TestRuleIgnoreAfterMaxFailures$1.evaluate(TestRuleIgnoreAfterMaxFailures.java:60)
	at app//org.apache.lucene.tests.util.TestRuleMarkFailure$1.evaluate(TestRuleMarkFailure.java:44)
	at app//org.junit.rules.RunRules.evaluate(RunRules.java:20)
	at app//com.carrotsearch.randomizedtesting.rules.StatementAdapter.evaluate(StatementAdapter.java:36)
	at app//com.carrotsearch.randomizedtesting.ThreadLeakControl$StatementRunner.run(ThreadLeakControl.java:368)
	at app//com.carrotsearch.randomizedtesting.ThreadLeakControl.forkTimeoutingTask(ThreadLeakControl.java:817)
	at app//com.carrotsearch.randomizedtesting.ThreadLeakControl$3.evaluate(ThreadLeakControl.java:468)
	at app//com.carrotsearch.randomizedtesting.RandomizedRunner.runSingleTest(RandomizedRunner.java:947)
	at app//com.carrotsearch.randomizedtesting.RandomizedRunner$5.evaluate(RandomizedRunner.java:832)
	at app//com.carrotsearch.randomizedtesting.RandomizedRunner$6.evaluate(RandomizedRunner.java:883)
	at app//com.carrotsearch.randomizedtesting.RandomizedRunner$7.evaluate(RandomizedRunner.java:894)
	at app//org.apache.lucene.tests.util.AbstractBeforeAfterRule$1.evaluate(AbstractBeforeAfterRule.java:43)
	at app//com.carrotsearch.randomizedtesting.rules.StatementAdapter.evaluate(StatementAdapter.java:36)
	at app//org.apache.lucene.tests.util.TestRuleStoreClassName$1.evaluate(TestRuleStoreClassName.java:38)
	at app//com.carrotsearch.randomizedtesting.rules.NoShadowingOrOverridesOnMethodsRule$1.evaluate(NoShadowingOrOverridesOnMethodsRule.java:40)
	at app//com.carrotsearch.randomizedtesting.rules.NoShadowingOrOverridesOnMethodsRule$1.evaluate(NoShadowingOrOverridesOnMethodsRule.java:40)
	at app//com.carrotsearch.randomizedtesting.rules.StatementAdapter.evaluate(StatementAdapter.java:36)
	at app//com.carrotsearch.randomizedtesting.rules.StatementAdapter.evaluate(StatementAdapter.java:36)
	at app//org.apache.lucene.tests.util.TestRuleAssertionsRequired$1.evaluate(TestRuleAssertionsRequired.java:53)
	at app//org.apache.lucene.tests.util.AbstractBeforeAfterRule$1.evaluate(AbstractBeforeAfterRule.java:43)
	at app//org.apache.lucene.tests.util.TestRuleMarkFailure$1.evaluate(TestRuleMarkFailure.java:44)
	at app//org.apache.lucene.tests.util.TestRuleIgnoreAfterMaxFailures$1.evaluate(TestRuleIgnoreAfterMaxFailures.java:60)
	at app//org.apache.lucene.tests.util.TestRuleIgnoreTestSuites$1.evaluate(TestRuleIgnoreTestSuites.java:47)
	at app//org.junit.rules.RunRules.evaluate(RunRules.java:20)
	at app//com.carrotsearch.randomizedtesting.rules.StatementAdapter.evaluate(StatementAdapter.java:36)
	at app//com.carrotsearch.randomizedtesting.ThreadLeakControl$StatementRunner.run(ThreadLeakControl.java:368)
	at java.base@17.0.4.1/java.lang.Thread.run(Thread.java:833)
</failure>
  </testcase>
  <system-out><![CDATA[[2023-01-17T12:11:25,295][INFO ][o.o.s.l.JoinIT           ] [joinParseCheckSelectedFieldsSplitNLConditionOrderLT] before test
[2023-01-17T12:11:25,301][INFO ][o.o.s.l.JoinIT           ] [joinParseCheckSelectedFieldsSplitNLConditionOrderLT] initializing REST clients against [http://[::1]:49775, http://127.0.0.1:49776]
[2023-01-17T12:11:28,098][INFO ][o.o.s.l.JoinIT           ] [joinParseCheckSelectedFieldsSplitNLConditionOrderLT] after test
[2023-01-17T12:11:28,105][INFO ][o.o.s.l.JoinIT           ] [joinWithAllFromFirstTableHASH] before test
[2023-01-17T12:11:28,141][INFO ][o.o.s.l.JoinIT           ] [joinWithAllFromFirstTableHASH] after test
[2023-01-17T12:11:28,147][INFO ][o.o.s.l.JoinIT           ] [joinWithAllFromFirstTableNL] before test
[2023-01-17T12:11:28,193][INFO ][o.o.s.l.JoinIT           ] [joinWithAllFromFirstTableNL] after test
[2023-01-17T12:11:28,199][INFO ][o.o.s.l.JoinIT           ] [hintLimits_firstNullSecondLimitHASH] before test
[2023-01-17T12:11:28,233][INFO ][o.o.s.l.JoinIT           ] [hintLimits_firstNullSecondLimitHASH] after test
[2023-01-17T12:11:28,241][INFO ][o.o.s.l.JoinIT           ] [joinNoConditionButWithWhereHASH] before test
[2023-01-17T12:11:28,271][INFO ][o.o.s.l.JoinIT           ] [joinNoConditionButWithWhereHASH] after test
[2023-01-17T12:11:28,280][INFO ][o.o.s.l.JoinIT           ] [joinParseCheckSelectedFieldsSplitNLConditionOrderEQ] before test
[2023-01-17T12:11:28,316][INFO ][o.o.s.l.JoinIT           ] [joinParseCheckSelectedFieldsSplitNLConditionOrderEQ] after test
[2023-01-17T12:11:28,324][INFO ][o.o.s.l.JoinIT           ] [joinWithAllAliasOnReturnHASH] before test
[2023-01-17T12:11:28,354][INFO ][o.o.s.l.JoinIT           ] [joinWithAllAliasOnReturnHASH] after test
[2023-01-17T12:11:28,361][INFO ][o.o.s.l.JoinIT           ] [joinWithGeoIntersectNL] before test
[2023-01-17T12:11:28,390][INFO ][o.o.s.l.JoinIT           ] [joinWithGeoIntersectNL] after test
[2023-01-17T12:11:28,398][INFO ][o.o.s.l.JoinIT           ] [joinWithAllFromSecondTableNL] before test
[2023-01-17T12:11:28,433][INFO ][o.o.s.l.JoinIT           ] [joinWithAllFromSecondTableNL] after test
[2023-01-17T12:11:28,442][INFO ][o.o.s.l.JoinIT           ] [joinWithSomeAliasOnReturnHASH] before test
[2023-01-17T12:11:28,475][INFO ][o.o.s.l.JoinIT           ] [joinWithSomeAliasOnReturnHASH] after test
[2023-01-17T12:11:28,485][INFO ][o.o.s.l.JoinIT           ] [leftJoinWithAllFromSecondTableHASH] before test
[2023-01-17T12:11:28,511][INFO ][o.o.s.l.JoinIT           ] [leftJoinWithAllFromSecondTableHASH] after test
[2023-01-17T12:11:28,518][INFO ][o.o.s.l.JoinIT           ] [joinWithNoWhereButWithConditionHash] before test
[2023-01-17T12:11:28,547][INFO ][o.o.s.l.JoinIT           ] [joinWithNoWhereButWithConditionHash] after test
[2023-01-17T12:11:28,555][INFO ][o.o.s.l.JoinIT           ] [joinNoConditionAndNoWhereHASH] before test
[2023-01-17T12:11:28,585][INFO ][o.o.s.l.JoinIT           ] [joinNoConditionAndNoWhereHASH] after test
[2023-01-17T12:11:28,594][INFO ][o.o.s.l.JoinIT           ] [joinWithNestedFieldsOnReturnHASH] before test
[2023-01-17T12:11:28,628][INFO ][o.o.s.l.JoinIT           ] [joinWithNestedFieldsOnReturnHASH] after test
[2023-01-17T12:11:28,634][INFO ][o.o.s.l.JoinIT           ] [joinWithOrHASH] before test
[2023-01-17T12:11:28,661][INFO ][o.o.s.l.JoinIT           ] [joinWithOrHASH] after test
[2023-01-17T12:11:28,669][INFO ][o.o.s.l.JoinIT           ] [leftJoinWithAllFromSecondTableNL] before test
[2023-01-17T12:11:28,724][INFO ][o.o.s.l.JoinIT           ] [leftJoinWithAllFromSecondTableNL] after test
[2023-01-17T12:11:28,731][INFO ][o.o.s.l.JoinIT           ] [innerJoinNLWithNullInCondition1] before test
[2023-01-17T12:11:28,757][INFO ][o.o.s.l.JoinIT           ] [innerJoinNLWithNullInCondition1] after test
[2023-01-17T12:11:28,763][INFO ][o.o.s.l.JoinIT           ] [innerJoinNLWithNullInCondition3] before test
[2023-01-17T12:11:28,787][INFO ][o.o.s.l.JoinIT           ] [innerJoinNLWithNullInCondition3] after test
[2023-01-17T12:11:28,794][INFO ][o.o.s.l.JoinIT           ] [joinNoConditionAndNoWhereWithTotalLimitNL] before test
[2023-01-17T12:11:28,831][INFO ][o.o.s.l.JoinIT           ] [joinNoConditionAndNoWhereWithTotalLimitNL] after test
[2023-01-17T12:11:28,838][INFO ][o.o.s.l.JoinIT           ] [joinWithNestedFieldsOnComparisonAndOnReturnNL] before test
[2023-01-17T12:11:28,867][INFO ][o.o.s.l.JoinIT           ] [joinWithNestedFieldsOnComparisonAndOnReturnNL] after test
[2023-01-17T12:11:28,874][INFO ][o.o.s.l.JoinIT           ] [testLeftJoinWithLimitNL] before test
[2023-01-17T12:11:28,904][INFO ][o.o.s.l.JoinIT           ] [testLeftJoinWithLimitNL] after test
[2023-01-17T12:11:28,911][INFO ][o.o.s.l.JoinIT           ] [joinWithAllFromSecondTableHASH] before test
[2023-01-17T12:11:28,948][INFO ][o.o.s.l.JoinIT           ] [joinWithAllFromSecondTableHASH] after test
[2023-01-17T12:11:28,954][INFO ][o.o.s.l.JoinIT           ] [joinWithNoWhereButWithConditionNL] before test
[2023-01-17T12:11:28,986][INFO ][o.o.s.l.JoinIT           ] [joinWithNoWhereButWithConditionNL] after test
[2023-01-17T12:11:28,992][INFO ][o.o.s.l.JoinIT           ] [hintLimits_firstLimitSecondNullNL] before test
[2023-01-17T12:11:29,029][INFO ][o.o.s.l.JoinIT           ] [hintLimits_firstLimitSecondNullNL] after test
[2023-01-17T12:11:29,036][INFO ][o.o.s.l.JoinIT           ] [hintLimits_firstLimitSecondLimitHASH] before test
[2023-01-17T12:11:29,071][INFO ][o.o.s.l.JoinIT           ] [hintLimits_firstLimitSecondLimitHASH] after test
[2023-01-17T12:11:29,079][INFO ][o.o.s.l.JoinIT           ] [joinWithSomeAliasOnReturnNL] before test
[2023-01-17T12:11:29,105][INFO ][o.o.s.l.JoinIT           ] [joinWithSomeAliasOnReturnNL] after test
[2023-01-17T12:11:29,111][INFO ][o.o.s.l.JoinIT           ] [joinWithOrderbyFirstTableNL] before test
[2023-01-17T12:11:29,135][INFO ][o.o.s.l.JoinIT           ] [joinWithOrderbyFirstTableNL] after test
[2023-01-17T12:11:29,141][INFO ][o.o.s.l.JoinIT           ] [joinParseCheckSelectedFieldsSplitNL] before test
[2023-01-17T12:11:29,175][INFO ][o.o.s.l.JoinIT           ] [joinParseCheckSelectedFieldsSplitNL] after test
[2023-01-17T12:11:29,183][INFO ][o.o.s.l.JoinIT           ] [testLeftJoinNL] before test
[2023-01-17T12:11:29,231][INFO ][o.o.s.l.JoinIT           ] [testLeftJoinNL] after test
[2023-01-17T12:11:29,238][INFO ][o.o.s.l.JoinIT           ] [joinWithAllAliasOnReturnNL] before test
[2023-01-17T12:11:29,266][INFO ][o.o.s.l.JoinIT           ] [joinWithAllAliasOnReturnNL] after test
[2023-01-17T12:11:29,273][INFO ][o.o.s.l.JoinIT           ] [hintMultiSearchCanRunFewTimesNL] before test
[2023-01-17T12:11:29,301][INFO ][o.o.s.l.JoinIT           ] [hintMultiSearchCanRunFewTimesNL] after test
[2023-01-17T12:11:29,311][INFO ][o.o.s.l.JoinIT           ] [joinWithNestedFieldsOnReturnNL] before test
[2023-01-17T12:11:29,343][INFO ][o.o.s.l.JoinIT           ] [joinWithNestedFieldsOnReturnNL] after test
[2023-01-17T12:11:29,348][INFO ][o.o.s.l.JoinIT           ] [joinNoConditionButWithWhereNL] before test
[2023-01-17T12:11:29,377][INFO ][o.o.s.l.JoinIT           ] [joinNoConditionButWithWhereNL] after test
[2023-01-17T12:11:29,382][INFO ][o.o.s.l.JoinIT           ] [joinParseWithHintsCheckSelectedFieldsSplitHASH] before test
[2023-01-17T12:11:29,407][INFO ][o.o.s.l.JoinIT           ] [joinParseWithHintsCheckSelectedFieldsSplitHASH] after test
[2023-01-17T12:11:29,414][INFO ][o.o.s.l.JoinIT           ] [testLeftJoinHASH] before test
[2023-01-17T12:11:29,440][INFO ][o.o.s.l.JoinIT           ] [testLeftJoinHASH] after test
[2023-01-17T12:11:29,446][INFO ][o.o.s.l.JoinIT           ] [joinNoConditionAndNoWhereNL] before test
[2023-01-17T12:11:29,471][INFO ][o.o.s.l.JoinIT           ] [joinNoConditionAndNoWhereNL] after test
[2023-01-17T12:11:29,477][INFO ][o.o.s.l.JoinIT           ] [innerJoinNLWithNullInCondition] before test
[2023-01-17T12:11:29,501][INFO ][o.o.s.l.JoinIT           ] [innerJoinNLWithNullInCondition] after test
[2023-01-17T12:11:29,507][INFO ][o.o.s.l.JoinIT           ] [leftJoinNLWithNullInCondition3] before test
[2023-01-17T12:11:29,530][INFO ][o.o.s.l.JoinIT           ] [leftJoinNLWithNullInCondition3] after test
[2023-01-17T12:11:29,536][INFO ][o.o.s.l.JoinIT           ] [testLeftJoinWithLimitHASH] before test
[2023-01-17T12:11:29,558][INFO ][o.o.s.l.JoinIT           ] [testLeftJoinWithLimitHASH] after test
[2023-01-17T12:11:29,564][INFO ][o.o.s.l.JoinIT           ] [leftJoinNLWithNullInCondition1] before test
[2023-01-17T12:11:29,587][INFO ][o.o.s.l.JoinIT           ] [leftJoinNLWithNullInCondition1] after test
[2023-01-17T12:11:29,594][INFO ][o.o.s.l.JoinIT           ] [joinWithOrderbyFirstTableHASH] before test
[2023-01-17T12:11:29,641][INFO ][o.o.s.l.JoinIT           ] [joinWithOrderbyFirstTableHASH] after test
[2023-01-17T12:11:29,648][INFO ][o.o.s.l.JoinIT           ] [hintLimits_firstNullSecondLimitNL] before test
[2023-01-17T12:11:29,678][INFO ][o.o.s.l.JoinIT           ] [hintLimits_firstNullSecondLimitNL] after test
[2023-01-17T12:11:29,684][INFO ][o.o.s.l.JoinIT           ] [joinWithStarHASH] before test
[2023-01-17T12:11:29,707][INFO ][o.o.s.l.JoinIT           ] [joinWithStarHASH] after test
[2023-01-17T12:11:29,714][INFO ][o.o.s.l.JoinIT           ] [leftJoinNLWithNullInCondition2] before test
[2023-01-17T12:11:29,739][INFO ][o.o.s.l.JoinIT           ] [leftJoinNLWithNullInCondition2] after test
[2023-01-17T12:11:29,746][INFO ][o.o.s.l.JoinIT           ] [leftJoinNLWithNullInCondition] before test
[2023-01-17T12:11:29,770][INFO ][o.o.s.l.JoinIT           ] [leftJoinNLWithNullInCondition] after test
[2023-01-17T12:11:29,776][INFO ][o.o.s.l.JoinIT           ] [joinParseCheckSelectedFieldsSplitHASH] before test
[2023-01-17T12:11:29,799][INFO ][o.o.s.l.JoinIT           ] [joinParseCheckSelectedFieldsSplitHASH] after test
[2023-01-17T12:11:29,805][INFO ][o.o.s.l.JoinIT           ] [hintLimits_firstLimitSecondNullHASH] before test
[2023-01-17T12:11:29,835][INFO ][o.o.s.l.JoinIT           ] [hintLimits_firstLimitSecondNullHASH] after test
[2023-01-17T12:11:29,841][INFO ][o.o.s.l.JoinIT           ] [joinWithNestedFieldsOnComparisonAndOnReturnHASH] before test
[2023-01-17T12:11:29,868][INFO ][o.o.s.l.JoinIT           ] [joinWithNestedFieldsOnComparisonAndOnReturnHASH] after test
[2023-01-17T12:11:29,875][INFO ][o.o.s.l.JoinIT           ] [joinWithOrNL] before test
[2023-01-17T12:11:29,909][INFO ][o.o.s.l.JoinIT           ] [joinWithOrNL] after test
[2023-01-17T12:11:29,916][INFO ][o.o.s.l.JoinIT           ] [innerJoinNLWithNullInCondition2] before test
[2023-01-17T12:11:29,957][INFO ][o.o.s.l.JoinIT           ] [innerJoinNLWithNullInCondition2] after test
[2023-01-17T12:11:29,963][INFO ][o.o.s.l.JoinIT           ] [joinParseCheckSelectedFieldsSplitNLConditionOrderGT] before test
[2023-01-17T12:11:29,993][INFO ][o.o.s.l.JoinIT           ] [joinParseCheckSelectedFieldsSplitNLConditionOrderGT] after test
[2023-01-17T12:11:30,001][INFO ][o.o.s.l.JoinIT           ] [hintLimits_firstLimitSecondLimitNL] before test
[2023-01-17T12:11:30,026][INFO ][o.o.s.l.JoinIT           ] [hintLimits_firstLimitSecondLimitNL] after test
[2023-01-17T12:11:30,032][INFO ][o.o.s.l.JoinIT           ] [joinNoConditionAndNoWhereWithTotalLimitHASH] before test
[2023-01-17T12:11:30,056][INFO ][o.o.s.l.JoinIT           ] [joinNoConditionAndNoWhereWithTotalLimitHASH] after test
]]></system-out>
  <system-err><![CDATA[REPRODUCE WITH: ./gradlew ':integ-test:integTest' --tests "org.opensearch.sql.legacy.JoinIT.joinParseCheckSelectedFieldsSplitNLConditionOrderLT" -Dtests.seed=B058E8962C1F801C -Dtests.security.manager=false -Dtests.locale=sr-Latn-RS -Dtests.timezone=America/Halifax -Druntime.java=17
REPRODUCE WITH: ./gradlew ':integ-test:integTest' --tests "org.opensearch.sql.legacy.JoinIT.joinWithAllFromFirstTableHASH" -Dtests.seed=B058E8962C1F801C -Dtests.security.manager=false -Dtests.locale=sr-Latn-RS -Dtests.timezone=America/Halifax -Druntime.java=17
REPRODUCE WITH: ./gradlew ':integ-test:integTest' --tests "org.opensearch.sql.legacy.JoinIT.joinWithAllFromFirstTableNL" -Dtests.seed=B058E8962C1F801C -Dtests.security.manager=false -Dtests.locale=sr-Latn-RS -Dtests.timezone=America/Halifax -Druntime.java=17
REPRODUCE WITH: ./gradlew ':integ-test:integTest' --tests "org.opensearch.sql.legacy.JoinIT.hintLimits_firstNullSecondLimitHASH" -Dtests.seed=B058E8962C1F801C -Dtests.security.manager=false -Dtests.locale=sr-Latn-RS -Dtests.timezone=America/Halifax -Druntime.java=17
REPRODUCE WITH: ./gradlew ':integ-test:integTest' --tests "org.opensearch.sql.legacy.JoinIT.joinNoConditionButWithWhereHASH" -Dtests.seed=B058E8962C1F801C -Dtests.security.manager=false -Dtests.locale=sr-Latn-RS -Dtests.timezone=America/Halifax -Druntime.java=17
REPRODUCE WITH: ./gradlew ':integ-test:integTest' --tests "org.opensearch.sql.legacy.JoinIT.joinParseCheckSelectedFieldsSplitNLConditionOrderEQ" -Dtests.seed=B058E8962C1F801C -Dtests.security.manager=false -Dtests.locale=sr-Latn-RS -Dtests.timezone=America/Halifax -Druntime.java=17
REPRODUCE WITH: ./gradlew ':integ-test:integTest' --tests "org.opensearch.sql.legacy.JoinIT.joinWithAllAliasOnReturnHASH" -Dtests.seed=B058E8962C1F801C -Dtests.security.manager=false -Dtests.locale=sr-Latn-RS -Dtests.timezone=America/Halifax -Druntime.java=17
REPRODUCE WITH: ./gradlew ':integ-test:integTest' --tests "org.opensearch.sql.legacy.JoinIT.joinWithGeoIntersectNL" -Dtests.seed=B058E8962C1F801C -Dtests.security.manager=false -Dtests.locale=sr-Latn-RS -Dtests.timezone=America/Halifax -Druntime.java=17
REPRODUCE WITH: ./gradlew ':integ-test:integTest' --tests "org.opensearch.sql.legacy.JoinIT.joinWithAllFromSecondTableNL" -Dtests.seed=B058E8962C1F801C -Dtests.security.manager=false -Dtests.locale=sr-Latn-RS -Dtests.timezone=America/Halifax -Druntime.java=17
REPRODUCE WITH: ./gradlew ':integ-test:integTest' --tests "org.opensearch.sql.legacy.JoinIT.joinWithSomeAliasOnReturnHASH" -Dtests.seed=B058E8962C1F801C -Dtests.security.manager=false -Dtests.locale=sr-Latn-RS -Dtests.timezone=America/Halifax -Druntime.java=17
REPRODUCE WITH: ./gradlew ':integ-test:integTest' --tests "org.opensearch.sql.legacy.JoinIT.leftJoinWithAllFromSecondTableHASH" -Dtests.seed=B058E8962C1F801C -Dtests.security.manager=false -Dtests.locale=sr-Latn-RS -Dtests.timezone=America/Halifax -Druntime.java=17
REPRODUCE WITH: ./gradlew ':integ-test:integTest' --tests "org.opensearch.sql.legacy.JoinIT.joinWithNoWhereButWithConditionHash" -Dtests.seed=B058E8962C1F801C -Dtests.security.manager=false -Dtests.locale=sr-Latn-RS -Dtests.timezone=America/Halifax -Druntime.java=17
REPRODUCE WITH: ./gradlew ':integ-test:integTest' --tests "org.opensearch.sql.legacy.JoinIT.joinNoConditionAndNoWhereHASH" -Dtests.seed=B058E8962C1F801C -Dtests.security.manager=false -Dtests.locale=sr-Latn-RS -Dtests.timezone=America/Halifax -Druntime.java=17
REPRODUCE WITH: ./gradlew ':integ-test:integTest' --tests "org.opensearch.sql.legacy.JoinIT.joinWithNestedFieldsOnReturnHASH" -Dtests.seed=B058E8962C1F801C -Dtests.security.manager=false -Dtests.locale=sr-Latn-RS -Dtests.timezone=America/Halifax -Druntime.java=17
REPRODUCE WITH: ./gradlew ':integ-test:integTest' --tests "org.opensearch.sql.legacy.JoinIT.joinWithOrHASH" -Dtests.seed=B058E8962C1F801C -Dtests.security.manager=false -Dtests.locale=sr-Latn-RS -Dtests.timezone=America/Halifax -Druntime.java=17
REPRODUCE WITH: ./gradlew ':integ-test:integTest' --tests "org.opensearch.sql.legacy.JoinIT.leftJoinWithAllFromSecondTableNL" -Dtests.seed=B058E8962C1F801C -Dtests.security.manager=false -Dtests.locale=sr-Latn-RS -Dtests.timezone=America/Halifax -Druntime.java=17
REPRODUCE WITH: ./gradlew ':integ-test:integTest' --tests "org.opensearch.sql.legacy.JoinIT.innerJoinNLWithNullInCondition1" -Dtests.seed=B058E8962C1F801C -Dtests.security.manager=false -Dtests.locale=sr-Latn-RS -Dtests.timezone=America/Halifax -Druntime.java=17
REPRODUCE WITH: ./gradlew ':integ-test:integTest' --tests "org.opensearch.sql.legacy.JoinIT.innerJoinNLWithNullInCondition3" -Dtests.seed=B058E8962C1F801C -Dtests.security.manager=false -Dtests.locale=sr-Latn-RS -Dtests.timezone=America/Halifax -Druntime.java=17
REPRODUCE WITH: ./gradlew ':integ-test:integTest' --tests "org.opensearch.sql.legacy.JoinIT.joinNoConditionAndNoWhereWithTotalLimitNL" -Dtests.seed=B058E8962C1F801C -Dtests.security.manager=false -Dtests.locale=sr-Latn-RS -Dtests.timezone=America/Halifax -Druntime.java=17
REPRODUCE WITH: ./gradlew ':integ-test:integTest' --tests "org.opensearch.sql.legacy.JoinIT.joinWithNestedFieldsOnComparisonAndOnReturnNL" -Dtests.seed=B058E8962C1F801C -Dtests.security.manager=false -Dtests.locale=sr-Latn-RS -Dtests.timezone=America/Halifax -Druntime.java=17
REPRODUCE WITH: ./gradlew ':integ-test:integTest' --tests "org.opensearch.sql.legacy.JoinIT.testLeftJoinWithLimitNL" -Dtests.seed=B058E8962C1F801C -Dtests.security.manager=false -Dtests.locale=sr-Latn-RS -Dtests.timezone=America/Halifax -Druntime.java=17
REPRODUCE WITH: ./gradlew ':integ-test:integTest' --tests "org.opensearch.sql.legacy.JoinIT.joinWithAllFromSecondTableHASH" -Dtests.seed=B058E8962C1F801C -Dtests.security.manager=false -Dtests.locale=sr-Latn-RS -Dtests.timezone=America/Halifax -Druntime.java=17
REPRODUCE WITH: ./gradlew ':integ-test:integTest' --tests "org.opensearch.sql.legacy.JoinIT.joinWithNoWhereButWithConditionNL" -Dtests.seed=B058E8962C1F801C -Dtests.security.manager=false -Dtests.locale=sr-Latn-RS -Dtests.timezone=America/Halifax -Druntime.java=17
REPRODUCE WITH: ./gradlew ':integ-test:integTest' --tests "org.opensearch.sql.legacy.JoinIT.hintLimits_firstLimitSecondNullNL" -Dtests.seed=B058E8962C1F801C -Dtests.security.manager=false -Dtests.locale=sr-Latn-RS -Dtests.timezone=America/Halifax -Druntime.java=17
REPRODUCE WITH: ./gradlew ':integ-test:integTest' --tests "org.opensearch.sql.legacy.JoinIT.hintLimits_firstLimitSecondLimitHASH" -Dtests.seed=B058E8962C1F801C -Dtests.security.manager=false -Dtests.locale=sr-Latn-RS -Dtests.timezone=America/Halifax -Druntime.java=17
REPRODUCE WITH: ./gradlew ':integ-test:integTest' --tests "org.opensearch.sql.legacy.JoinIT.joinWithSomeAliasOnReturnNL" -Dtests.seed=B058E8962C1F801C -Dtests.security.manager=false -Dtests.locale=sr-Latn-RS -Dtests.timezone=America/Halifax -Druntime.java=17
REPRODUCE WITH: ./gradlew ':integ-test:integTest' --tests "org.opensearch.sql.legacy.JoinIT.joinWithOrderbyFirstTableNL" -Dtests.seed=B058E8962C1F801C -Dtests.security.manager=false -Dtests.locale=sr-Latn-RS -Dtests.timezone=America/Halifax -Druntime.java=17
REPRODUCE WITH: ./gradlew ':integ-test:integTest' --tests "org.opensearch.sql.legacy.JoinIT.joinParseCheckSelectedFieldsSplitNL" -Dtests.seed=B058E8962C1F801C -Dtests.security.manager=false -Dtests.locale=sr-Latn-RS -Dtests.timezone=America/Halifax -Druntime.java=17
REPRODUCE WITH: ./gradlew ':integ-test:integTest' --tests "org.opensearch.sql.legacy.JoinIT.testLeftJoinNL" -Dtests.seed=B058E8962C1F801C -Dtests.security.manager=false -Dtests.locale=sr-Latn-RS -Dtests.timezone=America/Halifax -Druntime.java=17
REPRODUCE WITH: ./gradlew ':integ-test:integTest' --tests "org.opensearch.sql.legacy.JoinIT.joinWithAllAliasOnReturnNL" -Dtests.seed=B058E8962C1F801C -Dtests.security.manager=false -Dtests.locale=sr-Latn-RS -Dtests.timezone=America/Halifax -Druntime.java=17
REPRODUCE WITH: ./gradlew ':integ-test:integTest' --tests "org.opensearch.sql.legacy.JoinIT.hintMultiSearchCanRunFewTimesNL" -Dtests.seed=B058E8962C1F801C -Dtests.security.manager=false -Dtests.locale=sr-Latn-RS -Dtests.timezone=America/Halifax -Druntime.java=17
REPRODUCE WITH: ./gradlew ':integ-test:integTest' --tests "org.opensearch.sql.legacy.JoinIT.joinWithNestedFieldsOnReturnNL" -Dtests.seed=B058E8962C1F801C -Dtests.security.manager=false -Dtests.locale=sr-Latn-RS -Dtests.timezone=America/Halifax -Druntime.java=17
REPRODUCE WITH: ./gradlew ':integ-test:integTest' --tests "org.opensearch.sql.legacy.JoinIT.joinNoConditionButWithWhereNL" -Dtests.seed=B058E8962C1F801C -Dtests.security.manager=false -Dtests.locale=sr-Latn-RS -Dtests.timezone=America/Halifax -Druntime.java=17
REPRODUCE WITH: ./gradlew ':integ-test:integTest' --tests "org.opensearch.sql.legacy.JoinIT.joinParseWithHintsCheckSelectedFieldsSplitHASH" -Dtests.seed=B058E8962C1F801C -Dtests.security.manager=false -Dtests.locale=sr-Latn-RS -Dtests.timezone=America/Halifax -Druntime.java=17
REPRODUCE WITH: ./gradlew ':integ-test:integTest' --tests "org.opensearch.sql.legacy.JoinIT.testLeftJoinHASH" -Dtests.seed=B058E8962C1F801C -Dtests.security.manager=false -Dtests.locale=sr-Latn-RS -Dtests.timezone=America/Halifax -Druntime.java=17
REPRODUCE WITH: ./gradlew ':integ-test:integTest' --tests "org.opensearch.sql.legacy.JoinIT.joinNoConditionAndNoWhereNL" -Dtests.seed=B058E8962C1F801C -Dtests.security.manager=false -Dtests.locale=sr-Latn-RS -Dtests.timezone=America/Halifax -Druntime.java=17
REPRODUCE WITH: ./gradlew ':integ-test:integTest' --tests "org.opensearch.sql.legacy.JoinIT.innerJoinNLWithNullInCondition" -Dtests.seed=B058E8962C1F801C -Dtests.security.manager=false -Dtests.locale=sr-Latn-RS -Dtests.timezone=America/Halifax -Druntime.java=17
REPRODUCE WITH: ./gradlew ':integ-test:integTest' --tests "org.opensearch.sql.legacy.JoinIT.leftJoinNLWithNullInCondition3" -Dtests.seed=B058E8962C1F801C -Dtests.security.manager=false -Dtests.locale=sr-Latn-RS -Dtests.timezone=America/Halifax -Druntime.java=17
REPRODUCE WITH: ./gradlew ':integ-test:integTest' --tests "org.opensearch.sql.legacy.JoinIT.testLeftJoinWithLimitHASH" -Dtests.seed=B058E8962C1F801C -Dtests.security.manager=false -Dtests.locale=sr-Latn-RS -Dtests.timezone=America/Halifax -Druntime.java=17
REPRODUCE WITH: ./gradlew ':integ-test:integTest' --tests "org.opensearch.sql.legacy.JoinIT.leftJoinNLWithNullInCondition1" -Dtests.seed=B058E8962C1F801C -Dtests.security.manager=false -Dtests.locale=sr-Latn-RS -Dtests.timezone=America/Halifax -Druntime.java=17
REPRODUCE WITH: ./gradlew ':integ-test:integTest' --tests "org.opensearch.sql.legacy.JoinIT.joinWithOrderbyFirstTableHASH" -Dtests.seed=B058E8962C1F801C -Dtests.security.manager=false -Dtests.locale=sr-Latn-RS -Dtests.timezone=America/Halifax -Druntime.java=17
REPRODUCE WITH: ./gradlew ':integ-test:integTest' --tests "org.opensearch.sql.legacy.JoinIT.hintLimits_firstNullSecondLimitNL" -Dtests.seed=B058E8962C1F801C -Dtests.security.manager=false -Dtests.locale=sr-Latn-RS -Dtests.timezone=America/Halifax -Druntime.java=17
REPRODUCE WITH: ./gradlew ':integ-test:integTest' --tests "org.opensearch.sql.legacy.JoinIT.joinWithStarHASH" -Dtests.seed=B058E8962C1F801C -Dtests.security.manager=false -Dtests.locale=sr-Latn-RS -Dtests.timezone=America/Halifax -Druntime.java=17
REPRODUCE WITH: ./gradlew ':integ-test:integTest' --tests "org.opensearch.sql.legacy.JoinIT.leftJoinNLWithNullInCondition2" -Dtests.seed=B058E8962C1F801C -Dtests.security.manager=false -Dtests.locale=sr-Latn-RS -Dtests.timezone=America/Halifax -Druntime.java=17
REPRODUCE WITH: ./gradlew ':integ-test:integTest' --tests "org.opensearch.sql.legacy.JoinIT.leftJoinNLWithNullInCondition" -Dtests.seed=B058E8962C1F801C -Dtests.security.manager=false -Dtests.locale=sr-Latn-RS -Dtests.timezone=America/Halifax -Druntime.java=17
REPRODUCE WITH: ./gradlew ':integ-test:integTest' --tests "org.opensearch.sql.legacy.JoinIT.joinParseCheckSelectedFieldsSplitHASH" -Dtests.seed=B058E8962C1F801C -Dtests.security.manager=false -Dtests.locale=sr-Latn-RS -Dtests.timezone=America/Halifax -Druntime.java=17
REPRODUCE WITH: ./gradlew ':integ-test:integTest' --tests "org.opensearch.sql.legacy.JoinIT.hintLimits_firstLimitSecondNullHASH" -Dtests.seed=B058E8962C1F801C -Dtests.security.manager=false -Dtests.locale=sr-Latn-RS -Dtests.timezone=America/Halifax -Druntime.java=17
REPRODUCE WITH: ./gradlew ':integ-test:integTest' --tests "org.opensearch.sql.legacy.JoinIT.joinWithNestedFieldsOnComparisonAndOnReturnHASH" -Dtests.seed=B058E8962C1F801C -Dtests.security.manager=false -Dtests.locale=sr-Latn-RS -Dtests.timezone=America/Halifax -Druntime.java=17
REPRODUCE WITH: ./gradlew ':integ-test:integTest' --tests "org.opensearch.sql.legacy.JoinIT.joinWithOrNL" -Dtests.seed=B058E8962C1F801C -Dtests.security.manager=false -Dtests.locale=sr-Latn-RS -Dtests.timezone=America/Halifax -Druntime.java=17
REPRODUCE WITH: ./gradlew ':integ-test:integTest' --tests "org.opensearch.sql.legacy.JoinIT.innerJoinNLWithNullInCondition2" -Dtests.seed=B058E8962C1F801C -Dtests.security.manager=false -Dtests.locale=sr-Latn-RS -Dtests.timezone=America/Halifax -Druntime.java=17
REPRODUCE WITH: ./gradlew ':integ-test:integTest' --tests "org.opensearch.sql.legacy.JoinIT.joinParseCheckSelectedFieldsSplitNLConditionOrderGT" -Dtests.seed=B058E8962C1F801C -Dtests.security.manager=false -Dtests.locale=sr-Latn-RS -Dtests.timezone=America/Halifax -Druntime.java=17
REPRODUCE WITH: ./gradlew ':integ-test:integTest' --tests "org.opensearch.sql.legacy.JoinIT.hintLimits_firstLimitSecondLimitNL" -Dtests.seed=B058E8962C1F801C -Dtests.security.manager=false -Dtests.locale=sr-Latn-RS -Dtests.timezone=America/Halifax -Druntime.java=17
REPRODUCE WITH: ./gradlew ':integ-test:integTest' --tests "org.opensearch.sql.legacy.JoinIT.joinNoConditionAndNoWhereWithTotalLimitHASH" -Dtests.seed=B058E8962C1F801C -Dtests.security.manager=false -Dtests.locale=sr-Latn-RS -Dtests.timezone=America/Halifax -Druntime.java=17
NOTE: leaving temporary files on disk at: /Users/guiang/Documents/GitHub/opensearch-project-sql/integ-test/build/testrun/integTest/temp/org.opensearch.sql.legacy.JoinIT_B058E8962C1F801C-001
NOTE: test params are: codec=Asserting(Lucene95), sim=Asserting(RandomSimilarity(queryNorm=false): {}), locale=sr-Latn-RS, timezone=America/Halifax
NOTE: Mac OS X 13.0 x86_64/Amazon.com Inc. 17.0.4.1 (64-bit)/cpus=10,threads=1,free=288641360,total=536870912
NOTE: All tests run in this JVM: [AggregationIT, CsvFormatResponseIT, CursorIT, DateFormatIT, DateFunctionsIT, DeleteIT, HashJoinIT, HavingIT, JSONRequestIT, JdbcTestIT, JoinAliasWriterRuleIT, JoinIT]
]]></system-err>
</testsuite>
