<?xml version="1.0" encoding="UTF-8"?>
<testsuite name="org.opensearch.sql.sql.HighlightFunctionIT" tests="8" skipped="0" failures="0" errors="0" timestamp="2023-01-17T16:13:16" hostname="Unused26-MacBook.local" time="0.806">
  <properties/>
  <testcase name="highlight_no_limit_test" classname="org.opensearch.sql.sql.HighlightFunctionIT" time="0.54"/>
  <testcase name="single_highlight_test" classname="org.opensearch.sql.sql.HighlightFunctionIT" time="0.041"/>
  <testcase name="wildcard_highlight_test" classname="org.opensearch.sql.sql.HighlightFunctionIT" time="0.04"/>
  <testcase name="multiple_highlight_test" classname="org.opensearch.sql.sql.HighlightFunctionIT" time="0.033"/>
  <testcase name="highlight_all_test" classname="org.opensearch.sql.sql.HighlightFunctionIT" time="0.035"/>
  <testcase name="highlight_optional_arguments_test" classname="org.opensearch.sql.sql.HighlightFunctionIT" time="0.036"/>
  <testcase name="highlight_multiple_optional_arguments_test" classname="org.opensearch.sql.sql.HighlightFunctionIT" time="0.037"/>
  <testcase name="wildcard_multi_field_highlight_test" classname="org.opensearch.sql.sql.HighlightFunctionIT" time="0.041"/>
  <system-out><![CDATA[[2023-01-17T13:13:16,059][INFO ][o.o.s.s.HighlightFunctionIT] [highlight_no_limit_test] before test
[2023-01-17T13:13:16,069][INFO ][o.o.s.s.HighlightFunctionIT] [highlight_no_limit_test] initializing REST clients against [http://[::1]:49775, http://127.0.0.1:49776]
[2023-01-17T13:13:16,591][INFO ][o.o.s.s.HighlightFunctionIT] [highlight_no_limit_test] after test
[2023-01-17T13:13:16,597][INFO ][o.o.s.s.HighlightFunctionIT] [single_highlight_test] before test
[2023-01-17T13:13:16,633][INFO ][o.o.s.s.HighlightFunctionIT] [single_highlight_test] after test
[2023-01-17T13:13:16,639][INFO ][o.o.s.s.HighlightFunctionIT] [wildcard_highlight_test] before test
[2023-01-17T13:13:16,673][INFO ][o.o.s.s.HighlightFunctionIT] [wildcard_highlight_test] after test
[2023-01-17T13:13:16,679][INFO ][o.o.s.s.HighlightFunctionIT] [multiple_highlight_test] before test
[2023-01-17T13:13:16,707][INFO ][o.o.s.s.HighlightFunctionIT] [multiple_highlight_test] after test
[2023-01-17T13:13:16,713][INFO ][o.o.s.s.HighlightFunctionIT] [highlight_all_test] before test
[2023-01-17T13:13:16,742][INFO ][o.o.s.s.HighlightFunctionIT] [highlight_all_test] after test
[2023-01-17T13:13:16,750][INFO ][o.o.s.s.HighlightFunctionIT] [highlight_optional_arguments_test] before test
[2023-01-17T13:13:16,778][INFO ][o.o.s.s.HighlightFunctionIT] [highlight_optional_arguments_test] after test
[2023-01-17T13:13:16,785][INFO ][o.o.s.s.HighlightFunctionIT] [highlight_multiple_optional_arguments_test] before test
[2023-01-17T13:13:16,815][INFO ][o.o.s.s.HighlightFunctionIT] [highlight_multiple_optional_arguments_test] after test
[2023-01-17T13:13:16,826][INFO ][o.o.s.s.HighlightFunctionIT] [wildcard_multi_field_highlight_test] before test
[2023-01-17T13:13:16,857][INFO ][o.o.s.s.HighlightFunctionIT] [wildcard_multi_field_highlight_test] after test
]]></system-out>
  <system-err><![CDATA[]]></system-err>
</testsuite>
