<?xml version="1.0" encoding="UTF-8"?>
<testsuite name="org.opensearch.sql.ppl.MatchPhraseIT" tests="2" skipped="0" failures="0" errors="0" timestamp="2023-01-17T16:12:32" hostname="Unused26-MacBook.local" time="0.386">
  <properties/>
  <testcase name="test_match_phrase_function" classname="org.opensearch.sql.ppl.MatchPhraseIT" time="0.348"/>
  <testcase name="test_match_phrase_with_slop" classname="org.opensearch.sql.ppl.MatchPhraseIT" time="0.038"/>
  <system-out><![CDATA[[2023-01-17T23:12:32,959][INFO ][o.o.s.p.MatchPhraseIT    ] [test_match_phrase_function] before test
[2023-01-17T23:12:32,960][INFO ][o.o.s.p.MatchPhraseIT    ] [test_match_phrase_function] initializing REST clients against [http://[::1]:49775, http://127.0.0.1:49776]
[2023-01-17T23:12:33,302][INFO ][o.o.s.p.MatchPhraseIT    ] [test_match_phrase_function] after test
[2023-01-17T23:12:33,308][INFO ][o.o.s.p.MatchPhraseIT    ] [test_match_phrase_with_slop] before test
[2023-01-17T23:12:33,340][INFO ][o.o.s.p.MatchPhraseIT    ] [test_match_phrase_with_slop] after test
]]></system-out>
  <system-err><![CDATA[]]></system-err>
</testsuite>
